2023-12-25 18:21:03,738 [INFO] Activator:176 - 


2023-12-25 18:21:03,743 [INFO] Activator:177 - !SESSION log4j initialized
2023-12-25 18:21:09,949 [ERROR] LogOutputStream:75 - [STDERR_REDIRECT] 
2023-12-25 18:21:11,952 [INFO] LogOutputStream:77 - [STDOUT_REDIRECT] 
2023-12-25 18:21:13,291 [INFO] ApplicationProperties:184 - Using Application install path: /Applications/STM32CubeIDE.app/Contents/Eclipse/plugins/com.st.stm32cube.common.mx_6.10.0.202311202037
2023-12-25 18:21:13,308 [INFO] DbMcusXml:78 - Set database path to: /Applications/STM32CubeIDE.app/Contents/Eclipse/plugins/com.st.stm32cube.common.mx_6.10.0.202311202037//db//mcu/
2023-12-25 18:21:13,308 [INFO] ApiDb:274 - Set plugin database path to: /Applications/STM32CubeIDE.app/Contents/Eclipse/plugins/com.st.stm32cube.common.mx_6.10.0.202311202037//db//plugins/boardmanager/
2023-12-25 18:21:13,308 [WARN] ApiDb:259 - Overriding images path with different value:  => /Applications/STM32CubeIDE.app/Contents/Eclipse/plugins/com.st.stm32cube.common.mx_6.10.0.202311202037//db//plugins/mcufinder/images/
2023-12-25 18:21:13,315 [INFO] ApiDb:250 - Set database path to: /Users/mariestahaab/.stmcufinder/plugins/mcufinder//mcu/
2023-12-25 18:21:13,316 [INFO] DbMcusAds:125 - Set database path to: /Users/mariestahaab/.stmcufinder/plugins/mcufinder//mcu/
2023-12-25 18:21:13,317 [INFO] CrossReferenceDbSqlite:203 - Set database path to: /Users/mariestahaab/.stmcufinder/plugins/mcufinder//mcu/cs/
2023-12-25 18:21:13,434 [INFO] RulesReader:64 - Compatibility file has been processed (297 Rules)
2023-12-25 18:21:13,489 [INFO] DbMcusXml:78 - Set database path to: /Applications/STM32CubeIDE.app/Contents/Eclipse/plugins/com.st.stm32cube.common.mx_6.10.0.202311202037//db//mcu/
2023-12-25 18:21:13,489 [INFO] ApiDb:274 - Set plugin database path to: /Applications/STM32CubeIDE.app/Contents/Eclipse/plugins/com.st.stm32cube.common.mx_6.10.0.202311202037//db//plugins/boardmanager/
2023-12-25 18:21:13,490 [INFO] ApiDb:261 - Set plugin images path to: /Applications/STM32CubeIDE.app/Contents/Eclipse/plugins/com.st.stm32cube.common.mx_6.10.0.202311202037//db//plugins/mcufinder/images/
2023-12-25 18:21:13,490 [WARN] DbFile:41 - Overriding database path with different value: /Users/mariestahaab/.stmcufinder/plugins/mcufinder/ => /Users/mariestahaab/.stmcufinder/plugins/mcufinder
2023-12-25 18:21:13,491 [INFO] ApiDb:250 - Set database path to: /Users/mariestahaab/.stmcufinder/plugins/mcufinder//mcu/
2023-12-25 18:21:13,491 [WARN] DbFile:41 - Overriding database path with different value: /Users/mariestahaab/.stmcufinder/plugins/mcufinder/ => /Users/mariestahaab/.stmcufinder/plugins/mcufinder
2023-12-25 18:21:13,491 [INFO] DbMcusAds:125 - Set database path to: /Users/mariestahaab/.stmcufinder/plugins/mcufinder//mcu/
2023-12-25 18:21:13,491 [WARN] DbFile:41 - Overriding database path with different value: /Users/mariestahaab/.stmcufinder/plugins/mcufinder/ => /Users/mariestahaab/.stmcufinder/plugins/mcufinder
2023-12-25 18:21:13,491 [WARN] DbFile:41 - Overriding database path with different value: /Users/mariestahaab/.stmcufinder/plugins/mcufinder/ => /Users/mariestahaab/.stmcufinder/plugins/mcufinder
2023-12-25 18:21:13,491 [INFO] CrossReferenceDbSqlite:203 - Set database path to: /Users/mariestahaab/.stmcufinder/plugins/mcufinder//mcu/cs/
2023-12-25 18:21:13,601 [INFO] MainPanel:264 - HeapMemory: 268435456
2023-12-25 18:21:13,676 [INFO] DbMcusXml:78 - Set database path to: /Applications/STM32CubeIDE.app/Contents/Eclipse/plugins/com.st.stm32cube.common.mx_6.10.0.202311202037//db//mcu/
2023-12-25 18:21:13,676 [INFO] ApiDb:274 - Set plugin database path to: /Applications/STM32CubeIDE.app/Contents/Eclipse/plugins/com.st.stm32cube.common.mx_6.10.0.202311202037//db//plugins/boardmanager/
2023-12-25 18:21:13,677 [INFO] ApiDb:261 - Set plugin images path to: /Applications/STM32CubeIDE.app/Contents/Eclipse/plugins/com.st.stm32cube.common.mx_6.10.0.202311202037//db//plugins/mcufinder/images/
2023-12-25 18:21:13,677 [WARN] DbFile:41 - Overriding database path with different value: /Users/mariestahaab/.stmcufinder/plugins/mcufinder/ => /Users/mariestahaab/.stmcufinder/plugins/mcufinder
2023-12-25 18:21:13,677 [INFO] ApiDb:250 - Set database path to: /Users/mariestahaab/.stmcufinder/plugins/mcufinder//mcu/
2023-12-25 18:21:13,677 [WARN] DbFile:41 - Overriding database path with different value: /Users/mariestahaab/.stmcufinder/plugins/mcufinder/ => /Users/mariestahaab/.stmcufinder/plugins/mcufinder
2023-12-25 18:21:13,677 [INFO] DbMcusAds:125 - Set database path to: /Users/mariestahaab/.stmcufinder/plugins/mcufinder//mcu/
2023-12-25 18:21:13,677 [WARN] DbFile:41 - Overriding database path with different value: /Users/mariestahaab/.stmcufinder/plugins/mcufinder/ => /Users/mariestahaab/.stmcufinder/plugins/mcufinder
2023-12-25 18:21:13,677 [WARN] DbFile:41 - Overriding database path with different value: /Users/mariestahaab/.stmcufinder/plugins/mcufinder/ => /Users/mariestahaab/.stmcufinder/plugins/mcufinder
2023-12-25 18:21:13,677 [INFO] CrossReferenceDbSqlite:203 - Set database path to: /Users/mariestahaab/.stmcufinder/plugins/mcufinder//mcu/cs/
2023-12-25 18:21:13,692 [INFO] ApplicationProperties:184 - Using Application install path: /Applications/STM32CubeIDE.app/Contents/Eclipse/plugins/com.st.stm32cube.common.mx_6.10.0.202311202037
2023-12-25 18:21:13,693 [INFO] PluginManage:196 - Search for loadable plugins [exclusion list=, ]
2023-12-25 18:21:13,695 [INFO] PluginManage:310 - Check plugin analytics
2023-12-25 18:21:13,920 [INFO] AnalyticsPlugin:253 - Accepted Software Licenses: 
2023-12-25 18:21:13,921 [INFO] AnalyticsPlugin:255 - Accepted CMSIS Pack Licenses: 
2023-12-25 18:21:13,921 [INFO] AnalyticsPlugin:257 - Accepted Firmware Licenses: FW.F4.1.27.0
2023-12-25 18:21:13,928 [INFO] PluginManage:359 - Loaded plugin analytics (category:tool,tabindex:-1)
2023-12-25 18:21:13,929 [INFO] PluginManage:310 - Check plugin cadmodel
2023-12-25 18:21:14,163 [INFO] CADModel:105 - Init CAD model plugin
2023-12-25 18:21:14,164 [INFO] PluginManage:359 - Loaded plugin cadmodel (category:power,tabindex:5)
2023-12-25 18:21:14,164 [INFO] PluginManage:310 - Check plugin clock
2023-12-25 18:21:14,175 [INFO] PluginManage:359 - Loaded plugin clock (category:base,tabindex:2)
2023-12-25 18:21:14,176 [INFO] PluginManage:310 - Check plugin ddr
2023-12-25 18:21:14,180 [INFO] PluginManage:359 - Loaded plugin ddr (category:tool,tabindex:6)
2023-12-25 18:21:14,180 [INFO] PluginManage:310 - Check plugin filemanager
2023-12-25 18:21:14,339 [INFO] PluginManage:359 - Loaded plugin filemanager (category:base,tabindex:10)
2023-12-25 18:21:14,339 [INFO] PluginManage:310 - Check plugin ipmanager
2023-12-25 18:21:14,345 [INFO] PluginManage:359 - Loaded plugin ipmanager (category:base,tabindex:5)
2023-12-25 18:21:14,345 [INFO] PluginManage:310 - Check plugin lpbam
2023-12-25 18:21:14,356 [INFO] PluginManage:359 - Loaded plugin lpbam (category:base,tabindex:0)
2023-12-25 18:21:14,357 [INFO] PluginManage:310 - Check plugin memorymap
2023-12-25 18:21:14,365 [INFO] PluginManage:359 - Loaded plugin memorymap (category:base,tabindex:4)
2023-12-25 18:21:14,365 [INFO] PluginManage:310 - Check plugin pinoutandconfiguration
2023-12-25 18:21:14,370 [INFO] PluginManage:359 - Loaded plugin pinoutandconfiguration (category:base,tabindex:1)
2023-12-25 18:21:14,370 [INFO] PluginManage:310 - Check plugin pinoutconfig
2023-12-25 18:21:14,446 [WARN] SupportedApi:132 - Cannot load RTOS API schema: s4s-elt-must-match.1: The content of 'definitions' must match (annotation?, (simpleType | complexType)?, (unique | key | keyref)*)). A problem was found starting at: attribute.
2023-12-25 18:21:14,594 [INFO] PluginManage:359 - Loaded plugin pinoutconfig (category:base,tabindex:0)
2023-12-25 18:21:14,594 [INFO] PluginManage:310 - Check plugin power
2023-12-25 18:21:14,604 [INFO] PluginManage:359 - Loaded plugin power (category:power,tabindex:4)
2023-12-25 18:21:14,604 [INFO] PluginManage:310 - Check plugin projectmanager
2023-12-25 18:21:14,629 [INFO] PluginManage:359 - Loaded plugin projectmanager (category:projectmanager,tabindex:3)
2023-12-25 18:21:14,630 [INFO] PluginManage:310 - Check plugin thirdparty
2023-12-25 18:21:14,792 [INFO] PluginManage:359 - Loaded plugin thirdparty (category:base,tabindex:-1)
2023-12-25 18:21:14,792 [WARN] IntegrityCheckThread:84 - waiting for thirdparty lock release [integrity check]
2023-12-25 18:21:14,793 [INFO] PluginManage:310 - Check plugin tools
2023-12-25 18:21:14,793 [INFO] IntegrityCheckThread:86 - entering critical section [integrity check]
2023-12-25 18:21:14,794 [INFO] ThirdPartyUpdaterWithRetryManager:70 - Updater plugin not ready yet. [1/15]
2023-12-25 18:21:14,797 [INFO] PluginManage:359 - Loaded plugin tools (category:base,tabindex:7)
2023-12-25 18:21:14,797 [INFO] PluginManage:310 - Check plugin tutovideos
2023-12-25 18:21:15,017 [INFO] PluginManage:359 - Loaded plugin tutovideos (category:base,tabindex:-1)
2023-12-25 18:21:15,018 [INFO] PluginManage:310 - Check plugin updater
2023-12-25 18:21:15,052 [INFO] PluginManage:359 - Loaded plugin updater (category:base,tabindex:12)
2023-12-25 18:21:15,053 [INFO] PluginManage:310 - Check plugin userauth
2023-12-25 18:21:15,065 [INFO] UserAuth:114 - Init User Auth plugin
2023-12-25 18:21:15,066 [INFO] PluginManage:359 - Loaded plugin userauth (category:base,tabindex:14)
2023-12-25 18:21:15,068 [INFO] PluginManage:283 - PluginManage : Loaded plugins [17]
2023-12-25 18:21:15,372 [INFO] PinOutPanel:1499 - setPackage(No Configuration,No Configuration)
2023-12-25 18:21:15,449 [INFO] CADModel:165 - CPN selected for project level
2023-12-25 18:21:15,449 [INFO] CADModel:114 - Register for checkConnection events
2023-12-25 18:21:15,464 [INFO] IPUIPlugin:80 - create IPUIPlugin
2023-12-25 18:21:15,464 [INFO] PluginManager:220 - loadIPPluginJar : add mdma
2023-12-25 18:21:15,469 [INFO] IPUIPlugin:80 - create IPUIPlugin
2023-12-25 18:21:15,470 [INFO] PluginManager:220 - loadIPPluginJar : add freertos
2023-12-25 18:21:15,475 [INFO] IPUIPlugin:80 - create IPUIPlugin
2023-12-25 18:21:15,475 [INFO] PluginManager:220 - loadIPPluginJar : add gic
2023-12-25 18:21:15,483 [INFO] IPUIPlugin:80 - create IPUIPlugin
2023-12-25 18:21:15,483 [INFO] PluginManager:220 - loadIPPluginJar : add adc
2023-12-25 18:21:15,486 [INFO] IPUIPlugin:80 - create IPUIPlugin
2023-12-25 18:21:15,486 [INFO] PluginManager:220 - loadIPPluginJar : add gtzc
2023-12-25 18:21:15,488 [INFO] IPUIPlugin:80 - create IPUIPlugin
2023-12-25 18:21:15,489 [INFO] PluginManager:220 - loadIPPluginJar : add quadspi
2023-12-25 18:21:15,490 [INFO] IPUIPlugin:80 - create IPUIPlugin
2023-12-25 18:21:15,490 [INFO] PluginManager:220 - loadIPPluginJar : add aes
2023-12-25 18:21:15,492 [INFO] IPUIPlugin:80 - create IPUIPlugin
2023-12-25 18:21:15,492 [INFO] PluginManager:220 - loadIPPluginJar : add pdm2pcm
2023-12-25 18:21:15,493 [INFO] IPUIPlugin:80 - create IPUIPlugin
2023-12-25 18:21:15,493 [INFO] PluginManager:220 - loadIPPluginJar : add hash
2023-12-25 18:21:15,494 [INFO] IPUIPlugin:80 - create IPUIPlugin
2023-12-25 18:21:15,494 [INFO] PluginManager:220 - loadIPPluginJar : add tim
2023-12-25 18:21:15,495 [INFO] IPUIPlugin:80 - create IPUIPlugin
2023-12-25 18:21:15,495 [INFO] PluginManager:220 - loadIPPluginJar : add tsc
2023-12-25 18:21:15,495 [INFO] IPUIPlugin:80 - create IPUIPlugin
2023-12-25 18:21:15,496 [INFO] PluginManager:220 - loadIPPluginJar : add ts
2023-12-25 18:21:15,497 [INFO] IPUIPlugin:80 - create IPUIPlugin
2023-12-25 18:21:15,497 [INFO] PluginManager:220 - loadIPPluginJar : add can
2023-12-25 18:21:15,499 [INFO] IPUIPlugin:80 - create IPUIPlugin
2023-12-25 18:21:15,499 [INFO] PluginManager:220 - loadIPPluginJar : add dma3
2023-12-25 18:21:15,501 [INFO] IPUIPlugin:80 - create IPUIPlugin
2023-12-25 18:21:15,502 [INFO] PluginManager:220 - loadIPPluginJar : add dfsdm
2023-12-25 18:21:15,503 [INFO] IPUIPlugin:80 - create IPUIPlugin
2023-12-25 18:21:15,503 [INFO] PluginManager:220 - loadIPPluginJar : add spi
2023-12-25 18:21:15,504 [INFO] IPUIPlugin:80 - create IPUIPlugin
2023-12-25 18:21:15,505 [INFO] PluginManager:220 - loadIPPluginJar : add gfxmmu
2023-12-25 18:21:15,506 [INFO] IPUIPlugin:80 - create IPUIPlugin
2023-12-25 18:21:15,506 [INFO] PluginManager:220 - loadIPPluginJar : add genericplugin
2023-12-25 18:21:15,507 [INFO] IPUIPlugin:80 - create IPUIPlugin
2023-12-25 18:21:15,507 [INFO] PluginManager:220 - loadIPPluginJar : add cryp
2023-12-25 18:21:15,509 [INFO] IPUIPlugin:80 - create IPUIPlugin
2023-12-25 18:21:15,509 [INFO] PluginManager:220 - loadIPPluginJar : add gpio
2023-12-25 18:21:15,510 [INFO] IPUIPlugin:80 - create IPUIPlugin
2023-12-25 18:21:15,510 [INFO] PluginManager:220 - loadIPPluginJar : add comp
2023-12-25 18:21:15,512 [INFO] IPUIPlugin:80 - create IPUIPlugin
2023-12-25 18:21:15,513 [INFO] PluginManager:220 - loadIPPluginJar : add tracer_emb
2023-12-25 18:21:15,515 [INFO] IPUIPlugin:80 - create IPUIPlugin
2023-12-25 18:21:15,515 [INFO] PluginManager:220 - loadIPPluginJar : add openamp
2023-12-25 18:21:15,518 [INFO] IPUIPlugin:80 - create IPUIPlugin
2023-12-25 18:21:15,518 [INFO] PluginManager:220 - loadIPPluginJar : add stm32_wpan
2023-12-25 18:21:15,523 [INFO] IPUIPlugin:80 - create IPUIPlugin
2023-12-25 18:21:15,526 [INFO] PluginManager:220 - loadIPPluginJar : add plateformsettings
2023-12-25 18:21:15,529 [INFO] IPUIPlugin:80 - create IPUIPlugin
2023-12-25 18:21:15,529 [INFO] PluginManager:220 - loadIPPluginJar : add ipddr
2023-12-25 18:21:15,531 [INFO] IPUIPlugin:80 - create IPUIPlugin
2023-12-25 18:21:15,531 [INFO] PluginManager:220 - loadIPPluginJar : add usart
2023-12-25 18:21:15,532 [INFO] IPUIPlugin:80 - create IPUIPlugin
2023-12-25 18:21:15,532 [INFO] PluginManager:220 - loadIPPluginJar : add ltdc
2023-12-25 18:21:15,534 [INFO] IPUIPlugin:80 - create IPUIPlugin
2023-12-25 18:21:15,535 [INFO] PluginManager:220 - loadIPPluginJar : add nvic
2023-12-25 18:21:15,536 [INFO] IPUIPlugin:80 - create IPUIPlugin
2023-12-25 18:21:15,536 [INFO] PluginManager:220 - loadIPPluginJar : add fatfs
2023-12-25 18:21:15,541 [INFO] IPUIPlugin:80 - create IPUIPlugin
2023-12-25 18:21:15,541 [INFO] PluginManager:220 - loadIPPluginJar : add linkedlist
2023-12-25 18:21:15,545 [INFO] IPUIPlugin:80 - create IPUIPlugin
2023-12-25 18:21:15,545 [INFO] PluginManager:220 - loadIPPluginJar : add dma
2023-12-25 18:21:15,547 [INFO] IPUIPlugin:80 - create IPUIPlugin
2023-12-25 18:21:15,548 [INFO] PluginManager:220 - loadIPPluginJar : add fmc
2023-12-25 18:21:15,549 [INFO] IPUIPlugin:80 - create IPUIPlugin
2023-12-25 18:21:15,549 [INFO] PluginManager:220 - loadIPPluginJar : add i2s
2023-12-25 18:21:15,550 [INFO] IPUIPlugin:80 - create IPUIPlugin
2023-12-25 18:21:15,551 [INFO] PluginManager:220 - loadIPPluginJar : add ucpd
2023-12-25 18:21:15,552 [INFO] IPUIPlugin:80 - create IPUIPlugin
2023-12-25 18:21:15,552 [INFO] PluginManager:220 - loadIPPluginJar : add lorawan
2023-12-25 18:21:15,554 [INFO] IPUIPlugin:80 - create IPUIPlugin
2023-12-25 18:21:15,554 [INFO] PluginManager:220 - loadIPPluginJar : add opamp
2023-12-25 18:21:15,557 [INFO] IPUIPlugin:80 - create IPUIPlugin
2023-12-25 18:21:15,557 [INFO] PluginManager:220 - loadIPPluginJar : add i3c
2023-12-25 18:21:15,559 [INFO] IPUIPlugin:80 - create IPUIPlugin
2023-12-25 18:21:15,559 [INFO] PluginManager:220 - loadIPPluginJar : add touchsensing
2023-12-25 18:21:15,563 [INFO] IPUIPlugin:80 - create IPUIPlugin
2023-12-25 18:21:15,563 [INFO] PluginManager:220 - loadIPPluginJar : add i2c
2023-12-25 18:21:15,567 [INFO] IPUIPlugin:80 - create IPUIPlugin
2023-12-25 18:21:15,567 [INFO] PluginManager:220 - loadIPPluginJar : add resmgrutility
2023-12-25 18:21:15,569 [INFO] IPUIPlugin:80 - create IPUIPlugin
2023-12-25 18:21:15,570 [INFO] PluginManager:220 - loadIPPluginJar : add sai
2023-12-25 18:21:15,572 [INFO] IPUIPlugin:80 - create IPUIPlugin
2023-12-25 18:21:15,572 [INFO] PluginManager:220 - loadIPPluginJar : add usbx
2023-12-25 18:21:15,688 [INFO] CADModel:165 - CPN selected for project level
2023-12-25 18:21:15,688 [INFO] CADModel:114 - Register for checkConnection events
2023-12-25 18:21:15,689 [FATAL] Updater:308 - Updater called before beeing initialized
2023-12-25 18:21:15,689 [ERROR] CADModel:125 - Updater not yet initialized, retry later 
2023-12-25 18:21:15,937 [INFO] CADModel:165 - CPN selected for project level
2023-12-25 18:21:15,938 [INFO] CADModel:114 - Register for checkConnection events
2023-12-25 18:21:15,938 [FATAL] Updater:308 - Updater called before beeing initialized
2023-12-25 18:21:15,938 [ERROR] CADModel:125 - Updater not yet initialized, retry later 
2023-12-25 18:21:15,942 [FATAL] Updater:308 - Updater called before beeing initialized
2023-12-25 18:21:16,106 [FATAL] Updater:308 - Updater called before beeing initialized
2023-12-25 18:21:16,114 [INFO] DbMcusAds:53 - JSON generation date=Wed Nov 29 10:52:27 GMT 2023 (1701255147349)
2023-12-25 18:21:16,114 [FATAL] Updater:308 - Updater called before beeing initialized
2023-12-25 18:21:16,159 [WARN] DetailPanel:346 - Failed to get advertising image, set to default
2023-12-25 18:21:16,229 [FATAL] Updater:308 - Updater called before beeing initialized
2023-12-25 18:21:16,231 [FATAL] Updater:308 - Updater called before beeing initialized
2023-12-25 18:21:16,231 [FATAL] Updater:308 - Updater called before beeing initialized
2023-12-25 18:21:16,231 [WARN] DetailPanel:346 - Failed to get advertising image, set to default
2023-12-25 18:21:16,232 [FATAL] Updater:308 - Updater called before beeing initialized
2023-12-25 18:21:16,318 [ERROR] Updater:1120 - MainUpdater not yet initialized. External WinMGr cannot be set.
2023-12-25 18:21:16,360 [INFO] Updater:1056 - Updater Version found : 6.10.0
2023-12-25 18:21:16,385 [INFO] ApplicationProperties:184 - Using Application install path: /Applications/STM32CubeIDE.app/Contents/Eclipse/plugins/com.st.stm32cube.common.mx_6.10.0.202311202037
2023-12-25 18:21:16,874 [INFO] MainUpdater:2873 - connection check result : 10
2023-12-25 18:21:16,875 [INFO] MainUpdater:290 - Updater Check For Update Now.
2023-12-25 18:21:16,875 [INFO] MicroXplorer:498 - Change Database Version : DB.6.0.100
2023-12-25 18:21:16,888 [INFO] McuFinderGlobals:63 - Set McuFinder mode to 2 (CubeIDE integrated)
2023-12-25 18:21:16,911 [INFO] UserAuth:404 - Internet connection configuration mode: 1
2023-12-25 18:21:16,931 [INFO] JxBrowserEngine:152 - Initiate JxBrowser Engine with user profile folder
2023-12-25 18:21:17,242 [INFO] CheckServerUpdateThread:120 - End of CheckServer Thread
2023-12-25 18:21:18,076 [WARN] PackLoader:240 - Cannot read IP mode file for STMicroelectronics.X-CUBE-SMBUS.2.1.0
2023-12-25 18:21:18,124 [WARN] PackLoader:240 - Cannot read IP mode file for STMicroelectronics.X-CUBE-TOUCHGFX.4.23.0
2023-12-25 18:21:18,194 [WARN] PackLoader:240 - Cannot read IP mode file for STMicroelectronics.X-CUBE-AZRTOS-F7.1.1.0
2023-12-25 18:21:18,244 [WARN] PackLoader:240 - Cannot read IP mode file for STMicroelectronics.FP-SNS-MOTENV1.4.3.2
2023-12-25 18:21:18,305 [WARN] PackLoader:240 - Cannot read IP mode file for STMicroelectronics.FP-SNS-FLIGHT1.5.0.2
2023-12-25 18:21:18,329 [WARN] PackLoader:240 - Cannot read IP mode file for STMicroelectronics.X-CUBE-DISPLAY.3.0.0
2023-12-25 18:21:18,363 [WARN] PackLoader:240 - Cannot read IP mode file for STMicroelectronics.X-CUBE-BLE1.7.0.0
2023-12-25 18:21:18,380 [WARN] PackLoader:240 - Cannot read IP mode file for emotas.I-CUBE-CANOPEN.1.3.0
2023-12-25 18:21:18,385 [WARN] PackLoader:240 - Cannot read IP mode file for STMicroelectronics.X-CUBE-TOUCHGFX.4.22.0
2023-12-25 18:21:18,392 [WARN] PackLoader:240 - Cannot read IP mode file for STMicroelectronics.X-CUBE-TOUCHGFX.4.22.1
2023-12-25 18:21:18,404 [WARN] PackLoader:240 - Cannot read IP mode file for STMicroelectronics.FP-SNS-SMARTAG2.1.2.0
2023-12-25 18:21:18,422 [INFO] LogOutputStream:77 - [STDOUT_REDIRECT] 1 : Invalid condition id : UX_CORESTACK_Condition cause : null
2023-12-25 18:21:18,424 [INFO] LogOutputStream:77 - [STDOUT_REDIRECT] 1 : Invalid condition id : UX_CORESTACK_Condition cause : null
2023-12-25 18:21:18,424 [INFO] LogOutputStream:77 - [STDOUT_REDIRECT] 1 : Invalid condition id : UX_CORESTACK_Condition cause : null
2023-12-25 18:21:18,424 [INFO] LogOutputStream:77 - [STDOUT_REDIRECT] 1 : Invalid condition id : UX_CORESTACK_Condition cause : null
2023-12-25 18:21:18,425 [INFO] LogOutputStream:77 - [STDOUT_REDIRECT] 1 : Invalid condition id : UX_CORESTACK_Condition cause : null
2023-12-25 18:21:18,435 [WARN] PackLoader:240 - Cannot read IP mode file for STMicroelectronics.X-CUBE-AZRTOS-WL.2.0.0
2023-12-25 18:21:18,457 [WARN] PackLoader:240 - Cannot read IP mode file for WES.I-CUBE-Cesium.1.3.0
2023-12-25 18:21:18,467 [WARN] PackLoader:240 - Cannot read IP mode file for STMicroelectronics.X-CUBE-BLE2.3.3.0
2023-12-25 18:21:18,488 [WARN] PackLoader:240 - Cannot read IP mode file for STMicroelectronics.X-CUBE-ALGOBUILD.1.3.0
2023-12-25 18:21:18,519 [WARN] PackLoader:240 - Cannot read IP mode file for STMicroelectronics.X-CUBE-AZRTOS-G0.1.1.0
2023-12-25 18:21:18,543 [WARN] PackLoader:240 - Cannot read IP mode file for STMicroelectronics.X-CUBE-NFC4.3.0.0
2023-12-25 18:21:18,598 [WARN] PackLoader:240 - Cannot read IP mode file for STMicroelectronics.X-CUBE-BLEMGR.3.0.0
2023-12-25 18:21:18,616 [WARN] PackLoader:240 - Cannot read IP mode file for STMicroelectronics.FP-ATR-SIGFOX1.3.2.0
2023-12-25 18:21:18,719 [WARN] PackLoader:240 - Cannot read IP mode file for SEGGER.I-CUBE-embOS.1.3.1
2023-12-25 18:21:18,828 [WARN] PackLoader:240 - Cannot read IP mode file for STMicroelectronics.X-CUBE-GNSS1.6.0.0
2023-12-25 18:21:18,870 [WARN] PackLoader:240 - Cannot read IP mode file for STMicroelectronics.X-CUBE-AZRTOS-F4.1.1.0
2023-12-25 18:21:18,894 [WARN] PackLoader:240 - Cannot read IP mode file for wolfSSL.I-CUBE-wolfSSL.5.6.3
2023-12-25 18:21:18,927 [WARN] PackLoader:240 - Cannot read IP mode file for STMicroelectronics.X-CUBE-AZRTOS-L5.2.0.0
2023-12-25 18:21:19,017 [WARN] PackLoader:240 - Cannot read IP mode file for STMicroelectronics.X-CUBE-MEMS1.9.6.0
2023-12-25 18:21:19,179 [WARN] PackLoader:240 - Cannot read IP mode file for STMicroelectronics.X-CUBE-EEPRMA1.4.2.0
2023-12-25 18:21:19,191 [WARN] PackLoader:240 - Cannot read IP mode file for ITTIA_DB.I-CUBE-ITTIADB.8.8.0
2023-12-25 18:21:19,210 [WARN] PackLoader:240 - Cannot read IP mode file for STMicroelectronics.X-CUBE-BLEMGR.2.0.0
2023-12-25 18:21:19,238 [WARN] ConditionMgr:438 - getConditionDescription Invalid condition id : UX DEVICE CLASS RTOS Condition cause : null
2023-12-25 18:21:19,239 [WARN] ConditionMgr:438 - getConditionDescription Invalid condition id : UX DEVICE CLASS RTOS Condition cause : null
2023-12-25 18:21:19,245 [WARN] PackLoader:240 - Cannot read IP mode file for STMicroelectronics.X-CUBE-AZRTOS-H7.3.1.0
2023-12-25 18:21:19,248 [WARN] ConditionMgr:1039 - genDependencies : Invalid condition id : UX DEVICE CLASS RTOS Condition cause : null
2023-12-25 18:21:19,248 [WARN] ConditionMgr:1039 - genDependencies : Invalid condition id : UX DEVICE CLASS RTOS Condition cause : null
2023-12-25 18:21:19,249 [WARN] ConditionMgr:1039 - genDependencies : Invalid condition id : UX DEVICE CLASS RTOS Condition cause : null
2023-12-25 18:21:19,251 [WARN] ConditionMgr:1039 - genDependencies : Invalid condition id : UX DEVICE CLASS RTOS Condition cause : null
2023-12-25 18:21:19,251 [WARN] ConditionMgr:1039 - genDependencies : Invalid condition id : UX DEVICE CLASS RTOS Condition cause : null
2023-12-25 18:21:19,269 [WARN] PackLoader:240 - Cannot read IP mode file for STMicroelectronics.X-CUBE-NFC7.1.0.1
2023-12-25 18:21:19,282 [WARN] PackLoader:240 - Cannot read IP mode file for STMicroelectronics.X-CUBE-NFC6.3.0.0
2023-12-25 18:21:19,299 [WARN] PackLoader:240 - Cannot read IP mode file for STMicroelectronics.X-CUBE-EEPRMA1.4.1.0
2023-12-25 18:21:19,324 [WARN] PackLoader:240 - Cannot read IP mode file for STMicroelectronics.X-CUBE-AI.8.1.0
2023-12-25 18:21:19,362 [WARN] ConditionMgr:438 - getConditionDescription Invalid condition id : LAN8742 Phy interface Condition cause : null
2023-12-25 18:21:19,365 [WARN] PackLoader:240 - Cannot read IP mode file for STMicroelectronics.X-CUBE-AZRTOS-L4.2.0.0
2023-12-25 18:21:19,368 [WARN] ConditionMgr:1039 - genDependencies : Invalid condition id : LAN8742 Phy interface Condition cause : null
2023-12-25 18:21:19,368 [WARN] ConditionMgr:1039 - genDependencies : Invalid condition id : LAN8742 Phy interface Condition cause : null
2023-12-25 18:21:19,369 [WARN] ConditionMgr:1039 - genDependencies : Invalid condition id : LAN8742 Phy interface Condition cause : null
2023-12-25 18:21:19,398 [WARN] PackLoader:240 - Cannot read IP mode file for STMicroelectronics.X-CUBE-SFXS2LP1.4.0.0
2023-12-25 18:21:19,404 [WARN] PackLoader:240 - Cannot read IP mode file for STMicroelectronics.X-CUBE-ISPU.1.1.0
2023-12-25 18:21:19,416 [WARN] ConditionMgr:438 - getConditionDescription Invalid condition id : UX DEVICE CLASS RTOS Condition cause : null
2023-12-25 18:21:19,417 [WARN] ConditionMgr:438 - getConditionDescription Invalid condition id : UX DEVICE CLASS RTOS Condition cause : null
2023-12-25 18:21:19,420 [WARN] PackLoader:240 - Cannot read IP mode file for STMicroelectronics.X-CUBE-AZRTOS-WB.2.0.0
2023-12-25 18:21:19,421 [WARN] ConditionMgr:1039 - genDependencies : Invalid condition id : UX DEVICE CLASS RTOS Condition cause : null
2023-12-25 18:21:19,422 [WARN] ConditionMgr:1039 - genDependencies : Invalid condition id : UX DEVICE CLASS RTOS Condition cause : null
2023-12-25 18:21:19,422 [WARN] ConditionMgr:1039 - genDependencies : Invalid condition id : UX DEVICE CLASS RTOS Condition cause : null
2023-12-25 18:21:19,423 [WARN] ConditionMgr:1039 - genDependencies : Invalid condition id : UX DEVICE CLASS RTOS Condition cause : null
2023-12-25 18:21:19,423 [WARN] ConditionMgr:1039 - genDependencies : Invalid condition id : UX DEVICE CLASS RTOS Condition cause : null
2023-12-25 18:21:19,435 [WARN] PackLoader:240 - Cannot read IP mode file for STMicroelectronics.X-CUBE-SUBG2.5.0.0
2023-12-25 18:21:19,472 [WARN] PackLoader:240 - Cannot read IP mode file for STMicroelectronics.X-CUBE-TOF1.3.3.1
2023-12-25 18:21:19,505 [WARN] PackLoader:240 - Cannot read IP mode file for STMicroelectronics.X-CUBE-AZRTOS-G4.2.0.0
2023-12-25 18:21:19,524 [WARN] PackLoader:240 - Cannot read IP mode file for Infineon.AIROC-Wi-Fi-Bluetooth-STM32.1.5.1
2023-12-25 18:21:19,532 [WARN] PackLoader:240 - Cannot read IP mode file for STMicroelectronics.FP-SNS-MOTENVWB1.1.3.0
2023-12-25 18:21:19,535 [WARN] PackLoader:240 - Cannot read IP mode file for STMicroelectronics.FP-SNS-MOTENVWB1.1.3.1
2023-12-25 18:21:19,538 [WARN] PackLoader:240 - Cannot read IP mode file for STMicroelectronics.X-CUBE-ISPU.2.0.0
2023-12-25 18:21:19,589 [WARN] PackLoader:240 - Cannot read IP mode file for STMicroelectronics.X-CUBE-MEMS1.10.0.0
2023-12-25 18:21:19,686 [WARN] PackLoader:240 - Cannot read IP mode file for STMicroelectronics.X-CUBE-FREERTOS.1.1.0
2023-12-25 18:21:19,692 [WARN] PackLoader:240 - Cannot read IP mode file for portGmbH.I-Cube-SoM-uGOAL.1.1.0
2023-12-25 18:21:19,696 [WARN] PackLoader:240 - Cannot read IP mode file for STMicroelectronics.X-CUBE-ALS.1.0.1
2023-12-25 18:21:19,701 [WARN] PackLoader:240 - Cannot read IP mode file for STMicroelectronics.FP-ATR-ASTRA1.2.0.0
2023-12-25 18:21:19,711 [WARN] PackLoader:240 - Cannot read IP mode file for STMicroelectronics.X-CUBE-TOF1.3.4.0
2023-12-25 18:21:19,748 [WARN] PackLoader:240 - Cannot read IP mode file for STMicroelectronics.X-CUBE-AZRTOS-H7.3.2.0
2023-12-25 18:21:19,759 [INFO] ThirdParty:978 - Integrity check success = true
2023-12-25 18:21:19,760 [INFO] IntegrityCheckThread:100 - exiting critical section [integrity check]
2023-12-25 18:21:19,760 [INFO] IntegrityCheckThread:103 - End integrity checks thread
2023-12-25 18:21:20,891 [INFO] WebApp:161 - Instantiating new browser for Auth
2023-12-25 18:21:21,710 [INFO] WebApp:780 - Register for checkConnection events
2023-12-25 18:21:21,711 [INFO] WebApp:414 - Apply proxy settings
2023-12-25 18:21:21,720 [INFO] WebApp:459 - Chromium authenticates against Manually configured proxy
2023-12-25 18:21:21,743 [INFO] WebApp:467 - Username used for proxy authentication: 
2023-12-25 18:21:21,897 [INFO] WebApp:192 - Starting web application
2023-12-25 18:21:21,897 [INFO] WebApp:544 - Web application path used /Applications/STM32CubeIDE.app/Contents/Eclipse/plugins/com.st.stm32cube.common.mx_6.10.0.202311202037/db/plugins/mcufinder/reactClient1/index.html
2023-12-25 18:21:43,013 [ERROR] LogOutputStream:75 - [STDERR_REDIRECT] SLF4J: Failed to load class "org.slf4j.impl.StaticLoggerBinder".
2023-12-25 18:21:43,015 [ERROR] LogOutputStream:75 - [STDERR_REDIRECT] SLF4J: Defaulting to no-operation (NOP) logger implementation
2023-12-25 18:21:43,015 [ERROR] LogOutputStream:75 - [STDERR_REDIRECT] SLF4J: See http://www.slf4j.org/codes.html#StaticLoggerBinder for further details.
2023-12-25 18:29:30,256 [INFO] McuFinderGlobals:63 - Set McuFinder mode to 2 (CubeIDE integrated)
2023-12-25 18:29:30,265 [INFO] MainUpdater:2873 - connection check result : 10
2023-12-25 18:29:30,273 [INFO] McuFinderGlobals:76 - Set McuFinderConnectedMode to true
2023-12-25 18:29:30,718 [INFO] ServerAccessManage:473 - Download File mcusAds.json._tmp_
2023-12-25 18:29:30,837 [INFO] LoadUrlFilesThread:156 - End of LoadUrlFiles Thread
2023-12-25 18:29:31,218 [INFO] ServerAccessManage:473 - Download File cube-finder-db.zip
2023-12-25 18:29:32,454 [INFO] FileExtend:240 - Unzip File : cube-finder-db.zip
2023-12-25 18:29:32,459 [INFO] FileExtend:255 - Standard Zip Deflate
2023-12-25 18:29:32,973 [INFO] LoadUrlFilesThread:156 - End of LoadUrlFiles Thread
2023-12-25 18:29:33,409 [INFO] ServerAccessManage:473 - Download File crdb.zip
2023-12-25 18:29:33,609 [INFO] FileExtend:240 - Unzip File : crdb.zip
2023-12-25 18:29:33,611 [INFO] FileExtend:255 - Standard Zip Deflate
2023-12-25 18:29:33,727 [INFO] LoadUrlFilesThread:156 - End of LoadUrlFiles Thread
2023-12-25 18:29:33,932 [INFO] ServerAccessManage:473 - Download File tutoVideoDB.zip
2023-12-25 18:29:33,944 [INFO] FileExtend:240 - Unzip File : tutoVideoDB.zip
2023-12-25 18:29:33,946 [INFO] FileExtend:255 - Standard Zip Deflate
2023-12-25 18:29:34,071 [INFO] LoadUrlFilesThread:156 - End of LoadUrlFiles Thread
2023-12-25 18:29:34,084 [WARN] DbFile:41 - Overriding database path with different value: /Users/mariestahaab/.stmcufinder/plugins/mcufinder/ => /Users/mariestahaab/.stmcufinder/plugins/mcufinder
2023-12-25 18:29:34,270 [INFO] ServerAccessManage:473 - Download File api_config.json
2023-12-25 18:29:34,388 [INFO] LoadUrlFilesThread:156 - End of LoadUrlFiles Thread
2023-12-25 18:29:34,394 [INFO] DbMcusAds:53 - JSON generation date=Wed Nov 29 10:52:27 GMT 2023 (1701255147349)
2023-12-25 18:29:34,463 [INFO] LoadUrlFilesThread:185 - End of LoadServerUrlFiles without Thread
2023-12-25 18:29:34,464 [INFO] TargetSelectorAdapter:259 - Refresh data is successful
2023-12-25 18:29:35,014 [INFO] ApiDb:581 - Connected to CubeFinder SQLite database (/Users/mariestahaab/.stmcufinder/plugins/mcufinder/mcu/cube-finder-db.db)
2023-12-25 18:29:35,071 [INFO] ApiDb:668 - CubeFinder database Data Model version=2.1
2023-12-25 18:29:35,071 [INFO] ApiDb:669 - CubeFinder database Configuration version=3.0.39
2023-12-25 18:29:35,072 [INFO] ApiDb:670 - CubeFinder database generation date=2023-12-08 (1702028721)
2023-12-25 18:29:35,072 [INFO] ApiDb:671 - CubeFinder database FW Pack versions=[FP-ATR-ASTRA1_V2.0.0, FP-SNS-FLIGHT1_V5.0.1, FP-SNS-FLIGHT1_V5.0.2, FP-SNS-MOTENV1_V4.3.1, FP-SNS-MOTENV1_V4.3.2, FP-SNS-MOTENVWB1_V1.3.1, FP-SNS-SMARTAG2_V1.2.0, STM32Cube_FW_C0_V1.1.0, STM32Cube_FW_F4_V1.28.0, STM32Cube_FW_F7_V1.17.0, STM32Cube_FW_G0_V1.6.1, STM32Cube_FW_G4_V1.5.1, STM32Cube_FW_H5_V0.5.1, STM32Cube_FW_H5_V1.1.1, STM32Cube_FW_H5_V1.2.0RC2, STM32Cube_FW_H7_V1.11.0, STM32Cube_FW_L0_V1.12.2, STM32Cube_FW_L5_V1.5.0, STM32Cube_FW_U5_V1.3.0RC4, STM32Cube_FW_U5_V1.4.0, STM32Cube_FW_WBA_V1.0.0RC1, STM32Cube_FW_WBA_V1.1.0RC1, STM32Cube_FW_WBA_V1.2.0, STM32Cube_FW_WBA_V1.2.0RC2, STM32Cube_FW_WB_V1.15.0RC1, STM32Cube_FW_WB_V1.16.0, STM32Cube_FW_WB_V1.16.0RC2, STM32Cube_FW_WB_V1.18.0, STM32Cube_FW_WL_V1.3.0, X-CUBE-ALGOBUILD_V1.3.0, X-CUBE-ALS_V1.0.1, X-CUBE-AZRTOS-F4_V1.1.0, X-CUBE-AZRTOS-F7_V1.1.0, X-CUBE-AZRTOS-G0_V1.1.0, X-CUBE-AZRTOS-G4_V2.0.0, X-CUBE-AZRTOS-H7_V3.1.0, X-CUBE-AZRTOS-L4_V1.0.0, X-CUBE-AZRTOS-L4_V2.0.0, X-CUBE-AZRTOS-L5_V1.1.0, X-CUBE-AZRTOS-WB_V2.0.0, X-CUBE-AZRTOS-WL_V2.0.0, X-CUBE-BLE1_V7.0.0, X-CUBE-BLE2_V3.3.0, X-CUBE-BLEMGR_V3.0.0, X-CUBE-EEPRMA1_V4.1.0, X-CUBE-EEPRMA1_V4.2.0, X-CUBE-FREERTOS_V1.1.0, X-CUBE-GNSS1_V6.0.0, X-CUBE-MEMS1_V10.0.0, X-CUBE-MEMS1_V9.1.0, X-CUBE-MEMS1_V9.4.0, X-CUBE-MEMS1_V9.6.0, X-CUBE-NFC4_V3.0.0, X-CUBE-NFC7_V1.0.1, X-CUBE-SFXS2LP1_V4.0.0, X-CUBE-SUBG2_V5.0.0, X-CUBE-TOF1_V3.4.0]
2023-12-25 18:29:36,326 [INFO] ApiDb:240 - Found 371 in-development CPN: [B-G473E-ZEST1S, B-WB1M-WPAN1, B-WL5M-SUBG1, NUCLEO-C031C6, NUCLEO-H503RB, NUCLEO-H563ZI, NUCLEO-U545RE-Q, NUCLEO-U5A5ZJ-Q, NUCLEO-WBA52CG, NUCLEO-WBA55CG, STEVAL-MKBOXPRO, STEVAL-PROTEUS1, STEVAL-STWINBX1, STM320518-EVAL, STM32C0116-DK, STM32C011D6Y3TR, STM32C011D6Y6TR, STM32C011F4P3, STM32C011F4P6, STM32C011F4U3, STM32C011F4U6TR, STM32C011F6P3, STM32C011F6P6, STM32C011F6U3, STM32C011F6U6TR, STM32C011J4M3, STM32C011J4M6, STM32C011J6M3, STM32C011J6M6, STM32C0316-DK, STM32C031C4T3, STM32C031C4T6, STM32C031C4U3, STM32C031C4U6, STM32C031C6T3, STM32C031C6T6, STM32C031C6U3, STM32C031C6U6, STM32C031F4P3, STM32C031F4P6, STM32C031F6P3, STM32C031F6P6, STM32C031G4U3, STM32C031G4U6, STM32C031G6U3, STM32C031G6U6, STM32C031K4T3, STM32C031K4T6, STM32C031K4U3, STM32C031K4U6, STM32C031K6T3, STM32C031K6T6, STM32C031K6U3, STM32C031K6U6, STM32G071K8TXN, STM32G071K8UXN, STM32G081GBU6N, STM32G081KBT6N, STM32G081KBUXN, STM32G0B1CCT6N, STM32G0B1KCT6, STM32G0B1NEY6TR, STM32G0B1RCT6N, STM32G0C1CCT6, STM32G0C1CCT6N, STM32G0C1CCU6N, STM32G0C1CET6N, STM32G0C1CEU6N, STM32G0C1KCT6, STM32G0C1NEY6TR, STM32G0C1RCI6N, STM32G0C1RCT6N, STM32G0C1REI6N, STM32G0C1RET6N, STM32G0C1VCI6, STM32G0C1VEI6, STM32G471CCT6, STM32G471CCU6, STM32G471CET3, STM32G471CET6, STM32G471CEU3, STM32G471CEU6, STM32G471MCT6, STM32G471MET3, STM32G471MET6, STM32G471MEY6TR, STM32G471QCT6, STM32G471QET3, STM32G471RCT6, STM32G471RET3, STM32G471RET6, STM32G471VCH6, STM32G471VCI6, STM32G471VCT6, STM32G471VEH3, STM32G471VEH6, STM32G471VEI3, STM32G471VEI6, STM32G471VET3, STM32G471VET6, STM32G474CCT6, STM32H503CBT6, STM32H503CBU6, STM32H503EBY6TR, STM32H503KBU6, STM32H503RBT6, STM32H562AGI6, STM32H562AII6, STM32H562IGK6, STM32H562IGT6, STM32H562IIK6, STM32H562IIT6, STM32H562RGT6, STM32H562RGV6, STM32H562RIT6, STM32H562RIV6, STM32H562VGT6, STM32H562VIT6, STM32H562ZGT6, STM32H562ZIT6, STM32H563AGI6, STM32H563AII3Q, STM32H563AII6, STM32H563IGK6, STM32H563IGT6, STM32H563IIK3Q, STM32H563IIK6, STM32H563IIT3Q, STM32H563IIT6, STM32H563MIY3QTR, STM32H563RGT6, STM32H563RGV6, STM32H563RIT6, STM32H563RIV6, STM32H563VGT6, STM32H563VIT3Q, STM32H563VIT6, STM32H563ZGT6, STM32H563ZIT3Q, STM32H563ZIT6, STM32H573AII3Q, STM32H573AII6, STM32H573I-DK, STM32H573IIK3Q, STM32H573IIK6, STM32H573IIT3Q, STM32H573IIT6, STM32H573MIY3QTR, STM32H573RIT6, STM32H573RIV6, STM32H573VIT3Q, STM32H573VIT6, STM32H573ZIT3Q, STM32H573ZIT6, STM32L4R5QGI6STR, STM32MP131AAE3, STM32MP131AAF3, STM32MP131AAG3, STM32MP131CAE3, STM32MP131CAF3, STM32MP131CAG3, STM32MP131DAE7, STM32MP131DAF7, STM32MP131DAG7, STM32MP131FAE7, STM32MP131FAF7, STM32MP131FAG7, STM32MP133AAE3, STM32MP133AAF3, STM32MP133AAG3, STM32MP133CAE3, STM32MP133CAF3, STM32MP133CAG3, STM32MP133DAE7, STM32MP133DAF7, STM32MP133DAG7, STM32MP133FAE7, STM32MP133FAF7, STM32MP133FAG7, STM32MP135AAE3, STM32MP135AAF3, STM32MP135AAG3, STM32MP135CAE3, STM32MP135CAF3, STM32MP135CAG3, STM32MP135DAE7, STM32MP135DAF7, STM32MP135DAG7, STM32MP135F-DK, STM32MP135FAE7, STM32MP135FAF7, STM32MP135FAF7T, STM32MP135FAF7U, STM32MP135FAG7, STM32U535CBT6, STM32U535CBT6Q, STM32U535CBU6, STM32U535CBU6Q, STM32U535CCT6, STM32U535CCT6Q, STM32U535CCU6, STM32U535CCU6Q, STM32U535CET6, STM32U535CET6Q, STM32U535CEU6, STM32U535CEU6Q, STM32U535JEY6QTR, STM32U535NCY6QTR, STM32U535NEY6QTR, STM32U535RBI6, STM32U535RBI6Q, STM32U535RBT6, STM32U535RBT6Q, STM32U535RCI6, STM32U535RCI6Q, STM32U535RCT6, STM32U535RCT6Q, STM32U535REI6, STM32U535REI6Q, STM32U535RET6, STM32U535RET6Q, STM32U535VCI6, STM32U535VCI6Q, STM32U535VCT6, STM32U535VCT6Q, STM32U535VEI6, STM32U535VEI6Q, STM32U535VET6, STM32U535VET6Q, STM32U545CET6, STM32U545CET6Q, STM32U545CEU6, STM32U545CEU6Q, STM32U545JEY6QTR, STM32U545NEY6QTR, STM32U545REI6, STM32U545REI6Q, STM32U545RET6, STM32U545RET6Q, STM32U545VEI6, STM32U545VEI6Q, STM32U545VET6, STM32U545VET6Q, STM32U595AIH6, STM32U595AIH6Q, STM32U595AJH6, STM32U595AJH6Q, STM32U595QII6, STM32U595QII6Q, STM32U595QJI6, STM32U595QJI6Q, STM32U595RIT6, STM32U595RIT6Q, STM32U595RJT6, STM32U595RJT6Q, STM32U595VIT6, STM32U595VIT6Q, STM32U595VJT6, STM32U595VJT6Q, STM32U595ZIT6, STM32U595ZIT6Q, STM32U595ZIY6QTR, STM32U595ZJT6, STM32U595ZJT6Q, STM32U595ZJY6QTR, STM32U599BJY6QTR, STM32U599NIH6Q, STM32U599NJH6Q, STM32U599VIT6Q, STM32U599VJT6, STM32U599VJT6Q, STM32U599ZIT6Q, STM32U599ZIY6QTR, STM32U599ZJT6Q, STM32U599ZJY6QTR, STM32U5A5AJH6, STM32U5A5AJH6Q, STM32U5A5QJI6, STM32U5A5QJI6Q, STM32U5A5RJT6, STM32U5A5RJT6Q, STM32U5A5VJT6, STM32U5A5VJT6Q, STM32U5A5ZJT6, STM32U5A5ZJT6Q, STM32U5A5ZJY6QTR, STM32U5A9BJY6QTR, STM32U5A9J-DK, STM32U5A9NJH6Q, STM32U5A9VJT6Q, STM32U5A9ZJT6Q, STM32U5A9ZJY6QTR, STM32U5F7VIT6, STM32U5F7VIT6Q, STM32U5F7VJT6, STM32U5F7VJT6Q, STM32U5F9BJY6QTR, STM32U5F9NJH6Q, STM32U5F9VIT6Q, STM32U5F9VJT6Q, STM32U5F9ZIJ6QTR, STM32U5F9ZIT6Q, STM32U5F9ZJJ6QTR, STM32U5F9ZJT6Q, STM32U5G7VJT6, STM32U5G7VJT6Q, STM32U5G9BJY6QTR, STM32U5G9J-DK1, STM32U5G9J-DK2, STM32U5G9NJH6Q, STM32U5G9VJT6Q, STM32U5G9ZJJ6QTR, STM32U5G9ZJT6Q, STM32WB1MMCH6, STM32WBA50KEU6, STM32WBA50KEU6TR, STM32WBA50KGU6, STM32WBA50KGU6TR, STM32WBA52CEU6, STM32WBA52CEU6TR, STM32WBA52CEU7, STM32WBA52CEU7TR, STM32WBA52CGU6, STM32WBA52CGU6TR, STM32WBA52CGU6U, STM32WBA52CGU7, STM32WBA52CGU7TR, STM32WBA52KEU6, STM32WBA52KEU6TR, STM32WBA52KGU6, STM32WBA52KGU6TR, STM32WBA54CEU6, STM32WBA54CEU6TR, STM32WBA54CEU7, STM32WBA54CEU7TR, STM32WBA54CGU6, STM32WBA54CGU6TR, STM32WBA54CGU7, STM32WBA54CGU7TR, STM32WBA54KEU6, STM32WBA54KEU6TR, STM32WBA54KEU7, STM32WBA54KEU7TR, STM32WBA54KGU6, STM32WBA54KGU6TR, STM32WBA54KGU7, STM32WBA54KGU7TR, STM32WBA55CEU6, STM32WBA55CEU6TR, STM32WBA55CEU7, STM32WBA55CEU7TR, STM32WBA55CGU6, STM32WBA55CGU6TR, STM32WBA55CGU6U, STM32WBA55CGU7, STM32WBA55CGU7TR, STM32WBA55G-DK1, STM32WBA55HEF6, STM32WBA55HEF7, STM32WBA55HGF6, STM32WBA55HGF7, STM32WBA55UEI6, STM32WBA55UEI6TR, STM32WBA55UEI7, STM32WBA55UEI7TR, STM32WBA55UGI6, STM32WBA55UGI6TR, STM32WBA55UGI7, STM32WBA55UGI7TR, STM32WL5MOCH6, STM32WL5MOCH6TR]
2023-12-25 18:29:36,333 [INFO] DbMcus:218 - Found 3930 MCUs, 3930 are supported
2023-12-25 18:29:36,335 [INFO] ApiDb:423 - Load user favorites file /Users/mariestahaab/.stm32cubeide/favorites.mcus.txt: 0 item(s)
2023-12-25 18:29:36,335 [INFO] ApiDb:427 - User favorites MCUs=[]
2023-12-25 18:29:36,335 [INFO] DbMcus:224 - Set 0 / 0 favorites MCUs
2023-12-25 18:29:36,522 [INFO] ApiDb:668 - CubeFinder database Data Model version=2.1
2023-12-25 18:29:36,522 [INFO] ApiDb:669 - CubeFinder database Configuration version=3.0.39
2023-12-25 18:29:36,522 [INFO] ApiDb:670 - CubeFinder database generation date=2023-12-08 (1702028721)
2023-12-25 18:29:36,522 [INFO] ApiDb:671 - CubeFinder database FW Pack versions=[FP-ATR-ASTRA1_V2.0.0, FP-SNS-FLIGHT1_V5.0.1, FP-SNS-FLIGHT1_V5.0.2, FP-SNS-MOTENV1_V4.3.1, FP-SNS-MOTENV1_V4.3.2, FP-SNS-MOTENVWB1_V1.3.1, FP-SNS-SMARTAG2_V1.2.0, STM32Cube_FW_C0_V1.1.0, STM32Cube_FW_F4_V1.28.0, STM32Cube_FW_F7_V1.17.0, STM32Cube_FW_G0_V1.6.1, STM32Cube_FW_G4_V1.5.1, STM32Cube_FW_H5_V0.5.1, STM32Cube_FW_H5_V1.1.1, STM32Cube_FW_H5_V1.2.0RC2, STM32Cube_FW_H7_V1.11.0, STM32Cube_FW_L0_V1.12.2, STM32Cube_FW_L5_V1.5.0, STM32Cube_FW_U5_V1.3.0RC4, STM32Cube_FW_U5_V1.4.0, STM32Cube_FW_WBA_V1.0.0RC1, STM32Cube_FW_WBA_V1.1.0RC1, STM32Cube_FW_WBA_V1.2.0, STM32Cube_FW_WBA_V1.2.0RC2, STM32Cube_FW_WB_V1.15.0RC1, STM32Cube_FW_WB_V1.16.0, STM32Cube_FW_WB_V1.16.0RC2, STM32Cube_FW_WB_V1.18.0, STM32Cube_FW_WL_V1.3.0, X-CUBE-ALGOBUILD_V1.3.0, X-CUBE-ALS_V1.0.1, X-CUBE-AZRTOS-F4_V1.1.0, X-CUBE-AZRTOS-F7_V1.1.0, X-CUBE-AZRTOS-G0_V1.1.0, X-CUBE-AZRTOS-G4_V2.0.0, X-CUBE-AZRTOS-H7_V3.1.0, X-CUBE-AZRTOS-L4_V1.0.0, X-CUBE-AZRTOS-L4_V2.0.0, X-CUBE-AZRTOS-L5_V1.1.0, X-CUBE-AZRTOS-WB_V2.0.0, X-CUBE-AZRTOS-WL_V2.0.0, X-CUBE-BLE1_V7.0.0, X-CUBE-BLE2_V3.3.0, X-CUBE-BLEMGR_V3.0.0, X-CUBE-EEPRMA1_V4.1.0, X-CUBE-EEPRMA1_V4.2.0, X-CUBE-FREERTOS_V1.1.0, X-CUBE-GNSS1_V6.0.0, X-CUBE-MEMS1_V10.0.0, X-CUBE-MEMS1_V9.1.0, X-CUBE-MEMS1_V9.4.0, X-CUBE-MEMS1_V9.6.0, X-CUBE-NFC4_V3.0.0, X-CUBE-NFC7_V1.0.1, X-CUBE-SFXS2LP1_V4.0.0, X-CUBE-SUBG2_V5.0.0, X-CUBE-TOF1_V3.4.0]
2023-12-25 18:29:36,564 [INFO] DbBoardsSqlite:226 - include board P-NUCLEO-WB55-NUCLEO as a kit item of type 'Nucleo-64'
2023-12-25 18:29:36,564 [INFO] DbBoardsSqlite:226 - include board P-NUCLEO-WB55-USBDONGLE as a kit item of type 'Nucleo USB Dongle'
2023-12-25 18:29:36,565 [INFO] DbBoardsSqlite:226 - include board STEVAL-IDP005V1 as a kit item of type 'Evaluation Board'
2023-12-25 18:29:36,565 [INFO] DbBoardsSqlite:226 - include board STEVAL-IDP005V2 as a kit item of type 'Evaluation Board'
2023-12-25 18:29:36,590 [INFO] ApiDb:240 - Found 371 in-development CPN: [B-G473E-ZEST1S, B-WB1M-WPAN1, B-WL5M-SUBG1, NUCLEO-C031C6, NUCLEO-H503RB, NUCLEO-H563ZI, NUCLEO-U545RE-Q, NUCLEO-U5A5ZJ-Q, NUCLEO-WBA52CG, NUCLEO-WBA55CG, STEVAL-MKBOXPRO, STEVAL-PROTEUS1, STEVAL-STWINBX1, STM320518-EVAL, STM32C0116-DK, STM32C011D6Y3TR, STM32C011D6Y6TR, STM32C011F4P3, STM32C011F4P6, STM32C011F4U3, STM32C011F4U6TR, STM32C011F6P3, STM32C011F6P6, STM32C011F6U3, STM32C011F6U6TR, STM32C011J4M3, STM32C011J4M6, STM32C011J6M3, STM32C011J6M6, STM32C0316-DK, STM32C031C4T3, STM32C031C4T6, STM32C031C4U3, STM32C031C4U6, STM32C031C6T3, STM32C031C6T6, STM32C031C6U3, STM32C031C6U6, STM32C031F4P3, STM32C031F4P6, STM32C031F6P3, STM32C031F6P6, STM32C031G4U3, STM32C031G4U6, STM32C031G6U3, STM32C031G6U6, STM32C031K4T3, STM32C031K4T6, STM32C031K4U3, STM32C031K4U6, STM32C031K6T3, STM32C031K6T6, STM32C031K6U3, STM32C031K6U6, STM32G071K8TXN, STM32G071K8UXN, STM32G081GBU6N, STM32G081KBT6N, STM32G081KBUXN, STM32G0B1CCT6N, STM32G0B1KCT6, STM32G0B1NEY6TR, STM32G0B1RCT6N, STM32G0C1CCT6, STM32G0C1CCT6N, STM32G0C1CCU6N, STM32G0C1CET6N, STM32G0C1CEU6N, STM32G0C1KCT6, STM32G0C1NEY6TR, STM32G0C1RCI6N, STM32G0C1RCT6N, STM32G0C1REI6N, STM32G0C1RET6N, STM32G0C1VCI6, STM32G0C1VEI6, STM32G471CCT6, STM32G471CCU6, STM32G471CET3, STM32G471CET6, STM32G471CEU3, STM32G471CEU6, STM32G471MCT6, STM32G471MET3, STM32G471MET6, STM32G471MEY6TR, STM32G471QCT6, STM32G471QET3, STM32G471RCT6, STM32G471RET3, STM32G471RET6, STM32G471VCH6, STM32G471VCI6, STM32G471VCT6, STM32G471VEH3, STM32G471VEH6, STM32G471VEI3, STM32G471VEI6, STM32G471VET3, STM32G471VET6, STM32G474CCT6, STM32H503CBT6, STM32H503CBU6, STM32H503EBY6TR, STM32H503KBU6, STM32H503RBT6, STM32H562AGI6, STM32H562AII6, STM32H562IGK6, STM32H562IGT6, STM32H562IIK6, STM32H562IIT6, STM32H562RGT6, STM32H562RGV6, STM32H562RIT6, STM32H562RIV6, STM32H562VGT6, STM32H562VIT6, STM32H562ZGT6, STM32H562ZIT6, STM32H563AGI6, STM32H563AII3Q, STM32H563AII6, STM32H563IGK6, STM32H563IGT6, STM32H563IIK3Q, STM32H563IIK6, STM32H563IIT3Q, STM32H563IIT6, STM32H563MIY3QTR, STM32H563RGT6, STM32H563RGV6, STM32H563RIT6, STM32H563RIV6, STM32H563VGT6, STM32H563VIT3Q, STM32H563VIT6, STM32H563ZGT6, STM32H563ZIT3Q, STM32H563ZIT6, STM32H573AII3Q, STM32H573AII6, STM32H573I-DK, STM32H573IIK3Q, STM32H573IIK6, STM32H573IIT3Q, STM32H573IIT6, STM32H573MIY3QTR, STM32H573RIT6, STM32H573RIV6, STM32H573VIT3Q, STM32H573VIT6, STM32H573ZIT3Q, STM32H573ZIT6, STM32L4R5QGI6STR, STM32MP131AAE3, STM32MP131AAF3, STM32MP131AAG3, STM32MP131CAE3, STM32MP131CAF3, STM32MP131CAG3, STM32MP131DAE7, STM32MP131DAF7, STM32MP131DAG7, STM32MP131FAE7, STM32MP131FAF7, STM32MP131FAG7, STM32MP133AAE3, STM32MP133AAF3, STM32MP133AAG3, STM32MP133CAE3, STM32MP133CAF3, STM32MP133CAG3, STM32MP133DAE7, STM32MP133DAF7, STM32MP133DAG7, STM32MP133FAE7, STM32MP133FAF7, STM32MP133FAG7, STM32MP135AAE3, STM32MP135AAF3, STM32MP135AAG3, STM32MP135CAE3, STM32MP135CAF3, STM32MP135CAG3, STM32MP135DAE7, STM32MP135DAF7, STM32MP135DAG7, STM32MP135F-DK, STM32MP135FAE7, STM32MP135FAF7, STM32MP135FAF7T, STM32MP135FAF7U, STM32MP135FAG7, STM32U535CBT6, STM32U535CBT6Q, STM32U535CBU6, STM32U535CBU6Q, STM32U535CCT6, STM32U535CCT6Q, STM32U535CCU6, STM32U535CCU6Q, STM32U535CET6, STM32U535CET6Q, STM32U535CEU6, STM32U535CEU6Q, STM32U535JEY6QTR, STM32U535NCY6QTR, STM32U535NEY6QTR, STM32U535RBI6, STM32U535RBI6Q, STM32U535RBT6, STM32U535RBT6Q, STM32U535RCI6, STM32U535RCI6Q, STM32U535RCT6, STM32U535RCT6Q, STM32U535REI6, STM32U535REI6Q, STM32U535RET6, STM32U535RET6Q, STM32U535VCI6, STM32U535VCI6Q, STM32U535VCT6, STM32U535VCT6Q, STM32U535VEI6, STM32U535VEI6Q, STM32U535VET6, STM32U535VET6Q, STM32U545CET6, STM32U545CET6Q, STM32U545CEU6, STM32U545CEU6Q, STM32U545JEY6QTR, STM32U545NEY6QTR, STM32U545REI6, STM32U545REI6Q, STM32U545RET6, STM32U545RET6Q, STM32U545VEI6, STM32U545VEI6Q, STM32U545VET6, STM32U545VET6Q, STM32U595AIH6, STM32U595AIH6Q, STM32U595AJH6, STM32U595AJH6Q, STM32U595QII6, STM32U595QII6Q, STM32U595QJI6, STM32U595QJI6Q, STM32U595RIT6, STM32U595RIT6Q, STM32U595RJT6, STM32U595RJT6Q, STM32U595VIT6, STM32U595VIT6Q, STM32U595VJT6, STM32U595VJT6Q, STM32U595ZIT6, STM32U595ZIT6Q, STM32U595ZIY6QTR, STM32U595ZJT6, STM32U595ZJT6Q, STM32U595ZJY6QTR, STM32U599BJY6QTR, STM32U599NIH6Q, STM32U599NJH6Q, STM32U599VIT6Q, STM32U599VJT6, STM32U599VJT6Q, STM32U599ZIT6Q, STM32U599ZIY6QTR, STM32U599ZJT6Q, STM32U599ZJY6QTR, STM32U5A5AJH6, STM32U5A5AJH6Q, STM32U5A5QJI6, STM32U5A5QJI6Q, STM32U5A5RJT6, STM32U5A5RJT6Q, STM32U5A5VJT6, STM32U5A5VJT6Q, STM32U5A5ZJT6, STM32U5A5ZJT6Q, STM32U5A5ZJY6QTR, STM32U5A9BJY6QTR, STM32U5A9J-DK, STM32U5A9NJH6Q, STM32U5A9VJT6Q, STM32U5A9ZJT6Q, STM32U5A9ZJY6QTR, STM32U5F7VIT6, STM32U5F7VIT6Q, STM32U5F7VJT6, STM32U5F7VJT6Q, STM32U5F9BJY6QTR, STM32U5F9NJH6Q, STM32U5F9VIT6Q, STM32U5F9VJT6Q, STM32U5F9ZIJ6QTR, STM32U5F9ZIT6Q, STM32U5F9ZJJ6QTR, STM32U5F9ZJT6Q, STM32U5G7VJT6, STM32U5G7VJT6Q, STM32U5G9BJY6QTR, STM32U5G9J-DK1, STM32U5G9J-DK2, STM32U5G9NJH6Q, STM32U5G9VJT6Q, STM32U5G9ZJJ6QTR, STM32U5G9ZJT6Q, STM32WB1MMCH6, STM32WBA50KEU6, STM32WBA50KEU6TR, STM32WBA50KGU6, STM32WBA50KGU6TR, STM32WBA52CEU6, STM32WBA52CEU6TR, STM32WBA52CEU7, STM32WBA52CEU7TR, STM32WBA52CGU6, STM32WBA52CGU6TR, STM32WBA52CGU6U, STM32WBA52CGU7, STM32WBA52CGU7TR, STM32WBA52KEU6, STM32WBA52KEU6TR, STM32WBA52KGU6, STM32WBA52KGU6TR, STM32WBA54CEU6, STM32WBA54CEU6TR, STM32WBA54CEU7, STM32WBA54CEU7TR, STM32WBA54CGU6, STM32WBA54CGU6TR, STM32WBA54CGU7, STM32WBA54CGU7TR, STM32WBA54KEU6, STM32WBA54KEU6TR, STM32WBA54KEU7, STM32WBA54KEU7TR, STM32WBA54KGU6, STM32WBA54KGU6TR, STM32WBA54KGU7, STM32WBA54KGU7TR, STM32WBA55CEU6, STM32WBA55CEU6TR, STM32WBA55CEU7, STM32WBA55CEU7TR, STM32WBA55CGU6, STM32WBA55CGU6TR, STM32WBA55CGU6U, STM32WBA55CGU7, STM32WBA55CGU7TR, STM32WBA55G-DK1, STM32WBA55HEF6, STM32WBA55HEF7, STM32WBA55HGF6, STM32WBA55HGF7, STM32WBA55UEI6, STM32WBA55UEI6TR, STM32WBA55UEI7, STM32WBA55UEI7TR, STM32WBA55UGI6, STM32WBA55UGI6TR, STM32WBA55UGI7, STM32WBA55UGI7TR, STM32WL5MOCH6, STM32WL5MOCH6TR]
2023-12-25 18:29:36,693 [INFO] BoardInfo:889 - No configuration file found for board P-NUCLEO-WB55
2023-12-25 18:29:36,694 [INFO] DbBoards:161 - Kit is not supported: P-NUCLEO-WB55
2023-12-25 18:29:36,698 [INFO] BoardInfo:889 - No configuration file found for board STEVAL-BFA001V1B
2023-12-25 18:29:36,698 [INFO] DbBoards:161 - Kit is not supported: STEVAL-BFA001V1B
2023-12-25 18:29:36,699 [INFO] BoardInfo:889 - No configuration file found for board STEVAL-BFA001V2B
2023-12-25 18:29:36,699 [INFO] DbBoards:161 - Kit is not supported: STEVAL-BFA001V2B
2023-12-25 18:29:36,814 [INFO] DbBoards:168 - Found 193 boards, 190 are supported
2023-12-25 18:29:36,814 [INFO] DbBoards:169 - Found 193 boards, 3 of them is supported for  Bsp
2023-12-25 18:29:36,818 [INFO] ApiDb:423 - Load user favorites file /Users/mariestahaab/.stm32cubeide/favorites.boards.txt: 1 item(s)
2023-12-25 18:29:36,818 [INFO] ApiDb:427 - User favorites Boards=[STM32F407G-DISC1]
2023-12-25 18:29:36,818 [INFO] DbBoards:198 - Set 1 / 1 favorites Boards
2023-12-25 18:29:36,821 [INFO] ApiDb:668 - CubeFinder database Data Model version=2.1
2023-12-25 18:29:36,821 [INFO] ApiDb:669 - CubeFinder database Configuration version=3.0.39
2023-12-25 18:29:36,821 [INFO] ApiDb:670 - CubeFinder database generation date=2023-12-08 (1702028721)
2023-12-25 18:29:36,821 [INFO] ApiDb:671 - CubeFinder database FW Pack versions=[FP-ATR-ASTRA1_V2.0.0, FP-SNS-FLIGHT1_V5.0.1, FP-SNS-FLIGHT1_V5.0.2, FP-SNS-MOTENV1_V4.3.1, FP-SNS-MOTENV1_V4.3.2, FP-SNS-MOTENVWB1_V1.3.1, FP-SNS-SMARTAG2_V1.2.0, STM32Cube_FW_C0_V1.1.0, STM32Cube_FW_F4_V1.28.0, STM32Cube_FW_F7_V1.17.0, STM32Cube_FW_G0_V1.6.1, STM32Cube_FW_G4_V1.5.1, STM32Cube_FW_H5_V0.5.1, STM32Cube_FW_H5_V1.1.1, STM32Cube_FW_H5_V1.2.0RC2, STM32Cube_FW_H7_V1.11.0, STM32Cube_FW_L0_V1.12.2, STM32Cube_FW_L5_V1.5.0, STM32Cube_FW_U5_V1.3.0RC4, STM32Cube_FW_U5_V1.4.0, STM32Cube_FW_WBA_V1.0.0RC1, STM32Cube_FW_WBA_V1.1.0RC1, STM32Cube_FW_WBA_V1.2.0, STM32Cube_FW_WBA_V1.2.0RC2, STM32Cube_FW_WB_V1.15.0RC1, STM32Cube_FW_WB_V1.16.0, STM32Cube_FW_WB_V1.16.0RC2, STM32Cube_FW_WB_V1.18.0, STM32Cube_FW_WL_V1.3.0, X-CUBE-ALGOBUILD_V1.3.0, X-CUBE-ALS_V1.0.1, X-CUBE-AZRTOS-F4_V1.1.0, X-CUBE-AZRTOS-F7_V1.1.0, X-CUBE-AZRTOS-G0_V1.1.0, X-CUBE-AZRTOS-G4_V2.0.0, X-CUBE-AZRTOS-H7_V3.1.0, X-CUBE-AZRTOS-L4_V1.0.0, X-CUBE-AZRTOS-L4_V2.0.0, X-CUBE-AZRTOS-L5_V1.1.0, X-CUBE-AZRTOS-WB_V2.0.0, X-CUBE-AZRTOS-WL_V2.0.0, X-CUBE-BLE1_V7.0.0, X-CUBE-BLE2_V3.3.0, X-CUBE-BLEMGR_V3.0.0, X-CUBE-EEPRMA1_V4.1.0, X-CUBE-EEPRMA1_V4.2.0, X-CUBE-FREERTOS_V1.1.0, X-CUBE-GNSS1_V6.0.0, X-CUBE-MEMS1_V10.0.0, X-CUBE-MEMS1_V9.1.0, X-CUBE-MEMS1_V9.4.0, X-CUBE-MEMS1_V9.6.0, X-CUBE-NFC4_V3.0.0, X-CUBE-NFC7_V1.0.1, X-CUBE-SFXS2LP1_V4.0.0, X-CUBE-SUBG2_V5.0.0, X-CUBE-TOF1_V3.4.0]
2023-12-25 18:29:37,764 [ERROR] DbExamplesSqlite:437 - Missing JSON key: board_cpn
2023-12-25 18:29:37,768 [ERROR] DbExamplesSqlite:437 - Missing JSON key: board_cpn
2023-12-25 18:29:37,768 [ERROR] DbExamplesSqlite:437 - Missing JSON key: board_cpn
2023-12-25 18:29:37,768 [ERROR] DbExamplesSqlite:437 - Missing JSON key: board_cpn
2023-12-25 18:29:37,816 [INFO] DbExamplesSqlite:395 - Ignored 55 examples not supported by CubeIDE
2023-12-25 18:29:37,817 [INFO] DbExamplesSqlite:396 - Found 7560 examples active
2023-12-25 18:29:37,818 [INFO] DbExamplesSqlite:397 - Found 844 examples obsolete
2023-12-25 18:29:37,818 [INFO] DbExamplesSqlite:398 - Found 0 examples under development
2023-12-25 18:29:37,818 [INFO] DbExamplesSqlite:399 - Found 8 examples not building
2023-12-25 18:29:37,823 [INFO] DbExamples:125 - Found 7513 examples
2023-12-25 18:29:37,847 [INFO] DbExamples:222 - Found 95 boards with related examples
2023-12-25 18:29:37,848 [INFO] DbExamples:235 - Found 80 MCUs with related examples
2023-12-25 18:29:37,867 [INFO] ApiDb:414 - User favorites file not found: /Users/mariestahaab/.stm32cubeide/favorites.examples.txt
2023-12-25 18:29:37,868 [INFO] DbExamples:250 - Set 0 / 0 favorites Examples
2023-12-25 18:29:38,206 [INFO] McuFinderGlobals:76 - Set McuFinderConnectedMode to true
2023-12-25 18:29:38,218 [INFO] MultiScanPanel:200 - Auto-refresh data requested => check proxy status ongoing
2023-12-25 18:29:38,222 [INFO] FinderPluginLoader:95 - Searching for filters in installed packs
2023-12-25 18:29:39,987 [INFO] LoadUrlFilesThread:185 - End of LoadServerUrlFiles without Thread
2023-12-25 18:29:40,023 [INFO] DetailPanel:341 - Set advertising image to /Users/mariestahaab/STM32Cube/Repository//en.prom-stm32wl3-mcu-finder.jpg
2023-12-25 18:29:44,447 [INFO] MultiScanPanel:200 - Auto-refresh data requested => check proxy status ongoing
2023-12-25 18:29:44,673 [INFO] LoadUrlFilesThread:185 - End of LoadServerUrlFiles without Thread
2023-12-25 18:29:44,674 [INFO] DetailPanel:341 - Set advertising image to /Users/mariestahaab/STM32Cube/Repository//en.prom-stm32wl3-mcu-finder.jpg
2023-12-25 18:29:44,716 [INFO] DbBoards:642 - Loading board mini-images...
2023-12-25 18:29:45,575 [ERROR] DbBoards:659 - Image file not found for board NUCLEO-WBA55CG: /Users/mariestahaab/.stmcufinder/plugins/mcufinder//mcu//boards_images/NUCLEO-WBA55CG.jpg
2023-12-25 18:29:46,494 [ERROR] DbBoards:659 - Image file not found for board STM32WBA55G-DK1: /Users/mariestahaab/.stmcufinder/plugins/mcufinder//mcu//boards_images/STM32WBA55G-DK1.jpg
2023-12-25 18:29:46,494 [INFO] DbBoards:665 - Loaded 191 board mini-images
2023-12-25 18:30:15,120 [INFO] McuFinderGlobals:76 - Set McuFinderConnectedMode to true
2023-12-25 18:30:15,158 [INFO] ApiDb:448 - Save user favorites file /Users/mariestahaab/.stm32cubeide/favorites.mcus.txt: 0 item(s)
2023-12-25 18:30:15,159 [INFO] ApiDb:452 - User favorites MCUs=[]
2023-12-25 18:30:15,173 [INFO] ApiDb:448 - Save user favorites file /Users/mariestahaab/.stm32cubeide/favorites.boards.txt: 1 item(s)
2023-12-25 18:30:15,173 [INFO] ApiDb:452 - User favorites Boards=[STM32F407G-DISC1]
2023-12-25 19:27:18,162 [INFO] LogOutputStream:77 - [STDOUT_REDIRECT] StartTraceHandler.execute(), success : Collect=true
