2024-02-05 19:19:22,185 [INFO] Activator:176 - 


2024-02-05 19:19:22,192 [INFO] Activator:177 - !SESSION log4j initialized
2024-02-05 19:19:27,605 [ERROR] LogOutputStream:75 - [STDERR_REDIRECT] 
2024-02-05 19:19:28,861 [INFO] LogOutputStream:77 - [STDOUT_REDIRECT] 
2024-02-05 19:19:30,237 [INFO] LogOutputStream:77 - [STDOUT_REDIRECT] 
2024-02-05 19:19:31,405 [INFO] ApplicationProperties:184 - Using Application install path: /Applications/STM32CubeIDE.app/Contents/Eclipse/plugins/com.st.stm32cube.common.mx_6.10.0.202311202037
2024-02-05 19:19:31,422 [INFO] DbMcusXml:78 - Set database path to: /Applications/STM32CubeIDE.app/Contents/Eclipse/plugins/com.st.stm32cube.common.mx_6.10.0.202311202037//db//mcu/
2024-02-05 19:19:31,423 [INFO] ApiDb:274 - Set plugin database path to: /Applications/STM32CubeIDE.app/Contents/Eclipse/plugins/com.st.stm32cube.common.mx_6.10.0.202311202037//db//plugins/boardmanager/
2024-02-05 19:19:31,424 [WARN] ApiDb:259 - Overriding images path with different value:  => /Applications/STM32CubeIDE.app/Contents/Eclipse/plugins/com.st.stm32cube.common.mx_6.10.0.202311202037//db//plugins/mcufinder/images/
2024-02-05 19:19:31,432 [INFO] ApiDb:250 - Set database path to: /Users/mariestahaab/.stmcufinder/plugins/mcufinder//mcu/
2024-02-05 19:19:31,432 [INFO] DbMcusAds:125 - Set database path to: /Users/mariestahaab/.stmcufinder/plugins/mcufinder//mcu/
2024-02-05 19:19:31,434 [INFO] CrossReferenceDbSqlite:203 - Set database path to: /Users/mariestahaab/.stmcufinder/plugins/mcufinder//mcu/cs/
2024-02-05 19:19:31,552 [INFO] RulesReader:64 - Compatibility file has been processed (297 Rules)
2024-02-05 19:19:31,617 [INFO] DbMcusXml:78 - Set database path to: /Applications/STM32CubeIDE.app/Contents/Eclipse/plugins/com.st.stm32cube.common.mx_6.10.0.202311202037//db//mcu/
2024-02-05 19:19:31,617 [INFO] ApiDb:274 - Set plugin database path to: /Applications/STM32CubeIDE.app/Contents/Eclipse/plugins/com.st.stm32cube.common.mx_6.10.0.202311202037//db//plugins/boardmanager/
2024-02-05 19:19:31,618 [INFO] ApiDb:261 - Set plugin images path to: /Applications/STM32CubeIDE.app/Contents/Eclipse/plugins/com.st.stm32cube.common.mx_6.10.0.202311202037//db//plugins/mcufinder/images/
2024-02-05 19:19:31,618 [WARN] DbFile:41 - Overriding database path with different value: /Users/mariestahaab/.stmcufinder/plugins/mcufinder/ => /Users/mariestahaab/.stmcufinder/plugins/mcufinder
2024-02-05 19:19:31,618 [INFO] ApiDb:250 - Set database path to: /Users/mariestahaab/.stmcufinder/plugins/mcufinder//mcu/
2024-02-05 19:19:31,619 [WARN] DbFile:41 - Overriding database path with different value: /Users/mariestahaab/.stmcufinder/plugins/mcufinder/ => /Users/mariestahaab/.stmcufinder/plugins/mcufinder
2024-02-05 19:19:31,619 [INFO] DbMcusAds:125 - Set database path to: /Users/mariestahaab/.stmcufinder/plugins/mcufinder//mcu/
2024-02-05 19:19:31,619 [WARN] DbFile:41 - Overriding database path with different value: /Users/mariestahaab/.stmcufinder/plugins/mcufinder/ => /Users/mariestahaab/.stmcufinder/plugins/mcufinder
2024-02-05 19:19:31,619 [WARN] DbFile:41 - Overriding database path with different value: /Users/mariestahaab/.stmcufinder/plugins/mcufinder/ => /Users/mariestahaab/.stmcufinder/plugins/mcufinder
2024-02-05 19:19:31,619 [INFO] CrossReferenceDbSqlite:203 - Set database path to: /Users/mariestahaab/.stmcufinder/plugins/mcufinder//mcu/cs/
2024-02-05 19:19:31,696 [INFO] MainPanel:264 - HeapMemory: 268435456
2024-02-05 19:19:31,774 [INFO] DbMcusXml:78 - Set database path to: /Applications/STM32CubeIDE.app/Contents/Eclipse/plugins/com.st.stm32cube.common.mx_6.10.0.202311202037//db//mcu/
2024-02-05 19:19:31,774 [INFO] ApiDb:274 - Set plugin database path to: /Applications/STM32CubeIDE.app/Contents/Eclipse/plugins/com.st.stm32cube.common.mx_6.10.0.202311202037//db//plugins/boardmanager/
2024-02-05 19:19:31,774 [INFO] ApiDb:261 - Set plugin images path to: /Applications/STM32CubeIDE.app/Contents/Eclipse/plugins/com.st.stm32cube.common.mx_6.10.0.202311202037//db//plugins/mcufinder/images/
2024-02-05 19:19:31,774 [WARN] DbFile:41 - Overriding database path with different value: /Users/mariestahaab/.stmcufinder/plugins/mcufinder/ => /Users/mariestahaab/.stmcufinder/plugins/mcufinder
2024-02-05 19:19:31,775 [INFO] ApiDb:250 - Set database path to: /Users/mariestahaab/.stmcufinder/plugins/mcufinder//mcu/
2024-02-05 19:19:31,775 [WARN] DbFile:41 - Overriding database path with different value: /Users/mariestahaab/.stmcufinder/plugins/mcufinder/ => /Users/mariestahaab/.stmcufinder/plugins/mcufinder
2024-02-05 19:19:31,775 [INFO] DbMcusAds:125 - Set database path to: /Users/mariestahaab/.stmcufinder/plugins/mcufinder//mcu/
2024-02-05 19:19:31,775 [WARN] DbFile:41 - Overriding database path with different value: /Users/mariestahaab/.stmcufinder/plugins/mcufinder/ => /Users/mariestahaab/.stmcufinder/plugins/mcufinder
2024-02-05 19:19:31,775 [WARN] DbFile:41 - Overriding database path with different value: /Users/mariestahaab/.stmcufinder/plugins/mcufinder/ => /Users/mariestahaab/.stmcufinder/plugins/mcufinder
2024-02-05 19:19:31,775 [INFO] CrossReferenceDbSqlite:203 - Set database path to: /Users/mariestahaab/.stmcufinder/plugins/mcufinder//mcu/cs/
2024-02-05 19:19:31,794 [INFO] ApplicationProperties:184 - Using Application install path: /Applications/STM32CubeIDE.app/Contents/Eclipse/plugins/com.st.stm32cube.common.mx_6.10.0.202311202037
2024-02-05 19:19:31,795 [INFO] PluginManage:196 - Search for loadable plugins [exclusion list=, ]
2024-02-05 19:19:31,796 [INFO] PluginManage:310 - Check plugin analytics
2024-02-05 19:19:32,008 [INFO] AnalyticsPlugin:253 - Accepted Software Licenses: 
2024-02-05 19:19:32,008 [INFO] AnalyticsPlugin:255 - Accepted CMSIS Pack Licenses: 
2024-02-05 19:19:32,008 [INFO] AnalyticsPlugin:257 - Accepted Firmware Licenses: FW.F4.1.27.0
2024-02-05 19:19:32,017 [INFO] PluginManage:359 - Loaded plugin analytics (category:tool,tabindex:-1)
2024-02-05 19:19:32,018 [INFO] PluginManage:310 - Check plugin cadmodel
2024-02-05 19:19:32,626 [INFO] CADModel:105 - Init CAD model plugin
2024-02-05 19:19:32,627 [INFO] PluginManage:359 - Loaded plugin cadmodel (category:power,tabindex:5)
2024-02-05 19:19:32,627 [INFO] PluginManage:310 - Check plugin clock
2024-02-05 19:19:32,636 [INFO] PluginManage:359 - Loaded plugin clock (category:base,tabindex:2)
2024-02-05 19:19:32,636 [INFO] PluginManage:310 - Check plugin ddr
2024-02-05 19:19:32,637 [INFO] PluginManage:359 - Loaded plugin ddr (category:tool,tabindex:6)
2024-02-05 19:19:32,638 [INFO] PluginManage:310 - Check plugin filemanager
2024-02-05 19:19:32,779 [INFO] PluginManage:359 - Loaded plugin filemanager (category:base,tabindex:10)
2024-02-05 19:19:32,780 [INFO] PluginManage:310 - Check plugin ipmanager
2024-02-05 19:19:32,786 [INFO] PluginManage:359 - Loaded plugin ipmanager (category:base,tabindex:5)
2024-02-05 19:19:32,787 [INFO] PluginManage:310 - Check plugin lpbam
2024-02-05 19:19:32,796 [INFO] PluginManage:359 - Loaded plugin lpbam (category:base,tabindex:0)
2024-02-05 19:19:32,796 [INFO] PluginManage:310 - Check plugin memorymap
2024-02-05 19:19:32,805 [INFO] PluginManage:359 - Loaded plugin memorymap (category:base,tabindex:4)
2024-02-05 19:19:32,806 [INFO] PluginManage:310 - Check plugin pinoutandconfiguration
2024-02-05 19:19:32,812 [INFO] PluginManage:359 - Loaded plugin pinoutandconfiguration (category:base,tabindex:1)
2024-02-05 19:19:32,812 [INFO] PluginManage:310 - Check plugin pinoutconfig
2024-02-05 19:19:32,906 [WARN] SupportedApi:132 - Cannot load RTOS API schema: s4s-elt-must-match.1: The content of 'definitions' must match (annotation?, (simpleType | complexType)?, (unique | key | keyref)*)). A problem was found starting at: attribute.
2024-02-05 19:19:33,070 [INFO] PluginManage:359 - Loaded plugin pinoutconfig (category:base,tabindex:0)
2024-02-05 19:19:33,070 [INFO] PluginManage:310 - Check plugin power
2024-02-05 19:19:33,081 [INFO] PluginManage:359 - Loaded plugin power (category:power,tabindex:4)
2024-02-05 19:19:33,081 [INFO] PluginManage:310 - Check plugin projectmanager
2024-02-05 19:19:33,108 [INFO] PluginManage:359 - Loaded plugin projectmanager (category:projectmanager,tabindex:3)
2024-02-05 19:19:33,108 [INFO] PluginManage:310 - Check plugin thirdparty
2024-02-05 19:19:33,269 [INFO] PluginManage:359 - Loaded plugin thirdparty (category:base,tabindex:-1)
2024-02-05 19:19:33,269 [INFO] PluginManage:310 - Check plugin tools
2024-02-05 19:19:33,269 [WARN] IntegrityCheckThread:84 - waiting for thirdparty lock release [integrity check]
2024-02-05 19:19:33,272 [INFO] PluginManage:359 - Loaded plugin tools (category:base,tabindex:7)
2024-02-05 19:19:33,275 [INFO] IntegrityCheckThread:86 - entering critical section [integrity check]
2024-02-05 19:19:33,276 [INFO] PluginManage:310 - Check plugin tutovideos
2024-02-05 19:19:33,276 [INFO] ThirdPartyUpdaterWithRetryManager:70 - Updater plugin not ready yet. [1/15]
2024-02-05 19:19:33,436 [INFO] PluginManage:359 - Loaded plugin tutovideos (category:base,tabindex:-1)
2024-02-05 19:19:33,436 [INFO] PluginManage:310 - Check plugin updater
2024-02-05 19:19:33,450 [INFO] PluginManage:359 - Loaded plugin updater (category:base,tabindex:12)
2024-02-05 19:19:33,450 [INFO] PluginManage:310 - Check plugin userauth
2024-02-05 19:19:33,456 [INFO] UserAuth:114 - Init User Auth plugin
2024-02-05 19:19:33,456 [INFO] PluginManage:359 - Loaded plugin userauth (category:base,tabindex:14)
2024-02-05 19:19:33,457 [INFO] PluginManage:283 - PluginManage : Loaded plugins [17]
2024-02-05 19:19:33,771 [INFO] PinOutPanel:1499 - setPackage(No Configuration,No Configuration)
2024-02-05 19:19:33,847 [INFO] CADModel:165 - CPN selected for project level
2024-02-05 19:19:33,847 [INFO] CADModel:114 - Register for checkConnection events
2024-02-05 19:19:33,861 [INFO] IPUIPlugin:80 - create IPUIPlugin
2024-02-05 19:19:33,861 [INFO] PluginManager:220 - loadIPPluginJar : add mdma
2024-02-05 19:19:33,867 [INFO] IPUIPlugin:80 - create IPUIPlugin
2024-02-05 19:19:33,867 [INFO] PluginManager:220 - loadIPPluginJar : add freertos
2024-02-05 19:19:33,871 [INFO] IPUIPlugin:80 - create IPUIPlugin
2024-02-05 19:19:33,871 [INFO] PluginManager:220 - loadIPPluginJar : add gic
2024-02-05 19:19:33,877 [INFO] IPUIPlugin:80 - create IPUIPlugin
2024-02-05 19:19:33,877 [INFO] PluginManager:220 - loadIPPluginJar : add adc
2024-02-05 19:19:33,880 [INFO] IPUIPlugin:80 - create IPUIPlugin
2024-02-05 19:19:33,880 [INFO] PluginManager:220 - loadIPPluginJar : add gtzc
2024-02-05 19:19:33,881 [INFO] IPUIPlugin:80 - create IPUIPlugin
2024-02-05 19:19:33,881 [INFO] PluginManager:220 - loadIPPluginJar : add quadspi
2024-02-05 19:19:33,885 [INFO] IPUIPlugin:80 - create IPUIPlugin
2024-02-05 19:19:33,885 [INFO] PluginManager:220 - loadIPPluginJar : add aes
2024-02-05 19:19:33,887 [INFO] IPUIPlugin:80 - create IPUIPlugin
2024-02-05 19:19:33,887 [INFO] PluginManager:220 - loadIPPluginJar : add pdm2pcm
2024-02-05 19:19:33,889 [INFO] IPUIPlugin:80 - create IPUIPlugin
2024-02-05 19:19:33,889 [INFO] PluginManager:220 - loadIPPluginJar : add hash
2024-02-05 19:19:33,891 [INFO] IPUIPlugin:80 - create IPUIPlugin
2024-02-05 19:19:33,891 [INFO] PluginManager:220 - loadIPPluginJar : add tim
2024-02-05 19:19:33,892 [INFO] IPUIPlugin:80 - create IPUIPlugin
2024-02-05 19:19:33,892 [INFO] PluginManager:220 - loadIPPluginJar : add tsc
2024-02-05 19:19:33,893 [INFO] IPUIPlugin:80 - create IPUIPlugin
2024-02-05 19:19:33,893 [INFO] PluginManager:220 - loadIPPluginJar : add ts
2024-02-05 19:19:33,895 [INFO] IPUIPlugin:80 - create IPUIPlugin
2024-02-05 19:19:33,895 [INFO] PluginManager:220 - loadIPPluginJar : add can
2024-02-05 19:19:33,897 [INFO] IPUIPlugin:80 - create IPUIPlugin
2024-02-05 19:19:33,898 [INFO] PluginManager:220 - loadIPPluginJar : add dma3
2024-02-05 19:19:33,899 [INFO] IPUIPlugin:80 - create IPUIPlugin
2024-02-05 19:19:33,900 [INFO] PluginManager:220 - loadIPPluginJar : add dfsdm
2024-02-05 19:19:33,901 [INFO] IPUIPlugin:80 - create IPUIPlugin
2024-02-05 19:19:33,901 [INFO] PluginManager:220 - loadIPPluginJar : add spi
2024-02-05 19:19:33,902 [INFO] IPUIPlugin:80 - create IPUIPlugin
2024-02-05 19:19:33,902 [INFO] PluginManager:220 - loadIPPluginJar : add gfxmmu
2024-02-05 19:19:33,903 [INFO] IPUIPlugin:80 - create IPUIPlugin
2024-02-05 19:19:33,903 [INFO] PluginManager:220 - loadIPPluginJar : add genericplugin
2024-02-05 19:19:33,904 [INFO] IPUIPlugin:80 - create IPUIPlugin
2024-02-05 19:19:33,904 [INFO] PluginManager:220 - loadIPPluginJar : add cryp
2024-02-05 19:19:33,907 [INFO] IPUIPlugin:80 - create IPUIPlugin
2024-02-05 19:19:33,907 [INFO] PluginManager:220 - loadIPPluginJar : add gpio
2024-02-05 19:19:33,909 [INFO] IPUIPlugin:80 - create IPUIPlugin
2024-02-05 19:19:33,909 [INFO] PluginManager:220 - loadIPPluginJar : add comp
2024-02-05 19:19:33,911 [INFO] IPUIPlugin:80 - create IPUIPlugin
2024-02-05 19:19:33,911 [INFO] PluginManager:220 - loadIPPluginJar : add tracer_emb
2024-02-05 19:19:33,913 [INFO] IPUIPlugin:80 - create IPUIPlugin
2024-02-05 19:19:33,914 [INFO] PluginManager:220 - loadIPPluginJar : add openamp
2024-02-05 19:19:33,919 [INFO] IPUIPlugin:80 - create IPUIPlugin
2024-02-05 19:19:33,919 [INFO] PluginManager:220 - loadIPPluginJar : add stm32_wpan
2024-02-05 19:19:33,923 [INFO] IPUIPlugin:80 - create IPUIPlugin
2024-02-05 19:19:33,932 [INFO] PluginManager:220 - loadIPPluginJar : add plateformsettings
2024-02-05 19:19:33,936 [INFO] IPUIPlugin:80 - create IPUIPlugin
2024-02-05 19:19:33,937 [INFO] PluginManager:220 - loadIPPluginJar : add ipddr
2024-02-05 19:19:33,939 [INFO] IPUIPlugin:80 - create IPUIPlugin
2024-02-05 19:19:33,939 [INFO] PluginManager:220 - loadIPPluginJar : add usart
2024-02-05 19:19:33,941 [INFO] IPUIPlugin:80 - create IPUIPlugin
2024-02-05 19:19:33,941 [INFO] PluginManager:220 - loadIPPluginJar : add ltdc
2024-02-05 19:19:33,944 [INFO] IPUIPlugin:80 - create IPUIPlugin
2024-02-05 19:19:33,944 [INFO] PluginManager:220 - loadIPPluginJar : add nvic
2024-02-05 19:19:33,945 [INFO] IPUIPlugin:80 - create IPUIPlugin
2024-02-05 19:19:33,945 [INFO] PluginManager:220 - loadIPPluginJar : add fatfs
2024-02-05 19:19:33,949 [INFO] IPUIPlugin:80 - create IPUIPlugin
2024-02-05 19:19:33,950 [INFO] PluginManager:220 - loadIPPluginJar : add linkedlist
2024-02-05 19:19:33,954 [INFO] IPUIPlugin:80 - create IPUIPlugin
2024-02-05 19:19:33,954 [INFO] PluginManager:220 - loadIPPluginJar : add dma
2024-02-05 19:19:33,957 [INFO] IPUIPlugin:80 - create IPUIPlugin
2024-02-05 19:19:33,957 [INFO] PluginManager:220 - loadIPPluginJar : add fmc
2024-02-05 19:19:33,958 [INFO] IPUIPlugin:80 - create IPUIPlugin
2024-02-05 19:19:33,959 [INFO] PluginManager:220 - loadIPPluginJar : add i2s
2024-02-05 19:19:33,960 [INFO] IPUIPlugin:80 - create IPUIPlugin
2024-02-05 19:19:33,960 [INFO] PluginManager:220 - loadIPPluginJar : add ucpd
2024-02-05 19:19:33,961 [INFO] IPUIPlugin:80 - create IPUIPlugin
2024-02-05 19:19:33,961 [INFO] PluginManager:220 - loadIPPluginJar : add lorawan
2024-02-05 19:19:33,963 [INFO] IPUIPlugin:80 - create IPUIPlugin
2024-02-05 19:19:33,963 [INFO] PluginManager:220 - loadIPPluginJar : add opamp
2024-02-05 19:19:33,965 [INFO] IPUIPlugin:80 - create IPUIPlugin
2024-02-05 19:19:33,965 [INFO] PluginManager:220 - loadIPPluginJar : add i3c
2024-02-05 19:19:33,967 [INFO] IPUIPlugin:80 - create IPUIPlugin
2024-02-05 19:19:33,967 [INFO] PluginManager:220 - loadIPPluginJar : add touchsensing
2024-02-05 19:19:33,968 [INFO] IPUIPlugin:80 - create IPUIPlugin
2024-02-05 19:19:33,968 [INFO] PluginManager:220 - loadIPPluginJar : add i2c
2024-02-05 19:19:33,972 [INFO] IPUIPlugin:80 - create IPUIPlugin
2024-02-05 19:19:33,973 [INFO] PluginManager:220 - loadIPPluginJar : add resmgrutility
2024-02-05 19:19:33,975 [INFO] IPUIPlugin:80 - create IPUIPlugin
2024-02-05 19:19:33,976 [INFO] PluginManager:220 - loadIPPluginJar : add sai
2024-02-05 19:19:33,978 [INFO] IPUIPlugin:80 - create IPUIPlugin
2024-02-05 19:19:33,978 [INFO] PluginManager:220 - loadIPPluginJar : add usbx
2024-02-05 19:19:34,091 [INFO] CADModel:165 - CPN selected for project level
2024-02-05 19:19:34,091 [INFO] CADModel:114 - Register for checkConnection events
2024-02-05 19:19:34,095 [FATAL] Updater:308 - Updater called before beeing initialized
2024-02-05 19:19:34,095 [ERROR] CADModel:125 - Updater not yet initialized, retry later 
2024-02-05 19:19:34,370 [INFO] CADModel:165 - CPN selected for project level
2024-02-05 19:19:34,370 [INFO] CADModel:114 - Register for checkConnection events
2024-02-05 19:19:34,370 [FATAL] Updater:308 - Updater called before beeing initialized
2024-02-05 19:19:34,370 [ERROR] CADModel:125 - Updater not yet initialized, retry later 
2024-02-05 19:19:34,373 [FATAL] Updater:308 - Updater called before beeing initialized
2024-02-05 19:19:34,519 [FATAL] Updater:308 - Updater called before beeing initialized
2024-02-05 19:19:34,525 [INFO] DbMcusAds:53 - JSON generation date=Wed Nov 29 10:52:27 GMT 2023 (1701255147200)
2024-02-05 19:19:34,525 [FATAL] Updater:308 - Updater called before beeing initialized
2024-02-05 19:19:34,657 [WARN] DetailPanel:346 - Failed to get advertising image, set to default
2024-02-05 19:19:34,726 [FATAL] Updater:308 - Updater called before beeing initialized
2024-02-05 19:19:34,727 [FATAL] Updater:308 - Updater called before beeing initialized
2024-02-05 19:19:34,727 [FATAL] Updater:308 - Updater called before beeing initialized
2024-02-05 19:19:34,728 [WARN] DetailPanel:346 - Failed to get advertising image, set to default
2024-02-05 19:19:34,728 [FATAL] Updater:308 - Updater called before beeing initialized
2024-02-05 19:19:34,814 [ERROR] Updater:1120 - MainUpdater not yet initialized. External WinMGr cannot be set.
2024-02-05 19:19:34,863 [INFO] Updater:1056 - Updater Version found : 6.10.0
2024-02-05 19:19:34,876 [INFO] ApplicationProperties:184 - Using Application install path: /Applications/STM32CubeIDE.app/Contents/Eclipse/plugins/com.st.stm32cube.common.mx_6.10.0.202311202037
2024-02-05 19:19:35,379 [INFO] MainUpdater:2873 - connection check result : 10
2024-02-05 19:19:35,379 [INFO] MainUpdater:3567 - Updater definition file requires update
2024-02-05 19:19:35,380 [INFO] MainUpdater:290 - Updater Check For Update Now.
2024-02-05 19:19:35,380 [INFO] MicroXplorer:498 - Change Database Version : DB.6.0.100
2024-02-05 19:19:35,390 [INFO] McuFinderGlobals:63 - Set McuFinder mode to 2 (CubeIDE integrated)
2024-02-05 19:19:35,400 [INFO] UserAuth:404 - Internet connection configuration mode: 1
2024-02-05 19:19:35,411 [INFO] JxBrowserEngine:152 - Initiate JxBrowser Engine with user profile folder
2024-02-05 19:19:35,656 [INFO] ServerAccessManage:473 - Download File updaters.zip
2024-02-05 19:19:35,790 [INFO] FileExtend:240 - Unzip File : updaters.zip
2024-02-05 19:19:35,790 [INFO] FileExtend:255 - Standard Zip Deflate
2024-02-05 19:19:36,060 [INFO] ServerAccessManage:473 - Download File PacksControlFlags.xml
2024-02-05 19:19:36,200 [INFO] ServerAccessManage:473 - Download File cubemx.pidx
2024-02-05 19:19:36,282 [WARN] MainUpdater:1194 - Updater busy. Cannot search thirdparties
2024-02-05 19:19:36,283 [INFO] ThirdPartyUpdaterWithRetryManager:96 - Updater plugin is busy. [1/15]
2024-02-05 19:19:36,347 [INFO] LoadServerUpdatesThread:375 - End of LoadServerUpdate Thread
2024-02-05 19:19:36,560 [INFO] CheckServerUpdateThread:120 - End of CheckServer Thread
2024-02-05 19:19:39,535 [WARN] PackLoader:240 - Cannot read IP mode file for STMicroelectronics.X-CUBE-SMBUS.2.1.0
2024-02-05 19:19:39,555 [WARN] PackLoader:240 - Cannot read IP mode file for STMicroelectronics.X-CUBE-TOUCHGFX.4.23.0
2024-02-05 19:19:39,605 [WARN] PackLoader:240 - Cannot read IP mode file for STMicroelectronics.X-CUBE-AZRTOS-F7.1.1.0
2024-02-05 19:19:39,641 [WARN] PackLoader:240 - Cannot read IP mode file for STMicroelectronics.FP-SNS-MOTENV1.4.3.2
2024-02-05 19:19:39,673 [WARN] PackLoader:240 - Cannot read IP mode file for STMicroelectronics.FP-SNS-FLIGHT1.5.0.2
2024-02-05 19:19:39,692 [WARN] PackLoader:240 - Cannot read IP mode file for STMicroelectronics.X-CUBE-DISPLAY.3.0.0
2024-02-05 19:19:39,730 [WARN] PackLoader:240 - Cannot read IP mode file for STMicroelectronics.X-CUBE-BLE1.7.0.0
2024-02-05 19:19:39,748 [WARN] PackLoader:240 - Cannot read IP mode file for emotas.I-CUBE-CANOPEN.1.3.0
2024-02-05 19:19:39,758 [WARN] PackLoader:240 - Cannot read IP mode file for STMicroelectronics.X-CUBE-TOUCHGFX.4.22.0
2024-02-05 19:19:39,763 [WARN] PackLoader:240 - Cannot read IP mode file for STMicroelectronics.X-CUBE-TOUCHGFX.4.22.1
2024-02-05 19:19:39,773 [WARN] PackLoader:240 - Cannot read IP mode file for STMicroelectronics.FP-SNS-SMARTAG2.1.2.0
2024-02-05 19:19:39,789 [INFO] LogOutputStream:77 - [STDOUT_REDIRECT] 1 : Invalid condition id : UX_CORESTACK_Condition cause : null
2024-02-05 19:19:39,793 [INFO] LogOutputStream:77 - [STDOUT_REDIRECT] 1 : Invalid condition id : UX_CORESTACK_Condition cause : null
2024-02-05 19:19:39,793 [INFO] LogOutputStream:77 - [STDOUT_REDIRECT] 1 : Invalid condition id : UX_CORESTACK_Condition cause : null
2024-02-05 19:19:39,794 [INFO] LogOutputStream:77 - [STDOUT_REDIRECT] 1 : Invalid condition id : UX_CORESTACK_Condition cause : null
2024-02-05 19:19:39,794 [INFO] LogOutputStream:77 - [STDOUT_REDIRECT] 1 : Invalid condition id : UX_CORESTACK_Condition cause : null
2024-02-05 19:19:39,806 [WARN] PackLoader:240 - Cannot read IP mode file for STMicroelectronics.X-CUBE-AZRTOS-WL.2.0.0
2024-02-05 19:19:39,828 [WARN] PackLoader:240 - Cannot read IP mode file for WES.I-CUBE-Cesium.1.3.0
2024-02-05 19:19:39,836 [WARN] PackLoader:240 - Cannot read IP mode file for STMicroelectronics.X-CUBE-BLE2.3.3.0
2024-02-05 19:19:39,867 [WARN] PackLoader:240 - Cannot read IP mode file for STMicroelectronics.X-CUBE-ALGOBUILD.1.3.0
2024-02-05 19:19:39,901 [WARN] PackLoader:240 - Cannot read IP mode file for STMicroelectronics.X-CUBE-AZRTOS-G0.1.1.0
2024-02-05 19:19:39,917 [WARN] PackLoader:240 - Cannot read IP mode file for STMicroelectronics.X-CUBE-NFC4.3.0.0
2024-02-05 19:19:39,977 [WARN] PackLoader:240 - Cannot read IP mode file for STMicroelectronics.X-CUBE-BLEMGR.3.0.0
2024-02-05 19:19:39,995 [WARN] PackLoader:240 - Cannot read IP mode file for STMicroelectronics.FP-ATR-SIGFOX1.3.2.0
2024-02-05 19:19:40,015 [WARN] PackLoader:240 - Cannot read IP mode file for STMicroelectronics.X-CUBE-EEPRMA1.5.1.0
2024-02-05 19:19:40,103 [WARN] PackLoader:240 - Cannot read IP mode file for SEGGER.I-CUBE-embOS.1.3.1
2024-02-05 19:19:40,164 [WARN] PackLoader:240 - Cannot read IP mode file for STMicroelectronics.X-CUBE-GNSS1.6.0.0
2024-02-05 19:19:40,197 [WARN] PackLoader:240 - Cannot read IP mode file for STMicroelectronics.X-CUBE-AZRTOS-F4.1.1.0
2024-02-05 19:19:40,215 [WARN] PackLoader:240 - Cannot read IP mode file for wolfSSL.I-CUBE-wolfSSL.5.6.3
2024-02-05 19:19:40,258 [WARN] PackLoader:240 - Cannot read IP mode file for STMicroelectronics.X-CUBE-AZRTOS-L5.2.0.0
2024-02-05 19:19:40,365 [WARN] PackLoader:240 - Cannot read IP mode file for STMicroelectronics.X-CUBE-MEMS1.9.6.0
2024-02-05 19:19:40,603 [WARN] PackLoader:240 - Cannot read IP mode file for STMicroelectronics.X-CUBE-EEPRMA1.4.2.0
2024-02-05 19:19:40,621 [WARN] PackLoader:240 - Cannot read IP mode file for ITTIA_DB.I-CUBE-ITTIADB.8.8.0
2024-02-05 19:19:40,634 [WARN] PackLoader:240 - Cannot read IP mode file for STMicroelectronics.X-CUBE-BLEMGR.2.0.0
2024-02-05 19:19:40,667 [WARN] ConditionMgr:438 - getConditionDescription Invalid condition id : UX DEVICE CLASS RTOS Condition cause : null
2024-02-05 19:19:40,668 [WARN] ConditionMgr:438 - getConditionDescription Invalid condition id : UX DEVICE CLASS RTOS Condition cause : null
2024-02-05 19:19:40,674 [WARN] PackLoader:240 - Cannot read IP mode file for STMicroelectronics.X-CUBE-AZRTOS-H7.3.1.0
2024-02-05 19:19:40,677 [WARN] ConditionMgr:1039 - genDependencies : Invalid condition id : UX DEVICE CLASS RTOS Condition cause : null
2024-02-05 19:19:40,677 [WARN] ConditionMgr:1039 - genDependencies : Invalid condition id : UX DEVICE CLASS RTOS Condition cause : null
2024-02-05 19:19:40,678 [WARN] ConditionMgr:1039 - genDependencies : Invalid condition id : UX DEVICE CLASS RTOS Condition cause : null
2024-02-05 19:19:40,679 [WARN] ConditionMgr:1039 - genDependencies : Invalid condition id : UX DEVICE CLASS RTOS Condition cause : null
2024-02-05 19:19:40,680 [WARN] ConditionMgr:1039 - genDependencies : Invalid condition id : UX DEVICE CLASS RTOS Condition cause : null
2024-02-05 19:19:40,697 [WARN] PackLoader:240 - Cannot read IP mode file for STMicroelectronics.X-CUBE-NFC7.1.0.1
2024-02-05 19:19:40,703 [INFO] WebApp:161 - Instantiating new browser for Auth
2024-02-05 19:19:40,712 [WARN] PackLoader:240 - Cannot read IP mode file for STMicroelectronics.X-CUBE-NFC6.3.0.0
2024-02-05 19:19:40,720 [WARN] PackLoader:240 - Cannot read IP mode file for STMicroelectronics.X-CUBE-EEPRMA1.4.1.0
2024-02-05 19:19:40,732 [WARN] PackLoader:240 - Cannot read IP mode file for STMicroelectronics.X-CUBE-AI.8.1.0
2024-02-05 19:19:40,764 [WARN] ConditionMgr:438 - getConditionDescription Invalid condition id : LAN8742 Phy interface Condition cause : null
2024-02-05 19:19:40,768 [WARN] PackLoader:240 - Cannot read IP mode file for STMicroelectronics.X-CUBE-AZRTOS-L4.2.0.0
2024-02-05 19:19:40,776 [WARN] ConditionMgr:1039 - genDependencies : Invalid condition id : LAN8742 Phy interface Condition cause : null
2024-02-05 19:19:40,781 [WARN] ConditionMgr:1039 - genDependencies : Invalid condition id : LAN8742 Phy interface Condition cause : null
2024-02-05 19:19:40,785 [WARN] ConditionMgr:1039 - genDependencies : Invalid condition id : LAN8742 Phy interface Condition cause : null
2024-02-05 19:19:40,830 [WARN] PackLoader:240 - Cannot read IP mode file for STMicroelectronics.X-CUBE-SFXS2LP1.4.0.0
2024-02-05 19:19:40,855 [WARN] PackLoader:240 - Cannot read IP mode file for STMicroelectronics.X-CUBE-ISPU.1.1.0
2024-02-05 19:19:40,878 [WARN] ConditionMgr:438 - getConditionDescription Invalid condition id : UX DEVICE CLASS RTOS Condition cause : null
2024-02-05 19:19:40,879 [WARN] ConditionMgr:438 - getConditionDescription Invalid condition id : UX DEVICE CLASS RTOS Condition cause : null
2024-02-05 19:19:40,884 [WARN] PackLoader:240 - Cannot read IP mode file for STMicroelectronics.X-CUBE-AZRTOS-WB.2.0.0
2024-02-05 19:19:40,885 [WARN] ConditionMgr:1039 - genDependencies : Invalid condition id : UX DEVICE CLASS RTOS Condition cause : null
2024-02-05 19:19:40,885 [WARN] ConditionMgr:1039 - genDependencies : Invalid condition id : UX DEVICE CLASS RTOS Condition cause : null
2024-02-05 19:19:40,886 [WARN] ConditionMgr:1039 - genDependencies : Invalid condition id : UX DEVICE CLASS RTOS Condition cause : null
2024-02-05 19:19:40,889 [WARN] ConditionMgr:1039 - genDependencies : Invalid condition id : UX DEVICE CLASS RTOS Condition cause : null
2024-02-05 19:19:40,889 [WARN] ConditionMgr:1039 - genDependencies : Invalid condition id : UX DEVICE CLASS RTOS Condition cause : null
2024-02-05 19:19:40,912 [WARN] PackLoader:240 - Cannot read IP mode file for STMicroelectronics.X-CUBE-SUBG2.5.0.0
2024-02-05 19:19:40,947 [WARN] PackLoader:240 - Cannot read IP mode file for STMicroelectronics.X-CUBE-TOF1.3.3.1
2024-02-05 19:19:40,982 [WARN] PackLoader:240 - Cannot read IP mode file for STMicroelectronics.X-CUBE-AZRTOS-G4.2.0.0
2024-02-05 19:19:41,003 [WARN] PackLoader:240 - Cannot read IP mode file for Infineon.AIROC-Wi-Fi-Bluetooth-STM32.1.5.1
2024-02-05 19:19:41,011 [WARN] PackLoader:240 - Cannot read IP mode file for STMicroelectronics.FP-SNS-MOTENVWB1.1.3.0
2024-02-05 19:19:41,014 [WARN] PackLoader:240 - Cannot read IP mode file for STMicroelectronics.FP-SNS-MOTENVWB1.1.3.1
2024-02-05 19:19:41,017 [WARN] PackLoader:240 - Cannot read IP mode file for STMicroelectronics.X-CUBE-ISPU.2.0.0
2024-02-05 19:19:41,072 [WARN] PackLoader:240 - Cannot read IP mode file for STMicroelectronics.X-CUBE-MEMS1.10.0.0
2024-02-05 19:19:41,188 [WARN] PackLoader:240 - Cannot read IP mode file for STMicroelectronics.X-CUBE-FREERTOS.1.1.0
2024-02-05 19:19:41,212 [WARN] PackLoader:240 - Cannot read IP mode file for portGmbH.I-Cube-SoM-uGOAL.1.1.0
2024-02-05 19:19:41,222 [WARN] PackLoader:240 - Cannot read IP mode file for STMicroelectronics.X-CUBE-ALS.1.0.1
2024-02-05 19:19:41,231 [WARN] PackLoader:240 - Cannot read IP mode file for STMicroelectronics.FP-ATR-ASTRA1.2.0.0
2024-02-05 19:19:41,251 [WARN] PackLoader:240 - Cannot read IP mode file for STMicroelectronics.X-CUBE-TOF1.3.4.0
2024-02-05 19:19:41,310 [WARN] PackLoader:240 - Cannot read IP mode file for STMicroelectronics.X-CUBE-AZRTOS-H7.3.2.0
2024-02-05 19:19:41,323 [INFO] ThirdParty:978 - Integrity check success = true
2024-02-05 19:19:41,323 [INFO] IntegrityCheckThread:100 - exiting critical section [integrity check]
2024-02-05 19:19:41,323 [INFO] IntegrityCheckThread:103 - End integrity checks thread
2024-02-05 19:19:42,041 [INFO] WebApp:780 - Register for checkConnection events
2024-02-05 19:19:42,042 [INFO] WebApp:414 - Apply proxy settings
2024-02-05 19:19:42,053 [INFO] WebApp:459 - Chromium authenticates against Manually configured proxy
2024-02-05 19:19:42,072 [INFO] WebApp:467 - Username used for proxy authentication: 
2024-02-05 19:19:42,225 [INFO] WebApp:192 - Starting web application
2024-02-05 19:19:42,226 [INFO] WebApp:544 - Web application path used /Applications/STM32CubeIDE.app/Contents/Eclipse/plugins/com.st.stm32cube.common.mx_6.10.0.202311202037/db/plugins/mcufinder/reactClient1/index.html
2024-02-05 19:19:51,976 [ERROR] LogOutputStream:75 - [STDERR_REDIRECT] SLF4J: Failed to load class "org.slf4j.impl.StaticLoggerBinder".
2024-02-05 19:19:51,979 [ERROR] LogOutputStream:75 - [STDERR_REDIRECT] SLF4J: Defaulting to no-operation (NOP) logger implementation
2024-02-05 19:19:51,980 [ERROR] LogOutputStream:75 - [STDERR_REDIRECT] SLF4J: See http://www.slf4j.org/codes.html#StaticLoggerBinder for further details.
2024-02-05 20:07:29,934 [INFO] LogOutputStream:77 - [STDOUT_REDIRECT] StartTraceHandler.execute(), success : Collect=false
2024-02-05 20:07:36,493 [INFO] LogOutputStream:77 - [STDOUT_REDIRECT] StartTraceHandler.execute(), success : Collect=true
2024-02-05 20:07:38,006 [INFO] LogOutputStream:77 - [STDOUT_REDIRECT] StartTraceHandler.execute(), success : Collect=false
2024-02-05 20:07:39,108 [INFO] LogOutputStream:77 - [STDOUT_REDIRECT] StartTraceHandler.execute(), success : Collect=true
2024-02-05 20:08:52,704 [ERROR] LogOutputStream:75 - [STDERR_REDIRECT] 
