2023-11-10 00:38:29,092 [INFO] Activator:176 - 


2023-11-10 00:38:29,098 [INFO] Activator:177 - !SESSION log4j initialized
2023-11-10 00:38:36,507 [INFO] LogOutputStream:77 - [STDOUT_REDIRECT] 
2023-11-10 00:38:37,996 [ERROR] LogOutputStream:75 - [STDERR_REDIRECT] 
2023-11-10 00:38:38,550 [INFO] LogOutputStream:77 - [STDOUT_REDIRECT] 
2023-11-10 00:38:38,980 [INFO] ApplicationProperties:184 - Using Application install path: /Applications/STM32CubeIDE.app/Contents/Eclipse/plugins/com.st.stm32cube.common.mx_6.9.2.202309101412
2023-11-10 00:38:38,998 [INFO] DbMcusXml:78 - Set database path to: /Applications/STM32CubeIDE.app/Contents/Eclipse/plugins/com.st.stm32cube.common.mx_6.9.2.202309101412//db//mcu/
2023-11-10 00:38:38,998 [INFO] ApiDb:274 - Set plugin database path to: /Applications/STM32CubeIDE.app/Contents/Eclipse/plugins/com.st.stm32cube.common.mx_6.9.2.202309101412//db//plugins/boardmanager/
2023-11-10 00:38:38,999 [WARN] ApiDb:259 - Overriding images path with different value:  => /Applications/STM32CubeIDE.app/Contents/Eclipse/plugins/com.st.stm32cube.common.mx_6.9.2.202309101412//db//plugins/mcufinder/images/
2023-11-10 00:38:39,029 [INFO] ApiDb:250 - Set database path to: /Users/mariestahaab/.stmcufinder/plugins/mcufinder//mcu/
2023-11-10 00:38:39,031 [INFO] DbMcusAds:125 - Set database path to: /Users/mariestahaab/.stmcufinder/plugins/mcufinder//mcu/
2023-11-10 00:38:39,033 [INFO] CrossReferenceDbSqlite:203 - Set database path to: /Users/mariestahaab/.stmcufinder/plugins/mcufinder//mcu/cs/
2023-11-10 00:38:39,217 [INFO] RulesReader:64 - Compatibility file has been processed (293 Rules)
2023-11-10 00:38:39,287 [INFO] DbMcusXml:78 - Set database path to: /Applications/STM32CubeIDE.app/Contents/Eclipse/plugins/com.st.stm32cube.common.mx_6.9.2.202309101412//db//mcu/
2023-11-10 00:38:39,287 [INFO] ApiDb:274 - Set plugin database path to: /Applications/STM32CubeIDE.app/Contents/Eclipse/plugins/com.st.stm32cube.common.mx_6.9.2.202309101412//db//plugins/boardmanager/
2023-11-10 00:38:39,288 [INFO] ApiDb:261 - Set plugin images path to: /Applications/STM32CubeIDE.app/Contents/Eclipse/plugins/com.st.stm32cube.common.mx_6.9.2.202309101412//db//plugins/mcufinder/images/
2023-11-10 00:38:39,288 [WARN] DbFile:41 - Overriding database path with different value: /Users/mariestahaab/.stmcufinder/plugins/mcufinder/ => /Users/mariestahaab/.stmcufinder/plugins/mcufinder
2023-11-10 00:38:39,288 [INFO] ApiDb:250 - Set database path to: /Users/mariestahaab/.stmcufinder/plugins/mcufinder//mcu/
2023-11-10 00:38:39,288 [WARN] DbFile:41 - Overriding database path with different value: /Users/mariestahaab/.stmcufinder/plugins/mcufinder/ => /Users/mariestahaab/.stmcufinder/plugins/mcufinder
2023-11-10 00:38:39,288 [INFO] DbMcusAds:125 - Set database path to: /Users/mariestahaab/.stmcufinder/plugins/mcufinder//mcu/
2023-11-10 00:38:39,288 [WARN] DbFile:41 - Overriding database path with different value: /Users/mariestahaab/.stmcufinder/plugins/mcufinder/ => /Users/mariestahaab/.stmcufinder/plugins/mcufinder
2023-11-10 00:38:39,289 [WARN] DbFile:41 - Overriding database path with different value: /Users/mariestahaab/.stmcufinder/plugins/mcufinder/ => /Users/mariestahaab/.stmcufinder/plugins/mcufinder
2023-11-10 00:38:39,289 [INFO] CrossReferenceDbSqlite:203 - Set database path to: /Users/mariestahaab/.stmcufinder/plugins/mcufinder//mcu/cs/
2023-11-10 00:38:39,396 [INFO] MainPanel:262 - HeapMemory: 268435456
2023-11-10 00:38:39,523 [INFO] DbMcusXml:78 - Set database path to: /Applications/STM32CubeIDE.app/Contents/Eclipse/plugins/com.st.stm32cube.common.mx_6.9.2.202309101412//db//mcu/
2023-11-10 00:38:39,523 [INFO] ApiDb:274 - Set plugin database path to: /Applications/STM32CubeIDE.app/Contents/Eclipse/plugins/com.st.stm32cube.common.mx_6.9.2.202309101412//db//plugins/boardmanager/
2023-11-10 00:38:39,523 [INFO] ApiDb:261 - Set plugin images path to: /Applications/STM32CubeIDE.app/Contents/Eclipse/plugins/com.st.stm32cube.common.mx_6.9.2.202309101412//db//plugins/mcufinder/images/
2023-11-10 00:38:39,524 [WARN] DbFile:41 - Overriding database path with different value: /Users/mariestahaab/.stmcufinder/plugins/mcufinder/ => /Users/mariestahaab/.stmcufinder/plugins/mcufinder
2023-11-10 00:38:39,524 [INFO] ApiDb:250 - Set database path to: /Users/mariestahaab/.stmcufinder/plugins/mcufinder//mcu/
2023-11-10 00:38:39,524 [WARN] DbFile:41 - Overriding database path with different value: /Users/mariestahaab/.stmcufinder/plugins/mcufinder/ => /Users/mariestahaab/.stmcufinder/plugins/mcufinder
2023-11-10 00:38:39,524 [INFO] DbMcusAds:125 - Set database path to: /Users/mariestahaab/.stmcufinder/plugins/mcufinder//mcu/
2023-11-10 00:38:39,524 [WARN] DbFile:41 - Overriding database path with different value: /Users/mariestahaab/.stmcufinder/plugins/mcufinder/ => /Users/mariestahaab/.stmcufinder/plugins/mcufinder
2023-11-10 00:38:39,524 [WARN] DbFile:41 - Overriding database path with different value: /Users/mariestahaab/.stmcufinder/plugins/mcufinder/ => /Users/mariestahaab/.stmcufinder/plugins/mcufinder
2023-11-10 00:38:39,524 [INFO] CrossReferenceDbSqlite:203 - Set database path to: /Users/mariestahaab/.stmcufinder/plugins/mcufinder//mcu/cs/
2023-11-10 00:38:39,543 [INFO] ApplicationProperties:184 - Using Application install path: /Applications/STM32CubeIDE.app/Contents/Eclipse/plugins/com.st.stm32cube.common.mx_6.9.2.202309101412
2023-11-10 00:38:39,545 [INFO] PluginManage:196 - Search for loadable plugins [exclusion list=, ]
2023-11-10 00:38:39,550 [INFO] PluginManage:310 - Check plugin analytics
2023-11-10 00:38:40,153 [INFO] AnalyticsPlugin:253 - Accepted Software Licenses: 
2023-11-10 00:38:40,154 [INFO] AnalyticsPlugin:255 - Accepted CMSIS Pack Licenses: 
2023-11-10 00:38:40,154 [INFO] AnalyticsPlugin:257 - Accepted Firmware Licenses: FW.F4.1.27.0
2023-11-10 00:38:40,159 [INFO] PluginManage:359 - Loaded plugin analytics (category:tool,tabindex:-1)
2023-11-10 00:38:40,161 [INFO] PluginManage:310 - Check plugin cadmodel
2023-11-10 00:38:40,814 [INFO] CADModel:105 - Init CAD model plugin
2023-11-10 00:38:40,815 [INFO] PluginManage:359 - Loaded plugin cadmodel (category:power,tabindex:5)
2023-11-10 00:38:40,815 [INFO] PluginManage:310 - Check plugin clock
2023-11-10 00:38:40,829 [INFO] PluginManage:359 - Loaded plugin clock (category:base,tabindex:2)
2023-11-10 00:38:40,829 [INFO] PluginManage:310 - Check plugin ddr
2023-11-10 00:38:40,831 [INFO] PluginManage:359 - Loaded plugin ddr (category:tool,tabindex:6)
2023-11-10 00:38:40,831 [INFO] PluginManage:310 - Check plugin filemanager
2023-11-10 00:38:40,983 [INFO] PluginManage:359 - Loaded plugin filemanager (category:base,tabindex:10)
2023-11-10 00:38:40,984 [INFO] PluginManage:310 - Check plugin ipmanager
2023-11-10 00:38:40,990 [INFO] PluginManage:359 - Loaded plugin ipmanager (category:base,tabindex:5)
2023-11-10 00:38:40,991 [INFO] PluginManage:310 - Check plugin lpbam
2023-11-10 00:38:41,001 [INFO] PluginManage:359 - Loaded plugin lpbam (category:base,tabindex:0)
2023-11-10 00:38:41,001 [INFO] PluginManage:310 - Check plugin memorymap
2023-11-10 00:38:41,010 [INFO] PluginManage:359 - Loaded plugin memorymap (category:base,tabindex:4)
2023-11-10 00:38:41,010 [INFO] PluginManage:310 - Check plugin pinoutandconfiguration
2023-11-10 00:38:41,015 [INFO] PluginManage:359 - Loaded plugin pinoutandconfiguration (category:base,tabindex:1)
2023-11-10 00:38:41,015 [INFO] PluginManage:310 - Check plugin pinoutconfig
2023-11-10 00:38:41,110 [WARN] SupportedApi:132 - Cannot load RTOS API schema: s4s-elt-must-match.1: The content of 'definitions' must match (annotation?, (simpleType | complexType)?, (unique | key | keyref)*)). A problem was found starting at: attribute.
2023-11-10 00:38:41,263 [INFO] PluginManage:359 - Loaded plugin pinoutconfig (category:base,tabindex:0)
2023-11-10 00:38:41,263 [INFO] PluginManage:310 - Check plugin power
2023-11-10 00:38:41,305 [INFO] PluginManage:359 - Loaded plugin power (category:power,tabindex:4)
2023-11-10 00:38:41,305 [INFO] PluginManage:310 - Check plugin projectmanager
2023-11-10 00:38:41,358 [INFO] PluginManage:359 - Loaded plugin projectmanager (category:projectmanager,tabindex:3)
2023-11-10 00:38:41,358 [INFO] PluginManage:310 - Check plugin thirdparty
2023-11-10 00:38:41,521 [INFO] PluginManage:359 - Loaded plugin thirdparty (category:base,tabindex:-1)
2023-11-10 00:38:41,522 [INFO] PluginManage:310 - Check plugin tools
2023-11-10 00:38:41,521 [WARN] IntegrityCheckThread:84 - waiting for thirdparty lock release [integrity check]
2023-11-10 00:38:41,522 [INFO] IntegrityCheckThread:86 - entering critical section [integrity check]
2023-11-10 00:38:41,523 [INFO] ThirdPartyUpdaterWithRetryManager:70 - Updater plugin not ready yet. [1/15]
2023-11-10 00:38:41,524 [INFO] PluginManage:359 - Loaded plugin tools (category:base,tabindex:7)
2023-11-10 00:38:41,524 [INFO] PluginManage:310 - Check plugin tutovideos
2023-11-10 00:38:41,723 [INFO] PluginManage:359 - Loaded plugin tutovideos (category:base,tabindex:-1)
2023-11-10 00:38:41,724 [INFO] PluginManage:310 - Check plugin updater
2023-11-10 00:38:41,750 [INFO] PluginManage:359 - Loaded plugin updater (category:base,tabindex:12)
2023-11-10 00:38:41,751 [INFO] PluginManage:310 - Check plugin userauth
2023-11-10 00:38:41,761 [INFO] UserAuth:113 - Init User Auth plugin
2023-11-10 00:38:41,761 [INFO] PluginManage:359 - Loaded plugin userauth (category:base,tabindex:14)
2023-11-10 00:38:41,763 [INFO] PluginManage:283 - PluginManage : Loaded plugins [17]
2023-11-10 00:38:42,080 [INFO] PinOutPanel:1499 - setPackage(No Configuration,No Configuration)
2023-11-10 00:38:42,209 [INFO] CADModel:165 - CPN selected for project level
2023-11-10 00:38:42,209 [INFO] CADModel:114 - Register for checkConnection events
2023-11-10 00:38:42,225 [INFO] IPUIPlugin:80 - create IPUIPlugin
2023-11-10 00:38:42,225 [INFO] PluginManager:220 - loadIPPluginJar : add mdma
2023-11-10 00:38:42,231 [INFO] IPUIPlugin:80 - create IPUIPlugin
2023-11-10 00:38:42,232 [INFO] PluginManager:220 - loadIPPluginJar : add freertos
2023-11-10 00:38:42,236 [INFO] IPUIPlugin:80 - create IPUIPlugin
2023-11-10 00:38:42,236 [INFO] PluginManager:220 - loadIPPluginJar : add gic
2023-11-10 00:38:42,244 [INFO] IPUIPlugin:80 - create IPUIPlugin
2023-11-10 00:38:42,244 [INFO] PluginManager:220 - loadIPPluginJar : add adc
2023-11-10 00:38:42,247 [INFO] IPUIPlugin:80 - create IPUIPlugin
2023-11-10 00:38:42,247 [INFO] PluginManager:220 - loadIPPluginJar : add gtzc
2023-11-10 00:38:42,249 [INFO] IPUIPlugin:80 - create IPUIPlugin
2023-11-10 00:38:42,249 [INFO] PluginManager:220 - loadIPPluginJar : add quadspi
2023-11-10 00:38:42,250 [INFO] IPUIPlugin:80 - create IPUIPlugin
2023-11-10 00:38:42,251 [INFO] PluginManager:220 - loadIPPluginJar : add aes
2023-11-10 00:38:42,253 [INFO] IPUIPlugin:80 - create IPUIPlugin
2023-11-10 00:38:42,253 [INFO] PluginManager:220 - loadIPPluginJar : add pdm2pcm
2023-11-10 00:38:42,256 [INFO] IPUIPlugin:80 - create IPUIPlugin
2023-11-10 00:38:42,256 [INFO] PluginManager:220 - loadIPPluginJar : add hash
2023-11-10 00:38:42,258 [INFO] IPUIPlugin:80 - create IPUIPlugin
2023-11-10 00:38:42,258 [INFO] PluginManager:220 - loadIPPluginJar : add tim
2023-11-10 00:38:42,259 [INFO] IPUIPlugin:80 - create IPUIPlugin
2023-11-10 00:38:42,259 [INFO] PluginManager:220 - loadIPPluginJar : add tsc
2023-11-10 00:38:42,260 [INFO] IPUIPlugin:80 - create IPUIPlugin
2023-11-10 00:38:42,261 [INFO] PluginManager:220 - loadIPPluginJar : add ts
2023-11-10 00:38:42,264 [INFO] IPUIPlugin:80 - create IPUIPlugin
2023-11-10 00:38:42,264 [INFO] PluginManager:220 - loadIPPluginJar : add can
2023-11-10 00:38:42,267 [INFO] IPUIPlugin:80 - create IPUIPlugin
2023-11-10 00:38:42,267 [INFO] PluginManager:220 - loadIPPluginJar : add dma3
2023-11-10 00:38:42,271 [INFO] IPUIPlugin:80 - create IPUIPlugin
2023-11-10 00:38:42,272 [INFO] PluginManager:220 - loadIPPluginJar : add dfsdm
2023-11-10 00:38:42,274 [INFO] IPUIPlugin:80 - create IPUIPlugin
2023-11-10 00:38:42,274 [INFO] PluginManager:220 - loadIPPluginJar : add spi
2023-11-10 00:38:42,276 [INFO] IPUIPlugin:80 - create IPUIPlugin
2023-11-10 00:38:42,276 [INFO] PluginManager:220 - loadIPPluginJar : add gfxmmu
2023-11-10 00:38:42,277 [INFO] IPUIPlugin:80 - create IPUIPlugin
2023-11-10 00:38:42,277 [INFO] PluginManager:220 - loadIPPluginJar : add genericplugin
2023-11-10 00:38:42,279 [INFO] IPUIPlugin:80 - create IPUIPlugin
2023-11-10 00:38:42,279 [INFO] PluginManager:220 - loadIPPluginJar : add cryp
2023-11-10 00:38:42,282 [INFO] IPUIPlugin:80 - create IPUIPlugin
2023-11-10 00:38:42,282 [INFO] PluginManager:220 - loadIPPluginJar : add gpio
2023-11-10 00:38:42,286 [INFO] IPUIPlugin:80 - create IPUIPlugin
2023-11-10 00:38:42,287 [INFO] PluginManager:220 - loadIPPluginJar : add comp
2023-11-10 00:38:42,289 [INFO] IPUIPlugin:80 - create IPUIPlugin
2023-11-10 00:38:42,289 [INFO] PluginManager:220 - loadIPPluginJar : add tracer_emb
2023-11-10 00:38:42,291 [INFO] IPUIPlugin:80 - create IPUIPlugin
2023-11-10 00:38:42,291 [INFO] PluginManager:220 - loadIPPluginJar : add openamp
2023-11-10 00:38:42,296 [INFO] IPUIPlugin:80 - create IPUIPlugin
2023-11-10 00:38:42,296 [INFO] PluginManager:220 - loadIPPluginJar : add stm32_wpan
2023-11-10 00:38:42,301 [INFO] IPUIPlugin:80 - create IPUIPlugin
2023-11-10 00:38:42,304 [INFO] PluginManager:220 - loadIPPluginJar : add plateformsettings
2023-11-10 00:38:42,308 [INFO] IPUIPlugin:80 - create IPUIPlugin
2023-11-10 00:38:42,308 [INFO] PluginManager:220 - loadIPPluginJar : add ipddr
2023-11-10 00:38:42,310 [INFO] IPUIPlugin:80 - create IPUIPlugin
2023-11-10 00:38:42,310 [INFO] PluginManager:220 - loadIPPluginJar : add usart
2023-11-10 00:38:42,312 [INFO] IPUIPlugin:80 - create IPUIPlugin
2023-11-10 00:38:42,312 [INFO] PluginManager:220 - loadIPPluginJar : add ltdc
2023-11-10 00:38:42,315 [INFO] IPUIPlugin:80 - create IPUIPlugin
2023-11-10 00:38:42,316 [INFO] PluginManager:220 - loadIPPluginJar : add nvic
2023-11-10 00:38:42,317 [INFO] IPUIPlugin:80 - create IPUIPlugin
2023-11-10 00:38:42,317 [INFO] PluginManager:220 - loadIPPluginJar : add fatfs
2023-11-10 00:38:42,326 [INFO] IPUIPlugin:80 - create IPUIPlugin
2023-11-10 00:38:42,326 [INFO] PluginManager:220 - loadIPPluginJar : add linkedlist
2023-11-10 00:38:42,331 [INFO] IPUIPlugin:80 - create IPUIPlugin
2023-11-10 00:38:42,331 [INFO] PluginManager:220 - loadIPPluginJar : add dma
2023-11-10 00:38:42,334 [INFO] IPUIPlugin:80 - create IPUIPlugin
2023-11-10 00:38:42,335 [INFO] PluginManager:220 - loadIPPluginJar : add fmc
2023-11-10 00:38:42,337 [INFO] IPUIPlugin:80 - create IPUIPlugin
2023-11-10 00:38:42,338 [INFO] PluginManager:220 - loadIPPluginJar : add i2s
2023-11-10 00:38:42,339 [INFO] IPUIPlugin:80 - create IPUIPlugin
2023-11-10 00:38:42,339 [INFO] PluginManager:220 - loadIPPluginJar : add ucpd
2023-11-10 00:38:42,340 [INFO] IPUIPlugin:80 - create IPUIPlugin
2023-11-10 00:38:42,341 [INFO] PluginManager:220 - loadIPPluginJar : add lorawan
2023-11-10 00:38:42,343 [INFO] IPUIPlugin:80 - create IPUIPlugin
2023-11-10 00:38:42,344 [INFO] PluginManager:220 - loadIPPluginJar : add opamp
2023-11-10 00:38:42,347 [INFO] IPUIPlugin:80 - create IPUIPlugin
2023-11-10 00:38:42,347 [INFO] PluginManager:220 - loadIPPluginJar : add i3c
2023-11-10 00:38:42,350 [INFO] IPUIPlugin:80 - create IPUIPlugin
2023-11-10 00:38:42,350 [INFO] PluginManager:220 - loadIPPluginJar : add touchsensing
2023-11-10 00:38:42,352 [INFO] IPUIPlugin:80 - create IPUIPlugin
2023-11-10 00:38:42,352 [INFO] PluginManager:220 - loadIPPluginJar : add i2c
2023-11-10 00:38:42,355 [INFO] IPUIPlugin:80 - create IPUIPlugin
2023-11-10 00:38:42,356 [INFO] PluginManager:220 - loadIPPluginJar : add resmgrutility
2023-11-10 00:38:42,358 [INFO] IPUIPlugin:80 - create IPUIPlugin
2023-11-10 00:38:42,358 [INFO] PluginManager:220 - loadIPPluginJar : add sai
2023-11-10 00:38:42,360 [INFO] IPUIPlugin:80 - create IPUIPlugin
2023-11-10 00:38:42,361 [INFO] PluginManager:220 - loadIPPluginJar : add usbx
2023-11-10 00:38:42,486 [INFO] CADModel:165 - CPN selected for project level
2023-11-10 00:38:42,486 [INFO] CADModel:114 - Register for checkConnection events
2023-11-10 00:38:42,487 [FATAL] Updater:308 - Updater called before beeing initialized
2023-11-10 00:38:42,487 [ERROR] CADModel:125 - Updater not yet initialized, retry later 
2023-11-10 00:38:42,772 [INFO] CADModel:165 - CPN selected for project level
2023-11-10 00:38:42,772 [INFO] CADModel:114 - Register for checkConnection events
2023-11-10 00:38:42,772 [FATAL] Updater:308 - Updater called before beeing initialized
2023-11-10 00:38:42,772 [ERROR] CADModel:125 - Updater not yet initialized, retry later 
2023-11-10 00:38:42,776 [FATAL] Updater:308 - Updater called before beeing initialized
2023-11-10 00:38:42,960 [FATAL] Updater:308 - Updater called before beeing initialized
2023-11-10 00:38:42,975 [INFO] DbMcusAds:53 - JSON generation date=Tue Mar 07 08:50:55 GMT 2023 (1678179055335)
2023-11-10 00:38:42,975 [FATAL] Updater:308 - Updater called before beeing initialized
2023-11-10 00:38:43,039 [WARN] DetailPanel:346 - Failed to get advertising image, set to default
2023-11-10 00:38:43,128 [FATAL] Updater:308 - Updater called before beeing initialized
2023-11-10 00:38:43,130 [FATAL] Updater:308 - Updater called before beeing initialized
2023-11-10 00:38:43,130 [FATAL] Updater:308 - Updater called before beeing initialized
2023-11-10 00:38:43,131 [WARN] DetailPanel:346 - Failed to get advertising image, set to default
2023-11-10 00:38:43,135 [FATAL] Updater:308 - Updater called before beeing initialized
2023-11-10 00:38:43,191 [ERROR] Updater:1120 - MainUpdater not yet initialized. External WinMGr cannot be set.
2023-11-10 00:38:43,230 [INFO] Updater:1056 - Updater Version found : 6.9.2
2023-11-10 00:38:43,247 [INFO] ApplicationProperties:184 - Using Application install path: /Applications/STM32CubeIDE.app/Contents/Eclipse/plugins/com.st.stm32cube.common.mx_6.9.2.202309101412
2023-11-10 00:38:43,693 [INFO] MainUpdater:2868 - connection check result : 10
2023-11-10 00:38:43,693 [INFO] MainUpdater:3562 - Updater definition file requires update
2023-11-10 00:38:43,694 [INFO] MainUpdater:285 - Updater Check For Update Now.
2023-11-10 00:38:43,694 [INFO] MicroXplorer:498 - Change Database Version : DB.6.0.92
2023-11-10 00:38:43,702 [INFO] McuFinderGlobals:63 - Set McuFinder mode to 2 (CubeIDE integrated)
2023-11-10 00:38:43,769 [INFO] ServerAccessManage:473 - Download File updaters.zip
2023-11-10 00:38:43,860 [INFO] FileExtend:240 - Unzip File : updaters.zip
2023-11-10 00:38:43,860 [INFO] FileExtend:255 - Standard Zip Deflate
2023-11-10 00:38:44,105 [INFO] ServerAccessManage:473 - Download File PacksControlFlags.xml
2023-11-10 00:38:44,301 [INFO] ServerAccessManage:473 - Download File cubemx.pidx
2023-11-10 00:38:44,533 [WARN] MainUpdater:1189 - Updater busy. Cannot search thirdparties
2023-11-10 00:38:44,540 [INFO] ThirdPartyUpdaterWithRetryManager:96 - Updater plugin is busy. [1/15]
2023-11-10 00:38:44,980 [INFO] ServerAccessManage:473 - Download File STMicroelectronics.FP-SNS-MOTENVWB1.pdsc
2023-11-10 00:38:46,462 [ERROR] ServerAccessManage:1096 - Problem, Http access forbiden
2023-11-10 00:38:46,471 [ERROR] ServerAccessManage:651 - Problem, Http access forbiden : RoweBots.I-CUBE-UNISONRTOS.pdsc.
2023-11-10 00:38:46,743 [WARN] PackLoader:240 - Cannot read IP mode file for STMicroelectronics.FP-SNS-MOTENVWB1.1.3.0
2023-11-10 00:38:46,765 [INFO] PopulateThirdPartyThread:66 - Ending populate Thread
2023-11-10 00:38:46,768 [INFO] ThirdParty:1030 - CMSIS Pack Vendor :STMicroelectronics FP-SNS-MOTENVWB1 1.3.0
2023-11-10 00:38:46,768 [INFO] LoadServerUpdatesThread:373 - End of LoadServerUpdate Thread
2023-11-10 00:38:46,943 [INFO] CheckServerUpdateThread:120 - End of CheckServer Thread
2023-11-10 00:38:47,729 [WARN] PackLoader:240 - Cannot read IP mode file for STMicroelectronics.X-CUBE-SMBUS.2.1.0
2023-11-10 00:38:47,789 [WARN] PackLoader:240 - Cannot read IP mode file for STMicroelectronics.X-CUBE-AZRTOS-F7.1.1.0
2023-11-10 00:38:47,826 [WARN] PackLoader:240 - Cannot read IP mode file for STMicroelectronics.FP-SNS-MOTENV1.4.3.2
2023-11-10 00:38:47,854 [WARN] PackLoader:240 - Cannot read IP mode file for STMicroelectronics.FP-SNS-FLIGHT1.5.0.2
2023-11-10 00:38:47,882 [WARN] PackLoader:240 - Cannot read IP mode file for STMicroelectronics.X-CUBE-DISPLAY.3.0.0
2023-11-10 00:38:47,920 [WARN] PackLoader:240 - Cannot read IP mode file for STMicroelectronics.X-CUBE-BLE1.7.0.0
2023-11-10 00:38:47,935 [WARN] PackLoader:240 - Cannot read IP mode file for emotas.I-CUBE-CANOPEN.1.3.0
2023-11-10 00:38:47,939 [WARN] PackLoader:240 - Cannot read IP mode file for STMicroelectronics.X-CUBE-TOUCHGFX.4.22.0
2023-11-10 00:38:47,941 [WARN] PackLoader:240 - Cannot read IP mode file for STMicroelectronics.X-CUBE-TOUCHGFX.4.22.1
2023-11-10 00:38:47,954 [WARN] PackLoader:240 - Cannot read IP mode file for STMicroelectronics.FP-SNS-SMARTAG2.1.2.0
2023-11-10 00:38:47,983 [INFO] LogOutputStream:77 - [STDOUT_REDIRECT] 1 : Invalid condition id : UX_CORESTACK_Condition cause : null
2023-11-10 00:38:47,986 [INFO] LogOutputStream:77 - [STDOUT_REDIRECT] 1 : Invalid condition id : UX_CORESTACK_Condition cause : null
2023-11-10 00:38:47,986 [INFO] LogOutputStream:77 - [STDOUT_REDIRECT] 1 : Invalid condition id : UX_CORESTACK_Condition cause : null
2023-11-10 00:38:47,987 [INFO] LogOutputStream:77 - [STDOUT_REDIRECT] 1 : Invalid condition id : UX_CORESTACK_Condition cause : null
2023-11-10 00:38:47,987 [INFO] LogOutputStream:77 - [STDOUT_REDIRECT] 1 : Invalid condition id : UX_CORESTACK_Condition cause : null
2023-11-10 00:38:47,995 [WARN] PackLoader:240 - Cannot read IP mode file for STMicroelectronics.X-CUBE-AZRTOS-WL.2.0.0
2023-11-10 00:38:48,034 [WARN] PackLoader:240 - Cannot read IP mode file for WES.I-CUBE-Cesium.1.3.0
2023-11-10 00:38:48,068 [WARN] PackLoader:240 - Cannot read IP mode file for STMicroelectronics.X-CUBE-BLE2.3.3.0
2023-11-10 00:38:48,089 [WARN] PackLoader:240 - Cannot read IP mode file for STMicroelectronics.X-CUBE-ALGOBUILD.1.3.0
2023-11-10 00:38:48,126 [WARN] PackLoader:240 - Cannot read IP mode file for STMicroelectronics.X-CUBE-AZRTOS-G0.1.1.0
2023-11-10 00:38:48,154 [WARN] PackLoader:240 - Cannot read IP mode file for STMicroelectronics.X-CUBE-NFC4.3.0.0
2023-11-10 00:38:48,202 [WARN] PackLoader:240 - Cannot read IP mode file for STMicroelectronics.X-CUBE-BLEMGR.3.0.0
2023-11-10 00:38:48,219 [WARN] PackLoader:240 - Cannot read IP mode file for STMicroelectronics.FP-ATR-SIGFOX1.3.2.0
2023-11-10 00:38:48,298 [WARN] PackLoader:240 - Cannot read IP mode file for SEGGER.I-CUBE-embOS.1.3.1
2023-11-10 00:38:48,349 [WARN] PackLoader:240 - Cannot read IP mode file for STMicroelectronics.X-CUBE-GNSS1.6.0.0
2023-11-10 00:38:48,387 [WARN] PackLoader:240 - Cannot read IP mode file for STMicroelectronics.X-CUBE-AZRTOS-F4.1.1.0
2023-11-10 00:38:48,401 [WARN] PackLoader:240 - Cannot read IP mode file for wolfSSL.I-CUBE-wolfSSL.5.6.3
2023-11-10 00:38:48,427 [WARN] PackLoader:240 - Cannot read IP mode file for STMicroelectronics.X-CUBE-AZRTOS-L5.2.0.0
2023-11-10 00:38:48,508 [WARN] PackLoader:240 - Cannot read IP mode file for STMicroelectronics.X-CUBE-MEMS1.9.6.0
2023-11-10 00:38:48,662 [WARN] PackLoader:240 - Cannot read IP mode file for STMicroelectronics.X-CUBE-EEPRMA1.4.2.0
2023-11-10 00:38:48,687 [WARN] PackLoader:240 - Cannot read IP mode file for ITTIA_DB.I-CUBE-ITTIADB.8.8.0
2023-11-10 00:38:48,699 [WARN] PackLoader:240 - Cannot read IP mode file for STMicroelectronics.X-CUBE-BLEMGR.2.0.0
2023-11-10 00:38:48,729 [WARN] ConditionMgr:438 - getConditionDescription Invalid condition id : UX DEVICE CLASS RTOS Condition cause : null
2023-11-10 00:38:48,730 [WARN] ConditionMgr:438 - getConditionDescription Invalid condition id : UX DEVICE CLASS RTOS Condition cause : null
2023-11-10 00:38:48,735 [WARN] PackLoader:240 - Cannot read IP mode file for STMicroelectronics.X-CUBE-AZRTOS-H7.3.1.0
2023-11-10 00:38:48,744 [WARN] ConditionMgr:1039 - genDependencies : Invalid condition id : UX DEVICE CLASS RTOS Condition cause : null
2023-11-10 00:38:48,745 [WARN] ConditionMgr:1039 - genDependencies : Invalid condition id : UX DEVICE CLASS RTOS Condition cause : null
2023-11-10 00:38:48,746 [WARN] ConditionMgr:1039 - genDependencies : Invalid condition id : UX DEVICE CLASS RTOS Condition cause : null
2023-11-10 00:38:48,747 [WARN] ConditionMgr:1039 - genDependencies : Invalid condition id : UX DEVICE CLASS RTOS Condition cause : null
2023-11-10 00:38:48,747 [WARN] ConditionMgr:1039 - genDependencies : Invalid condition id : UX DEVICE CLASS RTOS Condition cause : null
2023-11-10 00:38:48,765 [WARN] PackLoader:240 - Cannot read IP mode file for STMicroelectronics.X-CUBE-NFC7.1.0.1
2023-11-10 00:38:48,777 [WARN] PackLoader:240 - Cannot read IP mode file for STMicroelectronics.X-CUBE-NFC6.3.0.0
2023-11-10 00:38:48,785 [WARN] PackLoader:240 - Cannot read IP mode file for STMicroelectronics.X-CUBE-EEPRMA1.4.1.0
2023-11-10 00:38:48,790 [WARN] PackLoader:240 - Cannot read IP mode file for STMicroelectronics.X-CUBE-AI.8.1.0
2023-11-10 00:38:48,813 [WARN] ConditionMgr:438 - getConditionDescription Invalid condition id : LAN8742 Phy interface Condition cause : null
2023-11-10 00:38:48,814 [WARN] PackLoader:240 - Cannot read IP mode file for STMicroelectronics.X-CUBE-AZRTOS-L4.2.0.0
2023-11-10 00:38:48,818 [WARN] ConditionMgr:1039 - genDependencies : Invalid condition id : LAN8742 Phy interface Condition cause : null
2023-11-10 00:38:48,818 [WARN] ConditionMgr:1039 - genDependencies : Invalid condition id : LAN8742 Phy interface Condition cause : null
2023-11-10 00:38:48,819 [WARN] ConditionMgr:1039 - genDependencies : Invalid condition id : LAN8742 Phy interface Condition cause : null
2023-11-10 00:38:48,832 [WARN] PackLoader:240 - Cannot read IP mode file for STMicroelectronics.X-CUBE-SFXS2LP1.4.0.0
2023-11-10 00:38:48,839 [WARN] PackLoader:240 - Cannot read IP mode file for STMicroelectronics.X-CUBE-ISPU.1.1.0
2023-11-10 00:38:48,850 [WARN] ConditionMgr:438 - getConditionDescription Invalid condition id : UX DEVICE CLASS RTOS Condition cause : null
2023-11-10 00:38:48,850 [WARN] ConditionMgr:438 - getConditionDescription Invalid condition id : UX DEVICE CLASS RTOS Condition cause : null
2023-11-10 00:38:48,854 [WARN] PackLoader:240 - Cannot read IP mode file for STMicroelectronics.X-CUBE-AZRTOS-WB.2.0.0
2023-11-10 00:38:48,855 [WARN] ConditionMgr:1039 - genDependencies : Invalid condition id : UX DEVICE CLASS RTOS Condition cause : null
2023-11-10 00:38:48,855 [WARN] ConditionMgr:1039 - genDependencies : Invalid condition id : UX DEVICE CLASS RTOS Condition cause : null
2023-11-10 00:38:48,856 [WARN] ConditionMgr:1039 - genDependencies : Invalid condition id : UX DEVICE CLASS RTOS Condition cause : null
2023-11-10 00:38:48,857 [WARN] ConditionMgr:1039 - genDependencies : Invalid condition id : UX DEVICE CLASS RTOS Condition cause : null
2023-11-10 00:38:48,858 [WARN] ConditionMgr:1039 - genDependencies : Invalid condition id : UX DEVICE CLASS RTOS Condition cause : null
2023-11-10 00:38:48,870 [WARN] PackLoader:240 - Cannot read IP mode file for STMicroelectronics.X-CUBE-SUBG2.5.0.0
2023-11-10 00:38:48,892 [WARN] PackLoader:240 - Cannot read IP mode file for STMicroelectronics.X-CUBE-TOF1.3.3.1
2023-11-10 00:38:48,914 [WARN] PackLoader:240 - Cannot read IP mode file for STMicroelectronics.X-CUBE-AZRTOS-G4.2.0.0
2023-11-10 00:38:48,932 [WARN] PackLoader:240 - Cannot read IP mode file for Infineon.AIROC-Wi-Fi-Bluetooth-STM32.1.5.1
2023-11-10 00:38:48,940 [WARN] PackLoader:240 - Cannot read IP mode file for STMicroelectronics.FP-SNS-MOTENVWB1.1.3.0
2023-11-10 00:38:48,994 [WARN] PackLoader:240 - Cannot read IP mode file for STMicroelectronics.X-CUBE-MEMS1.10.0.0
2023-11-10 00:38:49,088 [WARN] PackLoader:240 - Cannot read IP mode file for STMicroelectronics.X-CUBE-FREERTOS.1.1.0
2023-11-10 00:38:49,097 [WARN] PackLoader:240 - Cannot read IP mode file for portGmbH.I-Cube-SoM-uGOAL.1.1.0
2023-11-10 00:38:49,100 [WARN] PackLoader:240 - Cannot read IP mode file for STMicroelectronics.X-CUBE-ALS.1.0.1
2023-11-10 00:38:49,105 [WARN] PackLoader:240 - Cannot read IP mode file for STMicroelectronics.FP-ATR-ASTRA1.2.0.0
2023-11-10 00:38:49,106 [INFO] ThirdParty:978 - Integrity check success = true
2023-11-10 00:38:49,106 [INFO] IntegrityCheckThread:100 - exiting critical section [integrity check]
2023-11-10 00:38:49,106 [INFO] IntegrityCheckThread:103 - End integrity checks thread
2023-11-10 00:38:58,659 [ERROR] LogOutputStream:75 - [STDERR_REDIRECT] SLF4J: Failed to load class "org.slf4j.impl.StaticLoggerBinder".
2023-11-10 00:38:58,661 [ERROR] LogOutputStream:75 - [STDERR_REDIRECT] SLF4J: Defaulting to no-operation (NOP) logger implementation
2023-11-10 00:38:58,661 [ERROR] LogOutputStream:75 - [STDERR_REDIRECT] SLF4J: See http://www.slf4j.org/codes.html#StaticLoggerBinder for further details.
