2023-12-16 09:28:23,484 [INFO] Activator:176 - 


2023-12-16 09:28:23,492 [INFO] Activator:177 - !SESSION log4j initialized
2023-12-16 09:28:32,707 [INFO] LogOutputStream:77 - [STDOUT_REDIRECT] 
2023-12-16 09:28:34,498 [INFO] LogOutputStream:77 - [STDOUT_REDIRECT] 
2023-12-16 09:28:39,312 [ERROR] LogOutputStream:75 - [STDERR_REDIRECT] 
2023-12-16 09:28:42,793 [INFO] ApplicationProperties:184 - Using Application install path: /Applications/STM32CubeIDE.app/Contents/Eclipse/plugins/com.st.stm32cube.common.mx_6.9.2.202309101412
2023-12-16 09:28:42,874 [INFO] DbMcusXml:78 - Set database path to: /Applications/STM32CubeIDE.app/Contents/Eclipse/plugins/com.st.stm32cube.common.mx_6.9.2.202309101412//db//mcu/
2023-12-16 09:28:42,875 [INFO] ApiDb:274 - Set plugin database path to: /Applications/STM32CubeIDE.app/Contents/Eclipse/plugins/com.st.stm32cube.common.mx_6.9.2.202309101412//db//plugins/boardmanager/
2023-12-16 09:28:42,878 [WARN] ApiDb:259 - Overriding images path with different value:  => /Applications/STM32CubeIDE.app/Contents/Eclipse/plugins/com.st.stm32cube.common.mx_6.9.2.202309101412//db//plugins/mcufinder/images/
2023-12-16 09:28:42,911 [INFO] ApiDb:250 - Set database path to: /Users/mariestahaab/.stmcufinder/plugins/mcufinder//mcu/
2023-12-16 09:28:42,913 [INFO] DbMcusAds:125 - Set database path to: /Users/mariestahaab/.stmcufinder/plugins/mcufinder//mcu/
2023-12-16 09:28:42,915 [INFO] CrossReferenceDbSqlite:203 - Set database path to: /Users/mariestahaab/.stmcufinder/plugins/mcufinder//mcu/cs/
2023-12-16 09:28:43,127 [INFO] RulesReader:64 - Compatibility file has been processed (293 Rules)
2023-12-16 09:28:43,258 [INFO] DbMcusXml:78 - Set database path to: /Applications/STM32CubeIDE.app/Contents/Eclipse/plugins/com.st.stm32cube.common.mx_6.9.2.202309101412//db//mcu/
2023-12-16 09:28:43,258 [INFO] ApiDb:274 - Set plugin database path to: /Applications/STM32CubeIDE.app/Contents/Eclipse/plugins/com.st.stm32cube.common.mx_6.9.2.202309101412//db//plugins/boardmanager/
2023-12-16 09:28:43,259 [INFO] ApiDb:261 - Set plugin images path to: /Applications/STM32CubeIDE.app/Contents/Eclipse/plugins/com.st.stm32cube.common.mx_6.9.2.202309101412//db//plugins/mcufinder/images/
2023-12-16 09:28:43,260 [WARN] DbFile:41 - Overriding database path with different value: /Users/mariestahaab/.stmcufinder/plugins/mcufinder/ => /Users/mariestahaab/.stmcufinder/plugins/mcufinder
2023-12-16 09:28:43,261 [INFO] ApiDb:250 - Set database path to: /Users/mariestahaab/.stmcufinder/plugins/mcufinder//mcu/
2023-12-16 09:28:43,261 [WARN] DbFile:41 - Overriding database path with different value: /Users/mariestahaab/.stmcufinder/plugins/mcufinder/ => /Users/mariestahaab/.stmcufinder/plugins/mcufinder
2023-12-16 09:28:43,261 [INFO] DbMcusAds:125 - Set database path to: /Users/mariestahaab/.stmcufinder/plugins/mcufinder//mcu/
2023-12-16 09:28:43,261 [WARN] DbFile:41 - Overriding database path with different value: /Users/mariestahaab/.stmcufinder/plugins/mcufinder/ => /Users/mariestahaab/.stmcufinder/plugins/mcufinder
2023-12-16 09:28:43,261 [WARN] DbFile:41 - Overriding database path with different value: /Users/mariestahaab/.stmcufinder/plugins/mcufinder/ => /Users/mariestahaab/.stmcufinder/plugins/mcufinder
2023-12-16 09:28:43,263 [INFO] CrossReferenceDbSqlite:203 - Set database path to: /Users/mariestahaab/.stmcufinder/plugins/mcufinder//mcu/cs/
2023-12-16 09:28:43,361 [INFO] MainPanel:262 - HeapMemory: 268435456
2023-12-16 09:28:43,453 [INFO] DbMcusXml:78 - Set database path to: /Applications/STM32CubeIDE.app/Contents/Eclipse/plugins/com.st.stm32cube.common.mx_6.9.2.202309101412//db//mcu/
2023-12-16 09:28:43,453 [INFO] ApiDb:274 - Set plugin database path to: /Applications/STM32CubeIDE.app/Contents/Eclipse/plugins/com.st.stm32cube.common.mx_6.9.2.202309101412//db//plugins/boardmanager/
2023-12-16 09:28:43,453 [INFO] ApiDb:261 - Set plugin images path to: /Applications/STM32CubeIDE.app/Contents/Eclipse/plugins/com.st.stm32cube.common.mx_6.9.2.202309101412//db//plugins/mcufinder/images/
2023-12-16 09:28:43,454 [WARN] DbFile:41 - Overriding database path with different value: /Users/mariestahaab/.stmcufinder/plugins/mcufinder/ => /Users/mariestahaab/.stmcufinder/plugins/mcufinder
2023-12-16 09:28:43,454 [INFO] ApiDb:250 - Set database path to: /Users/mariestahaab/.stmcufinder/plugins/mcufinder//mcu/
2023-12-16 09:28:43,454 [WARN] DbFile:41 - Overriding database path with different value: /Users/mariestahaab/.stmcufinder/plugins/mcufinder/ => /Users/mariestahaab/.stmcufinder/plugins/mcufinder
2023-12-16 09:28:43,454 [INFO] DbMcusAds:125 - Set database path to: /Users/mariestahaab/.stmcufinder/plugins/mcufinder//mcu/
2023-12-16 09:28:43,454 [WARN] DbFile:41 - Overriding database path with different value: /Users/mariestahaab/.stmcufinder/plugins/mcufinder/ => /Users/mariestahaab/.stmcufinder/plugins/mcufinder
2023-12-16 09:28:43,454 [WARN] DbFile:41 - Overriding database path with different value: /Users/mariestahaab/.stmcufinder/plugins/mcufinder/ => /Users/mariestahaab/.stmcufinder/plugins/mcufinder
2023-12-16 09:28:43,454 [INFO] CrossReferenceDbSqlite:203 - Set database path to: /Users/mariestahaab/.stmcufinder/plugins/mcufinder//mcu/cs/
2023-12-16 09:28:43,488 [INFO] ApplicationProperties:184 - Using Application install path: /Applications/STM32CubeIDE.app/Contents/Eclipse/plugins/com.st.stm32cube.common.mx_6.9.2.202309101412
2023-12-16 09:28:43,492 [INFO] PluginManage:196 - Search for loadable plugins [exclusion list=, ]
2023-12-16 09:28:43,495 [INFO] PluginManage:310 - Check plugin analytics
2023-12-16 09:28:43,740 [INFO] AnalyticsPlugin:253 - Accepted Software Licenses: 
2023-12-16 09:28:43,744 [INFO] AnalyticsPlugin:255 - Accepted CMSIS Pack Licenses: 
2023-12-16 09:28:43,744 [INFO] AnalyticsPlugin:257 - Accepted Firmware Licenses: FW.F4.1.27.0
2023-12-16 09:28:43,753 [INFO] PluginManage:359 - Loaded plugin analytics (category:tool,tabindex:-1)
2023-12-16 09:28:43,754 [INFO] PluginManage:310 - Check plugin cadmodel
2023-12-16 09:28:44,209 [INFO] CADModel:105 - Init CAD model plugin
2023-12-16 09:28:44,210 [INFO] PluginManage:359 - Loaded plugin cadmodel (category:power,tabindex:5)
2023-12-16 09:28:44,210 [INFO] PluginManage:310 - Check plugin clock
2023-12-16 09:28:44,222 [INFO] PluginManage:359 - Loaded plugin clock (category:base,tabindex:2)
2023-12-16 09:28:44,222 [INFO] PluginManage:310 - Check plugin ddr
2023-12-16 09:28:44,224 [INFO] PluginManage:359 - Loaded plugin ddr (category:tool,tabindex:6)
2023-12-16 09:28:44,224 [INFO] PluginManage:310 - Check plugin filemanager
2023-12-16 09:28:44,374 [INFO] PluginManage:359 - Loaded plugin filemanager (category:base,tabindex:10)
2023-12-16 09:28:44,375 [INFO] PluginManage:310 - Check plugin ipmanager
2023-12-16 09:28:44,392 [INFO] PluginManage:359 - Loaded plugin ipmanager (category:base,tabindex:5)
2023-12-16 09:28:44,394 [INFO] PluginManage:310 - Check plugin lpbam
2023-12-16 09:28:44,412 [INFO] PluginManage:359 - Loaded plugin lpbam (category:base,tabindex:0)
2023-12-16 09:28:44,413 [INFO] PluginManage:310 - Check plugin memorymap
2023-12-16 09:28:44,439 [INFO] PluginManage:359 - Loaded plugin memorymap (category:base,tabindex:4)
2023-12-16 09:28:44,439 [INFO] PluginManage:310 - Check plugin pinoutandconfiguration
2023-12-16 09:28:44,452 [INFO] PluginManage:359 - Loaded plugin pinoutandconfiguration (category:base,tabindex:1)
2023-12-16 09:28:44,453 [INFO] PluginManage:310 - Check plugin pinoutconfig
2023-12-16 09:28:44,572 [WARN] SupportedApi:132 - Cannot load RTOS API schema: s4s-elt-must-match.1: The content of 'definitions' must match (annotation?, (simpleType | complexType)?, (unique | key | keyref)*)). A problem was found starting at: attribute.
2023-12-16 09:28:44,737 [INFO] PluginManage:359 - Loaded plugin pinoutconfig (category:base,tabindex:0)
2023-12-16 09:28:44,737 [INFO] PluginManage:310 - Check plugin power
2023-12-16 09:28:44,745 [INFO] PluginManage:359 - Loaded plugin power (category:power,tabindex:4)
2023-12-16 09:28:44,745 [INFO] PluginManage:310 - Check plugin projectmanager
2023-12-16 09:28:44,776 [INFO] PluginManage:359 - Loaded plugin projectmanager (category:projectmanager,tabindex:3)
2023-12-16 09:28:44,776 [INFO] PluginManage:310 - Check plugin thirdparty
2023-12-16 09:28:44,932 [INFO] PluginManage:359 - Loaded plugin thirdparty (category:base,tabindex:-1)
2023-12-16 09:28:44,934 [INFO] PluginManage:310 - Check plugin tools
2023-12-16 09:28:44,932 [WARN] IntegrityCheckThread:84 - waiting for thirdparty lock release [integrity check]
2023-12-16 09:28:44,935 [INFO] IntegrityCheckThread:86 - entering critical section [integrity check]
2023-12-16 09:28:44,936 [INFO] ThirdPartyUpdaterWithRetryManager:70 - Updater plugin not ready yet. [1/15]
2023-12-16 09:28:44,937 [INFO] PluginManage:359 - Loaded plugin tools (category:base,tabindex:7)
2023-12-16 09:28:44,937 [INFO] PluginManage:310 - Check plugin tutovideos
2023-12-16 09:28:45,103 [INFO] PluginManage:359 - Loaded plugin tutovideos (category:base,tabindex:-1)
2023-12-16 09:28:45,103 [INFO] PluginManage:310 - Check plugin updater
2023-12-16 09:28:45,116 [INFO] PluginManage:359 - Loaded plugin updater (category:base,tabindex:12)
2023-12-16 09:28:45,116 [INFO] PluginManage:310 - Check plugin userauth
2023-12-16 09:28:45,122 [INFO] UserAuth:113 - Init User Auth plugin
2023-12-16 09:28:45,122 [INFO] PluginManage:359 - Loaded plugin userauth (category:base,tabindex:14)
2023-12-16 09:28:45,122 [INFO] PluginManage:283 - PluginManage : Loaded plugins [17]
2023-12-16 09:28:45,420 [INFO] PinOutPanel:1499 - setPackage(No Configuration,No Configuration)
2023-12-16 09:28:45,526 [INFO] CADModel:165 - CPN selected for project level
2023-12-16 09:28:45,526 [INFO] CADModel:114 - Register for checkConnection events
2023-12-16 09:28:45,539 [INFO] IPUIPlugin:80 - create IPUIPlugin
2023-12-16 09:28:45,539 [INFO] PluginManager:220 - loadIPPluginJar : add mdma
2023-12-16 09:28:45,544 [INFO] IPUIPlugin:80 - create IPUIPlugin
2023-12-16 09:28:45,544 [INFO] PluginManager:220 - loadIPPluginJar : add freertos
2023-12-16 09:28:45,548 [INFO] IPUIPlugin:80 - create IPUIPlugin
2023-12-16 09:28:45,548 [INFO] PluginManager:220 - loadIPPluginJar : add gic
2023-12-16 09:28:45,555 [INFO] IPUIPlugin:80 - create IPUIPlugin
2023-12-16 09:28:45,555 [INFO] PluginManager:220 - loadIPPluginJar : add adc
2023-12-16 09:28:45,557 [INFO] IPUIPlugin:80 - create IPUIPlugin
2023-12-16 09:28:45,557 [INFO] PluginManager:220 - loadIPPluginJar : add gtzc
2023-12-16 09:28:45,558 [INFO] IPUIPlugin:80 - create IPUIPlugin
2023-12-16 09:28:45,559 [INFO] PluginManager:220 - loadIPPluginJar : add quadspi
2023-12-16 09:28:45,560 [INFO] IPUIPlugin:80 - create IPUIPlugin
2023-12-16 09:28:45,560 [INFO] PluginManager:220 - loadIPPluginJar : add aes
2023-12-16 09:28:45,561 [INFO] IPUIPlugin:80 - create IPUIPlugin
2023-12-16 09:28:45,561 [INFO] PluginManager:220 - loadIPPluginJar : add pdm2pcm
2023-12-16 09:28:45,563 [INFO] IPUIPlugin:80 - create IPUIPlugin
2023-12-16 09:28:45,563 [INFO] PluginManager:220 - loadIPPluginJar : add hash
2023-12-16 09:28:45,564 [INFO] IPUIPlugin:80 - create IPUIPlugin
2023-12-16 09:28:45,564 [INFO] PluginManager:220 - loadIPPluginJar : add tim
2023-12-16 09:28:45,565 [INFO] IPUIPlugin:80 - create IPUIPlugin
2023-12-16 09:28:45,565 [INFO] PluginManager:220 - loadIPPluginJar : add tsc
2023-12-16 09:28:45,566 [INFO] IPUIPlugin:80 - create IPUIPlugin
2023-12-16 09:28:45,566 [INFO] PluginManager:220 - loadIPPluginJar : add ts
2023-12-16 09:28:45,568 [INFO] IPUIPlugin:80 - create IPUIPlugin
2023-12-16 09:28:45,568 [INFO] PluginManager:220 - loadIPPluginJar : add can
2023-12-16 09:28:45,569 [INFO] IPUIPlugin:80 - create IPUIPlugin
2023-12-16 09:28:45,569 [INFO] PluginManager:220 - loadIPPluginJar : add dma3
2023-12-16 09:28:45,570 [INFO] IPUIPlugin:80 - create IPUIPlugin
2023-12-16 09:28:45,571 [INFO] PluginManager:220 - loadIPPluginJar : add dfsdm
2023-12-16 09:28:45,573 [INFO] IPUIPlugin:80 - create IPUIPlugin
2023-12-16 09:28:45,573 [INFO] PluginManager:220 - loadIPPluginJar : add spi
2023-12-16 09:28:45,575 [INFO] IPUIPlugin:80 - create IPUIPlugin
2023-12-16 09:28:45,575 [INFO] PluginManager:220 - loadIPPluginJar : add gfxmmu
2023-12-16 09:28:45,576 [INFO] IPUIPlugin:80 - create IPUIPlugin
2023-12-16 09:28:45,576 [INFO] PluginManager:220 - loadIPPluginJar : add genericplugin
2023-12-16 09:28:45,577 [INFO] IPUIPlugin:80 - create IPUIPlugin
2023-12-16 09:28:45,577 [INFO] PluginManager:220 - loadIPPluginJar : add cryp
2023-12-16 09:28:45,579 [INFO] IPUIPlugin:80 - create IPUIPlugin
2023-12-16 09:28:45,579 [INFO] PluginManager:220 - loadIPPluginJar : add gpio
2023-12-16 09:28:45,580 [INFO] IPUIPlugin:80 - create IPUIPlugin
2023-12-16 09:28:45,580 [INFO] PluginManager:220 - loadIPPluginJar : add comp
2023-12-16 09:28:45,582 [INFO] IPUIPlugin:80 - create IPUIPlugin
2023-12-16 09:28:45,582 [INFO] PluginManager:220 - loadIPPluginJar : add tracer_emb
2023-12-16 09:28:45,584 [INFO] IPUIPlugin:80 - create IPUIPlugin
2023-12-16 09:28:45,584 [INFO] PluginManager:220 - loadIPPluginJar : add openamp
2023-12-16 09:28:45,588 [INFO] IPUIPlugin:80 - create IPUIPlugin
2023-12-16 09:28:45,588 [INFO] PluginManager:220 - loadIPPluginJar : add stm32_wpan
2023-12-16 09:28:45,592 [INFO] IPUIPlugin:80 - create IPUIPlugin
2023-12-16 09:28:45,600 [INFO] PluginManager:220 - loadIPPluginJar : add plateformsettings
2023-12-16 09:28:45,603 [INFO] IPUIPlugin:80 - create IPUIPlugin
2023-12-16 09:28:45,604 [INFO] PluginManager:220 - loadIPPluginJar : add ipddr
2023-12-16 09:28:45,606 [INFO] IPUIPlugin:80 - create IPUIPlugin
2023-12-16 09:28:45,606 [INFO] PluginManager:220 - loadIPPluginJar : add usart
2023-12-16 09:28:45,607 [INFO] IPUIPlugin:80 - create IPUIPlugin
2023-12-16 09:28:45,607 [INFO] PluginManager:220 - loadIPPluginJar : add ltdc
2023-12-16 09:28:45,609 [INFO] IPUIPlugin:80 - create IPUIPlugin
2023-12-16 09:28:45,609 [INFO] PluginManager:220 - loadIPPluginJar : add nvic
2023-12-16 09:28:45,610 [INFO] IPUIPlugin:80 - create IPUIPlugin
2023-12-16 09:28:45,610 [INFO] PluginManager:220 - loadIPPluginJar : add fatfs
2023-12-16 09:28:45,614 [INFO] IPUIPlugin:80 - create IPUIPlugin
2023-12-16 09:28:45,614 [INFO] PluginManager:220 - loadIPPluginJar : add linkedlist
2023-12-16 09:28:45,617 [INFO] IPUIPlugin:80 - create IPUIPlugin
2023-12-16 09:28:45,617 [INFO] PluginManager:220 - loadIPPluginJar : add dma
2023-12-16 09:28:45,619 [INFO] IPUIPlugin:80 - create IPUIPlugin
2023-12-16 09:28:45,619 [INFO] PluginManager:220 - loadIPPluginJar : add fmc
2023-12-16 09:28:45,620 [INFO] IPUIPlugin:80 - create IPUIPlugin
2023-12-16 09:28:45,621 [INFO] PluginManager:220 - loadIPPluginJar : add i2s
2023-12-16 09:28:45,622 [INFO] IPUIPlugin:80 - create IPUIPlugin
2023-12-16 09:28:45,623 [INFO] PluginManager:220 - loadIPPluginJar : add ucpd
2023-12-16 09:28:45,625 [INFO] IPUIPlugin:80 - create IPUIPlugin
2023-12-16 09:28:45,625 [INFO] PluginManager:220 - loadIPPluginJar : add lorawan
2023-12-16 09:28:45,626 [INFO] IPUIPlugin:80 - create IPUIPlugin
2023-12-16 09:28:45,626 [INFO] PluginManager:220 - loadIPPluginJar : add opamp
2023-12-16 09:28:45,628 [INFO] IPUIPlugin:80 - create IPUIPlugin
2023-12-16 09:28:45,628 [INFO] PluginManager:220 - loadIPPluginJar : add i3c
2023-12-16 09:28:45,629 [INFO] IPUIPlugin:80 - create IPUIPlugin
2023-12-16 09:28:45,630 [INFO] PluginManager:220 - loadIPPluginJar : add touchsensing
2023-12-16 09:28:45,631 [INFO] IPUIPlugin:80 - create IPUIPlugin
2023-12-16 09:28:45,631 [INFO] PluginManager:220 - loadIPPluginJar : add i2c
2023-12-16 09:28:45,633 [INFO] IPUIPlugin:80 - create IPUIPlugin
2023-12-16 09:28:45,633 [INFO] PluginManager:220 - loadIPPluginJar : add resmgrutility
2023-12-16 09:28:45,635 [INFO] IPUIPlugin:80 - create IPUIPlugin
2023-12-16 09:28:45,635 [INFO] PluginManager:220 - loadIPPluginJar : add sai
2023-12-16 09:28:45,637 [INFO] IPUIPlugin:80 - create IPUIPlugin
2023-12-16 09:28:45,637 [INFO] PluginManager:220 - loadIPPluginJar : add usbx
2023-12-16 09:28:45,763 [INFO] CADModel:165 - CPN selected for project level
2023-12-16 09:28:45,764 [INFO] CADModel:114 - Register for checkConnection events
2023-12-16 09:28:45,765 [FATAL] Updater:308 - Updater called before beeing initialized
2023-12-16 09:28:45,765 [ERROR] CADModel:125 - Updater not yet initialized, retry later 
2023-12-16 09:28:46,015 [INFO] CADModel:165 - CPN selected for project level
2023-12-16 09:28:46,015 [INFO] CADModel:114 - Register for checkConnection events
2023-12-16 09:28:46,015 [FATAL] Updater:308 - Updater called before beeing initialized
2023-12-16 09:28:46,015 [ERROR] CADModel:125 - Updater not yet initialized, retry later 
2023-12-16 09:28:46,018 [FATAL] Updater:308 - Updater called before beeing initialized
2023-12-16 09:28:46,169 [FATAL] Updater:308 - Updater called before beeing initialized
2023-12-16 09:28:46,177 [INFO] DbMcusAds:53 - JSON generation date=Tue Mar 07 08:50:55 GMT 2023 (1678179055335)
2023-12-16 09:28:46,177 [FATAL] Updater:308 - Updater called before beeing initialized
2023-12-16 09:28:47,585 [WARN] DetailPanel:346 - Failed to get advertising image, set to default
2023-12-16 09:28:47,660 [FATAL] Updater:308 - Updater called before beeing initialized
2023-12-16 09:28:47,661 [FATAL] Updater:308 - Updater called before beeing initialized
2023-12-16 09:28:47,661 [FATAL] Updater:308 - Updater called before beeing initialized
2023-12-16 09:28:47,661 [WARN] DetailPanel:346 - Failed to get advertising image, set to default
2023-12-16 09:28:47,663 [FATAL] Updater:308 - Updater called before beeing initialized
2023-12-16 09:28:47,723 [ERROR] Updater:1120 - MainUpdater not yet initialized. External WinMGr cannot be set.
2023-12-16 09:28:47,764 [INFO] Updater:1056 - Updater Version found : 6.9.2
2023-12-16 09:28:47,777 [INFO] ApplicationProperties:184 - Using Application install path: /Applications/STM32CubeIDE.app/Contents/Eclipse/plugins/com.st.stm32cube.common.mx_6.9.2.202309101412
2023-12-16 09:28:47,944 [INFO] ThirdPartyUpdaterWithRetryManager:70 - Updater plugin not ready yet. [2/15]
2023-12-16 09:28:48,642 [INFO] MainUpdater:2868 - connection check result : 10
2023-12-16 09:28:48,643 [INFO] MainUpdater:3562 - Updater definition file requires update
2023-12-16 09:28:48,646 [INFO] MainUpdater:285 - Updater Check For Update Now.
2023-12-16 09:28:48,647 [INFO] MicroXplorer:498 - Change Database Version : DB.6.0.92
2023-12-16 09:28:48,660 [INFO] McuFinderGlobals:63 - Set McuFinder mode to 2 (CubeIDE integrated)
2023-12-16 09:28:48,792 [INFO] ServerAccessManage:473 - Download File updaters.zip
2023-12-16 09:28:49,051 [INFO] FileExtend:240 - Unzip File : updaters.zip
2023-12-16 09:28:49,051 [INFO] FileExtend:255 - Standard Zip Deflate
2023-12-16 09:28:49,297 [INFO] ServerAccessManage:473 - Download File PacksControlFlags.xml
2023-12-16 09:28:49,541 [INFO] ServerAccessManage:473 - Download File cubemx.pidx
2023-12-16 09:28:50,378 [INFO] ServerAccessManage:473 - Download File STMicroelectronics.FP-SNS-MOTENVWB1.pdsc
2023-12-16 09:28:50,950 [WARN] MainUpdater:1189 - Updater busy. Cannot search thirdparties
2023-12-16 09:28:50,950 [INFO] ThirdPartyUpdaterWithRetryManager:96 - Updater plugin is busy. [1/15]
2023-12-16 09:28:51,375 [INFO] ServerAccessManage:473 - Download File STMicroelectronics.X-CUBE-ISPU.pdsc
2023-12-16 09:28:52,637 [INFO] ServerAccessManage:473 - Download File STMicroelectronics.X-CUBE-TOF1.pdsc
2023-12-16 09:28:53,962 [WARN] MainUpdater:1189 - Updater busy. Cannot search thirdparties
2023-12-16 09:28:53,965 [INFO] ThirdPartyUpdaterWithRetryManager:96 - Updater plugin is busy. [2/15]
2023-12-16 09:28:54,040 [ERROR] ServerAccessManage:1089 - Problem, file not found on Server
2023-12-16 09:28:54,473 [INFO] ServerAccessManage:473 - Download File STMicroelectronics.X-CUBE-TOUCHGFX.pdsc
2023-12-16 09:28:54,648 [ERROR] LogOutputStream:75 - [STDERR_REDIRECT] SLF4J: Failed to load class "org.slf4j.impl.StaticLoggerBinder".
2023-12-16 09:28:54,649 [ERROR] LogOutputStream:75 - [STDERR_REDIRECT] SLF4J: Defaulting to no-operation (NOP) logger implementation
2023-12-16 09:28:54,649 [ERROR] LogOutputStream:75 - [STDERR_REDIRECT] SLF4J: See http://www.slf4j.org/codes.html#StaticLoggerBinder for further details.
2023-12-16 09:28:56,976 [WARN] MainUpdater:1189 - Updater busy. Cannot search thirdparties
2023-12-16 09:28:56,977 [INFO] ThirdPartyUpdaterWithRetryManager:96 - Updater plugin is busy. [3/15]
2023-12-16 09:28:58,222 [INFO] ServerAccessManage:473 - Download File STMicroelectronics.X-CUBE-AZRTOS-H7.pdsc
2023-12-16 09:28:59,988 [WARN] MainUpdater:1189 - Updater busy. Cannot search thirdparties
2023-12-16 09:28:59,989 [INFO] ThirdPartyUpdaterWithRetryManager:96 - Updater plugin is busy. [4/15]
2023-12-16 09:29:00,452 [ERROR] ServerAccessManage:1096 - Problem, Http access forbiden
2023-12-16 09:29:00,458 [ERROR] ServerAccessManage:651 - Problem, Http access forbiden : RoweBots.I-CUBE-UNISONRTOS.pdsc.
2023-12-16 09:29:00,786 [WARN] PackLoader:240 - Cannot read IP mode file for STMicroelectronics.FP-SNS-MOTENVWB1.1.3.1
2023-12-16 09:29:00,865 [WARN] PackLoader:240 - Cannot read IP mode file for STMicroelectronics.X-CUBE-ISPU.2.0.0
2023-12-16 09:29:00,928 [WARN] PackLoader:240 - Cannot read IP mode file for STMicroelectronics.X-CUBE-TOF1.3.4.0
2023-12-16 09:29:01,030 [INFO] CheckServerUpdateThread:120 - End of CheckServer Thread
2023-12-16 09:29:01,069 [WARN] PackLoader:240 - Cannot read IP mode file for STMicroelectronics.X-CUBE-TOUCHGFX.4.23.0
2023-12-16 09:29:01,171 [WARN] PackLoader:240 - Cannot read IP mode file for STMicroelectronics.X-CUBE-AZRTOS-H7.3.2.0
2023-12-16 09:29:01,192 [INFO] PopulateThirdPartyThread:66 - Ending populate Thread
2023-12-16 09:29:01,194 [INFO] ThirdParty:1030 - CMSIS Pack Vendor :STMicroelectronics FP-SNS-MOTENVWB1 1.3.1
2023-12-16 09:29:01,194 [INFO] ThirdParty:1030 - CMSIS Pack Vendor :STMicroelectronics X-CUBE-TOUCHGFX 4.23.0
2023-12-16 09:29:01,194 [INFO] ThirdParty:1030 - CMSIS Pack Vendor :STMicroelectronics X-CUBE-TOF1 3.4.0
2023-12-16 09:29:01,194 [INFO] ThirdParty:1030 - CMSIS Pack Vendor :STMicroelectronics X-CUBE-AZRTOS-H7 3.2.0
2023-12-16 09:29:01,194 [INFO] ThirdParty:1030 - CMSIS Pack Vendor :STMicroelectronics X-CUBE-ISPU 2.0.0
2023-12-16 09:29:01,194 [INFO] LoadServerUpdatesThread:373 - End of LoadServerUpdate Thread
2023-12-16 09:29:03,136 [WARN] PackLoader:240 - Cannot read IP mode file for STMicroelectronics.X-CUBE-SMBUS.2.1.0
2023-12-16 09:29:03,152 [WARN] PackLoader:240 - Cannot read IP mode file for STMicroelectronics.X-CUBE-TOUCHGFX.4.23.0
2023-12-16 09:29:03,191 [WARN] PackLoader:240 - Cannot read IP mode file for STMicroelectronics.X-CUBE-AZRTOS-F7.1.1.0
2023-12-16 09:29:03,218 [WARN] PackLoader:240 - Cannot read IP mode file for STMicroelectronics.FP-SNS-MOTENV1.4.3.2
2023-12-16 09:29:03,244 [WARN] PackLoader:240 - Cannot read IP mode file for STMicroelectronics.FP-SNS-FLIGHT1.5.0.2
2023-12-16 09:29:03,276 [WARN] PackLoader:240 - Cannot read IP mode file for STMicroelectronics.X-CUBE-DISPLAY.3.0.0
2023-12-16 09:29:03,311 [WARN] PackLoader:240 - Cannot read IP mode file for STMicroelectronics.X-CUBE-BLE1.7.0.0
2023-12-16 09:29:03,325 [WARN] PackLoader:240 - Cannot read IP mode file for emotas.I-CUBE-CANOPEN.1.3.0
2023-12-16 09:29:03,329 [WARN] PackLoader:240 - Cannot read IP mode file for STMicroelectronics.X-CUBE-TOUCHGFX.4.22.0
2023-12-16 09:29:03,331 [WARN] PackLoader:240 - Cannot read IP mode file for STMicroelectronics.X-CUBE-TOUCHGFX.4.22.1
2023-12-16 09:29:03,335 [WARN] PackLoader:240 - Cannot read IP mode file for STMicroelectronics.FP-SNS-SMARTAG2.1.2.0
2023-12-16 09:29:03,358 [INFO] LogOutputStream:77 - [STDOUT_REDIRECT] 1 : Invalid condition id : UX_CORESTACK_Condition cause : null
2023-12-16 09:29:03,360 [INFO] LogOutputStream:77 - [STDOUT_REDIRECT] 1 : Invalid condition id : UX_CORESTACK_Condition cause : null
2023-12-16 09:29:03,360 [INFO] LogOutputStream:77 - [STDOUT_REDIRECT] 1 : Invalid condition id : UX_CORESTACK_Condition cause : null
2023-12-16 09:29:03,360 [INFO] LogOutputStream:77 - [STDOUT_REDIRECT] 1 : Invalid condition id : UX_CORESTACK_Condition cause : null
2023-12-16 09:29:03,361 [INFO] LogOutputStream:77 - [STDOUT_REDIRECT] 1 : Invalid condition id : UX_CORESTACK_Condition cause : null
2023-12-16 09:29:03,366 [WARN] PackLoader:240 - Cannot read IP mode file for STMicroelectronics.X-CUBE-AZRTOS-WL.2.0.0
2023-12-16 09:29:03,380 [WARN] PackLoader:240 - Cannot read IP mode file for WES.I-CUBE-Cesium.1.3.0
2023-12-16 09:29:03,392 [WARN] PackLoader:240 - Cannot read IP mode file for STMicroelectronics.X-CUBE-BLE2.3.3.0
2023-12-16 09:29:03,410 [WARN] PackLoader:240 - Cannot read IP mode file for STMicroelectronics.X-CUBE-ALGOBUILD.1.3.0
2023-12-16 09:29:03,433 [WARN] PackLoader:240 - Cannot read IP mode file for STMicroelectronics.X-CUBE-AZRTOS-G0.1.1.0
2023-12-16 09:29:03,462 [WARN] PackLoader:240 - Cannot read IP mode file for STMicroelectronics.X-CUBE-NFC4.3.0.0
2023-12-16 09:29:03,498 [WARN] PackLoader:240 - Cannot read IP mode file for STMicroelectronics.X-CUBE-BLEMGR.3.0.0
2023-12-16 09:29:03,521 [WARN] PackLoader:240 - Cannot read IP mode file for STMicroelectronics.FP-ATR-SIGFOX1.3.2.0
2023-12-16 09:29:03,584 [WARN] PackLoader:240 - Cannot read IP mode file for SEGGER.I-CUBE-embOS.1.3.1
2023-12-16 09:29:03,687 [WARN] PackLoader:240 - Cannot read IP mode file for STMicroelectronics.X-CUBE-GNSS1.6.0.0
2023-12-16 09:29:03,729 [WARN] PackLoader:240 - Cannot read IP mode file for STMicroelectronics.X-CUBE-AZRTOS-F4.1.1.0
2023-12-16 09:29:03,748 [WARN] PackLoader:240 - Cannot read IP mode file for wolfSSL.I-CUBE-wolfSSL.5.6.3
2023-12-16 09:29:03,783 [WARN] PackLoader:240 - Cannot read IP mode file for STMicroelectronics.X-CUBE-AZRTOS-L5.2.0.0
2023-12-16 09:29:03,976 [WARN] PackLoader:240 - Cannot read IP mode file for STMicroelectronics.X-CUBE-MEMS1.9.6.0
2023-12-16 09:29:04,122 [WARN] PackLoader:240 - Cannot read IP mode file for STMicroelectronics.X-CUBE-EEPRMA1.4.2.0
2023-12-16 09:29:04,146 [WARN] PackLoader:240 - Cannot read IP mode file for ITTIA_DB.I-CUBE-ITTIADB.8.8.0
2023-12-16 09:29:04,160 [WARN] PackLoader:240 - Cannot read IP mode file for STMicroelectronics.X-CUBE-BLEMGR.2.0.0
2023-12-16 09:29:04,194 [WARN] ConditionMgr:438 - getConditionDescription Invalid condition id : UX DEVICE CLASS RTOS Condition cause : null
2023-12-16 09:29:04,195 [WARN] ConditionMgr:438 - getConditionDescription Invalid condition id : UX DEVICE CLASS RTOS Condition cause : null
2023-12-16 09:29:04,202 [WARN] PackLoader:240 - Cannot read IP mode file for STMicroelectronics.X-CUBE-AZRTOS-H7.3.1.0
2023-12-16 09:29:04,205 [WARN] ConditionMgr:1039 - genDependencies : Invalid condition id : UX DEVICE CLASS RTOS Condition cause : null
2023-12-16 09:29:04,206 [WARN] ConditionMgr:1039 - genDependencies : Invalid condition id : UX DEVICE CLASS RTOS Condition cause : null
2023-12-16 09:29:04,208 [WARN] ConditionMgr:1039 - genDependencies : Invalid condition id : UX DEVICE CLASS RTOS Condition cause : null
2023-12-16 09:29:04,208 [WARN] ConditionMgr:1039 - genDependencies : Invalid condition id : UX DEVICE CLASS RTOS Condition cause : null
2023-12-16 09:29:04,209 [WARN] ConditionMgr:1039 - genDependencies : Invalid condition id : UX DEVICE CLASS RTOS Condition cause : null
2023-12-16 09:29:04,217 [WARN] PackLoader:240 - Cannot read IP mode file for STMicroelectronics.X-CUBE-NFC7.1.0.1
2023-12-16 09:29:04,228 [WARN] PackLoader:240 - Cannot read IP mode file for STMicroelectronics.X-CUBE-NFC6.3.0.0
2023-12-16 09:29:04,236 [WARN] PackLoader:240 - Cannot read IP mode file for STMicroelectronics.X-CUBE-EEPRMA1.4.1.0
2023-12-16 09:29:04,243 [WARN] PackLoader:240 - Cannot read IP mode file for STMicroelectronics.X-CUBE-AI.8.1.0
2023-12-16 09:29:04,266 [WARN] ConditionMgr:438 - getConditionDescription Invalid condition id : LAN8742 Phy interface Condition cause : null
2023-12-16 09:29:04,268 [WARN] PackLoader:240 - Cannot read IP mode file for STMicroelectronics.X-CUBE-AZRTOS-L4.2.0.0
2023-12-16 09:29:04,272 [WARN] ConditionMgr:1039 - genDependencies : Invalid condition id : LAN8742 Phy interface Condition cause : null
2023-12-16 09:29:04,272 [WARN] ConditionMgr:1039 - genDependencies : Invalid condition id : LAN8742 Phy interface Condition cause : null
2023-12-16 09:29:04,273 [WARN] ConditionMgr:1039 - genDependencies : Invalid condition id : LAN8742 Phy interface Condition cause : null
2023-12-16 09:29:04,283 [WARN] PackLoader:240 - Cannot read IP mode file for STMicroelectronics.X-CUBE-SFXS2LP1.4.0.0
2023-12-16 09:29:04,292 [WARN] PackLoader:240 - Cannot read IP mode file for STMicroelectronics.X-CUBE-ISPU.1.1.0
2023-12-16 09:29:04,304 [WARN] ConditionMgr:438 - getConditionDescription Invalid condition id : UX DEVICE CLASS RTOS Condition cause : null
2023-12-16 09:29:04,305 [WARN] ConditionMgr:438 - getConditionDescription Invalid condition id : UX DEVICE CLASS RTOS Condition cause : null
2023-12-16 09:29:04,309 [WARN] PackLoader:240 - Cannot read IP mode file for STMicroelectronics.X-CUBE-AZRTOS-WB.2.0.0
2023-12-16 09:29:04,310 [WARN] ConditionMgr:1039 - genDependencies : Invalid condition id : UX DEVICE CLASS RTOS Condition cause : null
2023-12-16 09:29:04,310 [WARN] ConditionMgr:1039 - genDependencies : Invalid condition id : UX DEVICE CLASS RTOS Condition cause : null
2023-12-16 09:29:04,311 [WARN] ConditionMgr:1039 - genDependencies : Invalid condition id : UX DEVICE CLASS RTOS Condition cause : null
2023-12-16 09:29:04,312 [WARN] ConditionMgr:1039 - genDependencies : Invalid condition id : UX DEVICE CLASS RTOS Condition cause : null
2023-12-16 09:29:04,312 [WARN] ConditionMgr:1039 - genDependencies : Invalid condition id : UX DEVICE CLASS RTOS Condition cause : null
2023-12-16 09:29:04,326 [WARN] PackLoader:240 - Cannot read IP mode file for STMicroelectronics.X-CUBE-SUBG2.5.0.0
2023-12-16 09:29:04,344 [WARN] PackLoader:240 - Cannot read IP mode file for STMicroelectronics.X-CUBE-TOF1.3.3.1
2023-12-16 09:29:04,372 [WARN] PackLoader:240 - Cannot read IP mode file for STMicroelectronics.X-CUBE-AZRTOS-G4.2.0.0
2023-12-16 09:29:04,390 [WARN] PackLoader:240 - Cannot read IP mode file for Infineon.AIROC-Wi-Fi-Bluetooth-STM32.1.5.1
2023-12-16 09:29:04,401 [WARN] PackLoader:240 - Cannot read IP mode file for STMicroelectronics.FP-SNS-MOTENVWB1.1.3.0
2023-12-16 09:29:04,406 [WARN] PackLoader:240 - Cannot read IP mode file for STMicroelectronics.FP-SNS-MOTENVWB1.1.3.1
2023-12-16 09:29:04,410 [WARN] PackLoader:240 - Cannot read IP mode file for STMicroelectronics.X-CUBE-ISPU.2.0.0
2023-12-16 09:29:04,473 [WARN] PackLoader:240 - Cannot read IP mode file for STMicroelectronics.X-CUBE-MEMS1.10.0.0
2023-12-16 09:29:04,602 [WARN] PackLoader:240 - Cannot read IP mode file for STMicroelectronics.X-CUBE-FREERTOS.1.1.0
2023-12-16 09:29:04,609 [WARN] PackLoader:240 - Cannot read IP mode file for portGmbH.I-Cube-SoM-uGOAL.1.1.0
2023-12-16 09:29:04,618 [WARN] PackLoader:240 - Cannot read IP mode file for STMicroelectronics.X-CUBE-ALS.1.0.1
2023-12-16 09:29:04,624 [WARN] PackLoader:240 - Cannot read IP mode file for STMicroelectronics.FP-ATR-ASTRA1.2.0.0
2023-12-16 09:29:04,637 [WARN] PackLoader:240 - Cannot read IP mode file for STMicroelectronics.X-CUBE-TOF1.3.4.0
2023-12-16 09:29:04,677 [WARN] PackLoader:240 - Cannot read IP mode file for STMicroelectronics.X-CUBE-AZRTOS-H7.3.2.0
2023-12-16 09:29:04,686 [INFO] ThirdParty:978 - Integrity check success = true
2023-12-16 09:29:04,686 [INFO] IntegrityCheckThread:100 - exiting critical section [integrity check]
2023-12-16 09:29:04,686 [INFO] IntegrityCheckThread:103 - End integrity checks thread
