2024-01-20 18:11:41,465 [INFO] Activator:176 - 


2024-01-20 18:11:41,469 [INFO] Activator:177 - !SESSION log4j initialized
2024-01-20 18:11:47,640 [ERROR] LogOutputStream:75 - [STDERR_REDIRECT] 
2024-01-20 18:11:48,484 [INFO] LogOutputStream:77 - [STDOUT_REDIRECT] 
2024-01-20 18:11:51,390 [INFO] LogOutputStream:77 - [STDOUT_REDIRECT] 
2024-01-20 18:11:52,870 [INFO] ApplicationProperties:184 - Using Application install path: /Applications/STM32CubeIDE.app/Contents/Eclipse/plugins/com.st.stm32cube.common.mx_6.10.0.202311202037
2024-01-20 18:11:52,889 [INFO] DbMcusXml:78 - Set database path to: /Applications/STM32CubeIDE.app/Contents/Eclipse/plugins/com.st.stm32cube.common.mx_6.10.0.202311202037//db//mcu/
2024-01-20 18:11:52,889 [INFO] ApiDb:274 - Set plugin database path to: /Applications/STM32CubeIDE.app/Contents/Eclipse/plugins/com.st.stm32cube.common.mx_6.10.0.202311202037//db//plugins/boardmanager/
2024-01-20 18:11:52,889 [WARN] ApiDb:259 - Overriding images path with different value:  => /Applications/STM32CubeIDE.app/Contents/Eclipse/plugins/com.st.stm32cube.common.mx_6.10.0.202311202037//db//plugins/mcufinder/images/
2024-01-20 18:11:52,899 [INFO] ApiDb:250 - Set database path to: /Users/mariestahaab/.stmcufinder/plugins/mcufinder//mcu/
2024-01-20 18:11:52,901 [INFO] DbMcusAds:125 - Set database path to: /Users/mariestahaab/.stmcufinder/plugins/mcufinder//mcu/
2024-01-20 18:11:52,915 [INFO] CrossReferenceDbSqlite:203 - Set database path to: /Users/mariestahaab/.stmcufinder/plugins/mcufinder//mcu/cs/
2024-01-20 18:11:53,067 [INFO] RulesReader:64 - Compatibility file has been processed (297 Rules)
2024-01-20 18:11:53,149 [INFO] DbMcusXml:78 - Set database path to: /Applications/STM32CubeIDE.app/Contents/Eclipse/plugins/com.st.stm32cube.common.mx_6.10.0.202311202037//db//mcu/
2024-01-20 18:11:53,149 [INFO] ApiDb:274 - Set plugin database path to: /Applications/STM32CubeIDE.app/Contents/Eclipse/plugins/com.st.stm32cube.common.mx_6.10.0.202311202037//db//plugins/boardmanager/
2024-01-20 18:11:53,150 [INFO] ApiDb:261 - Set plugin images path to: /Applications/STM32CubeIDE.app/Contents/Eclipse/plugins/com.st.stm32cube.common.mx_6.10.0.202311202037//db//plugins/mcufinder/images/
2024-01-20 18:11:53,151 [WARN] DbFile:41 - Overriding database path with different value: /Users/mariestahaab/.stmcufinder/plugins/mcufinder/ => /Users/mariestahaab/.stmcufinder/plugins/mcufinder
2024-01-20 18:11:53,151 [INFO] ApiDb:250 - Set database path to: /Users/mariestahaab/.stmcufinder/plugins/mcufinder//mcu/
2024-01-20 18:11:53,151 [WARN] DbFile:41 - Overriding database path with different value: /Users/mariestahaab/.stmcufinder/plugins/mcufinder/ => /Users/mariestahaab/.stmcufinder/plugins/mcufinder
2024-01-20 18:11:53,151 [INFO] DbMcusAds:125 - Set database path to: /Users/mariestahaab/.stmcufinder/plugins/mcufinder//mcu/
2024-01-20 18:11:53,151 [WARN] DbFile:41 - Overriding database path with different value: /Users/mariestahaab/.stmcufinder/plugins/mcufinder/ => /Users/mariestahaab/.stmcufinder/plugins/mcufinder
2024-01-20 18:11:53,151 [WARN] DbFile:41 - Overriding database path with different value: /Users/mariestahaab/.stmcufinder/plugins/mcufinder/ => /Users/mariestahaab/.stmcufinder/plugins/mcufinder
2024-01-20 18:11:53,151 [INFO] CrossReferenceDbSqlite:203 - Set database path to: /Users/mariestahaab/.stmcufinder/plugins/mcufinder//mcu/cs/
2024-01-20 18:11:53,261 [INFO] MainPanel:264 - HeapMemory: 268435456
2024-01-20 18:11:53,415 [INFO] DbMcusXml:78 - Set database path to: /Applications/STM32CubeIDE.app/Contents/Eclipse/plugins/com.st.stm32cube.common.mx_6.10.0.202311202037//db//mcu/
2024-01-20 18:11:53,415 [INFO] ApiDb:274 - Set plugin database path to: /Applications/STM32CubeIDE.app/Contents/Eclipse/plugins/com.st.stm32cube.common.mx_6.10.0.202311202037//db//plugins/boardmanager/
2024-01-20 18:11:53,415 [INFO] ApiDb:261 - Set plugin images path to: /Applications/STM32CubeIDE.app/Contents/Eclipse/plugins/com.st.stm32cube.common.mx_6.10.0.202311202037//db//plugins/mcufinder/images/
2024-01-20 18:11:53,416 [WARN] DbFile:41 - Overriding database path with different value: /Users/mariestahaab/.stmcufinder/plugins/mcufinder/ => /Users/mariestahaab/.stmcufinder/plugins/mcufinder
2024-01-20 18:11:53,416 [INFO] ApiDb:250 - Set database path to: /Users/mariestahaab/.stmcufinder/plugins/mcufinder//mcu/
2024-01-20 18:11:53,416 [WARN] DbFile:41 - Overriding database path with different value: /Users/mariestahaab/.stmcufinder/plugins/mcufinder/ => /Users/mariestahaab/.stmcufinder/plugins/mcufinder
2024-01-20 18:11:53,417 [INFO] DbMcusAds:125 - Set database path to: /Users/mariestahaab/.stmcufinder/plugins/mcufinder//mcu/
2024-01-20 18:11:53,417 [WARN] DbFile:41 - Overriding database path with different value: /Users/mariestahaab/.stmcufinder/plugins/mcufinder/ => /Users/mariestahaab/.stmcufinder/plugins/mcufinder
2024-01-20 18:11:53,417 [WARN] DbFile:41 - Overriding database path with different value: /Users/mariestahaab/.stmcufinder/plugins/mcufinder/ => /Users/mariestahaab/.stmcufinder/plugins/mcufinder
2024-01-20 18:11:53,417 [INFO] CrossReferenceDbSqlite:203 - Set database path to: /Users/mariestahaab/.stmcufinder/plugins/mcufinder//mcu/cs/
2024-01-20 18:11:53,454 [INFO] ApplicationProperties:184 - Using Application install path: /Applications/STM32CubeIDE.app/Contents/Eclipse/plugins/com.st.stm32cube.common.mx_6.10.0.202311202037
2024-01-20 18:11:53,456 [INFO] PluginManage:196 - Search for loadable plugins [exclusion list=, ]
2024-01-20 18:11:53,459 [INFO] PluginManage:310 - Check plugin analytics
2024-01-20 18:11:53,873 [INFO] AnalyticsPlugin:253 - Accepted Software Licenses: 
2024-01-20 18:11:53,874 [INFO] AnalyticsPlugin:255 - Accepted CMSIS Pack Licenses: 
2024-01-20 18:11:53,874 [INFO] AnalyticsPlugin:257 - Accepted Firmware Licenses: FW.F4.1.27.0
2024-01-20 18:11:53,887 [INFO] PluginManage:359 - Loaded plugin analytics (category:tool,tabindex:-1)
2024-01-20 18:11:53,889 [INFO] PluginManage:310 - Check plugin cadmodel
2024-01-20 18:11:54,486 [INFO] CADModel:105 - Init CAD model plugin
2024-01-20 18:11:54,486 [INFO] PluginManage:359 - Loaded plugin cadmodel (category:power,tabindex:5)
2024-01-20 18:11:54,487 [INFO] PluginManage:310 - Check plugin clock
2024-01-20 18:11:54,497 [INFO] PluginManage:359 - Loaded plugin clock (category:base,tabindex:2)
2024-01-20 18:11:54,497 [INFO] PluginManage:310 - Check plugin ddr
2024-01-20 18:11:54,499 [INFO] PluginManage:359 - Loaded plugin ddr (category:tool,tabindex:6)
2024-01-20 18:11:54,499 [INFO] PluginManage:310 - Check plugin filemanager
2024-01-20 18:11:54,651 [INFO] PluginManage:359 - Loaded plugin filemanager (category:base,tabindex:10)
2024-01-20 18:11:54,652 [INFO] PluginManage:310 - Check plugin ipmanager
2024-01-20 18:11:54,659 [INFO] PluginManage:359 - Loaded plugin ipmanager (category:base,tabindex:5)
2024-01-20 18:11:54,660 [INFO] PluginManage:310 - Check plugin lpbam
2024-01-20 18:11:54,673 [INFO] PluginManage:359 - Loaded plugin lpbam (category:base,tabindex:0)
2024-01-20 18:11:54,674 [INFO] PluginManage:310 - Check plugin memorymap
2024-01-20 18:11:54,683 [INFO] PluginManage:359 - Loaded plugin memorymap (category:base,tabindex:4)
2024-01-20 18:11:54,684 [INFO] PluginManage:310 - Check plugin pinoutandconfiguration
2024-01-20 18:11:54,689 [INFO] PluginManage:359 - Loaded plugin pinoutandconfiguration (category:base,tabindex:1)
2024-01-20 18:11:54,689 [INFO] PluginManage:310 - Check plugin pinoutconfig
2024-01-20 18:11:54,833 [WARN] SupportedApi:132 - Cannot load RTOS API schema: s4s-elt-must-match.1: The content of 'definitions' must match (annotation?, (simpleType | complexType)?, (unique | key | keyref)*)). A problem was found starting at: attribute.
2024-01-20 18:11:54,998 [INFO] PluginManage:359 - Loaded plugin pinoutconfig (category:base,tabindex:0)
2024-01-20 18:11:54,998 [INFO] PluginManage:310 - Check plugin power
2024-01-20 18:11:55,011 [INFO] PluginManage:359 - Loaded plugin power (category:power,tabindex:4)
2024-01-20 18:11:55,011 [INFO] PluginManage:310 - Check plugin projectmanager
2024-01-20 18:11:55,042 [INFO] PluginManage:359 - Loaded plugin projectmanager (category:projectmanager,tabindex:3)
2024-01-20 18:11:55,042 [INFO] PluginManage:310 - Check plugin thirdparty
2024-01-20 18:11:55,217 [INFO] PluginManage:359 - Loaded plugin thirdparty (category:base,tabindex:-1)
2024-01-20 18:11:55,217 [WARN] IntegrityCheckThread:84 - waiting for thirdparty lock release [integrity check]
2024-01-20 18:11:55,217 [INFO] IntegrityCheckThread:86 - entering critical section [integrity check]
2024-01-20 18:11:55,217 [INFO] PluginManage:310 - Check plugin tools
2024-01-20 18:11:55,218 [INFO] ThirdPartyUpdaterWithRetryManager:70 - Updater plugin not ready yet. [1/15]
2024-01-20 18:11:55,220 [INFO] PluginManage:359 - Loaded plugin tools (category:base,tabindex:7)
2024-01-20 18:11:55,220 [INFO] PluginManage:310 - Check plugin tutovideos
2024-01-20 18:11:55,424 [INFO] PluginManage:359 - Loaded plugin tutovideos (category:base,tabindex:-1)
2024-01-20 18:11:55,425 [INFO] PluginManage:310 - Check plugin updater
2024-01-20 18:11:55,456 [INFO] PluginManage:359 - Loaded plugin updater (category:base,tabindex:12)
2024-01-20 18:11:55,457 [INFO] PluginManage:310 - Check plugin userauth
2024-01-20 18:11:55,472 [INFO] UserAuth:114 - Init User Auth plugin
2024-01-20 18:11:55,472 [INFO] PluginManage:359 - Loaded plugin userauth (category:base,tabindex:14)
2024-01-20 18:11:55,477 [INFO] PluginManage:283 - PluginManage : Loaded plugins [17]
2024-01-20 18:11:55,811 [INFO] PinOutPanel:1499 - setPackage(No Configuration,No Configuration)
2024-01-20 18:11:55,876 [INFO] CADModel:165 - CPN selected for project level
2024-01-20 18:11:55,877 [INFO] CADModel:114 - Register for checkConnection events
2024-01-20 18:11:55,889 [INFO] IPUIPlugin:80 - create IPUIPlugin
2024-01-20 18:11:55,889 [INFO] PluginManager:220 - loadIPPluginJar : add mdma
2024-01-20 18:11:55,894 [INFO] IPUIPlugin:80 - create IPUIPlugin
2024-01-20 18:11:55,895 [INFO] PluginManager:220 - loadIPPluginJar : add freertos
2024-01-20 18:11:55,898 [INFO] IPUIPlugin:80 - create IPUIPlugin
2024-01-20 18:11:55,898 [INFO] PluginManager:220 - loadIPPluginJar : add gic
2024-01-20 18:11:55,904 [INFO] IPUIPlugin:80 - create IPUIPlugin
2024-01-20 18:11:55,904 [INFO] PluginManager:220 - loadIPPluginJar : add adc
2024-01-20 18:11:55,907 [INFO] IPUIPlugin:80 - create IPUIPlugin
2024-01-20 18:11:55,907 [INFO] PluginManager:220 - loadIPPluginJar : add gtzc
2024-01-20 18:11:55,908 [INFO] IPUIPlugin:80 - create IPUIPlugin
2024-01-20 18:11:55,908 [INFO] PluginManager:220 - loadIPPluginJar : add quadspi
2024-01-20 18:11:55,910 [INFO] IPUIPlugin:80 - create IPUIPlugin
2024-01-20 18:11:55,910 [INFO] PluginManager:220 - loadIPPluginJar : add aes
2024-01-20 18:11:55,912 [INFO] IPUIPlugin:80 - create IPUIPlugin
2024-01-20 18:11:55,912 [INFO] PluginManager:220 - loadIPPluginJar : add pdm2pcm
2024-01-20 18:11:55,913 [INFO] IPUIPlugin:80 - create IPUIPlugin
2024-01-20 18:11:55,913 [INFO] PluginManager:220 - loadIPPluginJar : add hash
2024-01-20 18:11:55,915 [INFO] IPUIPlugin:80 - create IPUIPlugin
2024-01-20 18:11:55,915 [INFO] PluginManager:220 - loadIPPluginJar : add tim
2024-01-20 18:11:55,916 [INFO] IPUIPlugin:80 - create IPUIPlugin
2024-01-20 18:11:55,916 [INFO] PluginManager:220 - loadIPPluginJar : add tsc
2024-01-20 18:11:55,917 [INFO] IPUIPlugin:80 - create IPUIPlugin
2024-01-20 18:11:55,917 [INFO] PluginManager:220 - loadIPPluginJar : add ts
2024-01-20 18:11:55,918 [INFO] IPUIPlugin:80 - create IPUIPlugin
2024-01-20 18:11:55,919 [INFO] PluginManager:220 - loadIPPluginJar : add can
2024-01-20 18:11:55,920 [INFO] IPUIPlugin:80 - create IPUIPlugin
2024-01-20 18:11:55,920 [INFO] PluginManager:220 - loadIPPluginJar : add dma3
2024-01-20 18:11:55,923 [INFO] IPUIPlugin:80 - create IPUIPlugin
2024-01-20 18:11:55,923 [INFO] PluginManager:220 - loadIPPluginJar : add dfsdm
2024-01-20 18:11:55,925 [INFO] IPUIPlugin:80 - create IPUIPlugin
2024-01-20 18:11:55,925 [INFO] PluginManager:220 - loadIPPluginJar : add spi
2024-01-20 18:11:55,927 [INFO] IPUIPlugin:80 - create IPUIPlugin
2024-01-20 18:11:55,927 [INFO] PluginManager:220 - loadIPPluginJar : add gfxmmu
2024-01-20 18:11:55,928 [INFO] IPUIPlugin:80 - create IPUIPlugin
2024-01-20 18:11:55,928 [INFO] PluginManager:220 - loadIPPluginJar : add genericplugin
2024-01-20 18:11:55,931 [INFO] IPUIPlugin:80 - create IPUIPlugin
2024-01-20 18:11:55,931 [INFO] PluginManager:220 - loadIPPluginJar : add cryp
2024-01-20 18:11:55,934 [INFO] IPUIPlugin:80 - create IPUIPlugin
2024-01-20 18:11:55,934 [INFO] PluginManager:220 - loadIPPluginJar : add gpio
2024-01-20 18:11:55,935 [INFO] IPUIPlugin:80 - create IPUIPlugin
2024-01-20 18:11:55,935 [INFO] PluginManager:220 - loadIPPluginJar : add comp
2024-01-20 18:11:55,937 [INFO] IPUIPlugin:80 - create IPUIPlugin
2024-01-20 18:11:55,937 [INFO] PluginManager:220 - loadIPPluginJar : add tracer_emb
2024-01-20 18:11:55,939 [INFO] IPUIPlugin:80 - create IPUIPlugin
2024-01-20 18:11:55,939 [INFO] PluginManager:220 - loadIPPluginJar : add openamp
2024-01-20 18:11:55,943 [INFO] IPUIPlugin:80 - create IPUIPlugin
2024-01-20 18:11:55,943 [INFO] PluginManager:220 - loadIPPluginJar : add stm32_wpan
2024-01-20 18:11:55,947 [INFO] IPUIPlugin:80 - create IPUIPlugin
2024-01-20 18:11:55,950 [INFO] PluginManager:220 - loadIPPluginJar : add plateformsettings
2024-01-20 18:11:55,954 [INFO] IPUIPlugin:80 - create IPUIPlugin
2024-01-20 18:11:55,955 [INFO] PluginManager:220 - loadIPPluginJar : add ipddr
2024-01-20 18:11:55,956 [INFO] IPUIPlugin:80 - create IPUIPlugin
2024-01-20 18:11:55,957 [INFO] PluginManager:220 - loadIPPluginJar : add usart
2024-01-20 18:11:55,957 [INFO] IPUIPlugin:80 - create IPUIPlugin
2024-01-20 18:11:55,957 [INFO] PluginManager:220 - loadIPPluginJar : add ltdc
2024-01-20 18:11:55,959 [INFO] IPUIPlugin:80 - create IPUIPlugin
2024-01-20 18:11:55,959 [INFO] PluginManager:220 - loadIPPluginJar : add nvic
2024-01-20 18:11:55,960 [INFO] IPUIPlugin:80 - create IPUIPlugin
2024-01-20 18:11:55,960 [INFO] PluginManager:220 - loadIPPluginJar : add fatfs
2024-01-20 18:11:55,965 [INFO] IPUIPlugin:80 - create IPUIPlugin
2024-01-20 18:11:55,965 [INFO] PluginManager:220 - loadIPPluginJar : add linkedlist
2024-01-20 18:11:55,969 [INFO] IPUIPlugin:80 - create IPUIPlugin
2024-01-20 18:11:55,970 [INFO] PluginManager:220 - loadIPPluginJar : add dma
2024-01-20 18:11:55,972 [INFO] IPUIPlugin:80 - create IPUIPlugin
2024-01-20 18:11:55,972 [INFO] PluginManager:220 - loadIPPluginJar : add fmc
2024-01-20 18:11:55,974 [INFO] IPUIPlugin:80 - create IPUIPlugin
2024-01-20 18:11:55,974 [INFO] PluginManager:220 - loadIPPluginJar : add i2s
2024-01-20 18:11:55,975 [INFO] IPUIPlugin:80 - create IPUIPlugin
2024-01-20 18:11:55,975 [INFO] PluginManager:220 - loadIPPluginJar : add ucpd
2024-01-20 18:11:55,976 [INFO] IPUIPlugin:80 - create IPUIPlugin
2024-01-20 18:11:55,977 [INFO] PluginManager:220 - loadIPPluginJar : add lorawan
2024-01-20 18:11:55,979 [INFO] IPUIPlugin:80 - create IPUIPlugin
2024-01-20 18:11:55,979 [INFO] PluginManager:220 - loadIPPluginJar : add opamp
2024-01-20 18:11:55,981 [INFO] IPUIPlugin:80 - create IPUIPlugin
2024-01-20 18:11:55,981 [INFO] PluginManager:220 - loadIPPluginJar : add i3c
2024-01-20 18:11:55,983 [INFO] IPUIPlugin:80 - create IPUIPlugin
2024-01-20 18:11:55,983 [INFO] PluginManager:220 - loadIPPluginJar : add touchsensing
2024-01-20 18:11:55,984 [INFO] IPUIPlugin:80 - create IPUIPlugin
2024-01-20 18:11:55,984 [INFO] PluginManager:220 - loadIPPluginJar : add i2c
2024-01-20 18:11:55,987 [INFO] IPUIPlugin:80 - create IPUIPlugin
2024-01-20 18:11:55,988 [INFO] PluginManager:220 - loadIPPluginJar : add resmgrutility
2024-01-20 18:11:55,989 [INFO] IPUIPlugin:80 - create IPUIPlugin
2024-01-20 18:11:55,989 [INFO] PluginManager:220 - loadIPPluginJar : add sai
2024-01-20 18:11:55,991 [INFO] IPUIPlugin:80 - create IPUIPlugin
2024-01-20 18:11:55,991 [INFO] PluginManager:220 - loadIPPluginJar : add usbx
2024-01-20 18:11:56,103 [INFO] CADModel:165 - CPN selected for project level
2024-01-20 18:11:56,104 [INFO] CADModel:114 - Register for checkConnection events
2024-01-20 18:11:56,104 [FATAL] Updater:308 - Updater called before beeing initialized
2024-01-20 18:11:56,105 [ERROR] CADModel:125 - Updater not yet initialized, retry later 
2024-01-20 18:11:56,346 [INFO] CADModel:165 - CPN selected for project level
2024-01-20 18:11:56,346 [INFO] CADModel:114 - Register for checkConnection events
2024-01-20 18:11:56,346 [FATAL] Updater:308 - Updater called before beeing initialized
2024-01-20 18:11:56,346 [ERROR] CADModel:125 - Updater not yet initialized, retry later 
2024-01-20 18:11:56,349 [FATAL] Updater:308 - Updater called before beeing initialized
2024-01-20 18:11:56,506 [FATAL] Updater:308 - Updater called before beeing initialized
2024-01-20 18:11:56,511 [INFO] DbMcusAds:53 - JSON generation date=Wed Nov 29 10:52:27 GMT 2023 (1701255147349)
2024-01-20 18:11:56,512 [FATAL] Updater:308 - Updater called before beeing initialized
2024-01-20 18:11:56,559 [WARN] DetailPanel:346 - Failed to get advertising image, set to default
2024-01-20 18:11:56,630 [FATAL] Updater:308 - Updater called before beeing initialized
2024-01-20 18:11:56,632 [FATAL] Updater:308 - Updater called before beeing initialized
2024-01-20 18:11:56,632 [FATAL] Updater:308 - Updater called before beeing initialized
2024-01-20 18:11:56,633 [WARN] DetailPanel:346 - Failed to get advertising image, set to default
2024-01-20 18:11:56,633 [FATAL] Updater:308 - Updater called before beeing initialized
2024-01-20 18:11:56,695 [ERROR] Updater:1120 - MainUpdater not yet initialized. External WinMGr cannot be set.
2024-01-20 18:11:56,733 [INFO] Updater:1056 - Updater Version found : 6.10.0
2024-01-20 18:11:56,749 [INFO] ApplicationProperties:184 - Using Application install path: /Applications/STM32CubeIDE.app/Contents/Eclipse/plugins/com.st.stm32cube.common.mx_6.10.0.202311202037
2024-01-20 18:11:57,407 [INFO] MainUpdater:2873 - connection check result : 10
2024-01-20 18:11:57,408 [INFO] MainUpdater:290 - Updater Check For Update Now.
2024-01-20 18:11:57,408 [INFO] MicroXplorer:498 - Change Database Version : DB.6.0.100
2024-01-20 18:11:57,418 [INFO] McuFinderGlobals:63 - Set McuFinder mode to 2 (CubeIDE integrated)
2024-01-20 18:11:57,438 [INFO] UserAuth:404 - Internet connection configuration mode: 1
2024-01-20 18:11:57,455 [INFO] JxBrowserEngine:152 - Initiate JxBrowser Engine with user profile folder
2024-01-20 18:11:57,654 [INFO] CheckServerUpdateThread:120 - End of CheckServer Thread
2024-01-20 18:11:58,399 [WARN] PackLoader:240 - Cannot read IP mode file for STMicroelectronics.X-CUBE-SMBUS.2.1.0
2024-01-20 18:11:58,441 [WARN] PackLoader:240 - Cannot read IP mode file for STMicroelectronics.X-CUBE-TOUCHGFX.4.23.0
2024-01-20 18:11:58,495 [WARN] PackLoader:240 - Cannot read IP mode file for STMicroelectronics.X-CUBE-AZRTOS-F7.1.1.0
2024-01-20 18:11:58,546 [WARN] PackLoader:240 - Cannot read IP mode file for STMicroelectronics.FP-SNS-MOTENV1.4.3.2
2024-01-20 18:11:58,600 [WARN] PackLoader:240 - Cannot read IP mode file for STMicroelectronics.FP-SNS-FLIGHT1.5.0.2
2024-01-20 18:11:58,621 [WARN] PackLoader:240 - Cannot read IP mode file for STMicroelectronics.X-CUBE-DISPLAY.3.0.0
2024-01-20 18:11:58,664 [WARN] PackLoader:240 - Cannot read IP mode file for STMicroelectronics.X-CUBE-BLE1.7.0.0
2024-01-20 18:11:58,689 [WARN] PackLoader:240 - Cannot read IP mode file for emotas.I-CUBE-CANOPEN.1.3.0
2024-01-20 18:11:58,699 [WARN] PackLoader:240 - Cannot read IP mode file for STMicroelectronics.X-CUBE-TOUCHGFX.4.22.0
2024-01-20 18:11:58,703 [WARN] PackLoader:240 - Cannot read IP mode file for STMicroelectronics.X-CUBE-TOUCHGFX.4.22.1
2024-01-20 18:11:58,709 [WARN] PackLoader:240 - Cannot read IP mode file for STMicroelectronics.FP-SNS-SMARTAG2.1.2.0
2024-01-20 18:11:58,725 [INFO] LogOutputStream:77 - [STDOUT_REDIRECT] 1 : Invalid condition id : UX_CORESTACK_Condition cause : null
2024-01-20 18:11:58,729 [INFO] LogOutputStream:77 - [STDOUT_REDIRECT] 1 : Invalid condition id : UX_CORESTACK_Condition cause : null
2024-01-20 18:11:58,729 [INFO] LogOutputStream:77 - [STDOUT_REDIRECT] 1 : Invalid condition id : UX_CORESTACK_Condition cause : null
2024-01-20 18:11:58,729 [INFO] LogOutputStream:77 - [STDOUT_REDIRECT] 1 : Invalid condition id : UX_CORESTACK_Condition cause : null
2024-01-20 18:11:58,729 [INFO] LogOutputStream:77 - [STDOUT_REDIRECT] 1 : Invalid condition id : UX_CORESTACK_Condition cause : null
2024-01-20 18:11:58,739 [WARN] PackLoader:240 - Cannot read IP mode file for STMicroelectronics.X-CUBE-AZRTOS-WL.2.0.0
2024-01-20 18:11:58,760 [WARN] PackLoader:240 - Cannot read IP mode file for WES.I-CUBE-Cesium.1.3.0
2024-01-20 18:11:58,769 [WARN] PackLoader:240 - Cannot read IP mode file for STMicroelectronics.X-CUBE-BLE2.3.3.0
2024-01-20 18:11:58,789 [WARN] PackLoader:240 - Cannot read IP mode file for STMicroelectronics.X-CUBE-ALGOBUILD.1.3.0
2024-01-20 18:11:58,855 [WARN] PackLoader:240 - Cannot read IP mode file for STMicroelectronics.X-CUBE-AZRTOS-G0.1.1.0
2024-01-20 18:11:58,901 [WARN] PackLoader:240 - Cannot read IP mode file for STMicroelectronics.X-CUBE-NFC4.3.0.0
2024-01-20 18:11:58,951 [WARN] PackLoader:240 - Cannot read IP mode file for STMicroelectronics.X-CUBE-BLEMGR.3.0.0
2024-01-20 18:11:58,964 [WARN] PackLoader:240 - Cannot read IP mode file for STMicroelectronics.FP-ATR-SIGFOX1.3.2.0
2024-01-20 18:11:59,040 [WARN] PackLoader:240 - Cannot read IP mode file for SEGGER.I-CUBE-embOS.1.3.1
2024-01-20 18:11:59,092 [WARN] PackLoader:240 - Cannot read IP mode file for STMicroelectronics.X-CUBE-GNSS1.6.0.0
2024-01-20 18:11:59,117 [WARN] PackLoader:240 - Cannot read IP mode file for STMicroelectronics.X-CUBE-AZRTOS-F4.1.1.0
2024-01-20 18:11:59,138 [WARN] PackLoader:240 - Cannot read IP mode file for wolfSSL.I-CUBE-wolfSSL.5.6.3
2024-01-20 18:11:59,166 [WARN] PackLoader:240 - Cannot read IP mode file for STMicroelectronics.X-CUBE-AZRTOS-L5.2.0.0
2024-01-20 18:11:59,246 [WARN] PackLoader:240 - Cannot read IP mode file for STMicroelectronics.X-CUBE-MEMS1.9.6.0
2024-01-20 18:11:59,390 [WARN] PackLoader:240 - Cannot read IP mode file for STMicroelectronics.X-CUBE-EEPRMA1.4.2.0
2024-01-20 18:11:59,401 [WARN] PackLoader:240 - Cannot read IP mode file for ITTIA_DB.I-CUBE-ITTIADB.8.8.0
2024-01-20 18:11:59,415 [WARN] PackLoader:240 - Cannot read IP mode file for STMicroelectronics.X-CUBE-BLEMGR.2.0.0
2024-01-20 18:11:59,438 [WARN] ConditionMgr:438 - getConditionDescription Invalid condition id : UX DEVICE CLASS RTOS Condition cause : null
2024-01-20 18:11:59,439 [WARN] ConditionMgr:438 - getConditionDescription Invalid condition id : UX DEVICE CLASS RTOS Condition cause : null
2024-01-20 18:11:59,445 [WARN] PackLoader:240 - Cannot read IP mode file for STMicroelectronics.X-CUBE-AZRTOS-H7.3.1.0
2024-01-20 18:11:59,448 [WARN] ConditionMgr:1039 - genDependencies : Invalid condition id : UX DEVICE CLASS RTOS Condition cause : null
2024-01-20 18:11:59,448 [WARN] ConditionMgr:1039 - genDependencies : Invalid condition id : UX DEVICE CLASS RTOS Condition cause : null
2024-01-20 18:11:59,449 [WARN] ConditionMgr:1039 - genDependencies : Invalid condition id : UX DEVICE CLASS RTOS Condition cause : null
2024-01-20 18:11:59,450 [WARN] ConditionMgr:1039 - genDependencies : Invalid condition id : UX DEVICE CLASS RTOS Condition cause : null
2024-01-20 18:11:59,450 [WARN] ConditionMgr:1039 - genDependencies : Invalid condition id : UX DEVICE CLASS RTOS Condition cause : null
2024-01-20 18:11:59,470 [WARN] PackLoader:240 - Cannot read IP mode file for STMicroelectronics.X-CUBE-NFC7.1.0.1
2024-01-20 18:11:59,481 [WARN] PackLoader:240 - Cannot read IP mode file for STMicroelectronics.X-CUBE-NFC6.3.0.0
2024-01-20 18:11:59,489 [WARN] PackLoader:240 - Cannot read IP mode file for STMicroelectronics.X-CUBE-EEPRMA1.4.1.0
2024-01-20 18:11:59,494 [WARN] PackLoader:240 - Cannot read IP mode file for STMicroelectronics.X-CUBE-AI.8.1.0
2024-01-20 18:11:59,517 [WARN] ConditionMgr:438 - getConditionDescription Invalid condition id : LAN8742 Phy interface Condition cause : null
2024-01-20 18:11:59,518 [WARN] PackLoader:240 - Cannot read IP mode file for STMicroelectronics.X-CUBE-AZRTOS-L4.2.0.0
2024-01-20 18:11:59,526 [WARN] ConditionMgr:1039 - genDependencies : Invalid condition id : LAN8742 Phy interface Condition cause : null
2024-01-20 18:11:59,526 [WARN] ConditionMgr:1039 - genDependencies : Invalid condition id : LAN8742 Phy interface Condition cause : null
2024-01-20 18:11:59,527 [WARN] ConditionMgr:1039 - genDependencies : Invalid condition id : LAN8742 Phy interface Condition cause : null
2024-01-20 18:11:59,539 [WARN] PackLoader:240 - Cannot read IP mode file for STMicroelectronics.X-CUBE-SFXS2LP1.4.0.0
2024-01-20 18:11:59,546 [WARN] PackLoader:240 - Cannot read IP mode file for STMicroelectronics.X-CUBE-ISPU.1.1.0
2024-01-20 18:11:59,566 [WARN] ConditionMgr:438 - getConditionDescription Invalid condition id : UX DEVICE CLASS RTOS Condition cause : null
2024-01-20 18:11:59,566 [WARN] ConditionMgr:438 - getConditionDescription Invalid condition id : UX DEVICE CLASS RTOS Condition cause : null
2024-01-20 18:11:59,570 [WARN] PackLoader:240 - Cannot read IP mode file for STMicroelectronics.X-CUBE-AZRTOS-WB.2.0.0
2024-01-20 18:11:59,572 [WARN] ConditionMgr:1039 - genDependencies : Invalid condition id : UX DEVICE CLASS RTOS Condition cause : null
2024-01-20 18:11:59,572 [WARN] ConditionMgr:1039 - genDependencies : Invalid condition id : UX DEVICE CLASS RTOS Condition cause : null
2024-01-20 18:11:59,573 [WARN] ConditionMgr:1039 - genDependencies : Invalid condition id : UX DEVICE CLASS RTOS Condition cause : null
2024-01-20 18:11:59,573 [WARN] ConditionMgr:1039 - genDependencies : Invalid condition id : UX DEVICE CLASS RTOS Condition cause : null
2024-01-20 18:11:59,573 [WARN] ConditionMgr:1039 - genDependencies : Invalid condition id : UX DEVICE CLASS RTOS Condition cause : null
2024-01-20 18:11:59,590 [WARN] PackLoader:240 - Cannot read IP mode file for STMicroelectronics.X-CUBE-SUBG2.5.0.0
2024-01-20 18:11:59,676 [WARN] PackLoader:240 - Cannot read IP mode file for STMicroelectronics.X-CUBE-TOF1.3.3.1
2024-01-20 18:11:59,759 [WARN] PackLoader:240 - Cannot read IP mode file for STMicroelectronics.X-CUBE-AZRTOS-G4.2.0.0
2024-01-20 18:11:59,780 [WARN] PackLoader:240 - Cannot read IP mode file for Infineon.AIROC-Wi-Fi-Bluetooth-STM32.1.5.1
2024-01-20 18:11:59,790 [WARN] PackLoader:240 - Cannot read IP mode file for STMicroelectronics.FP-SNS-MOTENVWB1.1.3.0
2024-01-20 18:11:59,793 [WARN] PackLoader:240 - Cannot read IP mode file for STMicroelectronics.FP-SNS-MOTENVWB1.1.3.1
2024-01-20 18:11:59,797 [WARN] PackLoader:240 - Cannot read IP mode file for STMicroelectronics.X-CUBE-ISPU.2.0.0
2024-01-20 18:11:59,872 [WARN] PackLoader:240 - Cannot read IP mode file for STMicroelectronics.X-CUBE-MEMS1.10.0.0
2024-01-20 18:12:00,015 [WARN] PackLoader:240 - Cannot read IP mode file for STMicroelectronics.X-CUBE-FREERTOS.1.1.0
2024-01-20 18:12:00,023 [WARN] PackLoader:240 - Cannot read IP mode file for portGmbH.I-Cube-SoM-uGOAL.1.1.0
2024-01-20 18:12:00,028 [WARN] PackLoader:240 - Cannot read IP mode file for STMicroelectronics.X-CUBE-ALS.1.0.1
2024-01-20 18:12:00,031 [WARN] PackLoader:240 - Cannot read IP mode file for STMicroelectronics.FP-ATR-ASTRA1.2.0.0
2024-01-20 18:12:00,041 [WARN] PackLoader:240 - Cannot read IP mode file for STMicroelectronics.X-CUBE-TOF1.3.4.0
2024-01-20 18:12:00,074 [WARN] PackLoader:240 - Cannot read IP mode file for STMicroelectronics.X-CUBE-AZRTOS-H7.3.2.0
2024-01-20 18:12:00,087 [INFO] ThirdParty:978 - Integrity check success = true
2024-01-20 18:12:00,087 [INFO] IntegrityCheckThread:100 - exiting critical section [integrity check]
2024-01-20 18:12:00,088 [INFO] IntegrityCheckThread:103 - End integrity checks thread
2024-01-20 18:12:01,797 [INFO] WebApp:161 - Instantiating new browser for Auth
2024-01-20 18:12:02,795 [INFO] WebApp:780 - Register for checkConnection events
2024-01-20 18:12:02,796 [INFO] WebApp:414 - Apply proxy settings
2024-01-20 18:12:02,804 [INFO] WebApp:459 - Chromium authenticates against Manually configured proxy
2024-01-20 18:12:02,824 [INFO] WebApp:467 - Username used for proxy authentication: 
2024-01-20 18:12:03,000 [INFO] WebApp:192 - Starting web application
2024-01-20 18:12:03,000 [INFO] WebApp:544 - Web application path used /Applications/STM32CubeIDE.app/Contents/Eclipse/plugins/com.st.stm32cube.common.mx_6.10.0.202311202037/db/plugins/mcufinder/reactClient1/index.html
2024-01-20 18:12:13,299 [ERROR] LogOutputStream:75 - [STDERR_REDIRECT] SLF4J: Failed to load class "org.slf4j.impl.StaticLoggerBinder".
2024-01-20 18:12:13,302 [ERROR] LogOutputStream:75 - [STDERR_REDIRECT] SLF4J: Defaulting to no-operation (NOP) logger implementation
2024-01-20 18:12:13,303 [ERROR] LogOutputStream:75 - [STDERR_REDIRECT] SLF4J: See http://www.slf4j.org/codes.html#StaticLoggerBinder for further details.
2024-01-20 20:10:13,785 [INFO] LogOutputStream:77 - [STDOUT_REDIRECT] StartTraceHandler.execute(), success : Collect=false
2024-01-20 20:10:24,125 [INFO] LogOutputStream:77 - [STDOUT_REDIRECT] StartTraceHandler.execute(), success : Collect=true
2024-01-20 23:30:10,441 [ERROR] LogOutputStream:75 - [STDERR_REDIRECT] 
2024-01-20 23:30:27,580 [INFO] Activator:176 - 


2024-01-20 23:30:27,582 [INFO] Activator:177 - !SESSION log4j initialized
2024-01-20 23:30:33,453 [ERROR] LogOutputStream:75 - [STDERR_REDIRECT] 
2024-01-20 23:30:34,389 [INFO] LogOutputStream:77 - [STDOUT_REDIRECT] 
2024-01-20 23:30:35,661 [INFO] LogOutputStream:77 - [STDOUT_REDIRECT] 
2024-01-20 23:30:37,190 [INFO] ApplicationProperties:184 - Using Application install path: /Applications/STM32CubeIDE.app/Contents/Eclipse/plugins/com.st.stm32cube.common.mx_6.10.0.202311202037
2024-01-20 23:30:37,217 [INFO] DbMcusXml:78 - Set database path to: /Applications/STM32CubeIDE.app/Contents/Eclipse/plugins/com.st.stm32cube.common.mx_6.10.0.202311202037//db//mcu/
2024-01-20 23:30:37,217 [INFO] ApiDb:274 - Set plugin database path to: /Applications/STM32CubeIDE.app/Contents/Eclipse/plugins/com.st.stm32cube.common.mx_6.10.0.202311202037//db//plugins/boardmanager/
2024-01-20 23:30:37,218 [WARN] ApiDb:259 - Overriding images path with different value:  => /Applications/STM32CubeIDE.app/Contents/Eclipse/plugins/com.st.stm32cube.common.mx_6.10.0.202311202037//db//plugins/mcufinder/images/
2024-01-20 23:30:37,225 [INFO] ApiDb:250 - Set database path to: /Users/mariestahaab/.stmcufinder/plugins/mcufinder//mcu/
2024-01-20 23:30:37,226 [INFO] DbMcusAds:125 - Set database path to: /Users/mariestahaab/.stmcufinder/plugins/mcufinder//mcu/
2024-01-20 23:30:37,228 [INFO] CrossReferenceDbSqlite:203 - Set database path to: /Users/mariestahaab/.stmcufinder/plugins/mcufinder//mcu/cs/
2024-01-20 23:30:37,427 [INFO] RulesReader:64 - Compatibility file has been processed (297 Rules)
2024-01-20 23:30:37,516 [INFO] DbMcusXml:78 - Set database path to: /Applications/STM32CubeIDE.app/Contents/Eclipse/plugins/com.st.stm32cube.common.mx_6.10.0.202311202037//db//mcu/
2024-01-20 23:30:37,516 [INFO] ApiDb:274 - Set plugin database path to: /Applications/STM32CubeIDE.app/Contents/Eclipse/plugins/com.st.stm32cube.common.mx_6.10.0.202311202037//db//plugins/boardmanager/
2024-01-20 23:30:37,517 [INFO] ApiDb:261 - Set plugin images path to: /Applications/STM32CubeIDE.app/Contents/Eclipse/plugins/com.st.stm32cube.common.mx_6.10.0.202311202037//db//plugins/mcufinder/images/
2024-01-20 23:30:37,518 [WARN] DbFile:41 - Overriding database path with different value: /Users/mariestahaab/.stmcufinder/plugins/mcufinder/ => /Users/mariestahaab/.stmcufinder/plugins/mcufinder
2024-01-20 23:30:37,518 [INFO] ApiDb:250 - Set database path to: /Users/mariestahaab/.stmcufinder/plugins/mcufinder//mcu/
2024-01-20 23:30:37,518 [WARN] DbFile:41 - Overriding database path with different value: /Users/mariestahaab/.stmcufinder/plugins/mcufinder/ => /Users/mariestahaab/.stmcufinder/plugins/mcufinder
2024-01-20 23:30:37,518 [INFO] DbMcusAds:125 - Set database path to: /Users/mariestahaab/.stmcufinder/plugins/mcufinder//mcu/
2024-01-20 23:30:37,518 [WARN] DbFile:41 - Overriding database path with different value: /Users/mariestahaab/.stmcufinder/plugins/mcufinder/ => /Users/mariestahaab/.stmcufinder/plugins/mcufinder
2024-01-20 23:30:37,518 [WARN] DbFile:41 - Overriding database path with different value: /Users/mariestahaab/.stmcufinder/plugins/mcufinder/ => /Users/mariestahaab/.stmcufinder/plugins/mcufinder
2024-01-20 23:30:37,518 [INFO] CrossReferenceDbSqlite:203 - Set database path to: /Users/mariestahaab/.stmcufinder/plugins/mcufinder//mcu/cs/
2024-01-20 23:30:37,602 [INFO] MainPanel:264 - HeapMemory: 268435456
2024-01-20 23:30:37,685 [INFO] DbMcusXml:78 - Set database path to: /Applications/STM32CubeIDE.app/Contents/Eclipse/plugins/com.st.stm32cube.common.mx_6.10.0.202311202037//db//mcu/
2024-01-20 23:30:37,685 [INFO] ApiDb:274 - Set plugin database path to: /Applications/STM32CubeIDE.app/Contents/Eclipse/plugins/com.st.stm32cube.common.mx_6.10.0.202311202037//db//plugins/boardmanager/
2024-01-20 23:30:37,685 [INFO] ApiDb:261 - Set plugin images path to: /Applications/STM32CubeIDE.app/Contents/Eclipse/plugins/com.st.stm32cube.common.mx_6.10.0.202311202037//db//plugins/mcufinder/images/
2024-01-20 23:30:37,685 [WARN] DbFile:41 - Overriding database path with different value: /Users/mariestahaab/.stmcufinder/plugins/mcufinder/ => /Users/mariestahaab/.stmcufinder/plugins/mcufinder
2024-01-20 23:30:37,685 [INFO] ApiDb:250 - Set database path to: /Users/mariestahaab/.stmcufinder/plugins/mcufinder//mcu/
2024-01-20 23:30:37,686 [WARN] DbFile:41 - Overriding database path with different value: /Users/mariestahaab/.stmcufinder/plugins/mcufinder/ => /Users/mariestahaab/.stmcufinder/plugins/mcufinder
2024-01-20 23:30:37,686 [INFO] DbMcusAds:125 - Set database path to: /Users/mariestahaab/.stmcufinder/plugins/mcufinder//mcu/
2024-01-20 23:30:37,686 [WARN] DbFile:41 - Overriding database path with different value: /Users/mariestahaab/.stmcufinder/plugins/mcufinder/ => /Users/mariestahaab/.stmcufinder/plugins/mcufinder
2024-01-20 23:30:37,686 [WARN] DbFile:41 - Overriding database path with different value: /Users/mariestahaab/.stmcufinder/plugins/mcufinder/ => /Users/mariestahaab/.stmcufinder/plugins/mcufinder
2024-01-20 23:30:37,686 [INFO] CrossReferenceDbSqlite:203 - Set database path to: /Users/mariestahaab/.stmcufinder/plugins/mcufinder//mcu/cs/
2024-01-20 23:30:37,705 [INFO] ApplicationProperties:184 - Using Application install path: /Applications/STM32CubeIDE.app/Contents/Eclipse/plugins/com.st.stm32cube.common.mx_6.10.0.202311202037
2024-01-20 23:30:37,707 [INFO] PluginManage:196 - Search for loadable plugins [exclusion list=, ]
2024-01-20 23:30:37,709 [INFO] PluginManage:310 - Check plugin analytics
2024-01-20 23:30:37,933 [INFO] AnalyticsPlugin:253 - Accepted Software Licenses: 
2024-01-20 23:30:37,933 [INFO] AnalyticsPlugin:255 - Accepted CMSIS Pack Licenses: 
2024-01-20 23:30:37,934 [INFO] AnalyticsPlugin:257 - Accepted Firmware Licenses: FW.F4.1.27.0
2024-01-20 23:30:37,940 [INFO] PluginManage:359 - Loaded plugin analytics (category:tool,tabindex:-1)
2024-01-20 23:30:37,941 [INFO] PluginManage:310 - Check plugin cadmodel
2024-01-20 23:30:38,503 [INFO] CADModel:105 - Init CAD model plugin
2024-01-20 23:30:38,503 [INFO] PluginManage:359 - Loaded plugin cadmodel (category:power,tabindex:5)
2024-01-20 23:30:38,504 [INFO] PluginManage:310 - Check plugin clock
2024-01-20 23:30:38,512 [INFO] PluginManage:359 - Loaded plugin clock (category:base,tabindex:2)
2024-01-20 23:30:38,512 [INFO] PluginManage:310 - Check plugin ddr
2024-01-20 23:30:38,514 [INFO] PluginManage:359 - Loaded plugin ddr (category:tool,tabindex:6)
2024-01-20 23:30:38,514 [INFO] PluginManage:310 - Check plugin filemanager
2024-01-20 23:30:38,673 [INFO] PluginManage:359 - Loaded plugin filemanager (category:base,tabindex:10)
2024-01-20 23:30:38,674 [INFO] PluginManage:310 - Check plugin ipmanager
2024-01-20 23:30:38,680 [INFO] PluginManage:359 - Loaded plugin ipmanager (category:base,tabindex:5)
2024-01-20 23:30:38,680 [INFO] PluginManage:310 - Check plugin lpbam
2024-01-20 23:30:38,691 [INFO] PluginManage:359 - Loaded plugin lpbam (category:base,tabindex:0)
2024-01-20 23:30:38,691 [INFO] PluginManage:310 - Check plugin memorymap
2024-01-20 23:30:38,702 [INFO] PluginManage:359 - Loaded plugin memorymap (category:base,tabindex:4)
2024-01-20 23:30:38,702 [INFO] PluginManage:310 - Check plugin pinoutandconfiguration
2024-01-20 23:30:38,709 [INFO] PluginManage:359 - Loaded plugin pinoutandconfiguration (category:base,tabindex:1)
2024-01-20 23:30:38,710 [INFO] PluginManage:310 - Check plugin pinoutconfig
2024-01-20 23:30:38,796 [WARN] SupportedApi:132 - Cannot load RTOS API schema: s4s-elt-must-match.1: The content of 'definitions' must match (annotation?, (simpleType | complexType)?, (unique | key | keyref)*)). A problem was found starting at: attribute.
2024-01-20 23:30:38,970 [INFO] PluginManage:359 - Loaded plugin pinoutconfig (category:base,tabindex:0)
2024-01-20 23:30:38,971 [INFO] PluginManage:310 - Check plugin power
2024-01-20 23:30:38,984 [INFO] PluginManage:359 - Loaded plugin power (category:power,tabindex:4)
2024-01-20 23:30:38,984 [INFO] PluginManage:310 - Check plugin projectmanager
2024-01-20 23:30:39,020 [INFO] PluginManage:359 - Loaded plugin projectmanager (category:projectmanager,tabindex:3)
2024-01-20 23:30:39,020 [INFO] PluginManage:310 - Check plugin thirdparty
2024-01-20 23:30:39,188 [INFO] PluginManage:359 - Loaded plugin thirdparty (category:base,tabindex:-1)
2024-01-20 23:30:39,188 [INFO] PluginManage:310 - Check plugin tools
2024-01-20 23:30:39,188 [WARN] IntegrityCheckThread:84 - waiting for thirdparty lock release [integrity check]
2024-01-20 23:30:39,189 [INFO] IntegrityCheckThread:86 - entering critical section [integrity check]
2024-01-20 23:30:39,190 [INFO] ThirdPartyUpdaterWithRetryManager:70 - Updater plugin not ready yet. [1/15]
2024-01-20 23:30:39,190 [INFO] PluginManage:359 - Loaded plugin tools (category:base,tabindex:7)
2024-01-20 23:30:39,190 [INFO] PluginManage:310 - Check plugin tutovideos
2024-01-20 23:30:39,376 [INFO] PluginManage:359 - Loaded plugin tutovideos (category:base,tabindex:-1)
2024-01-20 23:30:39,377 [INFO] PluginManage:310 - Check plugin updater
2024-01-20 23:30:39,393 [INFO] PluginManage:359 - Loaded plugin updater (category:base,tabindex:12)
2024-01-20 23:30:39,393 [INFO] PluginManage:310 - Check plugin userauth
2024-01-20 23:30:39,402 [INFO] UserAuth:114 - Init User Auth plugin
2024-01-20 23:30:39,402 [INFO] PluginManage:359 - Loaded plugin userauth (category:base,tabindex:14)
2024-01-20 23:30:39,403 [INFO] PluginManage:283 - PluginManage : Loaded plugins [17]
2024-01-20 23:30:39,654 [INFO] PinOutPanel:1499 - setPackage(No Configuration,No Configuration)
2024-01-20 23:30:39,723 [INFO] CADModel:165 - CPN selected for project level
2024-01-20 23:30:39,723 [INFO] CADModel:114 - Register for checkConnection events
2024-01-20 23:30:39,735 [INFO] IPUIPlugin:80 - create IPUIPlugin
2024-01-20 23:30:39,735 [INFO] PluginManager:220 - loadIPPluginJar : add mdma
2024-01-20 23:30:39,741 [INFO] IPUIPlugin:80 - create IPUIPlugin
2024-01-20 23:30:39,742 [INFO] PluginManager:220 - loadIPPluginJar : add freertos
2024-01-20 23:30:39,746 [INFO] IPUIPlugin:80 - create IPUIPlugin
2024-01-20 23:30:39,747 [INFO] PluginManager:220 - loadIPPluginJar : add gic
2024-01-20 23:30:39,755 [INFO] IPUIPlugin:80 - create IPUIPlugin
2024-01-20 23:30:39,755 [INFO] PluginManager:220 - loadIPPluginJar : add adc
2024-01-20 23:30:39,758 [INFO] IPUIPlugin:80 - create IPUIPlugin
2024-01-20 23:30:39,758 [INFO] PluginManager:220 - loadIPPluginJar : add gtzc
2024-01-20 23:30:39,759 [INFO] IPUIPlugin:80 - create IPUIPlugin
2024-01-20 23:30:39,759 [INFO] PluginManager:220 - loadIPPluginJar : add quadspi
2024-01-20 23:30:39,762 [INFO] IPUIPlugin:80 - create IPUIPlugin
2024-01-20 23:30:39,762 [INFO] PluginManager:220 - loadIPPluginJar : add aes
2024-01-20 23:30:39,764 [INFO] IPUIPlugin:80 - create IPUIPlugin
2024-01-20 23:30:39,764 [INFO] PluginManager:220 - loadIPPluginJar : add pdm2pcm
2024-01-20 23:30:39,765 [INFO] IPUIPlugin:80 - create IPUIPlugin
2024-01-20 23:30:39,765 [INFO] PluginManager:220 - loadIPPluginJar : add hash
2024-01-20 23:30:39,767 [INFO] IPUIPlugin:80 - create IPUIPlugin
2024-01-20 23:30:39,767 [INFO] PluginManager:220 - loadIPPluginJar : add tim
2024-01-20 23:30:39,768 [INFO] IPUIPlugin:80 - create IPUIPlugin
2024-01-20 23:30:39,768 [INFO] PluginManager:220 - loadIPPluginJar : add tsc
2024-01-20 23:30:39,769 [INFO] IPUIPlugin:80 - create IPUIPlugin
2024-01-20 23:30:39,769 [INFO] PluginManager:220 - loadIPPluginJar : add ts
2024-01-20 23:30:39,771 [INFO] IPUIPlugin:80 - create IPUIPlugin
2024-01-20 23:30:39,771 [INFO] PluginManager:220 - loadIPPluginJar : add can
2024-01-20 23:30:39,773 [INFO] IPUIPlugin:80 - create IPUIPlugin
2024-01-20 23:30:39,773 [INFO] PluginManager:220 - loadIPPluginJar : add dma3
2024-01-20 23:30:39,775 [INFO] IPUIPlugin:80 - create IPUIPlugin
2024-01-20 23:30:39,776 [INFO] PluginManager:220 - loadIPPluginJar : add dfsdm
2024-01-20 23:30:39,777 [INFO] IPUIPlugin:80 - create IPUIPlugin
2024-01-20 23:30:39,777 [INFO] PluginManager:220 - loadIPPluginJar : add spi
2024-01-20 23:30:39,780 [INFO] IPUIPlugin:80 - create IPUIPlugin
2024-01-20 23:30:39,780 [INFO] PluginManager:220 - loadIPPluginJar : add gfxmmu
2024-01-20 23:30:39,781 [INFO] IPUIPlugin:80 - create IPUIPlugin
2024-01-20 23:30:39,781 [INFO] PluginManager:220 - loadIPPluginJar : add genericplugin
2024-01-20 23:30:39,782 [INFO] IPUIPlugin:80 - create IPUIPlugin
2024-01-20 23:30:39,782 [INFO] PluginManager:220 - loadIPPluginJar : add cryp
2024-01-20 23:30:39,785 [INFO] IPUIPlugin:80 - create IPUIPlugin
2024-01-20 23:30:39,785 [INFO] PluginManager:220 - loadIPPluginJar : add gpio
2024-01-20 23:30:39,786 [INFO] IPUIPlugin:80 - create IPUIPlugin
2024-01-20 23:30:39,787 [INFO] PluginManager:220 - loadIPPluginJar : add comp
2024-01-20 23:30:39,789 [INFO] IPUIPlugin:80 - create IPUIPlugin
2024-01-20 23:30:39,790 [INFO] PluginManager:220 - loadIPPluginJar : add tracer_emb
2024-01-20 23:30:39,792 [INFO] IPUIPlugin:80 - create IPUIPlugin
2024-01-20 23:30:39,793 [INFO] PluginManager:220 - loadIPPluginJar : add openamp
2024-01-20 23:30:39,799 [INFO] IPUIPlugin:80 - create IPUIPlugin
2024-01-20 23:30:39,799 [INFO] PluginManager:220 - loadIPPluginJar : add stm32_wpan
2024-01-20 23:30:39,804 [INFO] IPUIPlugin:80 - create IPUIPlugin
2024-01-20 23:30:39,810 [INFO] PluginManager:220 - loadIPPluginJar : add plateformsettings
2024-01-20 23:30:39,813 [INFO] IPUIPlugin:80 - create IPUIPlugin
2024-01-20 23:30:39,814 [INFO] PluginManager:220 - loadIPPluginJar : add ipddr
2024-01-20 23:30:39,816 [INFO] IPUIPlugin:80 - create IPUIPlugin
2024-01-20 23:30:39,816 [INFO] PluginManager:220 - loadIPPluginJar : add usart
2024-01-20 23:30:39,817 [INFO] IPUIPlugin:80 - create IPUIPlugin
2024-01-20 23:30:39,817 [INFO] PluginManager:220 - loadIPPluginJar : add ltdc
2024-01-20 23:30:39,819 [INFO] IPUIPlugin:80 - create IPUIPlugin
2024-01-20 23:30:39,819 [INFO] PluginManager:220 - loadIPPluginJar : add nvic
2024-01-20 23:30:39,820 [INFO] IPUIPlugin:80 - create IPUIPlugin
2024-01-20 23:30:39,820 [INFO] PluginManager:220 - loadIPPluginJar : add fatfs
2024-01-20 23:30:39,825 [INFO] IPUIPlugin:80 - create IPUIPlugin
2024-01-20 23:30:39,825 [INFO] PluginManager:220 - loadIPPluginJar : add linkedlist
2024-01-20 23:30:39,829 [INFO] IPUIPlugin:80 - create IPUIPlugin
2024-01-20 23:30:39,830 [INFO] PluginManager:220 - loadIPPluginJar : add dma
2024-01-20 23:30:39,832 [INFO] IPUIPlugin:80 - create IPUIPlugin
2024-01-20 23:30:39,832 [INFO] PluginManager:220 - loadIPPluginJar : add fmc
2024-01-20 23:30:39,834 [INFO] IPUIPlugin:80 - create IPUIPlugin
2024-01-20 23:30:39,834 [INFO] PluginManager:220 - loadIPPluginJar : add i2s
2024-01-20 23:30:39,839 [INFO] IPUIPlugin:80 - create IPUIPlugin
2024-01-20 23:30:39,839 [INFO] PluginManager:220 - loadIPPluginJar : add ucpd
2024-01-20 23:30:39,842 [INFO] IPUIPlugin:80 - create IPUIPlugin
2024-01-20 23:30:39,844 [INFO] PluginManager:220 - loadIPPluginJar : add lorawan
2024-01-20 23:30:39,847 [INFO] IPUIPlugin:80 - create IPUIPlugin
2024-01-20 23:30:39,847 [INFO] PluginManager:220 - loadIPPluginJar : add opamp
2024-01-20 23:30:39,849 [INFO] IPUIPlugin:80 - create IPUIPlugin
2024-01-20 23:30:39,850 [INFO] PluginManager:220 - loadIPPluginJar : add i3c
2024-01-20 23:30:39,852 [INFO] IPUIPlugin:80 - create IPUIPlugin
2024-01-20 23:30:39,852 [INFO] PluginManager:220 - loadIPPluginJar : add touchsensing
2024-01-20 23:30:39,854 [INFO] IPUIPlugin:80 - create IPUIPlugin
2024-01-20 23:30:39,855 [INFO] PluginManager:220 - loadIPPluginJar : add i2c
2024-01-20 23:30:39,859 [INFO] IPUIPlugin:80 - create IPUIPlugin
2024-01-20 23:30:39,859 [INFO] PluginManager:220 - loadIPPluginJar : add resmgrutility
2024-01-20 23:30:39,861 [INFO] IPUIPlugin:80 - create IPUIPlugin
2024-01-20 23:30:39,861 [INFO] PluginManager:220 - loadIPPluginJar : add sai
2024-01-20 23:30:39,863 [INFO] IPUIPlugin:80 - create IPUIPlugin
2024-01-20 23:30:39,863 [INFO] PluginManager:220 - loadIPPluginJar : add usbx
2024-01-20 23:30:39,983 [INFO] CADModel:165 - CPN selected for project level
2024-01-20 23:30:39,984 [INFO] CADModel:114 - Register for checkConnection events
2024-01-20 23:30:39,984 [FATAL] Updater:308 - Updater called before beeing initialized
2024-01-20 23:30:39,984 [ERROR] CADModel:125 - Updater not yet initialized, retry later 
2024-01-20 23:30:40,210 [INFO] CADModel:165 - CPN selected for project level
2024-01-20 23:30:40,210 [INFO] CADModel:114 - Register for checkConnection events
2024-01-20 23:30:40,210 [FATAL] Updater:308 - Updater called before beeing initialized
2024-01-20 23:30:40,210 [ERROR] CADModel:125 - Updater not yet initialized, retry later 
2024-01-20 23:30:40,212 [FATAL] Updater:308 - Updater called before beeing initialized
2024-01-20 23:30:40,399 [FATAL] Updater:308 - Updater called before beeing initialized
2024-01-20 23:30:40,404 [INFO] DbMcusAds:53 - JSON generation date=Wed Nov 29 10:52:27 GMT 2023 (1701255147349)
2024-01-20 23:30:40,404 [FATAL] Updater:308 - Updater called before beeing initialized
2024-01-20 23:30:40,465 [WARN] DetailPanel:346 - Failed to get advertising image, set to default
2024-01-20 23:30:40,544 [FATAL] Updater:308 - Updater called before beeing initialized
2024-01-20 23:30:40,546 [FATAL] Updater:308 - Updater called before beeing initialized
2024-01-20 23:30:40,546 [FATAL] Updater:308 - Updater called before beeing initialized
2024-01-20 23:30:40,546 [WARN] DetailPanel:346 - Failed to get advertising image, set to default
2024-01-20 23:30:40,547 [FATAL] Updater:308 - Updater called before beeing initialized
2024-01-20 23:30:40,610 [ERROR] Updater:1120 - MainUpdater not yet initialized. External WinMGr cannot be set.
2024-01-20 23:30:40,639 [INFO] Updater:1056 - Updater Version found : 6.10.0
2024-01-20 23:30:40,654 [INFO] ApplicationProperties:184 - Using Application install path: /Applications/STM32CubeIDE.app/Contents/Eclipse/plugins/com.st.stm32cube.common.mx_6.10.0.202311202037
2024-01-20 23:30:41,465 [INFO] MainUpdater:2873 - connection check result : 10
2024-01-20 23:30:41,468 [INFO] MainUpdater:290 - Updater Check For Update Now.
2024-01-20 23:30:41,468 [INFO] MicroXplorer:498 - Change Database Version : DB.6.0.100
2024-01-20 23:30:41,483 [INFO] McuFinderGlobals:63 - Set McuFinder mode to 2 (CubeIDE integrated)
2024-01-20 23:30:41,525 [INFO] UserAuth:404 - Internet connection configuration mode: 1
2024-01-20 23:30:41,547 [INFO] JxBrowserEngine:152 - Initiate JxBrowser Engine with user profile folder
2024-01-20 23:30:41,755 [INFO] CheckServerUpdateThread:120 - End of CheckServer Thread
2024-01-20 23:30:42,352 [WARN] PackLoader:240 - Cannot read IP mode file for STMicroelectronics.X-CUBE-SMBUS.2.1.0
2024-01-20 23:30:42,383 [WARN] PackLoader:240 - Cannot read IP mode file for STMicroelectronics.X-CUBE-TOUCHGFX.4.23.0
2024-01-20 23:30:42,442 [WARN] PackLoader:240 - Cannot read IP mode file for STMicroelectronics.X-CUBE-AZRTOS-F7.1.1.0
2024-01-20 23:30:42,478 [WARN] PackLoader:240 - Cannot read IP mode file for STMicroelectronics.FP-SNS-MOTENV1.4.3.2
2024-01-20 23:30:42,500 [WARN] PackLoader:240 - Cannot read IP mode file for STMicroelectronics.FP-SNS-FLIGHT1.5.0.2
2024-01-20 23:30:42,517 [WARN] PackLoader:240 - Cannot read IP mode file for STMicroelectronics.X-CUBE-DISPLAY.3.0.0
2024-01-20 23:30:42,553 [WARN] PackLoader:240 - Cannot read IP mode file for STMicroelectronics.X-CUBE-BLE1.7.0.0
2024-01-20 23:30:42,571 [WARN] PackLoader:240 - Cannot read IP mode file for emotas.I-CUBE-CANOPEN.1.3.0
2024-01-20 23:30:42,579 [WARN] PackLoader:240 - Cannot read IP mode file for STMicroelectronics.X-CUBE-TOUCHGFX.4.22.0
2024-01-20 23:30:42,584 [WARN] PackLoader:240 - Cannot read IP mode file for STMicroelectronics.X-CUBE-TOUCHGFX.4.22.1
2024-01-20 23:30:42,593 [WARN] PackLoader:240 - Cannot read IP mode file for STMicroelectronics.FP-SNS-SMARTAG2.1.2.0
2024-01-20 23:30:42,613 [INFO] LogOutputStream:77 - [STDOUT_REDIRECT] 1 : Invalid condition id : UX_CORESTACK_Condition cause : null
2024-01-20 23:30:42,614 [INFO] LogOutputStream:77 - [STDOUT_REDIRECT] 1 : Invalid condition id : UX_CORESTACK_Condition cause : null
2024-01-20 23:30:42,614 [INFO] LogOutputStream:77 - [STDOUT_REDIRECT] 1 : Invalid condition id : UX_CORESTACK_Condition cause : null
2024-01-20 23:30:42,615 [INFO] LogOutputStream:77 - [STDOUT_REDIRECT] 1 : Invalid condition id : UX_CORESTACK_Condition cause : null
2024-01-20 23:30:42,615 [INFO] LogOutputStream:77 - [STDOUT_REDIRECT] 1 : Invalid condition id : UX_CORESTACK_Condition cause : null
2024-01-20 23:30:42,625 [WARN] PackLoader:240 - Cannot read IP mode file for STMicroelectronics.X-CUBE-AZRTOS-WL.2.0.0
2024-01-20 23:30:42,654 [WARN] PackLoader:240 - Cannot read IP mode file for WES.I-CUBE-Cesium.1.3.0
2024-01-20 23:30:42,672 [WARN] PackLoader:240 - Cannot read IP mode file for STMicroelectronics.X-CUBE-BLE2.3.3.0
2024-01-20 23:30:42,709 [WARN] PackLoader:240 - Cannot read IP mode file for STMicroelectronics.X-CUBE-ALGOBUILD.1.3.0
2024-01-20 23:30:42,745 [WARN] PackLoader:240 - Cannot read IP mode file for STMicroelectronics.X-CUBE-AZRTOS-G0.1.1.0
2024-01-20 23:30:42,764 [WARN] PackLoader:240 - Cannot read IP mode file for STMicroelectronics.X-CUBE-NFC4.3.0.0
2024-01-20 23:30:42,817 [WARN] PackLoader:240 - Cannot read IP mode file for STMicroelectronics.X-CUBE-BLEMGR.3.0.0
2024-01-20 23:30:42,836 [WARN] PackLoader:240 - Cannot read IP mode file for STMicroelectronics.FP-ATR-SIGFOX1.3.2.0
2024-01-20 23:30:42,928 [WARN] PackLoader:240 - Cannot read IP mode file for SEGGER.I-CUBE-embOS.1.3.1
2024-01-20 23:30:43,127 [WARN] PackLoader:240 - Cannot read IP mode file for STMicroelectronics.X-CUBE-GNSS1.6.0.0
2024-01-20 23:30:43,181 [WARN] PackLoader:240 - Cannot read IP mode file for STMicroelectronics.X-CUBE-AZRTOS-F4.1.1.0
2024-01-20 23:30:43,198 [WARN] PackLoader:240 - Cannot read IP mode file for wolfSSL.I-CUBE-wolfSSL.5.6.3
2024-01-20 23:30:43,231 [WARN] PackLoader:240 - Cannot read IP mode file for STMicroelectronics.X-CUBE-AZRTOS-L5.2.0.0
2024-01-20 23:30:43,366 [WARN] PackLoader:240 - Cannot read IP mode file for STMicroelectronics.X-CUBE-MEMS1.9.6.0
2024-01-20 23:30:43,528 [WARN] PackLoader:240 - Cannot read IP mode file for STMicroelectronics.X-CUBE-EEPRMA1.4.2.0
2024-01-20 23:30:43,546 [WARN] PackLoader:240 - Cannot read IP mode file for ITTIA_DB.I-CUBE-ITTIADB.8.8.0
2024-01-20 23:30:43,566 [WARN] PackLoader:240 - Cannot read IP mode file for STMicroelectronics.X-CUBE-BLEMGR.2.0.0
2024-01-20 23:30:43,611 [WARN] ConditionMgr:438 - getConditionDescription Invalid condition id : UX DEVICE CLASS RTOS Condition cause : null
2024-01-20 23:30:43,617 [WARN] ConditionMgr:438 - getConditionDescription Invalid condition id : UX DEVICE CLASS RTOS Condition cause : null
2024-01-20 23:30:43,627 [WARN] PackLoader:240 - Cannot read IP mode file for STMicroelectronics.X-CUBE-AZRTOS-H7.3.1.0
2024-01-20 23:30:43,632 [WARN] ConditionMgr:1039 - genDependencies : Invalid condition id : UX DEVICE CLASS RTOS Condition cause : null
2024-01-20 23:30:43,632 [WARN] ConditionMgr:1039 - genDependencies : Invalid condition id : UX DEVICE CLASS RTOS Condition cause : null
2024-01-20 23:30:43,634 [WARN] ConditionMgr:1039 - genDependencies : Invalid condition id : UX DEVICE CLASS RTOS Condition cause : null
2024-01-20 23:30:43,635 [WARN] ConditionMgr:1039 - genDependencies : Invalid condition id : UX DEVICE CLASS RTOS Condition cause : null
2024-01-20 23:30:43,635 [WARN] ConditionMgr:1039 - genDependencies : Invalid condition id : UX DEVICE CLASS RTOS Condition cause : null
2024-01-20 23:30:43,658 [WARN] PackLoader:240 - Cannot read IP mode file for STMicroelectronics.X-CUBE-NFC7.1.0.1
2024-01-20 23:30:43,681 [WARN] PackLoader:240 - Cannot read IP mode file for STMicroelectronics.X-CUBE-NFC6.3.0.0
2024-01-20 23:30:43,689 [WARN] PackLoader:240 - Cannot read IP mode file for STMicroelectronics.X-CUBE-EEPRMA1.4.1.0
2024-01-20 23:30:43,694 [WARN] PackLoader:240 - Cannot read IP mode file for STMicroelectronics.X-CUBE-AI.8.1.0
2024-01-20 23:30:43,736 [WARN] ConditionMgr:438 - getConditionDescription Invalid condition id : LAN8742 Phy interface Condition cause : null
2024-01-20 23:30:43,737 [WARN] PackLoader:240 - Cannot read IP mode file for STMicroelectronics.X-CUBE-AZRTOS-L4.2.0.0
2024-01-20 23:30:43,740 [WARN] ConditionMgr:1039 - genDependencies : Invalid condition id : LAN8742 Phy interface Condition cause : null
2024-01-20 23:30:43,741 [WARN] ConditionMgr:1039 - genDependencies : Invalid condition id : LAN8742 Phy interface Condition cause : null
2024-01-20 23:30:43,742 [WARN] ConditionMgr:1039 - genDependencies : Invalid condition id : LAN8742 Phy interface Condition cause : null
2024-01-20 23:30:43,772 [WARN] PackLoader:240 - Cannot read IP mode file for STMicroelectronics.X-CUBE-SFXS2LP1.4.0.0
2024-01-20 23:30:43,781 [WARN] PackLoader:240 - Cannot read IP mode file for STMicroelectronics.X-CUBE-ISPU.1.1.0
2024-01-20 23:30:43,793 [WARN] ConditionMgr:438 - getConditionDescription Invalid condition id : UX DEVICE CLASS RTOS Condition cause : null
2024-01-20 23:30:43,794 [WARN] ConditionMgr:438 - getConditionDescription Invalid condition id : UX DEVICE CLASS RTOS Condition cause : null
2024-01-20 23:30:43,798 [WARN] PackLoader:240 - Cannot read IP mode file for STMicroelectronics.X-CUBE-AZRTOS-WB.2.0.0
2024-01-20 23:30:43,799 [WARN] ConditionMgr:1039 - genDependencies : Invalid condition id : UX DEVICE CLASS RTOS Condition cause : null
2024-01-20 23:30:43,799 [WARN] ConditionMgr:1039 - genDependencies : Invalid condition id : UX DEVICE CLASS RTOS Condition cause : null
2024-01-20 23:30:43,800 [WARN] ConditionMgr:1039 - genDependencies : Invalid condition id : UX DEVICE CLASS RTOS Condition cause : null
2024-01-20 23:30:43,800 [WARN] ConditionMgr:1039 - genDependencies : Invalid condition id : UX DEVICE CLASS RTOS Condition cause : null
2024-01-20 23:30:43,800 [WARN] ConditionMgr:1039 - genDependencies : Invalid condition id : UX DEVICE CLASS RTOS Condition cause : null
2024-01-20 23:30:43,814 [WARN] PackLoader:240 - Cannot read IP mode file for STMicroelectronics.X-CUBE-SUBG2.5.0.0
2024-01-20 23:30:43,840 [WARN] PackLoader:240 - Cannot read IP mode file for STMicroelectronics.X-CUBE-TOF1.3.3.1
2024-01-20 23:30:43,864 [WARN] PackLoader:240 - Cannot read IP mode file for STMicroelectronics.X-CUBE-AZRTOS-G4.2.0.0
2024-01-20 23:30:43,886 [WARN] PackLoader:240 - Cannot read IP mode file for Infineon.AIROC-Wi-Fi-Bluetooth-STM32.1.5.1
2024-01-20 23:30:43,896 [WARN] PackLoader:240 - Cannot read IP mode file for STMicroelectronics.FP-SNS-MOTENVWB1.1.3.0
2024-01-20 23:30:43,900 [WARN] PackLoader:240 - Cannot read IP mode file for STMicroelectronics.FP-SNS-MOTENVWB1.1.3.1
2024-01-20 23:30:43,904 [WARN] PackLoader:240 - Cannot read IP mode file for STMicroelectronics.X-CUBE-ISPU.2.0.0
2024-01-20 23:30:43,956 [WARN] PackLoader:240 - Cannot read IP mode file for STMicroelectronics.X-CUBE-MEMS1.10.0.0
2024-01-20 23:30:44,050 [WARN] PackLoader:240 - Cannot read IP mode file for STMicroelectronics.X-CUBE-FREERTOS.1.1.0
2024-01-20 23:30:44,059 [WARN] PackLoader:240 - Cannot read IP mode file for portGmbH.I-Cube-SoM-uGOAL.1.1.0
2024-01-20 23:30:44,065 [WARN] PackLoader:240 - Cannot read IP mode file for STMicroelectronics.X-CUBE-ALS.1.0.1
2024-01-20 23:30:44,069 [WARN] PackLoader:240 - Cannot read IP mode file for STMicroelectronics.FP-ATR-ASTRA1.2.0.0
2024-01-20 23:30:44,080 [WARN] PackLoader:240 - Cannot read IP mode file for STMicroelectronics.X-CUBE-TOF1.3.4.0
2024-01-20 23:30:44,127 [WARN] PackLoader:240 - Cannot read IP mode file for STMicroelectronics.X-CUBE-AZRTOS-H7.3.2.0
2024-01-20 23:30:44,149 [INFO] ThirdParty:978 - Integrity check success = true
2024-01-20 23:30:44,149 [INFO] IntegrityCheckThread:100 - exiting critical section [integrity check]
2024-01-20 23:30:44,149 [INFO] IntegrityCheckThread:103 - End integrity checks thread
2024-01-20 23:30:46,170 [INFO] WebApp:161 - Instantiating new browser for Auth
2024-01-20 23:30:47,857 [INFO] WebApp:780 - Register for checkConnection events
2024-01-20 23:30:47,858 [INFO] WebApp:414 - Apply proxy settings
2024-01-20 23:30:47,881 [INFO] WebApp:459 - Chromium authenticates against Manually configured proxy
2024-01-20 23:30:47,897 [INFO] WebApp:467 - Username used for proxy authentication: 
2024-01-20 23:30:48,057 [INFO] WebApp:192 - Starting web application
2024-01-20 23:30:48,057 [INFO] WebApp:544 - Web application path used /Applications/STM32CubeIDE.app/Contents/Eclipse/plugins/com.st.stm32cube.common.mx_6.10.0.202311202037/db/plugins/mcufinder/reactClient1/index.html
2024-01-20 23:30:57,373 [ERROR] LogOutputStream:75 - [STDERR_REDIRECT] SLF4J: Failed to load class "org.slf4j.impl.StaticLoggerBinder".
2024-01-20 23:30:57,374 [ERROR] LogOutputStream:75 - [STDERR_REDIRECT] SLF4J: Defaulting to no-operation (NOP) logger implementation
2024-01-20 23:30:57,376 [ERROR] LogOutputStream:75 - [STDERR_REDIRECT] SLF4J: See http://www.slf4j.org/codes.html#StaticLoggerBinder for further details.
