2024-01-19 19:55:43,121 [INFO] Activator:176 - 


2024-01-19 19:55:43,128 [INFO] Activator:177 - !SESSION log4j initialized
2024-01-19 19:55:49,615 [ERROR] LogOutputStream:75 - [STDERR_REDIRECT] 
2024-01-19 19:55:50,552 [INFO] LogOutputStream:77 - [STDOUT_REDIRECT] 
2024-01-19 19:55:52,130 [INFO] LogOutputStream:77 - [STDOUT_REDIRECT] 
2024-01-19 19:55:53,451 [INFO] ApplicationProperties:184 - Using Application install path: /Applications/STM32CubeIDE.app/Contents/Eclipse/plugins/com.st.stm32cube.common.mx_6.10.0.202311202037
2024-01-19 19:55:53,478 [INFO] DbMcusXml:78 - Set database path to: /Applications/STM32CubeIDE.app/Contents/Eclipse/plugins/com.st.stm32cube.common.mx_6.10.0.202311202037//db//mcu/
2024-01-19 19:55:53,478 [INFO] ApiDb:274 - Set plugin database path to: /Applications/STM32CubeIDE.app/Contents/Eclipse/plugins/com.st.stm32cube.common.mx_6.10.0.202311202037//db//plugins/boardmanager/
2024-01-19 19:55:53,480 [WARN] ApiDb:259 - Overriding images path with different value:  => /Applications/STM32CubeIDE.app/Contents/Eclipse/plugins/com.st.stm32cube.common.mx_6.10.0.202311202037//db//plugins/mcufinder/images/
2024-01-19 19:55:53,498 [INFO] ApiDb:250 - Set database path to: /Users/mariestahaab/.stmcufinder/plugins/mcufinder//mcu/
2024-01-19 19:55:53,499 [INFO] DbMcusAds:125 - Set database path to: /Users/mariestahaab/.stmcufinder/plugins/mcufinder//mcu/
2024-01-19 19:55:53,501 [INFO] CrossReferenceDbSqlite:203 - Set database path to: /Users/mariestahaab/.stmcufinder/plugins/mcufinder//mcu/cs/
2024-01-19 19:55:53,679 [INFO] RulesReader:64 - Compatibility file has been processed (297 Rules)
2024-01-19 19:55:53,772 [INFO] DbMcusXml:78 - Set database path to: /Applications/STM32CubeIDE.app/Contents/Eclipse/plugins/com.st.stm32cube.common.mx_6.10.0.202311202037//db//mcu/
2024-01-19 19:55:53,773 [INFO] ApiDb:274 - Set plugin database path to: /Applications/STM32CubeIDE.app/Contents/Eclipse/plugins/com.st.stm32cube.common.mx_6.10.0.202311202037//db//plugins/boardmanager/
2024-01-19 19:55:53,773 [INFO] ApiDb:261 - Set plugin images path to: /Applications/STM32CubeIDE.app/Contents/Eclipse/plugins/com.st.stm32cube.common.mx_6.10.0.202311202037//db//plugins/mcufinder/images/
2024-01-19 19:55:53,774 [WARN] DbFile:41 - Overriding database path with different value: /Users/mariestahaab/.stmcufinder/plugins/mcufinder/ => /Users/mariestahaab/.stmcufinder/plugins/mcufinder
2024-01-19 19:55:53,774 [INFO] ApiDb:250 - Set database path to: /Users/mariestahaab/.stmcufinder/plugins/mcufinder//mcu/
2024-01-19 19:55:53,774 [WARN] DbFile:41 - Overriding database path with different value: /Users/mariestahaab/.stmcufinder/plugins/mcufinder/ => /Users/mariestahaab/.stmcufinder/plugins/mcufinder
2024-01-19 19:55:53,774 [INFO] DbMcusAds:125 - Set database path to: /Users/mariestahaab/.stmcufinder/plugins/mcufinder//mcu/
2024-01-19 19:55:53,774 [WARN] DbFile:41 - Overriding database path with different value: /Users/mariestahaab/.stmcufinder/plugins/mcufinder/ => /Users/mariestahaab/.stmcufinder/plugins/mcufinder
2024-01-19 19:55:53,774 [WARN] DbFile:41 - Overriding database path with different value: /Users/mariestahaab/.stmcufinder/plugins/mcufinder/ => /Users/mariestahaab/.stmcufinder/plugins/mcufinder
2024-01-19 19:55:53,775 [INFO] CrossReferenceDbSqlite:203 - Set database path to: /Users/mariestahaab/.stmcufinder/plugins/mcufinder//mcu/cs/
2024-01-19 19:55:53,867 [INFO] MainPanel:264 - HeapMemory: 268435456
2024-01-19 19:55:53,964 [INFO] DbMcusXml:78 - Set database path to: /Applications/STM32CubeIDE.app/Contents/Eclipse/plugins/com.st.stm32cube.common.mx_6.10.0.202311202037//db//mcu/
2024-01-19 19:55:53,964 [INFO] ApiDb:274 - Set plugin database path to: /Applications/STM32CubeIDE.app/Contents/Eclipse/plugins/com.st.stm32cube.common.mx_6.10.0.202311202037//db//plugins/boardmanager/
2024-01-19 19:55:53,965 [INFO] ApiDb:261 - Set plugin images path to: /Applications/STM32CubeIDE.app/Contents/Eclipse/plugins/com.st.stm32cube.common.mx_6.10.0.202311202037//db//plugins/mcufinder/images/
2024-01-19 19:55:53,965 [WARN] DbFile:41 - Overriding database path with different value: /Users/mariestahaab/.stmcufinder/plugins/mcufinder/ => /Users/mariestahaab/.stmcufinder/plugins/mcufinder
2024-01-19 19:55:53,965 [INFO] ApiDb:250 - Set database path to: /Users/mariestahaab/.stmcufinder/plugins/mcufinder//mcu/
2024-01-19 19:55:53,965 [WARN] DbFile:41 - Overriding database path with different value: /Users/mariestahaab/.stmcufinder/plugins/mcufinder/ => /Users/mariestahaab/.stmcufinder/plugins/mcufinder
2024-01-19 19:55:53,965 [INFO] DbMcusAds:125 - Set database path to: /Users/mariestahaab/.stmcufinder/plugins/mcufinder//mcu/
2024-01-19 19:55:53,965 [WARN] DbFile:41 - Overriding database path with different value: /Users/mariestahaab/.stmcufinder/plugins/mcufinder/ => /Users/mariestahaab/.stmcufinder/plugins/mcufinder
2024-01-19 19:55:53,965 [WARN] DbFile:41 - Overriding database path with different value: /Users/mariestahaab/.stmcufinder/plugins/mcufinder/ => /Users/mariestahaab/.stmcufinder/plugins/mcufinder
2024-01-19 19:55:53,965 [INFO] CrossReferenceDbSqlite:203 - Set database path to: /Users/mariestahaab/.stmcufinder/plugins/mcufinder//mcu/cs/
2024-01-19 19:55:53,980 [INFO] ApplicationProperties:184 - Using Application install path: /Applications/STM32CubeIDE.app/Contents/Eclipse/plugins/com.st.stm32cube.common.mx_6.10.0.202311202037
2024-01-19 19:55:53,981 [INFO] PluginManage:196 - Search for loadable plugins [exclusion list=, ]
2024-01-19 19:55:53,983 [INFO] PluginManage:310 - Check plugin analytics
2024-01-19 19:55:54,226 [INFO] AnalyticsPlugin:253 - Accepted Software Licenses: 
2024-01-19 19:55:54,227 [INFO] AnalyticsPlugin:255 - Accepted CMSIS Pack Licenses: 
2024-01-19 19:55:54,227 [INFO] AnalyticsPlugin:257 - Accepted Firmware Licenses: FW.F4.1.27.0
2024-01-19 19:55:54,231 [INFO] PluginManage:359 - Loaded plugin analytics (category:tool,tabindex:-1)
2024-01-19 19:55:54,232 [INFO] PluginManage:310 - Check plugin cadmodel
2024-01-19 19:55:54,878 [INFO] CADModel:105 - Init CAD model plugin
2024-01-19 19:55:54,879 [INFO] PluginManage:359 - Loaded plugin cadmodel (category:power,tabindex:5)
2024-01-19 19:55:54,880 [INFO] PluginManage:310 - Check plugin clock
2024-01-19 19:55:54,891 [INFO] PluginManage:359 - Loaded plugin clock (category:base,tabindex:2)
2024-01-19 19:55:54,891 [INFO] PluginManage:310 - Check plugin ddr
2024-01-19 19:55:54,893 [INFO] PluginManage:359 - Loaded plugin ddr (category:tool,tabindex:6)
2024-01-19 19:55:54,893 [INFO] PluginManage:310 - Check plugin filemanager
2024-01-19 19:55:55,063 [INFO] PluginManage:359 - Loaded plugin filemanager (category:base,tabindex:10)
2024-01-19 19:55:55,064 [INFO] PluginManage:310 - Check plugin ipmanager
2024-01-19 19:55:55,075 [INFO] PluginManage:359 - Loaded plugin ipmanager (category:base,tabindex:5)
2024-01-19 19:55:55,076 [INFO] PluginManage:310 - Check plugin lpbam
2024-01-19 19:55:55,086 [INFO] PluginManage:359 - Loaded plugin lpbam (category:base,tabindex:0)
2024-01-19 19:55:55,087 [INFO] PluginManage:310 - Check plugin memorymap
2024-01-19 19:55:55,098 [INFO] PluginManage:359 - Loaded plugin memorymap (category:base,tabindex:4)
2024-01-19 19:55:55,098 [INFO] PluginManage:310 - Check plugin pinoutandconfiguration
2024-01-19 19:55:55,103 [INFO] PluginManage:359 - Loaded plugin pinoutandconfiguration (category:base,tabindex:1)
2024-01-19 19:55:55,103 [INFO] PluginManage:310 - Check plugin pinoutconfig
2024-01-19 19:55:55,192 [WARN] SupportedApi:132 - Cannot load RTOS API schema: s4s-elt-must-match.1: The content of 'definitions' must match (annotation?, (simpleType | complexType)?, (unique | key | keyref)*)). A problem was found starting at: attribute.
2024-01-19 19:55:55,352 [INFO] PluginManage:359 - Loaded plugin pinoutconfig (category:base,tabindex:0)
2024-01-19 19:55:55,352 [INFO] PluginManage:310 - Check plugin power
2024-01-19 19:55:55,366 [INFO] PluginManage:359 - Loaded plugin power (category:power,tabindex:4)
2024-01-19 19:55:55,366 [INFO] PluginManage:310 - Check plugin projectmanager
2024-01-19 19:55:55,393 [INFO] PluginManage:359 - Loaded plugin projectmanager (category:projectmanager,tabindex:3)
2024-01-19 19:55:55,393 [INFO] PluginManage:310 - Check plugin thirdparty
2024-01-19 19:55:55,550 [INFO] PluginManage:359 - Loaded plugin thirdparty (category:base,tabindex:-1)
2024-01-19 19:55:55,550 [WARN] IntegrityCheckThread:84 - waiting for thirdparty lock release [integrity check]
2024-01-19 19:55:55,550 [INFO] PluginManage:310 - Check plugin tools
2024-01-19 19:55:55,550 [INFO] IntegrityCheckThread:86 - entering critical section [integrity check]
2024-01-19 19:55:55,551 [INFO] ThirdPartyUpdaterWithRetryManager:70 - Updater plugin not ready yet. [1/15]
2024-01-19 19:55:55,552 [INFO] PluginManage:359 - Loaded plugin tools (category:base,tabindex:7)
2024-01-19 19:55:55,553 [INFO] PluginManage:310 - Check plugin tutovideos
2024-01-19 19:55:55,734 [INFO] PluginManage:359 - Loaded plugin tutovideos (category:base,tabindex:-1)
2024-01-19 19:55:55,736 [INFO] PluginManage:310 - Check plugin updater
2024-01-19 19:55:55,767 [INFO] PluginManage:359 - Loaded plugin updater (category:base,tabindex:12)
2024-01-19 19:55:55,768 [INFO] PluginManage:310 - Check plugin userauth
2024-01-19 19:55:55,779 [INFO] UserAuth:114 - Init User Auth plugin
2024-01-19 19:55:55,779 [INFO] PluginManage:359 - Loaded plugin userauth (category:base,tabindex:14)
2024-01-19 19:55:55,780 [INFO] PluginManage:283 - PluginManage : Loaded plugins [17]
2024-01-19 19:55:56,075 [INFO] PinOutPanel:1499 - setPackage(No Configuration,No Configuration)
2024-01-19 19:55:56,144 [INFO] CADModel:165 - CPN selected for project level
2024-01-19 19:55:56,144 [INFO] CADModel:114 - Register for checkConnection events
2024-01-19 19:55:56,158 [INFO] IPUIPlugin:80 - create IPUIPlugin
2024-01-19 19:55:56,159 [INFO] PluginManager:220 - loadIPPluginJar : add mdma
2024-01-19 19:55:56,163 [INFO] IPUIPlugin:80 - create IPUIPlugin
2024-01-19 19:55:56,164 [INFO] PluginManager:220 - loadIPPluginJar : add freertos
2024-01-19 19:55:56,168 [INFO] IPUIPlugin:80 - create IPUIPlugin
2024-01-19 19:55:56,168 [INFO] PluginManager:220 - loadIPPluginJar : add gic
2024-01-19 19:55:56,175 [INFO] IPUIPlugin:80 - create IPUIPlugin
2024-01-19 19:55:56,175 [INFO] PluginManager:220 - loadIPPluginJar : add adc
2024-01-19 19:55:56,179 [INFO] IPUIPlugin:80 - create IPUIPlugin
2024-01-19 19:55:56,179 [INFO] PluginManager:220 - loadIPPluginJar : add gtzc
2024-01-19 19:55:56,180 [INFO] IPUIPlugin:80 - create IPUIPlugin
2024-01-19 19:55:56,180 [INFO] PluginManager:220 - loadIPPluginJar : add quadspi
2024-01-19 19:55:56,182 [INFO] IPUIPlugin:80 - create IPUIPlugin
2024-01-19 19:55:56,183 [INFO] PluginManager:220 - loadIPPluginJar : add aes
2024-01-19 19:55:56,184 [INFO] IPUIPlugin:80 - create IPUIPlugin
2024-01-19 19:55:56,184 [INFO] PluginManager:220 - loadIPPluginJar : add pdm2pcm
2024-01-19 19:55:56,186 [INFO] IPUIPlugin:80 - create IPUIPlugin
2024-01-19 19:55:56,186 [INFO] PluginManager:220 - loadIPPluginJar : add hash
2024-01-19 19:55:56,187 [INFO] IPUIPlugin:80 - create IPUIPlugin
2024-01-19 19:55:56,188 [INFO] PluginManager:220 - loadIPPluginJar : add tim
2024-01-19 19:55:56,189 [INFO] IPUIPlugin:80 - create IPUIPlugin
2024-01-19 19:55:56,189 [INFO] PluginManager:220 - loadIPPluginJar : add tsc
2024-01-19 19:55:56,190 [INFO] IPUIPlugin:80 - create IPUIPlugin
2024-01-19 19:55:56,190 [INFO] PluginManager:220 - loadIPPluginJar : add ts
2024-01-19 19:55:56,192 [INFO] IPUIPlugin:80 - create IPUIPlugin
2024-01-19 19:55:56,192 [INFO] PluginManager:220 - loadIPPluginJar : add can
2024-01-19 19:55:56,194 [INFO] IPUIPlugin:80 - create IPUIPlugin
2024-01-19 19:55:56,194 [INFO] PluginManager:220 - loadIPPluginJar : add dma3
2024-01-19 19:55:56,196 [INFO] IPUIPlugin:80 - create IPUIPlugin
2024-01-19 19:55:56,196 [INFO] PluginManager:220 - loadIPPluginJar : add dfsdm
2024-01-19 19:55:56,197 [INFO] IPUIPlugin:80 - create IPUIPlugin
2024-01-19 19:55:56,197 [INFO] PluginManager:220 - loadIPPluginJar : add spi
2024-01-19 19:55:56,199 [INFO] IPUIPlugin:80 - create IPUIPlugin
2024-01-19 19:55:56,199 [INFO] PluginManager:220 - loadIPPluginJar : add gfxmmu
2024-01-19 19:55:56,199 [INFO] IPUIPlugin:80 - create IPUIPlugin
2024-01-19 19:55:56,200 [INFO] PluginManager:220 - loadIPPluginJar : add genericplugin
2024-01-19 19:55:56,201 [INFO] IPUIPlugin:80 - create IPUIPlugin
2024-01-19 19:55:56,201 [INFO] PluginManager:220 - loadIPPluginJar : add cryp
2024-01-19 19:55:56,203 [INFO] IPUIPlugin:80 - create IPUIPlugin
2024-01-19 19:55:56,203 [INFO] PluginManager:220 - loadIPPluginJar : add gpio
2024-01-19 19:55:56,205 [INFO] IPUIPlugin:80 - create IPUIPlugin
2024-01-19 19:55:56,205 [INFO] PluginManager:220 - loadIPPluginJar : add comp
2024-01-19 19:55:56,207 [INFO] IPUIPlugin:80 - create IPUIPlugin
2024-01-19 19:55:56,207 [INFO] PluginManager:220 - loadIPPluginJar : add tracer_emb
2024-01-19 19:55:56,211 [INFO] IPUIPlugin:80 - create IPUIPlugin
2024-01-19 19:55:56,212 [INFO] PluginManager:220 - loadIPPluginJar : add openamp
2024-01-19 19:55:56,216 [INFO] IPUIPlugin:80 - create IPUIPlugin
2024-01-19 19:55:56,216 [INFO] PluginManager:220 - loadIPPluginJar : add stm32_wpan
2024-01-19 19:55:56,220 [INFO] IPUIPlugin:80 - create IPUIPlugin
2024-01-19 19:55:56,223 [INFO] PluginManager:220 - loadIPPluginJar : add plateformsettings
2024-01-19 19:55:56,225 [INFO] IPUIPlugin:80 - create IPUIPlugin
2024-01-19 19:55:56,225 [INFO] PluginManager:220 - loadIPPluginJar : add ipddr
2024-01-19 19:55:56,228 [INFO] IPUIPlugin:80 - create IPUIPlugin
2024-01-19 19:55:56,228 [INFO] PluginManager:220 - loadIPPluginJar : add usart
2024-01-19 19:55:56,229 [INFO] IPUIPlugin:80 - create IPUIPlugin
2024-01-19 19:55:56,229 [INFO] PluginManager:220 - loadIPPluginJar : add ltdc
2024-01-19 19:55:56,231 [INFO] IPUIPlugin:80 - create IPUIPlugin
2024-01-19 19:55:56,231 [INFO] PluginManager:220 - loadIPPluginJar : add nvic
2024-01-19 19:55:56,232 [INFO] IPUIPlugin:80 - create IPUIPlugin
2024-01-19 19:55:56,232 [INFO] PluginManager:220 - loadIPPluginJar : add fatfs
2024-01-19 19:55:56,240 [INFO] IPUIPlugin:80 - create IPUIPlugin
2024-01-19 19:55:56,240 [INFO] PluginManager:220 - loadIPPluginJar : add linkedlist
2024-01-19 19:55:56,245 [INFO] IPUIPlugin:80 - create IPUIPlugin
2024-01-19 19:55:56,245 [INFO] PluginManager:220 - loadIPPluginJar : add dma
2024-01-19 19:55:56,248 [INFO] IPUIPlugin:80 - create IPUIPlugin
2024-01-19 19:55:56,248 [INFO] PluginManager:220 - loadIPPluginJar : add fmc
2024-01-19 19:55:56,250 [INFO] IPUIPlugin:80 - create IPUIPlugin
2024-01-19 19:55:56,250 [INFO] PluginManager:220 - loadIPPluginJar : add i2s
2024-01-19 19:55:56,251 [INFO] IPUIPlugin:80 - create IPUIPlugin
2024-01-19 19:55:56,251 [INFO] PluginManager:220 - loadIPPluginJar : add ucpd
2024-01-19 19:55:56,254 [INFO] IPUIPlugin:80 - create IPUIPlugin
2024-01-19 19:55:56,254 [INFO] PluginManager:220 - loadIPPluginJar : add lorawan
2024-01-19 19:55:56,255 [INFO] IPUIPlugin:80 - create IPUIPlugin
2024-01-19 19:55:56,256 [INFO] PluginManager:220 - loadIPPluginJar : add opamp
2024-01-19 19:55:56,257 [INFO] IPUIPlugin:80 - create IPUIPlugin
2024-01-19 19:55:56,257 [INFO] PluginManager:220 - loadIPPluginJar : add i3c
2024-01-19 19:55:56,259 [INFO] IPUIPlugin:80 - create IPUIPlugin
2024-01-19 19:55:56,259 [INFO] PluginManager:220 - loadIPPluginJar : add touchsensing
2024-01-19 19:55:56,261 [INFO] IPUIPlugin:80 - create IPUIPlugin
2024-01-19 19:55:56,261 [INFO] PluginManager:220 - loadIPPluginJar : add i2c
2024-01-19 19:55:56,265 [INFO] IPUIPlugin:80 - create IPUIPlugin
2024-01-19 19:55:56,265 [INFO] PluginManager:220 - loadIPPluginJar : add resmgrutility
2024-01-19 19:55:56,268 [INFO] IPUIPlugin:80 - create IPUIPlugin
2024-01-19 19:55:56,268 [INFO] PluginManager:220 - loadIPPluginJar : add sai
2024-01-19 19:55:56,271 [INFO] IPUIPlugin:80 - create IPUIPlugin
2024-01-19 19:55:56,271 [INFO] PluginManager:220 - loadIPPluginJar : add usbx
2024-01-19 19:55:56,399 [INFO] CADModel:165 - CPN selected for project level
2024-01-19 19:55:56,400 [INFO] CADModel:114 - Register for checkConnection events
2024-01-19 19:55:56,400 [FATAL] Updater:308 - Updater called before beeing initialized
2024-01-19 19:55:56,400 [ERROR] CADModel:125 - Updater not yet initialized, retry later 
2024-01-19 19:55:56,656 [INFO] CADModel:165 - CPN selected for project level
2024-01-19 19:55:56,656 [INFO] CADModel:114 - Register for checkConnection events
2024-01-19 19:55:56,656 [FATAL] Updater:308 - Updater called before beeing initialized
2024-01-19 19:55:56,656 [ERROR] CADModel:125 - Updater not yet initialized, retry later 
2024-01-19 19:55:56,659 [FATAL] Updater:308 - Updater called before beeing initialized
2024-01-19 19:55:56,838 [FATAL] Updater:308 - Updater called before beeing initialized
2024-01-19 19:55:56,845 [INFO] DbMcusAds:53 - JSON generation date=Wed Nov 29 10:52:27 GMT 2023 (1701255147349)
2024-01-19 19:55:56,846 [FATAL] Updater:308 - Updater called before beeing initialized
2024-01-19 19:55:56,998 [WARN] DetailPanel:346 - Failed to get advertising image, set to default
2024-01-19 19:55:57,106 [FATAL] Updater:308 - Updater called before beeing initialized
2024-01-19 19:55:57,109 [FATAL] Updater:308 - Updater called before beeing initialized
2024-01-19 19:55:57,109 [FATAL] Updater:308 - Updater called before beeing initialized
2024-01-19 19:55:57,110 [WARN] DetailPanel:346 - Failed to get advertising image, set to default
2024-01-19 19:55:57,114 [FATAL] Updater:308 - Updater called before beeing initialized
2024-01-19 19:55:57,222 [ERROR] Updater:1120 - MainUpdater not yet initialized. External WinMGr cannot be set.
2024-01-19 19:55:57,266 [INFO] Updater:1056 - Updater Version found : 6.10.0
2024-01-19 19:55:57,283 [INFO] ApplicationProperties:184 - Using Application install path: /Applications/STM32CubeIDE.app/Contents/Eclipse/plugins/com.st.stm32cube.common.mx_6.10.0.202311202037
2024-01-19 19:55:57,843 [INFO] MainUpdater:2873 - connection check result : 10
2024-01-19 19:55:57,843 [INFO] MainUpdater:3567 - Updater definition file requires update
2024-01-19 19:55:57,844 [INFO] MainUpdater:290 - Updater Check For Update Now.
2024-01-19 19:55:57,844 [INFO] MicroXplorer:498 - Change Database Version : DB.6.0.100
2024-01-19 19:55:57,854 [INFO] McuFinderGlobals:63 - Set McuFinder mode to 2 (CubeIDE integrated)
2024-01-19 19:55:57,866 [INFO] UserAuth:404 - Internet connection configuration mode: 1
2024-01-19 19:55:57,879 [INFO] JxBrowserEngine:152 - Initiate JxBrowser Engine with user profile folder
2024-01-19 19:55:58,116 [INFO] ServerAccessManage:473 - Download File updaters.zip
2024-01-19 19:55:58,247 [INFO] FileExtend:240 - Unzip File : updaters.zip
2024-01-19 19:55:58,248 [INFO] FileExtend:255 - Standard Zip Deflate
2024-01-19 19:55:58,428 [INFO] ServerAccessManage:473 - Download File PacksControlFlags.xml
2024-01-19 19:55:58,557 [WARN] MainUpdater:1194 - Updater busy. Cannot search thirdparties
2024-01-19 19:55:58,557 [INFO] ThirdPartyUpdaterWithRetryManager:96 - Updater plugin is busy. [1/15]
2024-01-19 19:55:58,578 [INFO] ServerAccessManage:473 - Download File cubemx.pidx
2024-01-19 19:55:58,722 [INFO] LoadServerUpdatesThread:375 - End of LoadServerUpdate Thread
2024-01-19 19:55:58,955 [INFO] CheckServerUpdateThread:120 - End of CheckServer Thread
2024-01-19 19:56:01,770 [WARN] PackLoader:240 - Cannot read IP mode file for STMicroelectronics.X-CUBE-SMBUS.2.1.0
2024-01-19 19:56:01,793 [WARN] PackLoader:240 - Cannot read IP mode file for STMicroelectronics.X-CUBE-TOUCHGFX.4.23.0
2024-01-19 19:56:01,844 [WARN] PackLoader:240 - Cannot read IP mode file for STMicroelectronics.X-CUBE-AZRTOS-F7.1.1.0
2024-01-19 19:56:01,872 [WARN] PackLoader:240 - Cannot read IP mode file for STMicroelectronics.FP-SNS-MOTENV1.4.3.2
2024-01-19 19:56:01,901 [WARN] PackLoader:240 - Cannot read IP mode file for STMicroelectronics.FP-SNS-FLIGHT1.5.0.2
2024-01-19 19:56:01,925 [WARN] PackLoader:240 - Cannot read IP mode file for STMicroelectronics.X-CUBE-DISPLAY.3.0.0
2024-01-19 19:56:01,953 [WARN] PackLoader:240 - Cannot read IP mode file for STMicroelectronics.X-CUBE-BLE1.7.0.0
2024-01-19 19:56:01,972 [WARN] PackLoader:240 - Cannot read IP mode file for emotas.I-CUBE-CANOPEN.1.3.0
2024-01-19 19:56:01,982 [WARN] PackLoader:240 - Cannot read IP mode file for STMicroelectronics.X-CUBE-TOUCHGFX.4.22.0
2024-01-19 19:56:01,985 [WARN] PackLoader:240 - Cannot read IP mode file for STMicroelectronics.X-CUBE-TOUCHGFX.4.22.1
2024-01-19 19:56:01,994 [WARN] PackLoader:240 - Cannot read IP mode file for STMicroelectronics.FP-SNS-SMARTAG2.1.2.0
2024-01-19 19:56:02,015 [INFO] LogOutputStream:77 - [STDOUT_REDIRECT] 1 : Invalid condition id : UX_CORESTACK_Condition cause : null
2024-01-19 19:56:02,018 [INFO] LogOutputStream:77 - [STDOUT_REDIRECT] 1 : Invalid condition id : UX_CORESTACK_Condition cause : null
2024-01-19 19:56:02,020 [INFO] LogOutputStream:77 - [STDOUT_REDIRECT] 1 : Invalid condition id : UX_CORESTACK_Condition cause : null
2024-01-19 19:56:02,020 [INFO] LogOutputStream:77 - [STDOUT_REDIRECT] 1 : Invalid condition id : UX_CORESTACK_Condition cause : null
2024-01-19 19:56:02,020 [INFO] LogOutputStream:77 - [STDOUT_REDIRECT] 1 : Invalid condition id : UX_CORESTACK_Condition cause : null
2024-01-19 19:56:02,032 [WARN] PackLoader:240 - Cannot read IP mode file for STMicroelectronics.X-CUBE-AZRTOS-WL.2.0.0
2024-01-19 19:56:02,062 [WARN] PackLoader:240 - Cannot read IP mode file for WES.I-CUBE-Cesium.1.3.0
2024-01-19 19:56:02,075 [WARN] PackLoader:240 - Cannot read IP mode file for STMicroelectronics.X-CUBE-BLE2.3.3.0
2024-01-19 19:56:02,094 [WARN] PackLoader:240 - Cannot read IP mode file for STMicroelectronics.X-CUBE-ALGOBUILD.1.3.0
2024-01-19 19:56:02,176 [WARN] PackLoader:240 - Cannot read IP mode file for STMicroelectronics.X-CUBE-AZRTOS-G0.1.1.0
2024-01-19 19:56:02,210 [WARN] PackLoader:240 - Cannot read IP mode file for STMicroelectronics.X-CUBE-NFC4.3.0.0
2024-01-19 19:56:02,269 [WARN] PackLoader:240 - Cannot read IP mode file for STMicroelectronics.X-CUBE-BLEMGR.3.0.0
2024-01-19 19:56:02,297 [WARN] PackLoader:240 - Cannot read IP mode file for STMicroelectronics.FP-ATR-SIGFOX1.3.2.0
2024-01-19 19:56:02,404 [WARN] PackLoader:240 - Cannot read IP mode file for SEGGER.I-CUBE-embOS.1.3.1
2024-01-19 19:56:02,486 [WARN] PackLoader:240 - Cannot read IP mode file for STMicroelectronics.X-CUBE-GNSS1.6.0.0
2024-01-19 19:56:02,525 [WARN] PackLoader:240 - Cannot read IP mode file for STMicroelectronics.X-CUBE-AZRTOS-F4.1.1.0
2024-01-19 19:56:02,558 [WARN] PackLoader:240 - Cannot read IP mode file for wolfSSL.I-CUBE-wolfSSL.5.6.3
2024-01-19 19:56:02,591 [WARN] PackLoader:240 - Cannot read IP mode file for STMicroelectronics.X-CUBE-AZRTOS-L5.2.0.0
2024-01-19 19:56:02,716 [WARN] PackLoader:240 - Cannot read IP mode file for STMicroelectronics.X-CUBE-MEMS1.9.6.0
2024-01-19 19:56:02,993 [WARN] PackLoader:240 - Cannot read IP mode file for STMicroelectronics.X-CUBE-EEPRMA1.4.2.0
2024-01-19 19:56:03,007 [WARN] PackLoader:240 - Cannot read IP mode file for ITTIA_DB.I-CUBE-ITTIADB.8.8.0
2024-01-19 19:56:03,032 [WARN] PackLoader:240 - Cannot read IP mode file for STMicroelectronics.X-CUBE-BLEMGR.2.0.0
2024-01-19 19:56:03,103 [INFO] WebApp:161 - Instantiating new browser for Auth
2024-01-19 19:56:03,111 [WARN] ConditionMgr:438 - getConditionDescription Invalid condition id : UX DEVICE CLASS RTOS Condition cause : null
2024-01-19 19:56:03,112 [WARN] ConditionMgr:438 - getConditionDescription Invalid condition id : UX DEVICE CLASS RTOS Condition cause : null
2024-01-19 19:56:03,120 [WARN] PackLoader:240 - Cannot read IP mode file for STMicroelectronics.X-CUBE-AZRTOS-H7.3.1.0
2024-01-19 19:56:03,128 [WARN] ConditionMgr:1039 - genDependencies : Invalid condition id : UX DEVICE CLASS RTOS Condition cause : null
2024-01-19 19:56:03,128 [WARN] ConditionMgr:1039 - genDependencies : Invalid condition id : UX DEVICE CLASS RTOS Condition cause : null
2024-01-19 19:56:03,130 [WARN] ConditionMgr:1039 - genDependencies : Invalid condition id : UX DEVICE CLASS RTOS Condition cause : null
2024-01-19 19:56:03,131 [WARN] ConditionMgr:1039 - genDependencies : Invalid condition id : UX DEVICE CLASS RTOS Condition cause : null
2024-01-19 19:56:03,131 [WARN] ConditionMgr:1039 - genDependencies : Invalid condition id : UX DEVICE CLASS RTOS Condition cause : null
2024-01-19 19:56:03,186 [WARN] PackLoader:240 - Cannot read IP mode file for STMicroelectronics.X-CUBE-NFC7.1.0.1
2024-01-19 19:56:03,216 [WARN] PackLoader:240 - Cannot read IP mode file for STMicroelectronics.X-CUBE-NFC6.3.0.0
2024-01-19 19:56:03,234 [WARN] PackLoader:240 - Cannot read IP mode file for STMicroelectronics.X-CUBE-EEPRMA1.4.1.0
2024-01-19 19:56:03,240 [WARN] PackLoader:240 - Cannot read IP mode file for STMicroelectronics.X-CUBE-AI.8.1.0
2024-01-19 19:56:03,266 [WARN] ConditionMgr:438 - getConditionDescription Invalid condition id : LAN8742 Phy interface Condition cause : null
2024-01-19 19:56:03,267 [WARN] PackLoader:240 - Cannot read IP mode file for STMicroelectronics.X-CUBE-AZRTOS-L4.2.0.0
2024-01-19 19:56:03,270 [WARN] ConditionMgr:1039 - genDependencies : Invalid condition id : LAN8742 Phy interface Condition cause : null
2024-01-19 19:56:03,270 [WARN] ConditionMgr:1039 - genDependencies : Invalid condition id : LAN8742 Phy interface Condition cause : null
2024-01-19 19:56:03,272 [WARN] ConditionMgr:1039 - genDependencies : Invalid condition id : LAN8742 Phy interface Condition cause : null
2024-01-19 19:56:03,294 [WARN] PackLoader:240 - Cannot read IP mode file for STMicroelectronics.X-CUBE-SFXS2LP1.4.0.0
2024-01-19 19:56:03,302 [WARN] PackLoader:240 - Cannot read IP mode file for STMicroelectronics.X-CUBE-ISPU.1.1.0
2024-01-19 19:56:03,317 [WARN] ConditionMgr:438 - getConditionDescription Invalid condition id : UX DEVICE CLASS RTOS Condition cause : null
2024-01-19 19:56:03,317 [WARN] ConditionMgr:438 - getConditionDescription Invalid condition id : UX DEVICE CLASS RTOS Condition cause : null
2024-01-19 19:56:03,322 [WARN] PackLoader:240 - Cannot read IP mode file for STMicroelectronics.X-CUBE-AZRTOS-WB.2.0.0
2024-01-19 19:56:03,323 [WARN] ConditionMgr:1039 - genDependencies : Invalid condition id : UX DEVICE CLASS RTOS Condition cause : null
2024-01-19 19:56:03,323 [WARN] ConditionMgr:1039 - genDependencies : Invalid condition id : UX DEVICE CLASS RTOS Condition cause : null
2024-01-19 19:56:03,324 [WARN] ConditionMgr:1039 - genDependencies : Invalid condition id : UX DEVICE CLASS RTOS Condition cause : null
2024-01-19 19:56:03,324 [WARN] ConditionMgr:1039 - genDependencies : Invalid condition id : UX DEVICE CLASS RTOS Condition cause : null
2024-01-19 19:56:03,325 [WARN] ConditionMgr:1039 - genDependencies : Invalid condition id : UX DEVICE CLASS RTOS Condition cause : null
2024-01-19 19:56:03,341 [WARN] PackLoader:240 - Cannot read IP mode file for STMicroelectronics.X-CUBE-SUBG2.5.0.0
2024-01-19 19:56:03,363 [WARN] PackLoader:240 - Cannot read IP mode file for STMicroelectronics.X-CUBE-TOF1.3.3.1
2024-01-19 19:56:03,394 [WARN] PackLoader:240 - Cannot read IP mode file for STMicroelectronics.X-CUBE-AZRTOS-G4.2.0.0
2024-01-19 19:56:03,414 [WARN] PackLoader:240 - Cannot read IP mode file for Infineon.AIROC-Wi-Fi-Bluetooth-STM32.1.5.1
2024-01-19 19:56:03,423 [WARN] PackLoader:240 - Cannot read IP mode file for STMicroelectronics.FP-SNS-MOTENVWB1.1.3.0
2024-01-19 19:56:03,426 [WARN] PackLoader:240 - Cannot read IP mode file for STMicroelectronics.FP-SNS-MOTENVWB1.1.3.1
2024-01-19 19:56:03,429 [WARN] PackLoader:240 - Cannot read IP mode file for STMicroelectronics.X-CUBE-ISPU.2.0.0
2024-01-19 19:56:03,489 [WARN] PackLoader:240 - Cannot read IP mode file for STMicroelectronics.X-CUBE-MEMS1.10.0.0
2024-01-19 19:56:03,605 [WARN] PackLoader:240 - Cannot read IP mode file for STMicroelectronics.X-CUBE-FREERTOS.1.1.0
2024-01-19 19:56:03,638 [WARN] PackLoader:240 - Cannot read IP mode file for portGmbH.I-Cube-SoM-uGOAL.1.1.0
2024-01-19 19:56:03,656 [WARN] PackLoader:240 - Cannot read IP mode file for STMicroelectronics.X-CUBE-ALS.1.0.1
2024-01-19 19:56:03,674 [WARN] PackLoader:240 - Cannot read IP mode file for STMicroelectronics.FP-ATR-ASTRA1.2.0.0
2024-01-19 19:56:03,692 [WARN] PackLoader:240 - Cannot read IP mode file for STMicroelectronics.X-CUBE-TOF1.3.4.0
2024-01-19 19:56:03,736 [WARN] PackLoader:240 - Cannot read IP mode file for STMicroelectronics.X-CUBE-AZRTOS-H7.3.2.0
2024-01-19 19:56:03,745 [INFO] ThirdParty:978 - Integrity check success = true
2024-01-19 19:56:03,745 [INFO] IntegrityCheckThread:100 - exiting critical section [integrity check]
2024-01-19 19:56:03,745 [INFO] IntegrityCheckThread:103 - End integrity checks thread
2024-01-19 19:56:04,909 [INFO] WebApp:780 - Register for checkConnection events
2024-01-19 19:56:04,910 [INFO] WebApp:414 - Apply proxy settings
2024-01-19 19:56:04,919 [INFO] WebApp:459 - Chromium authenticates against Manually configured proxy
2024-01-19 19:56:04,945 [INFO] WebApp:467 - Username used for proxy authentication: 
2024-01-19 19:56:05,096 [INFO] WebApp:192 - Starting web application
2024-01-19 19:56:05,096 [INFO] WebApp:544 - Web application path used /Applications/STM32CubeIDE.app/Contents/Eclipse/plugins/com.st.stm32cube.common.mx_6.10.0.202311202037/db/plugins/mcufinder/reactClient1/index.html
2024-01-19 19:56:26,252 [ERROR] LogOutputStream:75 - [STDERR_REDIRECT] SLF4J: Failed to load class "org.slf4j.impl.StaticLoggerBinder".
2024-01-19 19:56:26,256 [ERROR] LogOutputStream:75 - [STDERR_REDIRECT] SLF4J: Defaulting to no-operation (NOP) logger implementation
2024-01-19 19:56:26,257 [ERROR] LogOutputStream:75 - [STDERR_REDIRECT] SLF4J: See http://www.slf4j.org/codes.html#StaticLoggerBinder for further details.
