2023-12-21 16:56:00,160 [INFO] Activator:176 - 


2023-12-21 16:56:00,165 [INFO] Activator:177 - !SESSION log4j initialized
2023-12-21 16:56:06,739 [ERROR] LogOutputStream:75 - [STDERR_REDIRECT] 
2023-12-21 16:56:06,998 [INFO] LogOutputStream:77 - [STDOUT_REDIRECT] 
2023-12-21 16:56:09,092 [INFO] LogOutputStream:77 - [STDOUT_REDIRECT] 
2023-12-21 16:56:09,912 [INFO] ApplicationProperties:184 - Using Application install path: /Applications/STM32CubeIDE.app/Contents/Eclipse/plugins/com.st.stm32cube.common.mx_6.10.0.202311202037
2023-12-21 16:56:09,929 [INFO] DbMcusXml:78 - Set database path to: /Applications/STM32CubeIDE.app/Contents/Eclipse/plugins/com.st.stm32cube.common.mx_6.10.0.202311202037//db//mcu/
2023-12-21 16:56:09,929 [INFO] ApiDb:274 - Set plugin database path to: /Applications/STM32CubeIDE.app/Contents/Eclipse/plugins/com.st.stm32cube.common.mx_6.10.0.202311202037//db//plugins/boardmanager/
2023-12-21 16:56:09,930 [WARN] ApiDb:259 - Overriding images path with different value:  => /Applications/STM32CubeIDE.app/Contents/Eclipse/plugins/com.st.stm32cube.common.mx_6.10.0.202311202037//db//plugins/mcufinder/images/
2023-12-21 16:56:09,936 [INFO] ApiDb:250 - Set database path to: /Users/mariestahaab/.stmcufinder/plugins/mcufinder//mcu/
2023-12-21 16:56:09,937 [INFO] DbMcusAds:125 - Set database path to: /Users/mariestahaab/.stmcufinder/plugins/mcufinder//mcu/
2023-12-21 16:56:09,939 [INFO] CrossReferenceDbSqlite:203 - Set database path to: /Users/mariestahaab/.stmcufinder/plugins/mcufinder//mcu/cs/
2023-12-21 16:56:10,058 [INFO] RulesReader:64 - Compatibility file has been processed (297 Rules)
2023-12-21 16:56:10,136 [INFO] DbMcusXml:78 - Set database path to: /Applications/STM32CubeIDE.app/Contents/Eclipse/plugins/com.st.stm32cube.common.mx_6.10.0.202311202037//db//mcu/
2023-12-21 16:56:10,137 [INFO] ApiDb:274 - Set plugin database path to: /Applications/STM32CubeIDE.app/Contents/Eclipse/plugins/com.st.stm32cube.common.mx_6.10.0.202311202037//db//plugins/boardmanager/
2023-12-21 16:56:10,138 [INFO] ApiDb:261 - Set plugin images path to: /Applications/STM32CubeIDE.app/Contents/Eclipse/plugins/com.st.stm32cube.common.mx_6.10.0.202311202037//db//plugins/mcufinder/images/
2023-12-21 16:56:10,140 [WARN] DbFile:41 - Overriding database path with different value: /Users/mariestahaab/.stmcufinder/plugins/mcufinder/ => /Users/mariestahaab/.stmcufinder/plugins/mcufinder
2023-12-21 16:56:10,140 [INFO] ApiDb:250 - Set database path to: /Users/mariestahaab/.stmcufinder/plugins/mcufinder//mcu/
2023-12-21 16:56:10,140 [WARN] DbFile:41 - Overriding database path with different value: /Users/mariestahaab/.stmcufinder/plugins/mcufinder/ => /Users/mariestahaab/.stmcufinder/plugins/mcufinder
2023-12-21 16:56:10,140 [INFO] DbMcusAds:125 - Set database path to: /Users/mariestahaab/.stmcufinder/plugins/mcufinder//mcu/
2023-12-21 16:56:10,140 [WARN] DbFile:41 - Overriding database path with different value: /Users/mariestahaab/.stmcufinder/plugins/mcufinder/ => /Users/mariestahaab/.stmcufinder/plugins/mcufinder
2023-12-21 16:56:10,140 [WARN] DbFile:41 - Overriding database path with different value: /Users/mariestahaab/.stmcufinder/plugins/mcufinder/ => /Users/mariestahaab/.stmcufinder/plugins/mcufinder
2023-12-21 16:56:10,140 [INFO] CrossReferenceDbSqlite:203 - Set database path to: /Users/mariestahaab/.stmcufinder/plugins/mcufinder//mcu/cs/
2023-12-21 16:56:10,242 [INFO] MainPanel:264 - HeapMemory: 268435456
2023-12-21 16:56:10,384 [INFO] DbMcusXml:78 - Set database path to: /Applications/STM32CubeIDE.app/Contents/Eclipse/plugins/com.st.stm32cube.common.mx_6.10.0.202311202037//db//mcu/
2023-12-21 16:56:10,385 [INFO] ApiDb:274 - Set plugin database path to: /Applications/STM32CubeIDE.app/Contents/Eclipse/plugins/com.st.stm32cube.common.mx_6.10.0.202311202037//db//plugins/boardmanager/
2023-12-21 16:56:10,387 [INFO] ApiDb:261 - Set plugin images path to: /Applications/STM32CubeIDE.app/Contents/Eclipse/plugins/com.st.stm32cube.common.mx_6.10.0.202311202037//db//plugins/mcufinder/images/
2023-12-21 16:56:10,387 [WARN] DbFile:41 - Overriding database path with different value: /Users/mariestahaab/.stmcufinder/plugins/mcufinder/ => /Users/mariestahaab/.stmcufinder/plugins/mcufinder
2023-12-21 16:56:10,387 [INFO] ApiDb:250 - Set database path to: /Users/mariestahaab/.stmcufinder/plugins/mcufinder//mcu/
2023-12-21 16:56:10,387 [WARN] DbFile:41 - Overriding database path with different value: /Users/mariestahaab/.stmcufinder/plugins/mcufinder/ => /Users/mariestahaab/.stmcufinder/plugins/mcufinder
2023-12-21 16:56:10,388 [INFO] DbMcusAds:125 - Set database path to: /Users/mariestahaab/.stmcufinder/plugins/mcufinder//mcu/
2023-12-21 16:56:10,388 [WARN] DbFile:41 - Overriding database path with different value: /Users/mariestahaab/.stmcufinder/plugins/mcufinder/ => /Users/mariestahaab/.stmcufinder/plugins/mcufinder
2023-12-21 16:56:10,388 [WARN] DbFile:41 - Overriding database path with different value: /Users/mariestahaab/.stmcufinder/plugins/mcufinder/ => /Users/mariestahaab/.stmcufinder/plugins/mcufinder
2023-12-21 16:56:10,388 [INFO] CrossReferenceDbSqlite:203 - Set database path to: /Users/mariestahaab/.stmcufinder/plugins/mcufinder//mcu/cs/
2023-12-21 16:56:10,415 [INFO] ApplicationProperties:184 - Using Application install path: /Applications/STM32CubeIDE.app/Contents/Eclipse/plugins/com.st.stm32cube.common.mx_6.10.0.202311202037
2023-12-21 16:56:10,416 [INFO] PluginManage:196 - Search for loadable plugins [exclusion list=, ]
2023-12-21 16:56:10,419 [INFO] PluginManage:310 - Check plugin analytics
2023-12-21 16:56:10,698 [INFO] AnalyticsPlugin:253 - Accepted Software Licenses: 
2023-12-21 16:56:10,700 [INFO] AnalyticsPlugin:255 - Accepted CMSIS Pack Licenses: 
2023-12-21 16:56:10,700 [INFO] AnalyticsPlugin:257 - Accepted Firmware Licenses: FW.F4.1.27.0
2023-12-21 16:56:10,710 [INFO] PluginManage:359 - Loaded plugin analytics (category:tool,tabindex:-1)
2023-12-21 16:56:10,712 [INFO] PluginManage:310 - Check plugin cadmodel
2023-12-21 16:56:11,252 [INFO] CADModel:105 - Init CAD model plugin
2023-12-21 16:56:11,253 [INFO] PluginManage:359 - Loaded plugin cadmodel (category:power,tabindex:5)
2023-12-21 16:56:11,253 [INFO] PluginManage:310 - Check plugin clock
2023-12-21 16:56:11,265 [INFO] PluginManage:359 - Loaded plugin clock (category:base,tabindex:2)
2023-12-21 16:56:11,265 [INFO] PluginManage:310 - Check plugin ddr
2023-12-21 16:56:11,266 [INFO] PluginManage:359 - Loaded plugin ddr (category:tool,tabindex:6)
2023-12-21 16:56:11,266 [INFO] PluginManage:310 - Check plugin filemanager
2023-12-21 16:56:11,427 [INFO] PluginManage:359 - Loaded plugin filemanager (category:base,tabindex:10)
2023-12-21 16:56:11,427 [INFO] PluginManage:310 - Check plugin ipmanager
2023-12-21 16:56:11,435 [INFO] PluginManage:359 - Loaded plugin ipmanager (category:base,tabindex:5)
2023-12-21 16:56:11,436 [INFO] PluginManage:310 - Check plugin lpbam
2023-12-21 16:56:11,445 [INFO] PluginManage:359 - Loaded plugin lpbam (category:base,tabindex:0)
2023-12-21 16:56:11,446 [INFO] PluginManage:310 - Check plugin memorymap
2023-12-21 16:56:11,456 [INFO] PluginManage:359 - Loaded plugin memorymap (category:base,tabindex:4)
2023-12-21 16:56:11,456 [INFO] PluginManage:310 - Check plugin pinoutandconfiguration
2023-12-21 16:56:11,461 [INFO] PluginManage:359 - Loaded plugin pinoutandconfiguration (category:base,tabindex:1)
2023-12-21 16:56:11,461 [INFO] PluginManage:310 - Check plugin pinoutconfig
2023-12-21 16:56:11,555 [WARN] SupportedApi:132 - Cannot load RTOS API schema: s4s-elt-must-match.1: The content of 'definitions' must match (annotation?, (simpleType | complexType)?, (unique | key | keyref)*)). A problem was found starting at: attribute.
2023-12-21 16:56:11,712 [INFO] PluginManage:359 - Loaded plugin pinoutconfig (category:base,tabindex:0)
2023-12-21 16:56:11,712 [INFO] PluginManage:310 - Check plugin power
2023-12-21 16:56:11,724 [INFO] PluginManage:359 - Loaded plugin power (category:power,tabindex:4)
2023-12-21 16:56:11,724 [INFO] PluginManage:310 - Check plugin projectmanager
2023-12-21 16:56:11,752 [INFO] PluginManage:359 - Loaded plugin projectmanager (category:projectmanager,tabindex:3)
2023-12-21 16:56:11,752 [INFO] PluginManage:310 - Check plugin thirdparty
2023-12-21 16:56:11,917 [INFO] PluginManage:359 - Loaded plugin thirdparty (category:base,tabindex:-1)
2023-12-21 16:56:11,917 [INFO] PluginManage:310 - Check plugin tools
2023-12-21 16:56:11,917 [WARN] IntegrityCheckThread:84 - waiting for thirdparty lock release [integrity check]
2023-12-21 16:56:11,918 [INFO] IntegrityCheckThread:86 - entering critical section [integrity check]
2023-12-21 16:56:11,919 [INFO] ThirdPartyUpdaterWithRetryManager:70 - Updater plugin not ready yet. [1/15]
2023-12-21 16:56:11,921 [INFO] PluginManage:359 - Loaded plugin tools (category:base,tabindex:7)
2023-12-21 16:56:11,921 [INFO] PluginManage:310 - Check plugin tutovideos
2023-12-21 16:56:12,077 [INFO] PluginManage:359 - Loaded plugin tutovideos (category:base,tabindex:-1)
2023-12-21 16:56:12,077 [INFO] PluginManage:310 - Check plugin updater
2023-12-21 16:56:12,089 [INFO] PluginManage:359 - Loaded plugin updater (category:base,tabindex:12)
2023-12-21 16:56:12,089 [INFO] PluginManage:310 - Check plugin userauth
2023-12-21 16:56:12,094 [INFO] UserAuth:114 - Init User Auth plugin
2023-12-21 16:56:12,095 [INFO] PluginManage:359 - Loaded plugin userauth (category:base,tabindex:14)
2023-12-21 16:56:12,095 [INFO] PluginManage:283 - PluginManage : Loaded plugins [17]
2023-12-21 16:56:12,372 [INFO] PinOutPanel:1499 - setPackage(No Configuration,No Configuration)
2023-12-21 16:56:12,452 [INFO] CADModel:165 - CPN selected for project level
2023-12-21 16:56:12,452 [INFO] CADModel:114 - Register for checkConnection events
2023-12-21 16:56:12,470 [INFO] IPUIPlugin:80 - create IPUIPlugin
2023-12-21 16:56:12,470 [INFO] PluginManager:220 - loadIPPluginJar : add mdma
2023-12-21 16:56:12,477 [INFO] IPUIPlugin:80 - create IPUIPlugin
2023-12-21 16:56:12,477 [INFO] PluginManager:220 - loadIPPluginJar : add freertos
2023-12-21 16:56:12,481 [INFO] IPUIPlugin:80 - create IPUIPlugin
2023-12-21 16:56:12,481 [INFO] PluginManager:220 - loadIPPluginJar : add gic
2023-12-21 16:56:12,488 [INFO] IPUIPlugin:80 - create IPUIPlugin
2023-12-21 16:56:12,488 [INFO] PluginManager:220 - loadIPPluginJar : add adc
2023-12-21 16:56:12,491 [INFO] IPUIPlugin:80 - create IPUIPlugin
2023-12-21 16:56:12,491 [INFO] PluginManager:220 - loadIPPluginJar : add gtzc
2023-12-21 16:56:12,493 [INFO] IPUIPlugin:80 - create IPUIPlugin
2023-12-21 16:56:12,493 [INFO] PluginManager:220 - loadIPPluginJar : add quadspi
2023-12-21 16:56:12,495 [INFO] IPUIPlugin:80 - create IPUIPlugin
2023-12-21 16:56:12,496 [INFO] PluginManager:220 - loadIPPluginJar : add aes
2023-12-21 16:56:12,498 [INFO] IPUIPlugin:80 - create IPUIPlugin
2023-12-21 16:56:12,498 [INFO] PluginManager:220 - loadIPPluginJar : add pdm2pcm
2023-12-21 16:56:12,499 [INFO] IPUIPlugin:80 - create IPUIPlugin
2023-12-21 16:56:12,499 [INFO] PluginManager:220 - loadIPPluginJar : add hash
2023-12-21 16:56:12,501 [INFO] IPUIPlugin:80 - create IPUIPlugin
2023-12-21 16:56:12,501 [INFO] PluginManager:220 - loadIPPluginJar : add tim
2023-12-21 16:56:12,502 [INFO] IPUIPlugin:80 - create IPUIPlugin
2023-12-21 16:56:12,502 [INFO] PluginManager:220 - loadIPPluginJar : add tsc
2023-12-21 16:56:12,504 [INFO] IPUIPlugin:80 - create IPUIPlugin
2023-12-21 16:56:12,504 [INFO] PluginManager:220 - loadIPPluginJar : add ts
2023-12-21 16:56:12,506 [INFO] IPUIPlugin:80 - create IPUIPlugin
2023-12-21 16:56:12,506 [INFO] PluginManager:220 - loadIPPluginJar : add can
2023-12-21 16:56:12,509 [INFO] IPUIPlugin:80 - create IPUIPlugin
2023-12-21 16:56:12,510 [INFO] PluginManager:220 - loadIPPluginJar : add dma3
2023-12-21 16:56:12,514 [INFO] IPUIPlugin:80 - create IPUIPlugin
2023-12-21 16:56:12,514 [INFO] PluginManager:220 - loadIPPluginJar : add dfsdm
2023-12-21 16:56:12,516 [INFO] IPUIPlugin:80 - create IPUIPlugin
2023-12-21 16:56:12,516 [INFO] PluginManager:220 - loadIPPluginJar : add spi
2023-12-21 16:56:12,518 [INFO] IPUIPlugin:80 - create IPUIPlugin
2023-12-21 16:56:12,518 [INFO] PluginManager:220 - loadIPPluginJar : add gfxmmu
2023-12-21 16:56:12,519 [INFO] IPUIPlugin:80 - create IPUIPlugin
2023-12-21 16:56:12,519 [INFO] PluginManager:220 - loadIPPluginJar : add genericplugin
2023-12-21 16:56:12,520 [INFO] IPUIPlugin:80 - create IPUIPlugin
2023-12-21 16:56:12,520 [INFO] PluginManager:220 - loadIPPluginJar : add cryp
2023-12-21 16:56:12,522 [INFO] IPUIPlugin:80 - create IPUIPlugin
2023-12-21 16:56:12,522 [INFO] PluginManager:220 - loadIPPluginJar : add gpio
2023-12-21 16:56:12,523 [INFO] IPUIPlugin:80 - create IPUIPlugin
2023-12-21 16:56:12,523 [INFO] PluginManager:220 - loadIPPluginJar : add comp
2023-12-21 16:56:12,526 [INFO] IPUIPlugin:80 - create IPUIPlugin
2023-12-21 16:56:12,526 [INFO] PluginManager:220 - loadIPPluginJar : add tracer_emb
2023-12-21 16:56:12,528 [INFO] IPUIPlugin:80 - create IPUIPlugin
2023-12-21 16:56:12,528 [INFO] PluginManager:220 - loadIPPluginJar : add openamp
2023-12-21 16:56:12,533 [INFO] IPUIPlugin:80 - create IPUIPlugin
2023-12-21 16:56:12,534 [INFO] PluginManager:220 - loadIPPluginJar : add stm32_wpan
2023-12-21 16:56:12,538 [INFO] IPUIPlugin:80 - create IPUIPlugin
2023-12-21 16:56:12,540 [INFO] PluginManager:220 - loadIPPluginJar : add plateformsettings
2023-12-21 16:56:12,544 [INFO] IPUIPlugin:80 - create IPUIPlugin
2023-12-21 16:56:12,544 [INFO] PluginManager:220 - loadIPPluginJar : add ipddr
2023-12-21 16:56:12,546 [INFO] IPUIPlugin:80 - create IPUIPlugin
2023-12-21 16:56:12,546 [INFO] PluginManager:220 - loadIPPluginJar : add usart
2023-12-21 16:56:12,547 [INFO] IPUIPlugin:80 - create IPUIPlugin
2023-12-21 16:56:12,547 [INFO] PluginManager:220 - loadIPPluginJar : add ltdc
2023-12-21 16:56:12,550 [INFO] IPUIPlugin:80 - create IPUIPlugin
2023-12-21 16:56:12,550 [INFO] PluginManager:220 - loadIPPluginJar : add nvic
2023-12-21 16:56:12,551 [INFO] IPUIPlugin:80 - create IPUIPlugin
2023-12-21 16:56:12,551 [INFO] PluginManager:220 - loadIPPluginJar : add fatfs
2023-12-21 16:56:12,556 [INFO] IPUIPlugin:80 - create IPUIPlugin
2023-12-21 16:56:12,556 [INFO] PluginManager:220 - loadIPPluginJar : add linkedlist
2023-12-21 16:56:12,561 [INFO] IPUIPlugin:80 - create IPUIPlugin
2023-12-21 16:56:12,561 [INFO] PluginManager:220 - loadIPPluginJar : add dma
2023-12-21 16:56:12,565 [INFO] IPUIPlugin:80 - create IPUIPlugin
2023-12-21 16:56:12,565 [INFO] PluginManager:220 - loadIPPluginJar : add fmc
2023-12-21 16:56:12,566 [INFO] IPUIPlugin:80 - create IPUIPlugin
2023-12-21 16:56:12,566 [INFO] PluginManager:220 - loadIPPluginJar : add i2s
2023-12-21 16:56:12,567 [INFO] IPUIPlugin:80 - create IPUIPlugin
2023-12-21 16:56:12,568 [INFO] PluginManager:220 - loadIPPluginJar : add ucpd
2023-12-21 16:56:12,570 [INFO] IPUIPlugin:80 - create IPUIPlugin
2023-12-21 16:56:12,570 [INFO] PluginManager:220 - loadIPPluginJar : add lorawan
2023-12-21 16:56:12,573 [INFO] IPUIPlugin:80 - create IPUIPlugin
2023-12-21 16:56:12,573 [INFO] PluginManager:220 - loadIPPluginJar : add opamp
2023-12-21 16:56:12,575 [INFO] IPUIPlugin:80 - create IPUIPlugin
2023-12-21 16:56:12,576 [INFO] PluginManager:220 - loadIPPluginJar : add i3c
2023-12-21 16:56:12,578 [INFO] IPUIPlugin:80 - create IPUIPlugin
2023-12-21 16:56:12,578 [INFO] PluginManager:220 - loadIPPluginJar : add touchsensing
2023-12-21 16:56:12,583 [INFO] IPUIPlugin:80 - create IPUIPlugin
2023-12-21 16:56:12,583 [INFO] PluginManager:220 - loadIPPluginJar : add i2c
2023-12-21 16:56:12,586 [INFO] IPUIPlugin:80 - create IPUIPlugin
2023-12-21 16:56:12,586 [INFO] PluginManager:220 - loadIPPluginJar : add resmgrutility
2023-12-21 16:56:12,588 [INFO] IPUIPlugin:80 - create IPUIPlugin
2023-12-21 16:56:12,588 [INFO] PluginManager:220 - loadIPPluginJar : add sai
2023-12-21 16:56:12,590 [INFO] IPUIPlugin:80 - create IPUIPlugin
2023-12-21 16:56:12,590 [INFO] PluginManager:220 - loadIPPluginJar : add usbx
2023-12-21 16:56:12,711 [INFO] CADModel:165 - CPN selected for project level
2023-12-21 16:56:12,711 [INFO] CADModel:114 - Register for checkConnection events
2023-12-21 16:56:12,713 [FATAL] Updater:308 - Updater called before beeing initialized
2023-12-21 16:56:12,713 [ERROR] CADModel:125 - Updater not yet initialized, retry later 
2023-12-21 16:56:12,956 [INFO] CADModel:165 - CPN selected for project level
2023-12-21 16:56:12,956 [INFO] CADModel:114 - Register for checkConnection events
2023-12-21 16:56:12,956 [FATAL] Updater:308 - Updater called before beeing initialized
2023-12-21 16:56:12,956 [ERROR] CADModel:125 - Updater not yet initialized, retry later 
2023-12-21 16:56:12,959 [FATAL] Updater:308 - Updater called before beeing initialized
2023-12-21 16:56:13,118 [FATAL] Updater:308 - Updater called before beeing initialized
2023-12-21 16:56:13,123 [INFO] DbMcusAds:53 - JSON generation date=Wed Nov 29 10:52:27 GMT 2023 (1701255147349)
2023-12-21 16:56:13,123 [FATAL] Updater:308 - Updater called before beeing initialized
2023-12-21 16:56:13,240 [WARN] DetailPanel:346 - Failed to get advertising image, set to default
2023-12-21 16:56:13,347 [FATAL] Updater:308 - Updater called before beeing initialized
2023-12-21 16:56:13,354 [FATAL] Updater:308 - Updater called before beeing initialized
2023-12-21 16:56:13,354 [FATAL] Updater:308 - Updater called before beeing initialized
2023-12-21 16:56:13,354 [WARN] DetailPanel:346 - Failed to get advertising image, set to default
2023-12-21 16:56:13,360 [FATAL] Updater:308 - Updater called before beeing initialized
2023-12-21 16:56:13,455 [ERROR] Updater:1120 - MainUpdater not yet initialized. External WinMGr cannot be set.
2023-12-21 16:56:13,495 [INFO] Updater:1056 - Updater Version found : 6.10.0
2023-12-21 16:56:13,510 [INFO] ApplicationProperties:184 - Using Application install path: /Applications/STM32CubeIDE.app/Contents/Eclipse/plugins/com.st.stm32cube.common.mx_6.10.0.202311202037
2023-12-21 16:56:14,135 [INFO] MainUpdater:2873 - connection check result : 10
2023-12-21 16:56:14,136 [INFO] MainUpdater:290 - Updater Check For Update Now.
2023-12-21 16:56:14,136 [INFO] MicroXplorer:498 - Change Database Version : DB.6.0.100
2023-12-21 16:56:14,143 [INFO] McuFinderGlobals:63 - Set McuFinder mode to 2 (CubeIDE integrated)
2023-12-21 16:56:14,157 [INFO] UserAuth:404 - Internet connection configuration mode: 1
2023-12-21 16:56:14,177 [INFO] JxBrowserEngine:152 - Initiate JxBrowser Engine with user profile folder
2023-12-21 16:56:14,384 [INFO] CheckServerUpdateThread:120 - End of CheckServer Thread
2023-12-21 16:56:15,163 [WARN] PackLoader:240 - Cannot read IP mode file for STMicroelectronics.X-CUBE-SMBUS.2.1.0
2023-12-21 16:56:15,188 [WARN] PackLoader:240 - Cannot read IP mode file for STMicroelectronics.X-CUBE-TOUCHGFX.4.23.0
2023-12-21 16:56:15,253 [WARN] PackLoader:240 - Cannot read IP mode file for STMicroelectronics.X-CUBE-AZRTOS-F7.1.1.0
2023-12-21 16:56:15,278 [WARN] PackLoader:240 - Cannot read IP mode file for STMicroelectronics.FP-SNS-MOTENV1.4.3.2
2023-12-21 16:56:15,300 [WARN] PackLoader:240 - Cannot read IP mode file for STMicroelectronics.FP-SNS-FLIGHT1.5.0.2
2023-12-21 16:56:15,320 [WARN] PackLoader:240 - Cannot read IP mode file for STMicroelectronics.X-CUBE-DISPLAY.3.0.0
2023-12-21 16:56:15,349 [WARN] PackLoader:240 - Cannot read IP mode file for STMicroelectronics.X-CUBE-BLE1.7.0.0
2023-12-21 16:56:15,368 [WARN] PackLoader:240 - Cannot read IP mode file for emotas.I-CUBE-CANOPEN.1.3.0
2023-12-21 16:56:15,376 [WARN] PackLoader:240 - Cannot read IP mode file for STMicroelectronics.X-CUBE-TOUCHGFX.4.22.0
2023-12-21 16:56:15,379 [WARN] PackLoader:240 - Cannot read IP mode file for STMicroelectronics.X-CUBE-TOUCHGFX.4.22.1
2023-12-21 16:56:15,388 [WARN] PackLoader:240 - Cannot read IP mode file for STMicroelectronics.FP-SNS-SMARTAG2.1.2.0
2023-12-21 16:56:15,406 [INFO] LogOutputStream:77 - [STDOUT_REDIRECT] 1 : Invalid condition id : UX_CORESTACK_Condition cause : null
2023-12-21 16:56:15,409 [INFO] LogOutputStream:77 - [STDOUT_REDIRECT] 1 : Invalid condition id : UX_CORESTACK_Condition cause : null
2023-12-21 16:56:15,410 [INFO] LogOutputStream:77 - [STDOUT_REDIRECT] 1 : Invalid condition id : UX_CORESTACK_Condition cause : null
2023-12-21 16:56:15,410 [INFO] LogOutputStream:77 - [STDOUT_REDIRECT] 1 : Invalid condition id : UX_CORESTACK_Condition cause : null
2023-12-21 16:56:15,410 [INFO] LogOutputStream:77 - [STDOUT_REDIRECT] 1 : Invalid condition id : UX_CORESTACK_Condition cause : null
2023-12-21 16:56:15,421 [WARN] PackLoader:240 - Cannot read IP mode file for STMicroelectronics.X-CUBE-AZRTOS-WL.2.0.0
2023-12-21 16:56:15,452 [WARN] PackLoader:240 - Cannot read IP mode file for WES.I-CUBE-Cesium.1.3.0
2023-12-21 16:56:15,468 [WARN] PackLoader:240 - Cannot read IP mode file for STMicroelectronics.X-CUBE-BLE2.3.3.0
2023-12-21 16:56:15,495 [WARN] PackLoader:240 - Cannot read IP mode file for STMicroelectronics.X-CUBE-ALGOBUILD.1.3.0
2023-12-21 16:56:15,525 [WARN] PackLoader:240 - Cannot read IP mode file for STMicroelectronics.X-CUBE-AZRTOS-G0.1.1.0
2023-12-21 16:56:15,545 [WARN] PackLoader:240 - Cannot read IP mode file for STMicroelectronics.X-CUBE-NFC4.3.0.0
2023-12-21 16:56:15,589 [WARN] PackLoader:240 - Cannot read IP mode file for STMicroelectronics.X-CUBE-BLEMGR.3.0.0
2023-12-21 16:56:15,606 [WARN] PackLoader:240 - Cannot read IP mode file for STMicroelectronics.FP-ATR-SIGFOX1.3.2.0
2023-12-21 16:56:15,716 [WARN] PackLoader:240 - Cannot read IP mode file for SEGGER.I-CUBE-embOS.1.3.1
2023-12-21 16:56:15,906 [WARN] PackLoader:240 - Cannot read IP mode file for STMicroelectronics.X-CUBE-GNSS1.6.0.0
2023-12-21 16:56:15,956 [WARN] PackLoader:240 - Cannot read IP mode file for STMicroelectronics.X-CUBE-AZRTOS-F4.1.1.0
2023-12-21 16:56:15,967 [WARN] PackLoader:240 - Cannot read IP mode file for wolfSSL.I-CUBE-wolfSSL.5.6.3
2023-12-21 16:56:15,993 [WARN] PackLoader:240 - Cannot read IP mode file for STMicroelectronics.X-CUBE-AZRTOS-L5.2.0.0
2023-12-21 16:56:16,093 [WARN] PackLoader:240 - Cannot read IP mode file for STMicroelectronics.X-CUBE-MEMS1.9.6.0
2023-12-21 16:56:16,267 [WARN] PackLoader:240 - Cannot read IP mode file for STMicroelectronics.X-CUBE-EEPRMA1.4.2.0
2023-12-21 16:56:16,291 [WARN] PackLoader:240 - Cannot read IP mode file for ITTIA_DB.I-CUBE-ITTIADB.8.8.0
2023-12-21 16:56:16,305 [WARN] PackLoader:240 - Cannot read IP mode file for STMicroelectronics.X-CUBE-BLEMGR.2.0.0
2023-12-21 16:56:16,334 [WARN] ConditionMgr:438 - getConditionDescription Invalid condition id : UX DEVICE CLASS RTOS Condition cause : null
2023-12-21 16:56:16,335 [WARN] ConditionMgr:438 - getConditionDescription Invalid condition id : UX DEVICE CLASS RTOS Condition cause : null
2023-12-21 16:56:16,348 [WARN] PackLoader:240 - Cannot read IP mode file for STMicroelectronics.X-CUBE-AZRTOS-H7.3.1.0
2023-12-21 16:56:16,351 [WARN] ConditionMgr:1039 - genDependencies : Invalid condition id : UX DEVICE CLASS RTOS Condition cause : null
2023-12-21 16:56:16,352 [WARN] ConditionMgr:1039 - genDependencies : Invalid condition id : UX DEVICE CLASS RTOS Condition cause : null
2023-12-21 16:56:16,353 [WARN] ConditionMgr:1039 - genDependencies : Invalid condition id : UX DEVICE CLASS RTOS Condition cause : null
2023-12-21 16:56:16,354 [WARN] ConditionMgr:1039 - genDependencies : Invalid condition id : UX DEVICE CLASS RTOS Condition cause : null
2023-12-21 16:56:16,354 [WARN] ConditionMgr:1039 - genDependencies : Invalid condition id : UX DEVICE CLASS RTOS Condition cause : null
2023-12-21 16:56:16,372 [WARN] PackLoader:240 - Cannot read IP mode file for STMicroelectronics.X-CUBE-NFC7.1.0.1
2023-12-21 16:56:16,384 [WARN] PackLoader:240 - Cannot read IP mode file for STMicroelectronics.X-CUBE-NFC6.3.0.0
2023-12-21 16:56:16,400 [WARN] PackLoader:240 - Cannot read IP mode file for STMicroelectronics.X-CUBE-EEPRMA1.4.1.0
2023-12-21 16:56:16,406 [WARN] PackLoader:240 - Cannot read IP mode file for STMicroelectronics.X-CUBE-AI.8.1.0
2023-12-21 16:56:16,437 [WARN] ConditionMgr:438 - getConditionDescription Invalid condition id : LAN8742 Phy interface Condition cause : null
2023-12-21 16:56:16,438 [WARN] PackLoader:240 - Cannot read IP mode file for STMicroelectronics.X-CUBE-AZRTOS-L4.2.0.0
2023-12-21 16:56:16,441 [WARN] ConditionMgr:1039 - genDependencies : Invalid condition id : LAN8742 Phy interface Condition cause : null
2023-12-21 16:56:16,441 [WARN] ConditionMgr:1039 - genDependencies : Invalid condition id : LAN8742 Phy interface Condition cause : null
2023-12-21 16:56:16,442 [WARN] ConditionMgr:1039 - genDependencies : Invalid condition id : LAN8742 Phy interface Condition cause : null
2023-12-21 16:56:16,478 [WARN] PackLoader:240 - Cannot read IP mode file for STMicroelectronics.X-CUBE-SFXS2LP1.4.0.0
2023-12-21 16:56:16,488 [WARN] PackLoader:240 - Cannot read IP mode file for STMicroelectronics.X-CUBE-ISPU.1.1.0
2023-12-21 16:56:16,500 [WARN] ConditionMgr:438 - getConditionDescription Invalid condition id : UX DEVICE CLASS RTOS Condition cause : null
2023-12-21 16:56:16,500 [WARN] ConditionMgr:438 - getConditionDescription Invalid condition id : UX DEVICE CLASS RTOS Condition cause : null
2023-12-21 16:56:16,504 [WARN] PackLoader:240 - Cannot read IP mode file for STMicroelectronics.X-CUBE-AZRTOS-WB.2.0.0
2023-12-21 16:56:16,505 [WARN] ConditionMgr:1039 - genDependencies : Invalid condition id : UX DEVICE CLASS RTOS Condition cause : null
2023-12-21 16:56:16,505 [WARN] ConditionMgr:1039 - genDependencies : Invalid condition id : UX DEVICE CLASS RTOS Condition cause : null
2023-12-21 16:56:16,506 [WARN] ConditionMgr:1039 - genDependencies : Invalid condition id : UX DEVICE CLASS RTOS Condition cause : null
2023-12-21 16:56:16,507 [WARN] ConditionMgr:1039 - genDependencies : Invalid condition id : UX DEVICE CLASS RTOS Condition cause : null
2023-12-21 16:56:16,507 [WARN] ConditionMgr:1039 - genDependencies : Invalid condition id : UX DEVICE CLASS RTOS Condition cause : null
2023-12-21 16:56:16,520 [WARN] PackLoader:240 - Cannot read IP mode file for STMicroelectronics.X-CUBE-SUBG2.5.0.0
2023-12-21 16:56:16,543 [WARN] PackLoader:240 - Cannot read IP mode file for STMicroelectronics.X-CUBE-TOF1.3.3.1
2023-12-21 16:56:16,572 [WARN] PackLoader:240 - Cannot read IP mode file for STMicroelectronics.X-CUBE-AZRTOS-G4.2.0.0
2023-12-21 16:56:16,595 [WARN] PackLoader:240 - Cannot read IP mode file for Infineon.AIROC-Wi-Fi-Bluetooth-STM32.1.5.1
2023-12-21 16:56:16,604 [WARN] PackLoader:240 - Cannot read IP mode file for STMicroelectronics.FP-SNS-MOTENVWB1.1.3.0
2023-12-21 16:56:16,611 [WARN] PackLoader:240 - Cannot read IP mode file for STMicroelectronics.FP-SNS-MOTENVWB1.1.3.1
2023-12-21 16:56:16,615 [WARN] PackLoader:240 - Cannot read IP mode file for STMicroelectronics.X-CUBE-ISPU.2.0.0
2023-12-21 16:56:16,672 [WARN] PackLoader:240 - Cannot read IP mode file for STMicroelectronics.X-CUBE-MEMS1.10.0.0
2023-12-21 16:56:16,785 [WARN] PackLoader:240 - Cannot read IP mode file for STMicroelectronics.X-CUBE-FREERTOS.1.1.0
2023-12-21 16:56:16,794 [WARN] PackLoader:240 - Cannot read IP mode file for portGmbH.I-Cube-SoM-uGOAL.1.1.0
2023-12-21 16:56:16,799 [WARN] PackLoader:240 - Cannot read IP mode file for STMicroelectronics.X-CUBE-ALS.1.0.1
2023-12-21 16:56:16,801 [WARN] PackLoader:240 - Cannot read IP mode file for STMicroelectronics.FP-ATR-ASTRA1.2.0.0
2023-12-21 16:56:16,812 [WARN] PackLoader:240 - Cannot read IP mode file for STMicroelectronics.X-CUBE-TOF1.3.4.0
2023-12-21 16:56:16,849 [WARN] PackLoader:240 - Cannot read IP mode file for STMicroelectronics.X-CUBE-AZRTOS-H7.3.2.0
2023-12-21 16:56:16,861 [INFO] ThirdParty:978 - Integrity check success = true
2023-12-21 16:56:16,861 [INFO] IntegrityCheckThread:100 - exiting critical section [integrity check]
2023-12-21 16:56:16,861 [INFO] IntegrityCheckThread:103 - End integrity checks thread
2023-12-21 16:56:22,363 [INFO] WebApp:161 - Instantiating new browser for Auth
2023-12-21 16:56:23,551 [INFO] WebApp:780 - Register for checkConnection events
2023-12-21 16:56:23,552 [INFO] WebApp:414 - Apply proxy settings
2023-12-21 16:56:23,562 [INFO] WebApp:459 - Chromium authenticates against Manually configured proxy
2023-12-21 16:56:23,583 [INFO] WebApp:467 - Username used for proxy authentication: 
2023-12-21 16:56:23,743 [INFO] WebApp:192 - Starting web application
2023-12-21 16:56:23,743 [INFO] WebApp:544 - Web application path used /Applications/STM32CubeIDE.app/Contents/Eclipse/plugins/com.st.stm32cube.common.mx_6.10.0.202311202037/db/plugins/mcufinder/reactClient1/index.html
2023-12-21 16:56:45,457 [ERROR] LogOutputStream:75 - [STDERR_REDIRECT] SLF4J: Failed to load class "org.slf4j.impl.StaticLoggerBinder".
2023-12-21 16:56:45,459 [ERROR] LogOutputStream:75 - [STDERR_REDIRECT] SLF4J: Defaulting to no-operation (NOP) logger implementation
2023-12-21 16:56:45,459 [ERROR] LogOutputStream:75 - [STDERR_REDIRECT] SLF4J: See http://www.slf4j.org/codes.html#StaticLoggerBinder for further details.
