2023-12-18 12:47:38,903 [INFO] Activator:176 - 


2023-12-18 12:47:38,907 [INFO] Activator:177 - !SESSION log4j initialized
2023-12-18 12:47:45,926 [INFO] LogOutputStream:77 - [STDOUT_REDIRECT] 
2023-12-18 12:47:47,172 [ERROR] LogOutputStream:75 - [STDERR_REDIRECT] 
2023-12-18 12:47:47,771 [INFO] LogOutputStream:77 - [STDOUT_REDIRECT] 
2023-12-18 12:47:48,171 [INFO] ApplicationProperties:184 - Using Application install path: /Applications/STM32CubeIDE.app/Contents/Eclipse/plugins/com.st.stm32cube.common.mx_6.9.2.202309101412
2023-12-18 12:47:48,195 [INFO] DbMcusXml:78 - Set database path to: /Applications/STM32CubeIDE.app/Contents/Eclipse/plugins/com.st.stm32cube.common.mx_6.9.2.202309101412//db//mcu/
2023-12-18 12:47:48,196 [INFO] ApiDb:274 - Set plugin database path to: /Applications/STM32CubeIDE.app/Contents/Eclipse/plugins/com.st.stm32cube.common.mx_6.9.2.202309101412//db//plugins/boardmanager/
2023-12-18 12:47:48,196 [WARN] ApiDb:259 - Overriding images path with different value:  => /Applications/STM32CubeIDE.app/Contents/Eclipse/plugins/com.st.stm32cube.common.mx_6.9.2.202309101412//db//plugins/mcufinder/images/
2023-12-18 12:47:48,219 [INFO] ApiDb:250 - Set database path to: /Users/mariestahaab/.stmcufinder/plugins/mcufinder//mcu/
2023-12-18 12:47:48,221 [INFO] DbMcusAds:125 - Set database path to: /Users/mariestahaab/.stmcufinder/plugins/mcufinder//mcu/
2023-12-18 12:47:48,223 [INFO] CrossReferenceDbSqlite:203 - Set database path to: /Users/mariestahaab/.stmcufinder/plugins/mcufinder//mcu/cs/
2023-12-18 12:47:48,412 [INFO] RulesReader:64 - Compatibility file has been processed (293 Rules)
2023-12-18 12:47:48,492 [INFO] DbMcusXml:78 - Set database path to: /Applications/STM32CubeIDE.app/Contents/Eclipse/plugins/com.st.stm32cube.common.mx_6.9.2.202309101412//db//mcu/
2023-12-18 12:47:48,493 [INFO] ApiDb:274 - Set plugin database path to: /Applications/STM32CubeIDE.app/Contents/Eclipse/plugins/com.st.stm32cube.common.mx_6.9.2.202309101412//db//plugins/boardmanager/
2023-12-18 12:47:48,494 [INFO] ApiDb:261 - Set plugin images path to: /Applications/STM32CubeIDE.app/Contents/Eclipse/plugins/com.st.stm32cube.common.mx_6.9.2.202309101412//db//plugins/mcufinder/images/
2023-12-18 12:47:48,494 [WARN] DbFile:41 - Overriding database path with different value: /Users/mariestahaab/.stmcufinder/plugins/mcufinder/ => /Users/mariestahaab/.stmcufinder/plugins/mcufinder
2023-12-18 12:47:48,494 [INFO] ApiDb:250 - Set database path to: /Users/mariestahaab/.stmcufinder/plugins/mcufinder//mcu/
2023-12-18 12:47:48,495 [WARN] DbFile:41 - Overriding database path with different value: /Users/mariestahaab/.stmcufinder/plugins/mcufinder/ => /Users/mariestahaab/.stmcufinder/plugins/mcufinder
2023-12-18 12:47:48,495 [INFO] DbMcusAds:125 - Set database path to: /Users/mariestahaab/.stmcufinder/plugins/mcufinder//mcu/
2023-12-18 12:47:48,495 [WARN] DbFile:41 - Overriding database path with different value: /Users/mariestahaab/.stmcufinder/plugins/mcufinder/ => /Users/mariestahaab/.stmcufinder/plugins/mcufinder
2023-12-18 12:47:48,495 [WARN] DbFile:41 - Overriding database path with different value: /Users/mariestahaab/.stmcufinder/plugins/mcufinder/ => /Users/mariestahaab/.stmcufinder/plugins/mcufinder
2023-12-18 12:47:48,495 [INFO] CrossReferenceDbSqlite:203 - Set database path to: /Users/mariestahaab/.stmcufinder/plugins/mcufinder//mcu/cs/
2023-12-18 12:47:48,575 [INFO] MainPanel:262 - HeapMemory: 268435456
2023-12-18 12:47:48,674 [INFO] DbMcusXml:78 - Set database path to: /Applications/STM32CubeIDE.app/Contents/Eclipse/plugins/com.st.stm32cube.common.mx_6.9.2.202309101412//db//mcu/
2023-12-18 12:47:48,674 [INFO] ApiDb:274 - Set plugin database path to: /Applications/STM32CubeIDE.app/Contents/Eclipse/plugins/com.st.stm32cube.common.mx_6.9.2.202309101412//db//plugins/boardmanager/
2023-12-18 12:47:48,674 [INFO] ApiDb:261 - Set plugin images path to: /Applications/STM32CubeIDE.app/Contents/Eclipse/plugins/com.st.stm32cube.common.mx_6.9.2.202309101412//db//plugins/mcufinder/images/
2023-12-18 12:47:48,675 [WARN] DbFile:41 - Overriding database path with different value: /Users/mariestahaab/.stmcufinder/plugins/mcufinder/ => /Users/mariestahaab/.stmcufinder/plugins/mcufinder
2023-12-18 12:47:48,675 [INFO] ApiDb:250 - Set database path to: /Users/mariestahaab/.stmcufinder/plugins/mcufinder//mcu/
2023-12-18 12:47:48,675 [WARN] DbFile:41 - Overriding database path with different value: /Users/mariestahaab/.stmcufinder/plugins/mcufinder/ => /Users/mariestahaab/.stmcufinder/plugins/mcufinder
2023-12-18 12:47:48,675 [INFO] DbMcusAds:125 - Set database path to: /Users/mariestahaab/.stmcufinder/plugins/mcufinder//mcu/
2023-12-18 12:47:48,675 [WARN] DbFile:41 - Overriding database path with different value: /Users/mariestahaab/.stmcufinder/plugins/mcufinder/ => /Users/mariestahaab/.stmcufinder/plugins/mcufinder
2023-12-18 12:47:48,675 [WARN] DbFile:41 - Overriding database path with different value: /Users/mariestahaab/.stmcufinder/plugins/mcufinder/ => /Users/mariestahaab/.stmcufinder/plugins/mcufinder
2023-12-18 12:47:48,675 [INFO] CrossReferenceDbSqlite:203 - Set database path to: /Users/mariestahaab/.stmcufinder/plugins/mcufinder//mcu/cs/
2023-12-18 12:47:48,695 [INFO] ApplicationProperties:184 - Using Application install path: /Applications/STM32CubeIDE.app/Contents/Eclipse/plugins/com.st.stm32cube.common.mx_6.9.2.202309101412
2023-12-18 12:47:48,697 [INFO] PluginManage:196 - Search for loadable plugins [exclusion list=, ]
2023-12-18 12:47:48,700 [INFO] PluginManage:310 - Check plugin analytics
2023-12-18 12:47:48,910 [INFO] AnalyticsPlugin:253 - Accepted Software Licenses: 
2023-12-18 12:47:48,910 [INFO] AnalyticsPlugin:255 - Accepted CMSIS Pack Licenses: 
2023-12-18 12:47:48,910 [INFO] AnalyticsPlugin:257 - Accepted Firmware Licenses: FW.F4.1.27.0
2023-12-18 12:47:48,914 [INFO] PluginManage:359 - Loaded plugin analytics (category:tool,tabindex:-1)
2023-12-18 12:47:48,915 [INFO] PluginManage:310 - Check plugin cadmodel
2023-12-18 12:47:49,202 [INFO] CADModel:105 - Init CAD model plugin
2023-12-18 12:47:49,203 [INFO] PluginManage:359 - Loaded plugin cadmodel (category:power,tabindex:5)
2023-12-18 12:47:49,204 [INFO] PluginManage:310 - Check plugin clock
2023-12-18 12:47:49,216 [INFO] PluginManage:359 - Loaded plugin clock (category:base,tabindex:2)
2023-12-18 12:47:49,216 [INFO] PluginManage:310 - Check plugin ddr
2023-12-18 12:47:49,218 [INFO] PluginManage:359 - Loaded plugin ddr (category:tool,tabindex:6)
2023-12-18 12:47:49,218 [INFO] PluginManage:310 - Check plugin filemanager
2023-12-18 12:47:49,357 [INFO] PluginManage:359 - Loaded plugin filemanager (category:base,tabindex:10)
2023-12-18 12:47:49,358 [INFO] PluginManage:310 - Check plugin ipmanager
2023-12-18 12:47:49,372 [INFO] PluginManage:359 - Loaded plugin ipmanager (category:base,tabindex:5)
2023-12-18 12:47:49,373 [INFO] PluginManage:310 - Check plugin lpbam
2023-12-18 12:47:49,388 [INFO] PluginManage:359 - Loaded plugin lpbam (category:base,tabindex:0)
2023-12-18 12:47:49,389 [INFO] PluginManage:310 - Check plugin memorymap
2023-12-18 12:47:49,406 [INFO] PluginManage:359 - Loaded plugin memorymap (category:base,tabindex:4)
2023-12-18 12:47:49,407 [INFO] PluginManage:310 - Check plugin pinoutandconfiguration
2023-12-18 12:47:49,417 [INFO] PluginManage:359 - Loaded plugin pinoutandconfiguration (category:base,tabindex:1)
2023-12-18 12:47:49,417 [INFO] PluginManage:310 - Check plugin pinoutconfig
2023-12-18 12:47:49,541 [WARN] SupportedApi:132 - Cannot load RTOS API schema: s4s-elt-must-match.1: The content of 'definitions' must match (annotation?, (simpleType | complexType)?, (unique | key | keyref)*)). A problem was found starting at: attribute.
2023-12-18 12:47:49,703 [INFO] PluginManage:359 - Loaded plugin pinoutconfig (category:base,tabindex:0)
2023-12-18 12:47:49,704 [INFO] PluginManage:310 - Check plugin power
2023-12-18 12:47:49,716 [INFO] PluginManage:359 - Loaded plugin power (category:power,tabindex:4)
2023-12-18 12:47:49,716 [INFO] PluginManage:310 - Check plugin projectmanager
2023-12-18 12:47:49,747 [INFO] PluginManage:359 - Loaded plugin projectmanager (category:projectmanager,tabindex:3)
2023-12-18 12:47:49,747 [INFO] PluginManage:310 - Check plugin thirdparty
2023-12-18 12:47:49,923 [INFO] PluginManage:359 - Loaded plugin thirdparty (category:base,tabindex:-1)
2023-12-18 12:47:49,923 [INFO] PluginManage:310 - Check plugin tools
2023-12-18 12:47:49,923 [WARN] IntegrityCheckThread:84 - waiting for thirdparty lock release [integrity check]
2023-12-18 12:47:49,925 [INFO] IntegrityCheckThread:86 - entering critical section [integrity check]
2023-12-18 12:47:49,927 [INFO] ThirdPartyUpdaterWithRetryManager:70 - Updater plugin not ready yet. [1/15]
2023-12-18 12:47:49,927 [INFO] PluginManage:359 - Loaded plugin tools (category:base,tabindex:7)
2023-12-18 12:47:49,927 [INFO] PluginManage:310 - Check plugin tutovideos
2023-12-18 12:47:50,078 [INFO] PluginManage:359 - Loaded plugin tutovideos (category:base,tabindex:-1)
2023-12-18 12:47:50,078 [INFO] PluginManage:310 - Check plugin updater
2023-12-18 12:47:50,091 [INFO] PluginManage:359 - Loaded plugin updater (category:base,tabindex:12)
2023-12-18 12:47:50,092 [INFO] PluginManage:310 - Check plugin userauth
2023-12-18 12:47:50,097 [INFO] UserAuth:113 - Init User Auth plugin
2023-12-18 12:47:50,097 [INFO] PluginManage:359 - Loaded plugin userauth (category:base,tabindex:14)
2023-12-18 12:47:50,097 [INFO] PluginManage:283 - PluginManage : Loaded plugins [17]
2023-12-18 12:47:50,327 [INFO] PinOutPanel:1499 - setPackage(No Configuration,No Configuration)
2023-12-18 12:47:50,430 [INFO] CADModel:165 - CPN selected for project level
2023-12-18 12:47:50,431 [INFO] CADModel:114 - Register for checkConnection events
2023-12-18 12:47:50,440 [INFO] IPUIPlugin:80 - create IPUIPlugin
2023-12-18 12:47:50,440 [INFO] PluginManager:220 - loadIPPluginJar : add mdma
2023-12-18 12:47:50,445 [INFO] IPUIPlugin:80 - create IPUIPlugin
2023-12-18 12:47:50,446 [INFO] PluginManager:220 - loadIPPluginJar : add freertos
2023-12-18 12:47:50,449 [INFO] IPUIPlugin:80 - create IPUIPlugin
2023-12-18 12:47:50,449 [INFO] PluginManager:220 - loadIPPluginJar : add gic
2023-12-18 12:47:50,454 [INFO] IPUIPlugin:80 - create IPUIPlugin
2023-12-18 12:47:50,454 [INFO] PluginManager:220 - loadIPPluginJar : add adc
2023-12-18 12:47:50,456 [INFO] IPUIPlugin:80 - create IPUIPlugin
2023-12-18 12:47:50,456 [INFO] PluginManager:220 - loadIPPluginJar : add gtzc
2023-12-18 12:47:50,457 [INFO] IPUIPlugin:80 - create IPUIPlugin
2023-12-18 12:47:50,457 [INFO] PluginManager:220 - loadIPPluginJar : add quadspi
2023-12-18 12:47:50,458 [INFO] IPUIPlugin:80 - create IPUIPlugin
2023-12-18 12:47:50,458 [INFO] PluginManager:220 - loadIPPluginJar : add aes
2023-12-18 12:47:50,460 [INFO] IPUIPlugin:80 - create IPUIPlugin
2023-12-18 12:47:50,460 [INFO] PluginManager:220 - loadIPPluginJar : add pdm2pcm
2023-12-18 12:47:50,461 [INFO] IPUIPlugin:80 - create IPUIPlugin
2023-12-18 12:47:50,461 [INFO] PluginManager:220 - loadIPPluginJar : add hash
2023-12-18 12:47:50,462 [INFO] IPUIPlugin:80 - create IPUIPlugin
2023-12-18 12:47:50,463 [INFO] PluginManager:220 - loadIPPluginJar : add tim
2023-12-18 12:47:50,463 [INFO] IPUIPlugin:80 - create IPUIPlugin
2023-12-18 12:47:50,463 [INFO] PluginManager:220 - loadIPPluginJar : add tsc
2023-12-18 12:47:50,464 [INFO] IPUIPlugin:80 - create IPUIPlugin
2023-12-18 12:47:50,464 [INFO] PluginManager:220 - loadIPPluginJar : add ts
2023-12-18 12:47:50,465 [INFO] IPUIPlugin:80 - create IPUIPlugin
2023-12-18 12:47:50,465 [INFO] PluginManager:220 - loadIPPluginJar : add can
2023-12-18 12:47:50,467 [INFO] IPUIPlugin:80 - create IPUIPlugin
2023-12-18 12:47:50,467 [INFO] PluginManager:220 - loadIPPluginJar : add dma3
2023-12-18 12:47:50,469 [INFO] IPUIPlugin:80 - create IPUIPlugin
2023-12-18 12:47:50,469 [INFO] PluginManager:220 - loadIPPluginJar : add dfsdm
2023-12-18 12:47:50,470 [INFO] IPUIPlugin:80 - create IPUIPlugin
2023-12-18 12:47:50,470 [INFO] PluginManager:220 - loadIPPluginJar : add spi
2023-12-18 12:47:50,471 [INFO] IPUIPlugin:80 - create IPUIPlugin
2023-12-18 12:47:50,471 [INFO] PluginManager:220 - loadIPPluginJar : add gfxmmu
2023-12-18 12:47:50,471 [INFO] IPUIPlugin:80 - create IPUIPlugin
2023-12-18 12:47:50,471 [INFO] PluginManager:220 - loadIPPluginJar : add genericplugin
2023-12-18 12:47:50,473 [INFO] IPUIPlugin:80 - create IPUIPlugin
2023-12-18 12:47:50,473 [INFO] PluginManager:220 - loadIPPluginJar : add cryp
2023-12-18 12:47:50,476 [INFO] IPUIPlugin:80 - create IPUIPlugin
2023-12-18 12:47:50,476 [INFO] PluginManager:220 - loadIPPluginJar : add gpio
2023-12-18 12:47:50,478 [INFO] IPUIPlugin:80 - create IPUIPlugin
2023-12-18 12:47:50,478 [INFO] PluginManager:220 - loadIPPluginJar : add comp
2023-12-18 12:47:50,480 [INFO] IPUIPlugin:80 - create IPUIPlugin
2023-12-18 12:47:50,480 [INFO] PluginManager:220 - loadIPPluginJar : add tracer_emb
2023-12-18 12:47:50,481 [INFO] IPUIPlugin:80 - create IPUIPlugin
2023-12-18 12:47:50,482 [INFO] PluginManager:220 - loadIPPluginJar : add openamp
2023-12-18 12:47:50,484 [INFO] IPUIPlugin:80 - create IPUIPlugin
2023-12-18 12:47:50,484 [INFO] PluginManager:220 - loadIPPluginJar : add stm32_wpan
2023-12-18 12:47:50,488 [INFO] IPUIPlugin:80 - create IPUIPlugin
2023-12-18 12:47:50,492 [INFO] PluginManager:220 - loadIPPluginJar : add plateformsettings
2023-12-18 12:47:50,496 [INFO] IPUIPlugin:80 - create IPUIPlugin
2023-12-18 12:47:50,496 [INFO] PluginManager:220 - loadIPPluginJar : add ipddr
2023-12-18 12:47:50,501 [INFO] IPUIPlugin:80 - create IPUIPlugin
2023-12-18 12:47:50,501 [INFO] PluginManager:220 - loadIPPluginJar : add usart
2023-12-18 12:47:50,502 [INFO] IPUIPlugin:80 - create IPUIPlugin
2023-12-18 12:47:50,502 [INFO] PluginManager:220 - loadIPPluginJar : add ltdc
2023-12-18 12:47:50,504 [INFO] IPUIPlugin:80 - create IPUIPlugin
2023-12-18 12:47:50,504 [INFO] PluginManager:220 - loadIPPluginJar : add nvic
2023-12-18 12:47:50,504 [INFO] IPUIPlugin:80 - create IPUIPlugin
2023-12-18 12:47:50,504 [INFO] PluginManager:220 - loadIPPluginJar : add fatfs
2023-12-18 12:47:50,508 [INFO] IPUIPlugin:80 - create IPUIPlugin
2023-12-18 12:47:50,508 [INFO] PluginManager:220 - loadIPPluginJar : add linkedlist
2023-12-18 12:47:50,511 [INFO] IPUIPlugin:80 - create IPUIPlugin
2023-12-18 12:47:50,512 [INFO] PluginManager:220 - loadIPPluginJar : add dma
2023-12-18 12:47:50,514 [INFO] IPUIPlugin:80 - create IPUIPlugin
2023-12-18 12:47:50,514 [INFO] PluginManager:220 - loadIPPluginJar : add fmc
2023-12-18 12:47:50,516 [INFO] IPUIPlugin:80 - create IPUIPlugin
2023-12-18 12:47:50,516 [INFO] PluginManager:220 - loadIPPluginJar : add i2s
2023-12-18 12:47:50,516 [INFO] IPUIPlugin:80 - create IPUIPlugin
2023-12-18 12:47:50,516 [INFO] PluginManager:220 - loadIPPluginJar : add ucpd
2023-12-18 12:47:50,517 [INFO] IPUIPlugin:80 - create IPUIPlugin
2023-12-18 12:47:50,517 [INFO] PluginManager:220 - loadIPPluginJar : add lorawan
2023-12-18 12:47:50,519 [INFO] IPUIPlugin:80 - create IPUIPlugin
2023-12-18 12:47:50,519 [INFO] PluginManager:220 - loadIPPluginJar : add opamp
2023-12-18 12:47:50,521 [INFO] IPUIPlugin:80 - create IPUIPlugin
2023-12-18 12:47:50,521 [INFO] PluginManager:220 - loadIPPluginJar : add i3c
2023-12-18 12:47:50,523 [INFO] IPUIPlugin:80 - create IPUIPlugin
2023-12-18 12:47:50,523 [INFO] PluginManager:220 - loadIPPluginJar : add touchsensing
2023-12-18 12:47:50,525 [INFO] IPUIPlugin:80 - create IPUIPlugin
2023-12-18 12:47:50,525 [INFO] PluginManager:220 - loadIPPluginJar : add i2c
2023-12-18 12:47:50,529 [INFO] IPUIPlugin:80 - create IPUIPlugin
2023-12-18 12:47:50,529 [INFO] PluginManager:220 - loadIPPluginJar : add resmgrutility
2023-12-18 12:47:50,531 [INFO] IPUIPlugin:80 - create IPUIPlugin
2023-12-18 12:47:50,532 [INFO] PluginManager:220 - loadIPPluginJar : add sai
2023-12-18 12:47:50,533 [INFO] IPUIPlugin:80 - create IPUIPlugin
2023-12-18 12:47:50,533 [INFO] PluginManager:220 - loadIPPluginJar : add usbx
2023-12-18 12:47:50,652 [INFO] CADModel:165 - CPN selected for project level
2023-12-18 12:47:50,652 [INFO] CADModel:114 - Register for checkConnection events
2023-12-18 12:47:50,652 [FATAL] Updater:308 - Updater called before beeing initialized
2023-12-18 12:47:50,653 [ERROR] CADModel:125 - Updater not yet initialized, retry later 
2023-12-18 12:47:50,868 [INFO] CADModel:165 - CPN selected for project level
2023-12-18 12:47:50,868 [INFO] CADModel:114 - Register for checkConnection events
2023-12-18 12:47:50,868 [FATAL] Updater:308 - Updater called before beeing initialized
2023-12-18 12:47:50,868 [ERROR] CADModel:125 - Updater not yet initialized, retry later 
2023-12-18 12:47:50,871 [FATAL] Updater:308 - Updater called before beeing initialized
2023-12-18 12:47:51,031 [FATAL] Updater:308 - Updater called before beeing initialized
2023-12-18 12:47:51,040 [INFO] DbMcusAds:53 - JSON generation date=Wed Nov 29 10:52:27 GMT 2023 (1701255147349)
2023-12-18 12:47:51,040 [FATAL] Updater:308 - Updater called before beeing initialized
2023-12-18 12:47:51,085 [WARN] DetailPanel:346 - Failed to get advertising image, set to default
2023-12-18 12:47:51,150 [FATAL] Updater:308 - Updater called before beeing initialized
2023-12-18 12:47:51,152 [FATAL] Updater:308 - Updater called before beeing initialized
2023-12-18 12:47:51,152 [FATAL] Updater:308 - Updater called before beeing initialized
2023-12-18 12:47:51,152 [WARN] DetailPanel:346 - Failed to get advertising image, set to default
2023-12-18 12:47:51,153 [FATAL] Updater:308 - Updater called before beeing initialized
2023-12-18 12:47:51,217 [ERROR] Updater:1120 - MainUpdater not yet initialized. External WinMGr cannot be set.
2023-12-18 12:47:51,252 [INFO] Updater:1056 - Updater Version found : 6.9.2
2023-12-18 12:47:51,264 [INFO] ApplicationProperties:184 - Using Application install path: /Applications/STM32CubeIDE.app/Contents/Eclipse/plugins/com.st.stm32cube.common.mx_6.9.2.202309101412
2023-12-18 12:47:51,849 [INFO] MainUpdater:2868 - connection check result : 10
2023-12-18 12:47:51,850 [INFO] MainUpdater:285 - Updater Check For Update Now.
2023-12-18 12:47:51,850 [INFO] MicroXplorer:498 - Change Database Version : DB.6.0.92
2023-12-18 12:47:51,863 [INFO] McuFinderGlobals:63 - Set McuFinder mode to 2 (CubeIDE integrated)
2023-12-18 12:47:52,112 [INFO] CheckServerUpdateThread:120 - End of CheckServer Thread
2023-12-18 12:47:53,085 [WARN] PackLoader:240 - Cannot read IP mode file for STMicroelectronics.X-CUBE-SMBUS.2.1.0
2023-12-18 12:47:53,103 [WARN] PackLoader:240 - Cannot read IP mode file for STMicroelectronics.X-CUBE-TOUCHGFX.4.23.0
2023-12-18 12:47:53,156 [WARN] PackLoader:240 - Cannot read IP mode file for STMicroelectronics.X-CUBE-AZRTOS-F7.1.1.0
2023-12-18 12:47:53,216 [WARN] PackLoader:240 - Cannot read IP mode file for STMicroelectronics.FP-SNS-MOTENV1.4.3.2
2023-12-18 12:47:53,261 [WARN] PackLoader:240 - Cannot read IP mode file for STMicroelectronics.FP-SNS-FLIGHT1.5.0.2
2023-12-18 12:47:53,293 [WARN] PackLoader:240 - Cannot read IP mode file for STMicroelectronics.X-CUBE-DISPLAY.3.0.0
2023-12-18 12:47:53,332 [WARN] PackLoader:240 - Cannot read IP mode file for STMicroelectronics.X-CUBE-BLE1.7.0.0
2023-12-18 12:47:53,362 [WARN] PackLoader:240 - Cannot read IP mode file for emotas.I-CUBE-CANOPEN.1.3.0
2023-12-18 12:47:53,375 [WARN] PackLoader:240 - Cannot read IP mode file for STMicroelectronics.X-CUBE-TOUCHGFX.4.22.0
2023-12-18 12:47:53,381 [WARN] PackLoader:240 - Cannot read IP mode file for STMicroelectronics.X-CUBE-TOUCHGFX.4.22.1
2023-12-18 12:47:53,398 [WARN] PackLoader:240 - Cannot read IP mode file for STMicroelectronics.FP-SNS-SMARTAG2.1.2.0
2023-12-18 12:47:53,428 [INFO] LogOutputStream:77 - [STDOUT_REDIRECT] 1 : Invalid condition id : UX_CORESTACK_Condition cause : null
2023-12-18 12:47:53,431 [INFO] LogOutputStream:77 - [STDOUT_REDIRECT] 1 : Invalid condition id : UX_CORESTACK_Condition cause : null
2023-12-18 12:47:53,432 [INFO] LogOutputStream:77 - [STDOUT_REDIRECT] 1 : Invalid condition id : UX_CORESTACK_Condition cause : null
2023-12-18 12:47:53,432 [INFO] LogOutputStream:77 - [STDOUT_REDIRECT] 1 : Invalid condition id : UX_CORESTACK_Condition cause : null
2023-12-18 12:47:53,432 [INFO] LogOutputStream:77 - [STDOUT_REDIRECT] 1 : Invalid condition id : UX_CORESTACK_Condition cause : null
2023-12-18 12:47:53,443 [WARN] PackLoader:240 - Cannot read IP mode file for STMicroelectronics.X-CUBE-AZRTOS-WL.2.0.0
2023-12-18 12:47:53,483 [WARN] PackLoader:240 - Cannot read IP mode file for WES.I-CUBE-Cesium.1.3.0
2023-12-18 12:47:53,501 [WARN] PackLoader:240 - Cannot read IP mode file for STMicroelectronics.X-CUBE-BLE2.3.3.0
2023-12-18 12:47:53,526 [WARN] PackLoader:240 - Cannot read IP mode file for STMicroelectronics.X-CUBE-ALGOBUILD.1.3.0
2023-12-18 12:47:53,569 [WARN] PackLoader:240 - Cannot read IP mode file for STMicroelectronics.X-CUBE-AZRTOS-G0.1.1.0
2023-12-18 12:47:53,595 [WARN] PackLoader:240 - Cannot read IP mode file for STMicroelectronics.X-CUBE-NFC4.3.0.0
2023-12-18 12:47:53,646 [WARN] PackLoader:240 - Cannot read IP mode file for STMicroelectronics.X-CUBE-BLEMGR.3.0.0
2023-12-18 12:47:53,667 [WARN] PackLoader:240 - Cannot read IP mode file for STMicroelectronics.FP-ATR-SIGFOX1.3.2.0
2023-12-18 12:47:53,783 [WARN] PackLoader:240 - Cannot read IP mode file for SEGGER.I-CUBE-embOS.1.3.1
2023-12-18 12:47:53,873 [WARN] PackLoader:240 - Cannot read IP mode file for STMicroelectronics.X-CUBE-GNSS1.6.0.0
2023-12-18 12:47:53,930 [WARN] PackLoader:240 - Cannot read IP mode file for STMicroelectronics.X-CUBE-AZRTOS-F4.1.1.0
2023-12-18 12:47:53,943 [WARN] PackLoader:240 - Cannot read IP mode file for wolfSSL.I-CUBE-wolfSSL.5.6.3
2023-12-18 12:47:53,973 [WARN] PackLoader:240 - Cannot read IP mode file for STMicroelectronics.X-CUBE-AZRTOS-L5.2.0.0
2023-12-18 12:47:54,086 [WARN] PackLoader:240 - Cannot read IP mode file for STMicroelectronics.X-CUBE-MEMS1.9.6.0
2023-12-18 12:47:54,326 [WARN] PackLoader:240 - Cannot read IP mode file for STMicroelectronics.X-CUBE-EEPRMA1.4.2.0
2023-12-18 12:47:54,366 [WARN] PackLoader:240 - Cannot read IP mode file for ITTIA_DB.I-CUBE-ITTIADB.8.8.0
2023-12-18 12:47:54,378 [WARN] PackLoader:240 - Cannot read IP mode file for STMicroelectronics.X-CUBE-BLEMGR.2.0.0
2023-12-18 12:47:54,406 [WARN] ConditionMgr:438 - getConditionDescription Invalid condition id : UX DEVICE CLASS RTOS Condition cause : null
2023-12-18 12:47:54,406 [WARN] ConditionMgr:438 - getConditionDescription Invalid condition id : UX DEVICE CLASS RTOS Condition cause : null
2023-12-18 12:47:54,430 [WARN] PackLoader:240 - Cannot read IP mode file for STMicroelectronics.X-CUBE-AZRTOS-H7.3.1.0
2023-12-18 12:47:54,436 [WARN] ConditionMgr:1039 - genDependencies : Invalid condition id : UX DEVICE CLASS RTOS Condition cause : null
2023-12-18 12:47:54,437 [WARN] ConditionMgr:1039 - genDependencies : Invalid condition id : UX DEVICE CLASS RTOS Condition cause : null
2023-12-18 12:47:54,438 [WARN] ConditionMgr:1039 - genDependencies : Invalid condition id : UX DEVICE CLASS RTOS Condition cause : null
2023-12-18 12:47:54,439 [WARN] ConditionMgr:1039 - genDependencies : Invalid condition id : UX DEVICE CLASS RTOS Condition cause : null
2023-12-18 12:47:54,439 [WARN] ConditionMgr:1039 - genDependencies : Invalid condition id : UX DEVICE CLASS RTOS Condition cause : null
2023-12-18 12:47:54,463 [WARN] PackLoader:240 - Cannot read IP mode file for STMicroelectronics.X-CUBE-NFC7.1.0.1
2023-12-18 12:47:54,476 [WARN] PackLoader:240 - Cannot read IP mode file for STMicroelectronics.X-CUBE-NFC6.3.0.0
2023-12-18 12:47:54,484 [WARN] PackLoader:240 - Cannot read IP mode file for STMicroelectronics.X-CUBE-EEPRMA1.4.1.0
2023-12-18 12:47:54,489 [WARN] PackLoader:240 - Cannot read IP mode file for STMicroelectronics.X-CUBE-AI.8.1.0
2023-12-18 12:47:54,517 [WARN] ConditionMgr:438 - getConditionDescription Invalid condition id : LAN8742 Phy interface Condition cause : null
2023-12-18 12:47:54,518 [WARN] PackLoader:240 - Cannot read IP mode file for STMicroelectronics.X-CUBE-AZRTOS-L4.2.0.0
2023-12-18 12:47:54,520 [WARN] ConditionMgr:1039 - genDependencies : Invalid condition id : LAN8742 Phy interface Condition cause : null
2023-12-18 12:47:54,521 [WARN] ConditionMgr:1039 - genDependencies : Invalid condition id : LAN8742 Phy interface Condition cause : null
2023-12-18 12:47:54,522 [WARN] ConditionMgr:1039 - genDependencies : Invalid condition id : LAN8742 Phy interface Condition cause : null
2023-12-18 12:47:54,549 [WARN] PackLoader:240 - Cannot read IP mode file for STMicroelectronics.X-CUBE-SFXS2LP1.4.0.0
2023-12-18 12:47:54,555 [WARN] PackLoader:240 - Cannot read IP mode file for STMicroelectronics.X-CUBE-ISPU.1.1.0
2023-12-18 12:47:54,567 [WARN] ConditionMgr:438 - getConditionDescription Invalid condition id : UX DEVICE CLASS RTOS Condition cause : null
2023-12-18 12:47:54,567 [WARN] ConditionMgr:438 - getConditionDescription Invalid condition id : UX DEVICE CLASS RTOS Condition cause : null
2023-12-18 12:47:54,571 [WARN] PackLoader:240 - Cannot read IP mode file for STMicroelectronics.X-CUBE-AZRTOS-WB.2.0.0
2023-12-18 12:47:54,572 [WARN] ConditionMgr:1039 - genDependencies : Invalid condition id : UX DEVICE CLASS RTOS Condition cause : null
2023-12-18 12:47:54,572 [WARN] ConditionMgr:1039 - genDependencies : Invalid condition id : UX DEVICE CLASS RTOS Condition cause : null
2023-12-18 12:47:54,573 [WARN] ConditionMgr:1039 - genDependencies : Invalid condition id : UX DEVICE CLASS RTOS Condition cause : null
2023-12-18 12:47:54,574 [WARN] ConditionMgr:1039 - genDependencies : Invalid condition id : UX DEVICE CLASS RTOS Condition cause : null
2023-12-18 12:47:54,574 [WARN] ConditionMgr:1039 - genDependencies : Invalid condition id : UX DEVICE CLASS RTOS Condition cause : null
2023-12-18 12:47:54,586 [WARN] PackLoader:240 - Cannot read IP mode file for STMicroelectronics.X-CUBE-SUBG2.5.0.0
2023-12-18 12:47:54,608 [WARN] PackLoader:240 - Cannot read IP mode file for STMicroelectronics.X-CUBE-TOF1.3.3.1
2023-12-18 12:47:54,631 [WARN] PackLoader:240 - Cannot read IP mode file for STMicroelectronics.X-CUBE-AZRTOS-G4.2.0.0
2023-12-18 12:47:54,650 [WARN] PackLoader:240 - Cannot read IP mode file for Infineon.AIROC-Wi-Fi-Bluetooth-STM32.1.5.1
2023-12-18 12:47:54,657 [WARN] PackLoader:240 - Cannot read IP mode file for STMicroelectronics.FP-SNS-MOTENVWB1.1.3.0
2023-12-18 12:47:54,660 [WARN] PackLoader:240 - Cannot read IP mode file for STMicroelectronics.FP-SNS-MOTENVWB1.1.3.1
2023-12-18 12:47:54,663 [WARN] PackLoader:240 - Cannot read IP mode file for STMicroelectronics.X-CUBE-ISPU.2.0.0
2023-12-18 12:47:54,714 [WARN] PackLoader:240 - Cannot read IP mode file for STMicroelectronics.X-CUBE-MEMS1.10.0.0
2023-12-18 12:47:54,825 [WARN] PackLoader:240 - Cannot read IP mode file for STMicroelectronics.X-CUBE-FREERTOS.1.1.0
2023-12-18 12:47:54,833 [WARN] PackLoader:240 - Cannot read IP mode file for portGmbH.I-Cube-SoM-uGOAL.1.1.0
2023-12-18 12:47:54,837 [WARN] PackLoader:240 - Cannot read IP mode file for STMicroelectronics.X-CUBE-ALS.1.0.1
2023-12-18 12:47:54,841 [WARN] PackLoader:240 - Cannot read IP mode file for STMicroelectronics.FP-ATR-ASTRA1.2.0.0
2023-12-18 12:47:54,852 [WARN] PackLoader:240 - Cannot read IP mode file for STMicroelectronics.X-CUBE-TOF1.3.4.0
2023-12-18 12:47:54,885 [WARN] PackLoader:240 - Cannot read IP mode file for STMicroelectronics.X-CUBE-AZRTOS-H7.3.2.0
2023-12-18 12:47:54,893 [INFO] ThirdParty:978 - Integrity check success = true
2023-12-18 12:47:54,893 [INFO] IntegrityCheckThread:100 - exiting critical section [integrity check]
2023-12-18 12:47:54,894 [INFO] IntegrityCheckThread:103 - End integrity checks thread
2023-12-18 12:48:07,879 [ERROR] LogOutputStream:75 - [STDERR_REDIRECT] SLF4J: Failed to load class "org.slf4j.impl.StaticLoggerBinder".
2023-12-18 12:48:07,881 [ERROR] LogOutputStream:75 - [STDERR_REDIRECT] SLF4J: Defaulting to no-operation (NOP) logger implementation
2023-12-18 12:48:07,881 [ERROR] LogOutputStream:75 - [STDERR_REDIRECT] SLF4J: See http://www.slf4j.org/codes.html#StaticLoggerBinder for further details.
2023-12-18 13:18:44,083 [INFO] Activator:176 - 


2023-12-18 13:18:44,089 [INFO] Activator:177 - !SESSION log4j initialized
2023-12-18 13:18:51,359 [INFO] LogOutputStream:77 - [STDOUT_REDIRECT] 
2023-12-18 13:18:52,528 [ERROR] LogOutputStream:75 - [STDERR_REDIRECT] 
2023-12-18 13:18:53,097 [INFO] LogOutputStream:77 - [STDOUT_REDIRECT] 
2023-12-18 13:18:53,401 [INFO] ApplicationProperties:184 - Using Application install path: /Applications/STM32CubeIDE.app/Contents/Eclipse/plugins/com.st.stm32cube.common.mx_6.9.2.202309101412
2023-12-18 13:18:53,422 [INFO] DbMcusXml:78 - Set database path to: /Applications/STM32CubeIDE.app/Contents/Eclipse/plugins/com.st.stm32cube.common.mx_6.9.2.202309101412//db//mcu/
2023-12-18 13:18:53,423 [INFO] ApiDb:274 - Set plugin database path to: /Applications/STM32CubeIDE.app/Contents/Eclipse/plugins/com.st.stm32cube.common.mx_6.9.2.202309101412//db//plugins/boardmanager/
2023-12-18 13:18:53,423 [WARN] ApiDb:259 - Overriding images path with different value:  => /Applications/STM32CubeIDE.app/Contents/Eclipse/plugins/com.st.stm32cube.common.mx_6.9.2.202309101412//db//plugins/mcufinder/images/
2023-12-18 13:18:53,477 [INFO] ApiDb:250 - Set database path to: /Users/mariestahaab/.stmcufinder/plugins/mcufinder//mcu/
2023-12-18 13:18:53,478 [INFO] DbMcusAds:125 - Set database path to: /Users/mariestahaab/.stmcufinder/plugins/mcufinder//mcu/
2023-12-18 13:18:53,480 [INFO] CrossReferenceDbSqlite:203 - Set database path to: /Users/mariestahaab/.stmcufinder/plugins/mcufinder//mcu/cs/
2023-12-18 13:18:53,620 [INFO] RulesReader:64 - Compatibility file has been processed (293 Rules)
2023-12-18 13:18:53,685 [INFO] DbMcusXml:78 - Set database path to: /Applications/STM32CubeIDE.app/Contents/Eclipse/plugins/com.st.stm32cube.common.mx_6.9.2.202309101412//db//mcu/
2023-12-18 13:18:53,685 [INFO] ApiDb:274 - Set plugin database path to: /Applications/STM32CubeIDE.app/Contents/Eclipse/plugins/com.st.stm32cube.common.mx_6.9.2.202309101412//db//plugins/boardmanager/
2023-12-18 13:18:53,685 [INFO] ApiDb:261 - Set plugin images path to: /Applications/STM32CubeIDE.app/Contents/Eclipse/plugins/com.st.stm32cube.common.mx_6.9.2.202309101412//db//plugins/mcufinder/images/
2023-12-18 13:18:53,686 [WARN] DbFile:41 - Overriding database path with different value: /Users/mariestahaab/.stmcufinder/plugins/mcufinder/ => /Users/mariestahaab/.stmcufinder/plugins/mcufinder
2023-12-18 13:18:53,686 [INFO] ApiDb:250 - Set database path to: /Users/mariestahaab/.stmcufinder/plugins/mcufinder//mcu/
2023-12-18 13:18:53,686 [WARN] DbFile:41 - Overriding database path with different value: /Users/mariestahaab/.stmcufinder/plugins/mcufinder/ => /Users/mariestahaab/.stmcufinder/plugins/mcufinder
2023-12-18 13:18:53,686 [INFO] DbMcusAds:125 - Set database path to: /Users/mariestahaab/.stmcufinder/plugins/mcufinder//mcu/
2023-12-18 13:18:53,686 [WARN] DbFile:41 - Overriding database path with different value: /Users/mariestahaab/.stmcufinder/plugins/mcufinder/ => /Users/mariestahaab/.stmcufinder/plugins/mcufinder
2023-12-18 13:18:53,686 [WARN] DbFile:41 - Overriding database path with different value: /Users/mariestahaab/.stmcufinder/plugins/mcufinder/ => /Users/mariestahaab/.stmcufinder/plugins/mcufinder
2023-12-18 13:18:53,686 [INFO] CrossReferenceDbSqlite:203 - Set database path to: /Users/mariestahaab/.stmcufinder/plugins/mcufinder//mcu/cs/
2023-12-18 13:18:53,769 [INFO] MainPanel:262 - HeapMemory: 268435456
2023-12-18 13:18:53,865 [INFO] DbMcusXml:78 - Set database path to: /Applications/STM32CubeIDE.app/Contents/Eclipse/plugins/com.st.stm32cube.common.mx_6.9.2.202309101412//db//mcu/
2023-12-18 13:18:53,865 [INFO] ApiDb:274 - Set plugin database path to: /Applications/STM32CubeIDE.app/Contents/Eclipse/plugins/com.st.stm32cube.common.mx_6.9.2.202309101412//db//plugins/boardmanager/
2023-12-18 13:18:53,865 [INFO] ApiDb:261 - Set plugin images path to: /Applications/STM32CubeIDE.app/Contents/Eclipse/plugins/com.st.stm32cube.common.mx_6.9.2.202309101412//db//plugins/mcufinder/images/
2023-12-18 13:18:53,866 [WARN] DbFile:41 - Overriding database path with different value: /Users/mariestahaab/.stmcufinder/plugins/mcufinder/ => /Users/mariestahaab/.stmcufinder/plugins/mcufinder
2023-12-18 13:18:53,866 [INFO] ApiDb:250 - Set database path to: /Users/mariestahaab/.stmcufinder/plugins/mcufinder//mcu/
2023-12-18 13:18:53,866 [WARN] DbFile:41 - Overriding database path with different value: /Users/mariestahaab/.stmcufinder/plugins/mcufinder/ => /Users/mariestahaab/.stmcufinder/plugins/mcufinder
2023-12-18 13:18:53,867 [INFO] DbMcusAds:125 - Set database path to: /Users/mariestahaab/.stmcufinder/plugins/mcufinder//mcu/
2023-12-18 13:18:53,867 [WARN] DbFile:41 - Overriding database path with different value: /Users/mariestahaab/.stmcufinder/plugins/mcufinder/ => /Users/mariestahaab/.stmcufinder/plugins/mcufinder
2023-12-18 13:18:53,867 [WARN] DbFile:41 - Overriding database path with different value: /Users/mariestahaab/.stmcufinder/plugins/mcufinder/ => /Users/mariestahaab/.stmcufinder/plugins/mcufinder
2023-12-18 13:18:53,867 [INFO] CrossReferenceDbSqlite:203 - Set database path to: /Users/mariestahaab/.stmcufinder/plugins/mcufinder//mcu/cs/
2023-12-18 13:18:53,890 [INFO] ApplicationProperties:184 - Using Application install path: /Applications/STM32CubeIDE.app/Contents/Eclipse/plugins/com.st.stm32cube.common.mx_6.9.2.202309101412
2023-12-18 13:18:53,892 [INFO] PluginManage:196 - Search for loadable plugins [exclusion list=, ]
2023-12-18 13:18:53,894 [INFO] PluginManage:310 - Check plugin analytics
2023-12-18 13:18:54,165 [INFO] AnalyticsPlugin:253 - Accepted Software Licenses: 
2023-12-18 13:18:54,165 [INFO] AnalyticsPlugin:255 - Accepted CMSIS Pack Licenses: 
2023-12-18 13:18:54,165 [INFO] AnalyticsPlugin:257 - Accepted Firmware Licenses: FW.F4.1.27.0
2023-12-18 13:18:54,175 [INFO] PluginManage:359 - Loaded plugin analytics (category:tool,tabindex:-1)
2023-12-18 13:18:54,177 [INFO] PluginManage:310 - Check plugin cadmodel
2023-12-18 13:18:54,506 [INFO] CADModel:105 - Init CAD model plugin
2023-12-18 13:18:54,507 [INFO] PluginManage:359 - Loaded plugin cadmodel (category:power,tabindex:5)
2023-12-18 13:18:54,507 [INFO] PluginManage:310 - Check plugin clock
2023-12-18 13:18:54,518 [INFO] PluginManage:359 - Loaded plugin clock (category:base,tabindex:2)
2023-12-18 13:18:54,519 [INFO] PluginManage:310 - Check plugin ddr
2023-12-18 13:18:54,520 [INFO] PluginManage:359 - Loaded plugin ddr (category:tool,tabindex:6)
2023-12-18 13:18:54,520 [INFO] PluginManage:310 - Check plugin filemanager
2023-12-18 13:18:54,710 [INFO] PluginManage:359 - Loaded plugin filemanager (category:base,tabindex:10)
2023-12-18 13:18:54,711 [INFO] PluginManage:310 - Check plugin ipmanager
2023-12-18 13:18:54,727 [INFO] PluginManage:359 - Loaded plugin ipmanager (category:base,tabindex:5)
2023-12-18 13:18:54,727 [INFO] PluginManage:310 - Check plugin lpbam
2023-12-18 13:18:54,737 [INFO] PluginManage:359 - Loaded plugin lpbam (category:base,tabindex:0)
2023-12-18 13:18:54,738 [INFO] PluginManage:310 - Check plugin memorymap
2023-12-18 13:18:54,747 [INFO] PluginManage:359 - Loaded plugin memorymap (category:base,tabindex:4)
2023-12-18 13:18:54,747 [INFO] PluginManage:310 - Check plugin pinoutandconfiguration
2023-12-18 13:18:54,753 [INFO] PluginManage:359 - Loaded plugin pinoutandconfiguration (category:base,tabindex:1)
2023-12-18 13:18:54,753 [INFO] PluginManage:310 - Check plugin pinoutconfig
2023-12-18 13:18:54,836 [WARN] SupportedApi:132 - Cannot load RTOS API schema: s4s-elt-must-match.1: The content of 'definitions' must match (annotation?, (simpleType | complexType)?, (unique | key | keyref)*)). A problem was found starting at: attribute.
2023-12-18 13:18:54,993 [INFO] PluginManage:359 - Loaded plugin pinoutconfig (category:base,tabindex:0)
2023-12-18 13:18:54,994 [INFO] PluginManage:310 - Check plugin power
2023-12-18 13:18:55,009 [INFO] PluginManage:359 - Loaded plugin power (category:power,tabindex:4)
2023-12-18 13:18:55,009 [INFO] PluginManage:310 - Check plugin projectmanager
2023-12-18 13:18:55,038 [INFO] PluginManage:359 - Loaded plugin projectmanager (category:projectmanager,tabindex:3)
2023-12-18 13:18:55,038 [INFO] PluginManage:310 - Check plugin thirdparty
2023-12-18 13:18:55,200 [INFO] PluginManage:359 - Loaded plugin thirdparty (category:base,tabindex:-1)
2023-12-18 13:18:55,200 [INFO] PluginManage:310 - Check plugin tools
2023-12-18 13:18:55,200 [WARN] IntegrityCheckThread:84 - waiting for thirdparty lock release [integrity check]
2023-12-18 13:18:55,203 [INFO] IntegrityCheckThread:86 - entering critical section [integrity check]
2023-12-18 13:18:55,205 [INFO] ThirdPartyUpdaterWithRetryManager:70 - Updater plugin not ready yet. [1/15]
2023-12-18 13:18:55,206 [INFO] PluginManage:359 - Loaded plugin tools (category:base,tabindex:7)
2023-12-18 13:18:55,206 [INFO] PluginManage:310 - Check plugin tutovideos
2023-12-18 13:18:55,371 [INFO] PluginManage:359 - Loaded plugin tutovideos (category:base,tabindex:-1)
2023-12-18 13:18:55,371 [INFO] PluginManage:310 - Check plugin updater
2023-12-18 13:18:55,384 [INFO] PluginManage:359 - Loaded plugin updater (category:base,tabindex:12)
2023-12-18 13:18:55,384 [INFO] PluginManage:310 - Check plugin userauth
2023-12-18 13:18:55,390 [INFO] UserAuth:113 - Init User Auth plugin
2023-12-18 13:18:55,390 [INFO] PluginManage:359 - Loaded plugin userauth (category:base,tabindex:14)
2023-12-18 13:18:55,391 [INFO] PluginManage:283 - PluginManage : Loaded plugins [17]
2023-12-18 13:18:55,608 [INFO] PinOutPanel:1499 - setPackage(No Configuration,No Configuration)
2023-12-18 13:18:55,723 [INFO] CADModel:165 - CPN selected for project level
2023-12-18 13:18:55,723 [INFO] CADModel:114 - Register for checkConnection events
2023-12-18 13:18:55,732 [INFO] IPUIPlugin:80 - create IPUIPlugin
2023-12-18 13:18:55,732 [INFO] PluginManager:220 - loadIPPluginJar : add mdma
2023-12-18 13:18:55,737 [INFO] IPUIPlugin:80 - create IPUIPlugin
2023-12-18 13:18:55,738 [INFO] PluginManager:220 - loadIPPluginJar : add freertos
2023-12-18 13:18:55,741 [INFO] IPUIPlugin:80 - create IPUIPlugin
2023-12-18 13:18:55,741 [INFO] PluginManager:220 - loadIPPluginJar : add gic
2023-12-18 13:18:55,747 [INFO] IPUIPlugin:80 - create IPUIPlugin
2023-12-18 13:18:55,747 [INFO] PluginManager:220 - loadIPPluginJar : add adc
2023-12-18 13:18:55,749 [INFO] IPUIPlugin:80 - create IPUIPlugin
2023-12-18 13:18:55,749 [INFO] PluginManager:220 - loadIPPluginJar : add gtzc
2023-12-18 13:18:55,749 [INFO] IPUIPlugin:80 - create IPUIPlugin
2023-12-18 13:18:55,749 [INFO] PluginManager:220 - loadIPPluginJar : add quadspi
2023-12-18 13:18:55,751 [INFO] IPUIPlugin:80 - create IPUIPlugin
2023-12-18 13:18:55,751 [INFO] PluginManager:220 - loadIPPluginJar : add aes
2023-12-18 13:18:55,752 [INFO] IPUIPlugin:80 - create IPUIPlugin
2023-12-18 13:18:55,752 [INFO] PluginManager:220 - loadIPPluginJar : add pdm2pcm
2023-12-18 13:18:55,753 [INFO] IPUIPlugin:80 - create IPUIPlugin
2023-12-18 13:18:55,753 [INFO] PluginManager:220 - loadIPPluginJar : add hash
2023-12-18 13:18:55,754 [INFO] IPUIPlugin:80 - create IPUIPlugin
2023-12-18 13:18:55,754 [INFO] PluginManager:220 - loadIPPluginJar : add tim
2023-12-18 13:18:55,754 [INFO] IPUIPlugin:80 - create IPUIPlugin
2023-12-18 13:18:55,754 [INFO] PluginManager:220 - loadIPPluginJar : add tsc
2023-12-18 13:18:55,755 [INFO] IPUIPlugin:80 - create IPUIPlugin
2023-12-18 13:18:55,755 [INFO] PluginManager:220 - loadIPPluginJar : add ts
2023-12-18 13:18:55,756 [INFO] IPUIPlugin:80 - create IPUIPlugin
2023-12-18 13:18:55,756 [INFO] PluginManager:220 - loadIPPluginJar : add can
2023-12-18 13:18:55,758 [INFO] IPUIPlugin:80 - create IPUIPlugin
2023-12-18 13:18:55,758 [INFO] PluginManager:220 - loadIPPluginJar : add dma3
2023-12-18 13:18:55,760 [INFO] IPUIPlugin:80 - create IPUIPlugin
2023-12-18 13:18:55,760 [INFO] PluginManager:220 - loadIPPluginJar : add dfsdm
2023-12-18 13:18:55,761 [INFO] IPUIPlugin:80 - create IPUIPlugin
2023-12-18 13:18:55,762 [INFO] PluginManager:220 - loadIPPluginJar : add spi
2023-12-18 13:18:55,763 [INFO] IPUIPlugin:80 - create IPUIPlugin
2023-12-18 13:18:55,763 [INFO] PluginManager:220 - loadIPPluginJar : add gfxmmu
2023-12-18 13:18:55,763 [INFO] IPUIPlugin:80 - create IPUIPlugin
2023-12-18 13:18:55,763 [INFO] PluginManager:220 - loadIPPluginJar : add genericplugin
2023-12-18 13:18:55,764 [INFO] IPUIPlugin:80 - create IPUIPlugin
2023-12-18 13:18:55,764 [INFO] PluginManager:220 - loadIPPluginJar : add cryp
2023-12-18 13:18:55,766 [INFO] IPUIPlugin:80 - create IPUIPlugin
2023-12-18 13:18:55,766 [INFO] PluginManager:220 - loadIPPluginJar : add gpio
2023-12-18 13:18:55,767 [INFO] IPUIPlugin:80 - create IPUIPlugin
2023-12-18 13:18:55,767 [INFO] PluginManager:220 - loadIPPluginJar : add comp
2023-12-18 13:18:55,769 [INFO] IPUIPlugin:80 - create IPUIPlugin
2023-12-18 13:18:55,769 [INFO] PluginManager:220 - loadIPPluginJar : add tracer_emb
2023-12-18 13:18:55,770 [INFO] IPUIPlugin:80 - create IPUIPlugin
2023-12-18 13:18:55,771 [INFO] PluginManager:220 - loadIPPluginJar : add openamp
2023-12-18 13:18:55,774 [INFO] IPUIPlugin:80 - create IPUIPlugin
2023-12-18 13:18:55,774 [INFO] PluginManager:220 - loadIPPluginJar : add stm32_wpan
2023-12-18 13:18:55,778 [INFO] IPUIPlugin:80 - create IPUIPlugin
2023-12-18 13:18:55,783 [INFO] PluginManager:220 - loadIPPluginJar : add plateformsettings
2023-12-18 13:18:55,786 [INFO] IPUIPlugin:80 - create IPUIPlugin
2023-12-18 13:18:55,787 [INFO] PluginManager:220 - loadIPPluginJar : add ipddr
2023-12-18 13:18:55,789 [INFO] IPUIPlugin:80 - create IPUIPlugin
2023-12-18 13:18:55,789 [INFO] PluginManager:220 - loadIPPluginJar : add usart
2023-12-18 13:18:55,789 [INFO] IPUIPlugin:80 - create IPUIPlugin
2023-12-18 13:18:55,790 [INFO] PluginManager:220 - loadIPPluginJar : add ltdc
2023-12-18 13:18:55,791 [INFO] IPUIPlugin:80 - create IPUIPlugin
2023-12-18 13:18:55,791 [INFO] PluginManager:220 - loadIPPluginJar : add nvic
2023-12-18 13:18:55,792 [INFO] IPUIPlugin:80 - create IPUIPlugin
2023-12-18 13:18:55,792 [INFO] PluginManager:220 - loadIPPluginJar : add fatfs
2023-12-18 13:18:55,797 [INFO] IPUIPlugin:80 - create IPUIPlugin
2023-12-18 13:18:55,797 [INFO] PluginManager:220 - loadIPPluginJar : add linkedlist
2023-12-18 13:18:55,800 [INFO] IPUIPlugin:80 - create IPUIPlugin
2023-12-18 13:18:55,800 [INFO] PluginManager:220 - loadIPPluginJar : add dma
2023-12-18 13:18:55,802 [INFO] IPUIPlugin:80 - create IPUIPlugin
2023-12-18 13:18:55,802 [INFO] PluginManager:220 - loadIPPluginJar : add fmc
2023-12-18 13:18:55,803 [INFO] IPUIPlugin:80 - create IPUIPlugin
2023-12-18 13:18:55,804 [INFO] PluginManager:220 - loadIPPluginJar : add i2s
2023-12-18 13:18:55,805 [INFO] IPUIPlugin:80 - create IPUIPlugin
2023-12-18 13:18:55,805 [INFO] PluginManager:220 - loadIPPluginJar : add ucpd
2023-12-18 13:18:55,806 [INFO] IPUIPlugin:80 - create IPUIPlugin
2023-12-18 13:18:55,806 [INFO] PluginManager:220 - loadIPPluginJar : add lorawan
2023-12-18 13:18:55,807 [INFO] IPUIPlugin:80 - create IPUIPlugin
2023-12-18 13:18:55,807 [INFO] PluginManager:220 - loadIPPluginJar : add opamp
2023-12-18 13:18:55,808 [INFO] IPUIPlugin:80 - create IPUIPlugin
2023-12-18 13:18:55,808 [INFO] PluginManager:220 - loadIPPluginJar : add i3c
2023-12-18 13:18:55,810 [INFO] IPUIPlugin:80 - create IPUIPlugin
2023-12-18 13:18:55,810 [INFO] PluginManager:220 - loadIPPluginJar : add touchsensing
2023-12-18 13:18:55,812 [INFO] IPUIPlugin:80 - create IPUIPlugin
2023-12-18 13:18:55,812 [INFO] PluginManager:220 - loadIPPluginJar : add i2c
2023-12-18 13:18:55,814 [INFO] IPUIPlugin:80 - create IPUIPlugin
2023-12-18 13:18:55,814 [INFO] PluginManager:220 - loadIPPluginJar : add resmgrutility
2023-12-18 13:18:55,816 [INFO] IPUIPlugin:80 - create IPUIPlugin
2023-12-18 13:18:55,816 [INFO] PluginManager:220 - loadIPPluginJar : add sai
2023-12-18 13:18:55,818 [INFO] IPUIPlugin:80 - create IPUIPlugin
2023-12-18 13:18:55,818 [INFO] PluginManager:220 - loadIPPluginJar : add usbx
2023-12-18 13:18:55,935 [INFO] CADModel:165 - CPN selected for project level
2023-12-18 13:18:55,935 [INFO] CADModel:114 - Register for checkConnection events
2023-12-18 13:18:55,935 [FATAL] Updater:308 - Updater called before beeing initialized
2023-12-18 13:18:55,935 [ERROR] CADModel:125 - Updater not yet initialized, retry later 
2023-12-18 13:18:56,161 [INFO] CADModel:165 - CPN selected for project level
2023-12-18 13:18:56,161 [INFO] CADModel:114 - Register for checkConnection events
2023-12-18 13:18:56,161 [FATAL] Updater:308 - Updater called before beeing initialized
2023-12-18 13:18:56,161 [ERROR] CADModel:125 - Updater not yet initialized, retry later 
2023-12-18 13:18:56,164 [FATAL] Updater:308 - Updater called before beeing initialized
2023-12-18 13:18:56,306 [FATAL] Updater:308 - Updater called before beeing initialized
2023-12-18 13:18:56,314 [INFO] DbMcusAds:53 - JSON generation date=Wed Nov 29 10:52:27 GMT 2023 (1701255147349)
2023-12-18 13:18:56,314 [FATAL] Updater:308 - Updater called before beeing initialized
2023-12-18 13:18:56,363 [WARN] DetailPanel:346 - Failed to get advertising image, set to default
2023-12-18 13:18:56,459 [FATAL] Updater:308 - Updater called before beeing initialized
2023-12-18 13:18:56,463 [FATAL] Updater:308 - Updater called before beeing initialized
2023-12-18 13:18:56,463 [FATAL] Updater:308 - Updater called before beeing initialized
2023-12-18 13:18:56,463 [WARN] DetailPanel:346 - Failed to get advertising image, set to default
2023-12-18 13:18:56,470 [FATAL] Updater:308 - Updater called before beeing initialized
2023-12-18 13:18:56,544 [ERROR] Updater:1120 - MainUpdater not yet initialized. External WinMGr cannot be set.
2023-12-18 13:18:56,577 [INFO] Updater:1056 - Updater Version found : 6.9.2
2023-12-18 13:18:56,592 [INFO] ApplicationProperties:184 - Using Application install path: /Applications/STM32CubeIDE.app/Contents/Eclipse/plugins/com.st.stm32cube.common.mx_6.9.2.202309101412
2023-12-18 13:18:57,003 [INFO] MainUpdater:2868 - connection check result : 10
2023-12-18 13:18:57,003 [INFO] MainUpdater:285 - Updater Check For Update Now.
2023-12-18 13:18:57,003 [INFO] MicroXplorer:498 - Change Database Version : DB.6.0.92
2023-12-18 13:18:57,015 [INFO] McuFinderGlobals:63 - Set McuFinder mode to 2 (CubeIDE integrated)
2023-12-18 13:18:57,274 [INFO] CheckServerUpdateThread:120 - End of CheckServer Thread
2023-12-18 13:18:58,383 [WARN] PackLoader:240 - Cannot read IP mode file for STMicroelectronics.X-CUBE-SMBUS.2.1.0
2023-12-18 13:18:58,400 [WARN] PackLoader:240 - Cannot read IP mode file for STMicroelectronics.X-CUBE-TOUCHGFX.4.23.0
2023-12-18 13:18:58,454 [WARN] PackLoader:240 - Cannot read IP mode file for STMicroelectronics.X-CUBE-AZRTOS-F7.1.1.0
2023-12-18 13:18:58,495 [WARN] PackLoader:240 - Cannot read IP mode file for STMicroelectronics.FP-SNS-MOTENV1.4.3.2
2023-12-18 13:18:58,541 [WARN] PackLoader:240 - Cannot read IP mode file for STMicroelectronics.FP-SNS-FLIGHT1.5.0.2
2023-12-18 13:18:58,573 [WARN] PackLoader:240 - Cannot read IP mode file for STMicroelectronics.X-CUBE-DISPLAY.3.0.0
2023-12-18 13:18:58,623 [WARN] PackLoader:240 - Cannot read IP mode file for STMicroelectronics.X-CUBE-BLE1.7.0.0
2023-12-18 13:18:58,645 [WARN] PackLoader:240 - Cannot read IP mode file for emotas.I-CUBE-CANOPEN.1.3.0
2023-12-18 13:18:58,657 [WARN] PackLoader:240 - Cannot read IP mode file for STMicroelectronics.X-CUBE-TOUCHGFX.4.22.0
2023-12-18 13:18:58,663 [WARN] PackLoader:240 - Cannot read IP mode file for STMicroelectronics.X-CUBE-TOUCHGFX.4.22.1
2023-12-18 13:18:58,675 [WARN] PackLoader:240 - Cannot read IP mode file for STMicroelectronics.FP-SNS-SMARTAG2.1.2.0
2023-12-18 13:18:58,698 [INFO] LogOutputStream:77 - [STDOUT_REDIRECT] 1 : Invalid condition id : UX_CORESTACK_Condition cause : null
2023-12-18 13:18:58,702 [INFO] LogOutputStream:77 - [STDOUT_REDIRECT] 1 : Invalid condition id : UX_CORESTACK_Condition cause : null
2023-12-18 13:18:58,702 [INFO] LogOutputStream:77 - [STDOUT_REDIRECT] 1 : Invalid condition id : UX_CORESTACK_Condition cause : null
2023-12-18 13:18:58,702 [INFO] LogOutputStream:77 - [STDOUT_REDIRECT] 1 : Invalid condition id : UX_CORESTACK_Condition cause : null
2023-12-18 13:18:58,702 [INFO] LogOutputStream:77 - [STDOUT_REDIRECT] 1 : Invalid condition id : UX_CORESTACK_Condition cause : null
2023-12-18 13:18:58,719 [WARN] PackLoader:240 - Cannot read IP mode file for STMicroelectronics.X-CUBE-AZRTOS-WL.2.0.0
2023-12-18 13:18:58,766 [WARN] PackLoader:240 - Cannot read IP mode file for WES.I-CUBE-Cesium.1.3.0
2023-12-18 13:18:58,787 [WARN] PackLoader:240 - Cannot read IP mode file for STMicroelectronics.X-CUBE-BLE2.3.3.0
2023-12-18 13:18:58,814 [WARN] PackLoader:240 - Cannot read IP mode file for STMicroelectronics.X-CUBE-ALGOBUILD.1.3.0
2023-12-18 13:18:58,852 [WARN] PackLoader:240 - Cannot read IP mode file for STMicroelectronics.X-CUBE-AZRTOS-G0.1.1.0
2023-12-18 13:18:58,880 [WARN] PackLoader:240 - Cannot read IP mode file for STMicroelectronics.X-CUBE-NFC4.3.0.0
2023-12-18 13:18:58,935 [WARN] PackLoader:240 - Cannot read IP mode file for STMicroelectronics.X-CUBE-BLEMGR.3.0.0
2023-12-18 13:18:58,952 [WARN] PackLoader:240 - Cannot read IP mode file for STMicroelectronics.FP-ATR-SIGFOX1.3.2.0
2023-12-18 13:18:59,034 [WARN] PackLoader:240 - Cannot read IP mode file for SEGGER.I-CUBE-embOS.1.3.1
2023-12-18 13:18:59,132 [WARN] PackLoader:240 - Cannot read IP mode file for STMicroelectronics.X-CUBE-GNSS1.6.0.0
2023-12-18 13:18:59,188 [WARN] PackLoader:240 - Cannot read IP mode file for STMicroelectronics.X-CUBE-AZRTOS-F4.1.1.0
2023-12-18 13:18:59,198 [WARN] PackLoader:240 - Cannot read IP mode file for wolfSSL.I-CUBE-wolfSSL.5.6.3
2023-12-18 13:18:59,227 [WARN] PackLoader:240 - Cannot read IP mode file for STMicroelectronics.X-CUBE-AZRTOS-L5.2.0.0
2023-12-18 13:18:59,338 [WARN] PackLoader:240 - Cannot read IP mode file for STMicroelectronics.X-CUBE-MEMS1.9.6.0
2023-12-18 13:18:59,602 [WARN] PackLoader:240 - Cannot read IP mode file for STMicroelectronics.X-CUBE-EEPRMA1.4.2.0
2023-12-18 13:18:59,634 [WARN] PackLoader:240 - Cannot read IP mode file for ITTIA_DB.I-CUBE-ITTIADB.8.8.0
2023-12-18 13:18:59,648 [WARN] PackLoader:240 - Cannot read IP mode file for STMicroelectronics.X-CUBE-BLEMGR.2.0.0
2023-12-18 13:18:59,687 [WARN] ConditionMgr:438 - getConditionDescription Invalid condition id : UX DEVICE CLASS RTOS Condition cause : null
2023-12-18 13:18:59,687 [WARN] ConditionMgr:438 - getConditionDescription Invalid condition id : UX DEVICE CLASS RTOS Condition cause : null
2023-12-18 13:18:59,693 [WARN] PackLoader:240 - Cannot read IP mode file for STMicroelectronics.X-CUBE-AZRTOS-H7.3.1.0
2023-12-18 13:18:59,696 [WARN] ConditionMgr:1039 - genDependencies : Invalid condition id : UX DEVICE CLASS RTOS Condition cause : null
2023-12-18 13:18:59,697 [WARN] ConditionMgr:1039 - genDependencies : Invalid condition id : UX DEVICE CLASS RTOS Condition cause : null
2023-12-18 13:18:59,698 [WARN] ConditionMgr:1039 - genDependencies : Invalid condition id : UX DEVICE CLASS RTOS Condition cause : null
2023-12-18 13:18:59,699 [WARN] ConditionMgr:1039 - genDependencies : Invalid condition id : UX DEVICE CLASS RTOS Condition cause : null
2023-12-18 13:18:59,699 [WARN] ConditionMgr:1039 - genDependencies : Invalid condition id : UX DEVICE CLASS RTOS Condition cause : null
2023-12-18 13:18:59,715 [WARN] PackLoader:240 - Cannot read IP mode file for STMicroelectronics.X-CUBE-NFC7.1.0.1
2023-12-18 13:18:59,728 [WARN] PackLoader:240 - Cannot read IP mode file for STMicroelectronics.X-CUBE-NFC6.3.0.0
2023-12-18 13:18:59,737 [WARN] PackLoader:240 - Cannot read IP mode file for STMicroelectronics.X-CUBE-EEPRMA1.4.1.0
2023-12-18 13:18:59,751 [WARN] PackLoader:240 - Cannot read IP mode file for STMicroelectronics.X-CUBE-AI.8.1.0
2023-12-18 13:18:59,779 [WARN] ConditionMgr:438 - getConditionDescription Invalid condition id : LAN8742 Phy interface Condition cause : null
2023-12-18 13:18:59,781 [WARN] PackLoader:240 - Cannot read IP mode file for STMicroelectronics.X-CUBE-AZRTOS-L4.2.0.0
2023-12-18 13:18:59,783 [WARN] ConditionMgr:1039 - genDependencies : Invalid condition id : LAN8742 Phy interface Condition cause : null
2023-12-18 13:18:59,784 [WARN] ConditionMgr:1039 - genDependencies : Invalid condition id : LAN8742 Phy interface Condition cause : null
2023-12-18 13:18:59,785 [WARN] ConditionMgr:1039 - genDependencies : Invalid condition id : LAN8742 Phy interface Condition cause : null
2023-12-18 13:18:59,808 [WARN] PackLoader:240 - Cannot read IP mode file for STMicroelectronics.X-CUBE-SFXS2LP1.4.0.0
2023-12-18 13:18:59,815 [WARN] PackLoader:240 - Cannot read IP mode file for STMicroelectronics.X-CUBE-ISPU.1.1.0
2023-12-18 13:18:59,827 [WARN] ConditionMgr:438 - getConditionDescription Invalid condition id : UX DEVICE CLASS RTOS Condition cause : null
2023-12-18 13:18:59,828 [WARN] ConditionMgr:438 - getConditionDescription Invalid condition id : UX DEVICE CLASS RTOS Condition cause : null
2023-12-18 13:18:59,832 [WARN] PackLoader:240 - Cannot read IP mode file for STMicroelectronics.X-CUBE-AZRTOS-WB.2.0.0
2023-12-18 13:18:59,833 [WARN] ConditionMgr:1039 - genDependencies : Invalid condition id : UX DEVICE CLASS RTOS Condition cause : null
2023-12-18 13:18:59,833 [WARN] ConditionMgr:1039 - genDependencies : Invalid condition id : UX DEVICE CLASS RTOS Condition cause : null
2023-12-18 13:18:59,834 [WARN] ConditionMgr:1039 - genDependencies : Invalid condition id : UX DEVICE CLASS RTOS Condition cause : null
2023-12-18 13:18:59,835 [WARN] ConditionMgr:1039 - genDependencies : Invalid condition id : UX DEVICE CLASS RTOS Condition cause : null
2023-12-18 13:18:59,835 [WARN] ConditionMgr:1039 - genDependencies : Invalid condition id : UX DEVICE CLASS RTOS Condition cause : null
2023-12-18 13:18:59,847 [WARN] PackLoader:240 - Cannot read IP mode file for STMicroelectronics.X-CUBE-SUBG2.5.0.0
2023-12-18 13:18:59,870 [WARN] PackLoader:240 - Cannot read IP mode file for STMicroelectronics.X-CUBE-TOF1.3.3.1
2023-12-18 13:18:59,895 [WARN] PackLoader:240 - Cannot read IP mode file for STMicroelectronics.X-CUBE-AZRTOS-G4.2.0.0
2023-12-18 13:18:59,914 [WARN] PackLoader:240 - Cannot read IP mode file for Infineon.AIROC-Wi-Fi-Bluetooth-STM32.1.5.1
2023-12-18 13:18:59,922 [WARN] PackLoader:240 - Cannot read IP mode file for STMicroelectronics.FP-SNS-MOTENVWB1.1.3.0
2023-12-18 13:18:59,925 [WARN] PackLoader:240 - Cannot read IP mode file for STMicroelectronics.FP-SNS-MOTENVWB1.1.3.1
2023-12-18 13:18:59,929 [WARN] PackLoader:240 - Cannot read IP mode file for STMicroelectronics.X-CUBE-ISPU.2.0.0
2023-12-18 13:18:59,982 [WARN] PackLoader:240 - Cannot read IP mode file for STMicroelectronics.X-CUBE-MEMS1.10.0.0
2023-12-18 13:19:00,089 [WARN] PackLoader:240 - Cannot read IP mode file for STMicroelectronics.X-CUBE-FREERTOS.1.1.0
2023-12-18 13:19:00,096 [WARN] PackLoader:240 - Cannot read IP mode file for portGmbH.I-Cube-SoM-uGOAL.1.1.0
2023-12-18 13:19:00,100 [WARN] PackLoader:240 - Cannot read IP mode file for STMicroelectronics.X-CUBE-ALS.1.0.1
2023-12-18 13:19:00,105 [WARN] PackLoader:240 - Cannot read IP mode file for STMicroelectronics.FP-ATR-ASTRA1.2.0.0
2023-12-18 13:19:00,118 [WARN] PackLoader:240 - Cannot read IP mode file for STMicroelectronics.X-CUBE-TOF1.3.4.0
2023-12-18 13:19:00,153 [WARN] PackLoader:240 - Cannot read IP mode file for STMicroelectronics.X-CUBE-AZRTOS-H7.3.2.0
2023-12-18 13:19:00,161 [INFO] ThirdParty:978 - Integrity check success = true
2023-12-18 13:19:00,161 [INFO] IntegrityCheckThread:100 - exiting critical section [integrity check]
2023-12-18 13:19:00,161 [INFO] IntegrityCheckThread:103 - End integrity checks thread
2023-12-18 13:19:13,306 [ERROR] LogOutputStream:75 - [STDERR_REDIRECT] SLF4J: Failed to load class "org.slf4j.impl.StaticLoggerBinder".
2023-12-18 13:19:13,308 [ERROR] LogOutputStream:75 - [STDERR_REDIRECT] SLF4J: Defaulting to no-operation (NOP) logger implementation
2023-12-18 13:19:13,308 [ERROR] LogOutputStream:75 - [STDERR_REDIRECT] SLF4J: See http://www.slf4j.org/codes.html#StaticLoggerBinder for further details.
2023-12-18 13:45:19,802 [INFO] Activator:176 - 


2023-12-18 13:45:19,804 [INFO] Activator:177 - !SESSION log4j initialized
2023-12-18 13:45:27,180 [ERROR] LogOutputStream:75 - [STDERR_REDIRECT] 
2023-12-18 13:45:27,505 [INFO] LogOutputStream:77 - [STDOUT_REDIRECT] 
2023-12-18 13:45:29,397 [INFO] LogOutputStream:77 - [STDOUT_REDIRECT] 
2023-12-18 13:45:30,558 [INFO] ApplicationProperties:184 - Using Application install path: /Applications/STM32CubeIDE.app/Contents/Eclipse/plugins/com.st.stm32cube.common.mx_6.10.0.202311202037
2023-12-18 13:45:30,571 [INFO] DbMcusXml:78 - Set database path to: /Applications/STM32CubeIDE.app/Contents/Eclipse/plugins/com.st.stm32cube.common.mx_6.10.0.202311202037//db//mcu/
2023-12-18 13:45:30,572 [INFO] ApiDb:274 - Set plugin database path to: /Applications/STM32CubeIDE.app/Contents/Eclipse/plugins/com.st.stm32cube.common.mx_6.10.0.202311202037//db//plugins/boardmanager/
2023-12-18 13:45:30,572 [WARN] ApiDb:259 - Overriding images path with different value:  => /Applications/STM32CubeIDE.app/Contents/Eclipse/plugins/com.st.stm32cube.common.mx_6.10.0.202311202037//db//plugins/mcufinder/images/
2023-12-18 13:45:30,579 [INFO] ApiDb:250 - Set database path to: /Users/mariestahaab/.stmcufinder/plugins/mcufinder//mcu/
2023-12-18 13:45:30,580 [INFO] DbMcusAds:125 - Set database path to: /Users/mariestahaab/.stmcufinder/plugins/mcufinder//mcu/
2023-12-18 13:45:30,582 [INFO] CrossReferenceDbSqlite:203 - Set database path to: /Users/mariestahaab/.stmcufinder/plugins/mcufinder//mcu/cs/
2023-12-18 13:45:30,748 [INFO] RulesReader:64 - Compatibility file has been processed (297 Rules)
2023-12-18 13:45:30,826 [INFO] DbMcusXml:78 - Set database path to: /Applications/STM32CubeIDE.app/Contents/Eclipse/plugins/com.st.stm32cube.common.mx_6.10.0.202311202037//db//mcu/
2023-12-18 13:45:30,826 [INFO] ApiDb:274 - Set plugin database path to: /Applications/STM32CubeIDE.app/Contents/Eclipse/plugins/com.st.stm32cube.common.mx_6.10.0.202311202037//db//plugins/boardmanager/
2023-12-18 13:45:30,827 [INFO] ApiDb:261 - Set plugin images path to: /Applications/STM32CubeIDE.app/Contents/Eclipse/plugins/com.st.stm32cube.common.mx_6.10.0.202311202037//db//plugins/mcufinder/images/
2023-12-18 13:45:30,828 [WARN] DbFile:41 - Overriding database path with different value: /Users/mariestahaab/.stmcufinder/plugins/mcufinder/ => /Users/mariestahaab/.stmcufinder/plugins/mcufinder
2023-12-18 13:45:30,828 [INFO] ApiDb:250 - Set database path to: /Users/mariestahaab/.stmcufinder/plugins/mcufinder//mcu/
2023-12-18 13:45:30,828 [WARN] DbFile:41 - Overriding database path with different value: /Users/mariestahaab/.stmcufinder/plugins/mcufinder/ => /Users/mariestahaab/.stmcufinder/plugins/mcufinder
2023-12-18 13:45:30,828 [INFO] DbMcusAds:125 - Set database path to: /Users/mariestahaab/.stmcufinder/plugins/mcufinder//mcu/
2023-12-18 13:45:30,828 [WARN] DbFile:41 - Overriding database path with different value: /Users/mariestahaab/.stmcufinder/plugins/mcufinder/ => /Users/mariestahaab/.stmcufinder/plugins/mcufinder
2023-12-18 13:45:30,828 [WARN] DbFile:41 - Overriding database path with different value: /Users/mariestahaab/.stmcufinder/plugins/mcufinder/ => /Users/mariestahaab/.stmcufinder/plugins/mcufinder
2023-12-18 13:45:30,828 [INFO] CrossReferenceDbSqlite:203 - Set database path to: /Users/mariestahaab/.stmcufinder/plugins/mcufinder//mcu/cs/
2023-12-18 13:45:30,910 [INFO] MainPanel:264 - HeapMemory: 268435456
2023-12-18 13:45:30,991 [INFO] DbMcusXml:78 - Set database path to: /Applications/STM32CubeIDE.app/Contents/Eclipse/plugins/com.st.stm32cube.common.mx_6.10.0.202311202037//db//mcu/
2023-12-18 13:45:30,991 [INFO] ApiDb:274 - Set plugin database path to: /Applications/STM32CubeIDE.app/Contents/Eclipse/plugins/com.st.stm32cube.common.mx_6.10.0.202311202037//db//plugins/boardmanager/
2023-12-18 13:45:30,991 [INFO] ApiDb:261 - Set plugin images path to: /Applications/STM32CubeIDE.app/Contents/Eclipse/plugins/com.st.stm32cube.common.mx_6.10.0.202311202037//db//plugins/mcufinder/images/
2023-12-18 13:45:30,992 [WARN] DbFile:41 - Overriding database path with different value: /Users/mariestahaab/.stmcufinder/plugins/mcufinder/ => /Users/mariestahaab/.stmcufinder/plugins/mcufinder
2023-12-18 13:45:30,992 [INFO] ApiDb:250 - Set database path to: /Users/mariestahaab/.stmcufinder/plugins/mcufinder//mcu/
2023-12-18 13:45:30,992 [WARN] DbFile:41 - Overriding database path with different value: /Users/mariestahaab/.stmcufinder/plugins/mcufinder/ => /Users/mariestahaab/.stmcufinder/plugins/mcufinder
2023-12-18 13:45:30,992 [INFO] DbMcusAds:125 - Set database path to: /Users/mariestahaab/.stmcufinder/plugins/mcufinder//mcu/
2023-12-18 13:45:30,992 [WARN] DbFile:41 - Overriding database path with different value: /Users/mariestahaab/.stmcufinder/plugins/mcufinder/ => /Users/mariestahaab/.stmcufinder/plugins/mcufinder
2023-12-18 13:45:30,992 [WARN] DbFile:41 - Overriding database path with different value: /Users/mariestahaab/.stmcufinder/plugins/mcufinder/ => /Users/mariestahaab/.stmcufinder/plugins/mcufinder
2023-12-18 13:45:30,992 [INFO] CrossReferenceDbSqlite:203 - Set database path to: /Users/mariestahaab/.stmcufinder/plugins/mcufinder//mcu/cs/
2023-12-18 13:45:31,011 [INFO] ApplicationProperties:184 - Using Application install path: /Applications/STM32CubeIDE.app/Contents/Eclipse/plugins/com.st.stm32cube.common.mx_6.10.0.202311202037
2023-12-18 13:45:31,012 [INFO] PluginManage:196 - Search for loadable plugins [exclusion list=, ]
2023-12-18 13:45:31,018 [INFO] PluginManage:310 - Check plugin analytics
2023-12-18 13:45:31,304 [INFO] AnalyticsPlugin:253 - Accepted Software Licenses: 
2023-12-18 13:45:31,305 [INFO] AnalyticsPlugin:255 - Accepted CMSIS Pack Licenses: 
2023-12-18 13:45:31,306 [INFO] AnalyticsPlugin:257 - Accepted Firmware Licenses: FW.F4.1.27.0
2023-12-18 13:45:31,314 [INFO] PluginManage:359 - Loaded plugin analytics (category:tool,tabindex:-1)
2023-12-18 13:45:31,314 [INFO] PluginManage:310 - Check plugin cadmodel
2023-12-18 13:45:31,658 [INFO] CADModel:105 - Init CAD model plugin
2023-12-18 13:45:31,658 [INFO] PluginManage:359 - Loaded plugin cadmodel (category:power,tabindex:5)
2023-12-18 13:45:31,660 [INFO] PluginManage:310 - Check plugin clock
2023-12-18 13:45:31,673 [INFO] PluginManage:359 - Loaded plugin clock (category:base,tabindex:2)
2023-12-18 13:45:31,674 [INFO] PluginManage:310 - Check plugin ddr
2023-12-18 13:45:31,675 [INFO] PluginManage:359 - Loaded plugin ddr (category:tool,tabindex:6)
2023-12-18 13:45:31,675 [INFO] PluginManage:310 - Check plugin filemanager
2023-12-18 13:45:31,834 [INFO] PluginManage:359 - Loaded plugin filemanager (category:base,tabindex:10)
2023-12-18 13:45:31,834 [INFO] PluginManage:310 - Check plugin ipmanager
2023-12-18 13:45:31,843 [INFO] PluginManage:359 - Loaded plugin ipmanager (category:base,tabindex:5)
2023-12-18 13:45:31,843 [INFO] PluginManage:310 - Check plugin lpbam
2023-12-18 13:45:31,856 [INFO] PluginManage:359 - Loaded plugin lpbam (category:base,tabindex:0)
2023-12-18 13:45:31,856 [INFO] PluginManage:310 - Check plugin memorymap
2023-12-18 13:45:31,870 [INFO] PluginManage:359 - Loaded plugin memorymap (category:base,tabindex:4)
2023-12-18 13:45:31,870 [INFO] PluginManage:310 - Check plugin pinoutandconfiguration
2023-12-18 13:45:31,876 [INFO] PluginManage:359 - Loaded plugin pinoutandconfiguration (category:base,tabindex:1)
2023-12-18 13:45:31,877 [INFO] PluginManage:310 - Check plugin pinoutconfig
2023-12-18 13:45:31,980 [WARN] SupportedApi:132 - Cannot load RTOS API schema: s4s-elt-must-match.1: The content of 'definitions' must match (annotation?, (simpleType | complexType)?, (unique | key | keyref)*)). A problem was found starting at: attribute.
2023-12-18 13:45:32,170 [INFO] PluginManage:359 - Loaded plugin pinoutconfig (category:base,tabindex:0)
2023-12-18 13:45:32,170 [INFO] PluginManage:310 - Check plugin power
2023-12-18 13:45:32,187 [INFO] PluginManage:359 - Loaded plugin power (category:power,tabindex:4)
2023-12-18 13:45:32,188 [INFO] PluginManage:310 - Check plugin projectmanager
2023-12-18 13:45:32,219 [INFO] PluginManage:359 - Loaded plugin projectmanager (category:projectmanager,tabindex:3)
2023-12-18 13:45:32,219 [INFO] PluginManage:310 - Check plugin thirdparty
2023-12-18 13:45:32,414 [INFO] PluginManage:359 - Loaded plugin thirdparty (category:base,tabindex:-1)
2023-12-18 13:45:32,414 [INFO] PluginManage:310 - Check plugin tools
2023-12-18 13:45:32,414 [WARN] IntegrityCheckThread:84 - waiting for thirdparty lock release [integrity check]
2023-12-18 13:45:32,415 [INFO] IntegrityCheckThread:86 - entering critical section [integrity check]
2023-12-18 13:45:32,417 [INFO] ThirdPartyUpdaterWithRetryManager:70 - Updater plugin not ready yet. [1/15]
2023-12-18 13:45:32,418 [INFO] PluginManage:359 - Loaded plugin tools (category:base,tabindex:7)
2023-12-18 13:45:32,419 [INFO] PluginManage:310 - Check plugin tutovideos
2023-12-18 13:45:32,611 [INFO] PluginManage:359 - Loaded plugin tutovideos (category:base,tabindex:-1)
2023-12-18 13:45:32,611 [INFO] PluginManage:310 - Check plugin updater
2023-12-18 13:45:32,629 [INFO] PluginManage:359 - Loaded plugin updater (category:base,tabindex:12)
2023-12-18 13:45:32,629 [INFO] PluginManage:310 - Check plugin userauth
2023-12-18 13:45:32,637 [INFO] UserAuth:114 - Init User Auth plugin
2023-12-18 13:45:32,637 [INFO] PluginManage:359 - Loaded plugin userauth (category:base,tabindex:14)
2023-12-18 13:45:32,638 [INFO] PluginManage:283 - PluginManage : Loaded plugins [17]
2023-12-18 13:45:33,182 [INFO] PinOutPanel:1499 - setPackage(No Configuration,No Configuration)
2023-12-18 13:45:33,403 [INFO] CADModel:165 - CPN selected for project level
2023-12-18 13:45:33,404 [INFO] CADModel:114 - Register for checkConnection events
2023-12-18 13:45:33,507 [INFO] IPUIPlugin:80 - create IPUIPlugin
2023-12-18 13:45:33,508 [INFO] PluginManager:220 - loadIPPluginJar : add mdma
2023-12-18 13:45:33,518 [INFO] IPUIPlugin:80 - create IPUIPlugin
2023-12-18 13:45:33,518 [INFO] PluginManager:220 - loadIPPluginJar : add freertos
2023-12-18 13:45:33,527 [INFO] IPUIPlugin:80 - create IPUIPlugin
2023-12-18 13:45:33,528 [INFO] PluginManager:220 - loadIPPluginJar : add gic
2023-12-18 13:45:33,539 [INFO] IPUIPlugin:80 - create IPUIPlugin
2023-12-18 13:45:33,539 [INFO] PluginManager:220 - loadIPPluginJar : add adc
2023-12-18 13:45:33,542 [INFO] IPUIPlugin:80 - create IPUIPlugin
2023-12-18 13:45:33,543 [INFO] PluginManager:220 - loadIPPluginJar : add gtzc
2023-12-18 13:45:33,545 [INFO] IPUIPlugin:80 - create IPUIPlugin
2023-12-18 13:45:33,545 [INFO] PluginManager:220 - loadIPPluginJar : add quadspi
2023-12-18 13:45:33,549 [INFO] IPUIPlugin:80 - create IPUIPlugin
2023-12-18 13:45:33,549 [INFO] PluginManager:220 - loadIPPluginJar : add aes
2023-12-18 13:45:33,551 [INFO] IPUIPlugin:80 - create IPUIPlugin
2023-12-18 13:45:33,551 [INFO] PluginManager:220 - loadIPPluginJar : add pdm2pcm
2023-12-18 13:45:33,553 [INFO] IPUIPlugin:80 - create IPUIPlugin
2023-12-18 13:45:33,553 [INFO] PluginManager:220 - loadIPPluginJar : add hash
2023-12-18 13:45:33,556 [INFO] IPUIPlugin:80 - create IPUIPlugin
2023-12-18 13:45:33,560 [INFO] PluginManager:220 - loadIPPluginJar : add tim
2023-12-18 13:45:33,563 [INFO] IPUIPlugin:80 - create IPUIPlugin
2023-12-18 13:45:33,563 [INFO] PluginManager:220 - loadIPPluginJar : add tsc
2023-12-18 13:45:33,564 [INFO] IPUIPlugin:80 - create IPUIPlugin
2023-12-18 13:45:33,564 [INFO] PluginManager:220 - loadIPPluginJar : add ts
2023-12-18 13:45:33,566 [INFO] IPUIPlugin:80 - create IPUIPlugin
2023-12-18 13:45:33,566 [INFO] PluginManager:220 - loadIPPluginJar : add can
2023-12-18 13:45:33,569 [INFO] IPUIPlugin:80 - create IPUIPlugin
2023-12-18 13:45:33,569 [INFO] PluginManager:220 - loadIPPluginJar : add dma3
2023-12-18 13:45:33,572 [INFO] IPUIPlugin:80 - create IPUIPlugin
2023-12-18 13:45:33,572 [INFO] PluginManager:220 - loadIPPluginJar : add dfsdm
2023-12-18 13:45:33,575 [INFO] IPUIPlugin:80 - create IPUIPlugin
2023-12-18 13:45:33,575 [INFO] PluginManager:220 - loadIPPluginJar : add spi
2023-12-18 13:45:33,576 [INFO] IPUIPlugin:80 - create IPUIPlugin
2023-12-18 13:45:33,576 [INFO] PluginManager:220 - loadIPPluginJar : add gfxmmu
2023-12-18 13:45:33,577 [INFO] IPUIPlugin:80 - create IPUIPlugin
2023-12-18 13:45:33,578 [INFO] PluginManager:220 - loadIPPluginJar : add genericplugin
2023-12-18 13:45:33,580 [INFO] IPUIPlugin:80 - create IPUIPlugin
2023-12-18 13:45:33,580 [INFO] PluginManager:220 - loadIPPluginJar : add cryp
2023-12-18 13:45:33,583 [INFO] IPUIPlugin:80 - create IPUIPlugin
2023-12-18 13:45:33,583 [INFO] PluginManager:220 - loadIPPluginJar : add gpio
2023-12-18 13:45:33,584 [INFO] IPUIPlugin:80 - create IPUIPlugin
2023-12-18 13:45:33,584 [INFO] PluginManager:220 - loadIPPluginJar : add comp
2023-12-18 13:45:33,588 [INFO] IPUIPlugin:80 - create IPUIPlugin
2023-12-18 13:45:33,588 [INFO] PluginManager:220 - loadIPPluginJar : add tracer_emb
2023-12-18 13:45:33,590 [INFO] IPUIPlugin:80 - create IPUIPlugin
2023-12-18 13:45:33,591 [INFO] PluginManager:220 - loadIPPluginJar : add openamp
2023-12-18 13:45:33,595 [INFO] IPUIPlugin:80 - create IPUIPlugin
2023-12-18 13:45:33,596 [INFO] PluginManager:220 - loadIPPluginJar : add stm32_wpan
2023-12-18 13:45:33,601 [INFO] IPUIPlugin:80 - create IPUIPlugin
2023-12-18 13:45:33,607 [INFO] PluginManager:220 - loadIPPluginJar : add plateformsettings
2023-12-18 13:45:33,610 [INFO] IPUIPlugin:80 - create IPUIPlugin
2023-12-18 13:45:33,610 [INFO] PluginManager:220 - loadIPPluginJar : add ipddr
2023-12-18 13:45:33,612 [INFO] IPUIPlugin:80 - create IPUIPlugin
2023-12-18 13:45:33,612 [INFO] PluginManager:220 - loadIPPluginJar : add usart
2023-12-18 13:45:33,613 [INFO] IPUIPlugin:80 - create IPUIPlugin
2023-12-18 13:45:33,613 [INFO] PluginManager:220 - loadIPPluginJar : add ltdc
2023-12-18 13:45:33,616 [INFO] IPUIPlugin:80 - create IPUIPlugin
2023-12-18 13:45:33,617 [INFO] PluginManager:220 - loadIPPluginJar : add nvic
2023-12-18 13:45:33,618 [INFO] IPUIPlugin:80 - create IPUIPlugin
2023-12-18 13:45:33,618 [INFO] PluginManager:220 - loadIPPluginJar : add fatfs
2023-12-18 13:45:33,623 [INFO] IPUIPlugin:80 - create IPUIPlugin
2023-12-18 13:45:33,623 [INFO] PluginManager:220 - loadIPPluginJar : add linkedlist
2023-12-18 13:45:33,627 [INFO] IPUIPlugin:80 - create IPUIPlugin
2023-12-18 13:45:33,628 [INFO] PluginManager:220 - loadIPPluginJar : add dma
2023-12-18 13:45:33,631 [INFO] IPUIPlugin:80 - create IPUIPlugin
2023-12-18 13:45:33,632 [INFO] PluginManager:220 - loadIPPluginJar : add fmc
2023-12-18 13:45:33,635 [INFO] IPUIPlugin:80 - create IPUIPlugin
2023-12-18 13:45:33,635 [INFO] PluginManager:220 - loadIPPluginJar : add i2s
2023-12-18 13:45:33,637 [INFO] IPUIPlugin:80 - create IPUIPlugin
2023-12-18 13:45:33,637 [INFO] PluginManager:220 - loadIPPluginJar : add ucpd
2023-12-18 13:45:33,638 [INFO] IPUIPlugin:80 - create IPUIPlugin
2023-12-18 13:45:33,639 [INFO] PluginManager:220 - loadIPPluginJar : add lorawan
2023-12-18 13:45:33,640 [INFO] IPUIPlugin:80 - create IPUIPlugin
2023-12-18 13:45:33,640 [INFO] PluginManager:220 - loadIPPluginJar : add opamp
2023-12-18 13:45:33,642 [INFO] IPUIPlugin:80 - create IPUIPlugin
2023-12-18 13:45:33,642 [INFO] PluginManager:220 - loadIPPluginJar : add i3c
2023-12-18 13:45:33,645 [INFO] IPUIPlugin:80 - create IPUIPlugin
2023-12-18 13:45:33,645 [INFO] PluginManager:220 - loadIPPluginJar : add touchsensing
2023-12-18 13:45:33,647 [INFO] IPUIPlugin:80 - create IPUIPlugin
2023-12-18 13:45:33,648 [INFO] PluginManager:220 - loadIPPluginJar : add i2c
2023-12-18 13:45:33,650 [INFO] IPUIPlugin:80 - create IPUIPlugin
2023-12-18 13:45:33,650 [INFO] PluginManager:220 - loadIPPluginJar : add resmgrutility
2023-12-18 13:45:33,653 [INFO] IPUIPlugin:80 - create IPUIPlugin
2023-12-18 13:45:33,653 [INFO] PluginManager:220 - loadIPPluginJar : add sai
2023-12-18 13:45:33,655 [INFO] IPUIPlugin:80 - create IPUIPlugin
2023-12-18 13:45:33,655 [INFO] PluginManager:220 - loadIPPluginJar : add usbx
2023-12-18 13:45:33,786 [INFO] CADModel:165 - CPN selected for project level
2023-12-18 13:45:33,787 [INFO] CADModel:114 - Register for checkConnection events
2023-12-18 13:45:33,787 [FATAL] Updater:308 - Updater called before beeing initialized
2023-12-18 13:45:33,787 [ERROR] CADModel:125 - Updater not yet initialized, retry later 
2023-12-18 13:45:34,027 [INFO] CADModel:165 - CPN selected for project level
2023-12-18 13:45:34,027 [INFO] CADModel:114 - Register for checkConnection events
2023-12-18 13:45:34,028 [FATAL] Updater:308 - Updater called before beeing initialized
2023-12-18 13:45:34,028 [ERROR] CADModel:125 - Updater not yet initialized, retry later 
2023-12-18 13:45:34,031 [FATAL] Updater:308 - Updater called before beeing initialized
2023-12-18 13:45:34,259 [FATAL] Updater:308 - Updater called before beeing initialized
2023-12-18 13:45:34,263 [INFO] DbMcusAds:53 - JSON generation date=Wed Nov 29 10:52:27 GMT 2023 (1701255147349)
2023-12-18 13:45:34,263 [FATAL] Updater:308 - Updater called before beeing initialized
2023-12-18 13:45:34,570 [WARN] DetailPanel:346 - Failed to get advertising image, set to default
2023-12-18 13:45:34,711 [FATAL] Updater:308 - Updater called before beeing initialized
2023-12-18 13:45:34,719 [FATAL] Updater:308 - Updater called before beeing initialized
2023-12-18 13:45:34,719 [FATAL] Updater:308 - Updater called before beeing initialized
2023-12-18 13:45:34,719 [WARN] DetailPanel:346 - Failed to get advertising image, set to default
2023-12-18 13:45:34,727 [FATAL] Updater:308 - Updater called before beeing initialized
2023-12-18 13:45:34,813 [ERROR] Updater:1120 - MainUpdater not yet initialized. External WinMGr cannot be set.
2023-12-18 13:45:34,851 [INFO] Updater:1056 - Updater Version found : 6.10.0
2023-12-18 13:45:34,867 [INFO] ApplicationProperties:184 - Using Application install path: /Applications/STM32CubeIDE.app/Contents/Eclipse/plugins/com.st.stm32cube.common.mx_6.10.0.202311202037
2023-12-18 13:45:35,003 [INFO] MainUpdater:526 - Copy updater definitions from MX database
2023-12-18 13:45:35,424 [INFO] ThirdPartyUpdaterWithRetryManager:70 - Updater plugin not ready yet. [2/15]
2023-12-18 13:45:35,475 [INFO] MainUpdater:2873 - connection check result : 10
2023-12-18 13:45:35,476 [INFO] MainUpdater:3567 - Updater definition file requires update
2023-12-18 13:45:35,476 [INFO] MainUpdater:290 - Updater Check For Update Now.
2023-12-18 13:45:35,477 [INFO] MicroXplorer:498 - Change Database Version : DB.6.0.100
2023-12-18 13:45:35,486 [INFO] McuFinderGlobals:63 - Set McuFinder mode to 2 (CubeIDE integrated)
2023-12-18 13:45:35,512 [INFO] UserAuth:404 - Internet connection configuration mode: 1
2023-12-18 13:45:35,524 [INFO] JxBrowserEngine:152 - Initiate JxBrowser Engine with user profile folder
2023-12-18 13:45:35,604 [INFO] ServerAccessManage:473 - Download File updaters.zip
2023-12-18 13:45:35,718 [INFO] FileExtend:240 - Unzip File : updaters.zip
2023-12-18 13:45:35,719 [INFO] FileExtend:255 - Standard Zip Deflate
2023-12-18 13:45:35,987 [INFO] ServerAccessManage:473 - Download File PacksControlFlags.xml
2023-12-18 13:45:36,092 [INFO] ServerAccessManage:473 - Download File cubemx.pidx
2023-12-18 13:45:36,240 [INFO] LoadServerUpdatesThread:375 - End of LoadServerUpdate Thread
2023-12-18 13:45:36,447 [INFO] CheckServerUpdateThread:120 - End of CheckServer Thread
2023-12-18 13:45:38,671 [WARN] PackLoader:240 - Cannot read IP mode file for STMicroelectronics.X-CUBE-SMBUS.2.1.0
2023-12-18 13:45:38,722 [WARN] PackLoader:240 - Cannot read IP mode file for STMicroelectronics.X-CUBE-TOUCHGFX.4.23.0
2023-12-18 13:45:38,785 [WARN] PackLoader:240 - Cannot read IP mode file for STMicroelectronics.X-CUBE-AZRTOS-F7.1.1.0
2023-12-18 13:45:38,861 [WARN] PackLoader:240 - Cannot read IP mode file for STMicroelectronics.FP-SNS-MOTENV1.4.3.2
2023-12-18 13:45:38,911 [WARN] PackLoader:240 - Cannot read IP mode file for STMicroelectronics.FP-SNS-FLIGHT1.5.0.2
2023-12-18 13:45:38,954 [WARN] PackLoader:240 - Cannot read IP mode file for STMicroelectronics.X-CUBE-DISPLAY.3.0.0
2023-12-18 13:45:39,096 [WARN] PackLoader:240 - Cannot read IP mode file for STMicroelectronics.X-CUBE-BLE1.7.0.0
2023-12-18 13:45:39,148 [WARN] PackLoader:240 - Cannot read IP mode file for emotas.I-CUBE-CANOPEN.1.3.0
2023-12-18 13:45:39,167 [WARN] PackLoader:240 - Cannot read IP mode file for STMicroelectronics.X-CUBE-TOUCHGFX.4.22.0
2023-12-18 13:45:39,175 [WARN] PackLoader:240 - Cannot read IP mode file for STMicroelectronics.X-CUBE-TOUCHGFX.4.22.1
2023-12-18 13:45:39,200 [WARN] PackLoader:240 - Cannot read IP mode file for STMicroelectronics.FP-SNS-SMARTAG2.1.2.0
2023-12-18 13:45:39,230 [INFO] LogOutputStream:77 - [STDOUT_REDIRECT] 1 : Invalid condition id : UX_CORESTACK_Condition cause : null
2023-12-18 13:45:39,233 [INFO] LogOutputStream:77 - [STDOUT_REDIRECT] 1 : Invalid condition id : UX_CORESTACK_Condition cause : null
2023-12-18 13:45:39,233 [INFO] LogOutputStream:77 - [STDOUT_REDIRECT] 1 : Invalid condition id : UX_CORESTACK_Condition cause : null
2023-12-18 13:45:39,233 [INFO] LogOutputStream:77 - [STDOUT_REDIRECT] 1 : Invalid condition id : UX_CORESTACK_Condition cause : null
2023-12-18 13:45:39,233 [INFO] LogOutputStream:77 - [STDOUT_REDIRECT] 1 : Invalid condition id : UX_CORESTACK_Condition cause : null
2023-12-18 13:45:39,248 [WARN] PackLoader:240 - Cannot read IP mode file for STMicroelectronics.X-CUBE-AZRTOS-WL.2.0.0
2023-12-18 13:45:39,324 [WARN] PackLoader:240 - Cannot read IP mode file for WES.I-CUBE-Cesium.1.3.0
2023-12-18 13:45:39,357 [WARN] PackLoader:240 - Cannot read IP mode file for STMicroelectronics.X-CUBE-BLE2.3.3.0
2023-12-18 13:45:39,376 [WARN] PackLoader:240 - Cannot read IP mode file for STMicroelectronics.X-CUBE-ALGOBUILD.1.3.0
2023-12-18 13:45:39,424 [WARN] PackLoader:240 - Cannot read IP mode file for STMicroelectronics.X-CUBE-AZRTOS-G0.1.1.0
2023-12-18 13:45:39,465 [WARN] PackLoader:240 - Cannot read IP mode file for STMicroelectronics.X-CUBE-NFC4.3.0.0
2023-12-18 13:45:39,518 [WARN] PackLoader:240 - Cannot read IP mode file for STMicroelectronics.X-CUBE-BLEMGR.3.0.0
2023-12-18 13:45:39,543 [WARN] PackLoader:240 - Cannot read IP mode file for STMicroelectronics.FP-ATR-SIGFOX1.3.2.0
2023-12-18 13:45:39,625 [WARN] PackLoader:240 - Cannot read IP mode file for SEGGER.I-CUBE-embOS.1.3.1
2023-12-18 13:45:39,713 [WARN] PackLoader:240 - Cannot read IP mode file for STMicroelectronics.X-CUBE-GNSS1.6.0.0
2023-12-18 13:45:39,757 [WARN] PackLoader:240 - Cannot read IP mode file for STMicroelectronics.X-CUBE-AZRTOS-F4.1.1.0
2023-12-18 13:45:39,768 [WARN] PackLoader:240 - Cannot read IP mode file for wolfSSL.I-CUBE-wolfSSL.5.6.3
2023-12-18 13:45:39,795 [WARN] PackLoader:240 - Cannot read IP mode file for STMicroelectronics.X-CUBE-AZRTOS-L5.2.0.0
2023-12-18 13:45:39,919 [WARN] PackLoader:240 - Cannot read IP mode file for STMicroelectronics.X-CUBE-MEMS1.9.6.0
2023-12-18 13:45:40,074 [WARN] PackLoader:240 - Cannot read IP mode file for STMicroelectronics.X-CUBE-EEPRMA1.4.2.0
2023-12-18 13:45:40,090 [WARN] PackLoader:240 - Cannot read IP mode file for ITTIA_DB.I-CUBE-ITTIADB.8.8.0
2023-12-18 13:45:40,109 [WARN] PackLoader:240 - Cannot read IP mode file for STMicroelectronics.X-CUBE-BLEMGR.2.0.0
2023-12-18 13:45:40,144 [WARN] ConditionMgr:438 - getConditionDescription Invalid condition id : UX DEVICE CLASS RTOS Condition cause : null
2023-12-18 13:45:40,145 [WARN] ConditionMgr:438 - getConditionDescription Invalid condition id : UX DEVICE CLASS RTOS Condition cause : null
2023-12-18 13:45:40,151 [WARN] PackLoader:240 - Cannot read IP mode file for STMicroelectronics.X-CUBE-AZRTOS-H7.3.1.0
2023-12-18 13:45:40,155 [WARN] ConditionMgr:1039 - genDependencies : Invalid condition id : UX DEVICE CLASS RTOS Condition cause : null
2023-12-18 13:45:40,155 [WARN] ConditionMgr:1039 - genDependencies : Invalid condition id : UX DEVICE CLASS RTOS Condition cause : null
2023-12-18 13:45:40,156 [WARN] ConditionMgr:1039 - genDependencies : Invalid condition id : UX DEVICE CLASS RTOS Condition cause : null
2023-12-18 13:45:40,157 [WARN] ConditionMgr:1039 - genDependencies : Invalid condition id : UX DEVICE CLASS RTOS Condition cause : null
2023-12-18 13:45:40,157 [WARN] ConditionMgr:1039 - genDependencies : Invalid condition id : UX DEVICE CLASS RTOS Condition cause : null
2023-12-18 13:45:40,174 [WARN] PackLoader:240 - Cannot read IP mode file for STMicroelectronics.X-CUBE-NFC7.1.0.1
2023-12-18 13:45:40,187 [WARN] PackLoader:240 - Cannot read IP mode file for STMicroelectronics.X-CUBE-NFC6.3.0.0
2023-12-18 13:45:40,195 [WARN] PackLoader:240 - Cannot read IP mode file for STMicroelectronics.X-CUBE-EEPRMA1.4.1.0
2023-12-18 13:45:40,199 [WARN] PackLoader:240 - Cannot read IP mode file for STMicroelectronics.X-CUBE-AI.8.1.0
2023-12-18 13:45:40,223 [WARN] ConditionMgr:438 - getConditionDescription Invalid condition id : LAN8742 Phy interface Condition cause : null
2023-12-18 13:45:40,224 [WARN] PackLoader:240 - Cannot read IP mode file for STMicroelectronics.X-CUBE-AZRTOS-L4.2.0.0
2023-12-18 13:45:40,228 [WARN] ConditionMgr:1039 - genDependencies : Invalid condition id : LAN8742 Phy interface Condition cause : null
2023-12-18 13:45:40,228 [WARN] ConditionMgr:1039 - genDependencies : Invalid condition id : LAN8742 Phy interface Condition cause : null
2023-12-18 13:45:40,229 [WARN] ConditionMgr:1039 - genDependencies : Invalid condition id : LAN8742 Phy interface Condition cause : null
2023-12-18 13:45:40,244 [WARN] PackLoader:240 - Cannot read IP mode file for STMicroelectronics.X-CUBE-SFXS2LP1.4.0.0
2023-12-18 13:45:40,249 [WARN] PackLoader:240 - Cannot read IP mode file for STMicroelectronics.X-CUBE-ISPU.1.1.0
2023-12-18 13:45:40,260 [WARN] ConditionMgr:438 - getConditionDescription Invalid condition id : UX DEVICE CLASS RTOS Condition cause : null
2023-12-18 13:45:40,261 [WARN] ConditionMgr:438 - getConditionDescription Invalid condition id : UX DEVICE CLASS RTOS Condition cause : null
2023-12-18 13:45:40,264 [WARN] PackLoader:240 - Cannot read IP mode file for STMicroelectronics.X-CUBE-AZRTOS-WB.2.0.0
2023-12-18 13:45:40,265 [WARN] ConditionMgr:1039 - genDependencies : Invalid condition id : UX DEVICE CLASS RTOS Condition cause : null
2023-12-18 13:45:40,265 [WARN] ConditionMgr:1039 - genDependencies : Invalid condition id : UX DEVICE CLASS RTOS Condition cause : null
2023-12-18 13:45:40,266 [WARN] ConditionMgr:1039 - genDependencies : Invalid condition id : UX DEVICE CLASS RTOS Condition cause : null
2023-12-18 13:45:40,267 [WARN] ConditionMgr:1039 - genDependencies : Invalid condition id : UX DEVICE CLASS RTOS Condition cause : null
2023-12-18 13:45:40,267 [WARN] ConditionMgr:1039 - genDependencies : Invalid condition id : UX DEVICE CLASS RTOS Condition cause : null
2023-12-18 13:45:40,280 [WARN] PackLoader:240 - Cannot read IP mode file for STMicroelectronics.X-CUBE-SUBG2.5.0.0
2023-12-18 13:45:40,297 [WARN] PackLoader:240 - Cannot read IP mode file for STMicroelectronics.X-CUBE-TOF1.3.3.1
2023-12-18 13:45:40,322 [WARN] PackLoader:240 - Cannot read IP mode file for STMicroelectronics.X-CUBE-AZRTOS-G4.2.0.0
2023-12-18 13:45:40,338 [WARN] PackLoader:240 - Cannot read IP mode file for Infineon.AIROC-Wi-Fi-Bluetooth-STM32.1.5.1
2023-12-18 13:45:40,348 [WARN] PackLoader:240 - Cannot read IP mode file for STMicroelectronics.FP-SNS-MOTENVWB1.1.3.0
2023-12-18 13:45:40,352 [WARN] PackLoader:240 - Cannot read IP mode file for STMicroelectronics.FP-SNS-MOTENVWB1.1.3.1
2023-12-18 13:45:40,355 [WARN] PackLoader:240 - Cannot read IP mode file for STMicroelectronics.X-CUBE-ISPU.2.0.0
2023-12-18 13:45:40,417 [WARN] PackLoader:240 - Cannot read IP mode file for STMicroelectronics.X-CUBE-MEMS1.10.0.0
2023-12-18 13:45:40,522 [WARN] PackLoader:240 - Cannot read IP mode file for STMicroelectronics.X-CUBE-FREERTOS.1.1.0
2023-12-18 13:45:40,528 [WARN] PackLoader:240 - Cannot read IP mode file for portGmbH.I-Cube-SoM-uGOAL.1.1.0
2023-12-18 13:45:40,531 [WARN] PackLoader:240 - Cannot read IP mode file for STMicroelectronics.X-CUBE-ALS.1.0.1
2023-12-18 13:45:40,538 [WARN] PackLoader:240 - Cannot read IP mode file for STMicroelectronics.FP-ATR-ASTRA1.2.0.0
2023-12-18 13:45:40,550 [WARN] PackLoader:240 - Cannot read IP mode file for STMicroelectronics.X-CUBE-TOF1.3.4.0
2023-12-18 13:45:40,588 [WARN] PackLoader:240 - Cannot read IP mode file for STMicroelectronics.X-CUBE-AZRTOS-H7.3.2.0
2023-12-18 13:45:40,594 [INFO] ThirdParty:978 - Integrity check success = true
2023-12-18 13:45:40,594 [INFO] IntegrityCheckThread:100 - exiting critical section [integrity check]
2023-12-18 13:45:40,594 [INFO] IntegrityCheckThread:103 - End integrity checks thread
2023-12-18 13:45:51,681 [ERROR] LogOutputStream:75 - [STDERR_REDIRECT] 
