2023-11-02 18:35:29,507 [INFO] Activator:176 - 


2023-11-02 18:35:29,509 [INFO] Activator:177 - !SESSION log4j initialized
2023-11-02 18:35:32,850 [INFO] LogOutputStream:77 - [STDOUT_REDIRECT] 
2023-11-02 18:35:34,046 [ERROR] LogOutputStream:75 - [STDERR_REDIRECT] 
2023-11-02 18:35:34,513 [INFO] LogOutputStream:77 - [STDOUT_REDIRECT] 
2023-11-02 18:35:36,072 [INFO] ApplicationProperties:184 - Using Application install path: /Applications/STM32CubeIDE.app/Contents/Eclipse/plugins/com.st.stm32cube.common.mx_6.9.2.202309101412
2023-11-02 18:35:36,086 [INFO] DbMcusXml:78 - Set database path to: /Applications/STM32CubeIDE.app/Contents/Eclipse/plugins/com.st.stm32cube.common.mx_6.9.2.202309101412//db//mcu/
2023-11-02 18:35:36,086 [INFO] ApiDb:274 - Set plugin database path to: /Applications/STM32CubeIDE.app/Contents/Eclipse/plugins/com.st.stm32cube.common.mx_6.9.2.202309101412//db//plugins/boardmanager/
2023-11-02 18:35:36,087 [WARN] ApiDb:259 - Overriding images path with different value:  => /Applications/STM32CubeIDE.app/Contents/Eclipse/plugins/com.st.stm32cube.common.mx_6.9.2.202309101412//db//plugins/mcufinder/images/
2023-11-02 18:35:36,111 [INFO] ApiDb:250 - Set database path to: /Users/mariestahaab/.stmcufinder/plugins/mcufinder//mcu/
2023-11-02 18:35:36,112 [INFO] DbMcusAds:125 - Set database path to: /Users/mariestahaab/.stmcufinder/plugins/mcufinder//mcu/
2023-11-02 18:35:36,117 [INFO] CrossReferenceDbSqlite:203 - Set database path to: /Users/mariestahaab/.stmcufinder/plugins/mcufinder//mcu/cs/
2023-11-02 18:35:36,259 [INFO] RulesReader:64 - Compatibility file has been processed (293 Rules)
2023-11-02 18:35:36,349 [INFO] DbMcusXml:78 - Set database path to: /Applications/STM32CubeIDE.app/Contents/Eclipse/plugins/com.st.stm32cube.common.mx_6.9.2.202309101412//db//mcu/
2023-11-02 18:35:36,349 [INFO] ApiDb:274 - Set plugin database path to: /Applications/STM32CubeIDE.app/Contents/Eclipse/plugins/com.st.stm32cube.common.mx_6.9.2.202309101412//db//plugins/boardmanager/
2023-11-02 18:35:36,350 [INFO] ApiDb:261 - Set plugin images path to: /Applications/STM32CubeIDE.app/Contents/Eclipse/plugins/com.st.stm32cube.common.mx_6.9.2.202309101412//db//plugins/mcufinder/images/
2023-11-02 18:35:36,350 [WARN] DbFile:41 - Overriding database path with different value: /Users/mariestahaab/.stmcufinder/plugins/mcufinder/ => /Users/mariestahaab/.stmcufinder/plugins/mcufinder
2023-11-02 18:35:36,351 [INFO] ApiDb:250 - Set database path to: /Users/mariestahaab/.stmcufinder/plugins/mcufinder//mcu/
2023-11-02 18:35:36,351 [WARN] DbFile:41 - Overriding database path with different value: /Users/mariestahaab/.stmcufinder/plugins/mcufinder/ => /Users/mariestahaab/.stmcufinder/plugins/mcufinder
2023-11-02 18:35:36,351 [INFO] DbMcusAds:125 - Set database path to: /Users/mariestahaab/.stmcufinder/plugins/mcufinder//mcu/
2023-11-02 18:35:36,351 [WARN] DbFile:41 - Overriding database path with different value: /Users/mariestahaab/.stmcufinder/plugins/mcufinder/ => /Users/mariestahaab/.stmcufinder/plugins/mcufinder
2023-11-02 18:35:36,351 [WARN] DbFile:41 - Overriding database path with different value: /Users/mariestahaab/.stmcufinder/plugins/mcufinder/ => /Users/mariestahaab/.stmcufinder/plugins/mcufinder
2023-11-02 18:35:36,351 [INFO] CrossReferenceDbSqlite:203 - Set database path to: /Users/mariestahaab/.stmcufinder/plugins/mcufinder//mcu/cs/
2023-11-02 18:35:36,441 [INFO] MainPanel:262 - HeapMemory: 268435456
2023-11-02 18:35:36,586 [INFO] DbMcusXml:78 - Set database path to: /Applications/STM32CubeIDE.app/Contents/Eclipse/plugins/com.st.stm32cube.common.mx_6.9.2.202309101412//db//mcu/
2023-11-02 18:35:36,586 [INFO] ApiDb:274 - Set plugin database path to: /Applications/STM32CubeIDE.app/Contents/Eclipse/plugins/com.st.stm32cube.common.mx_6.9.2.202309101412//db//plugins/boardmanager/
2023-11-02 18:35:36,587 [INFO] ApiDb:261 - Set plugin images path to: /Applications/STM32CubeIDE.app/Contents/Eclipse/plugins/com.st.stm32cube.common.mx_6.9.2.202309101412//db//plugins/mcufinder/images/
2023-11-02 18:35:36,587 [WARN] DbFile:41 - Overriding database path with different value: /Users/mariestahaab/.stmcufinder/plugins/mcufinder/ => /Users/mariestahaab/.stmcufinder/plugins/mcufinder
2023-11-02 18:35:36,587 [INFO] ApiDb:250 - Set database path to: /Users/mariestahaab/.stmcufinder/plugins/mcufinder//mcu/
2023-11-02 18:35:36,587 [WARN] DbFile:41 - Overriding database path with different value: /Users/mariestahaab/.stmcufinder/plugins/mcufinder/ => /Users/mariestahaab/.stmcufinder/plugins/mcufinder
2023-11-02 18:35:36,587 [INFO] DbMcusAds:125 - Set database path to: /Users/mariestahaab/.stmcufinder/plugins/mcufinder//mcu/
2023-11-02 18:35:36,587 [WARN] DbFile:41 - Overriding database path with different value: /Users/mariestahaab/.stmcufinder/plugins/mcufinder/ => /Users/mariestahaab/.stmcufinder/plugins/mcufinder
2023-11-02 18:35:36,588 [WARN] DbFile:41 - Overriding database path with different value: /Users/mariestahaab/.stmcufinder/plugins/mcufinder/ => /Users/mariestahaab/.stmcufinder/plugins/mcufinder
2023-11-02 18:35:36,588 [INFO] CrossReferenceDbSqlite:203 - Set database path to: /Users/mariestahaab/.stmcufinder/plugins/mcufinder//mcu/cs/
2023-11-02 18:35:36,613 [INFO] ApplicationProperties:184 - Using Application install path: /Applications/STM32CubeIDE.app/Contents/Eclipse/plugins/com.st.stm32cube.common.mx_6.9.2.202309101412
2023-11-02 18:35:36,615 [INFO] PluginManage:196 - Search for loadable plugins [exclusion list=, ]
2023-11-02 18:35:36,619 [INFO] PluginManage:310 - Check plugin analytics
2023-11-02 18:35:37,002 [INFO] AnalyticsPlugin:253 - Accepted Software Licenses: 
2023-11-02 18:35:37,004 [INFO] AnalyticsPlugin:255 - Accepted CMSIS Pack Licenses: 
2023-11-02 18:35:37,006 [INFO] AnalyticsPlugin:257 - Accepted Firmware Licenses: FW.F4.1.27.0
2023-11-02 18:35:37,013 [INFO] PluginManage:359 - Loaded plugin analytics (category:tool,tabindex:-1)
2023-11-02 18:35:37,014 [INFO] PluginManage:310 - Check plugin cadmodel
2023-11-02 18:35:37,617 [INFO] CADModel:105 - Init CAD model plugin
2023-11-02 18:35:37,617 [INFO] PluginManage:359 - Loaded plugin cadmodel (category:power,tabindex:5)
2023-11-02 18:35:37,618 [INFO] PluginManage:310 - Check plugin clock
2023-11-02 18:35:37,641 [INFO] PluginManage:359 - Loaded plugin clock (category:base,tabindex:2)
2023-11-02 18:35:37,642 [INFO] PluginManage:310 - Check plugin ddr
2023-11-02 18:35:37,645 [INFO] PluginManage:359 - Loaded plugin ddr (category:tool,tabindex:6)
2023-11-02 18:35:37,645 [INFO] PluginManage:310 - Check plugin filemanager
2023-11-02 18:35:37,784 [INFO] PluginManage:359 - Loaded plugin filemanager (category:base,tabindex:10)
2023-11-02 18:35:37,785 [INFO] PluginManage:310 - Check plugin ipmanager
2023-11-02 18:35:37,793 [INFO] PluginManage:359 - Loaded plugin ipmanager (category:base,tabindex:5)
2023-11-02 18:35:37,793 [INFO] PluginManage:310 - Check plugin lpbam
2023-11-02 18:35:37,801 [INFO] PluginManage:359 - Loaded plugin lpbam (category:base,tabindex:0)
2023-11-02 18:35:37,801 [INFO] PluginManage:310 - Check plugin memorymap
2023-11-02 18:35:37,810 [INFO] PluginManage:359 - Loaded plugin memorymap (category:base,tabindex:4)
2023-11-02 18:35:37,811 [INFO] PluginManage:310 - Check plugin pinoutandconfiguration
2023-11-02 18:35:37,816 [INFO] PluginManage:359 - Loaded plugin pinoutandconfiguration (category:base,tabindex:1)
2023-11-02 18:35:37,816 [INFO] PluginManage:310 - Check plugin pinoutconfig
2023-11-02 18:35:37,911 [WARN] SupportedApi:132 - Cannot load RTOS API schema: s4s-elt-must-match.1: The content of 'definitions' must match (annotation?, (simpleType | complexType)?, (unique | key | keyref)*)). A problem was found starting at: attribute.
2023-11-02 18:35:38,203 [INFO] PluginManage:359 - Loaded plugin pinoutconfig (category:base,tabindex:0)
2023-11-02 18:35:38,205 [INFO] PluginManage:310 - Check plugin power
2023-11-02 18:35:38,223 [INFO] PluginManage:359 - Loaded plugin power (category:power,tabindex:4)
2023-11-02 18:35:38,223 [INFO] PluginManage:310 - Check plugin projectmanager
2023-11-02 18:35:38,264 [INFO] PluginManage:359 - Loaded plugin projectmanager (category:projectmanager,tabindex:3)
2023-11-02 18:35:38,265 [INFO] PluginManage:310 - Check plugin thirdparty
2023-11-02 18:35:38,492 [INFO] PluginManage:359 - Loaded plugin thirdparty (category:base,tabindex:-1)
2023-11-02 18:35:38,492 [WARN] IntegrityCheckThread:84 - waiting for thirdparty lock release [integrity check]
2023-11-02 18:35:38,495 [INFO] PluginManage:310 - Check plugin tools
2023-11-02 18:35:38,495 [INFO] IntegrityCheckThread:86 - entering critical section [integrity check]
2023-11-02 18:35:38,500 [INFO] ThirdPartyUpdaterWithRetryManager:70 - Updater plugin not ready yet. [1/15]
2023-11-02 18:35:38,504 [INFO] PluginManage:359 - Loaded plugin tools (category:base,tabindex:7)
2023-11-02 18:35:38,504 [INFO] PluginManage:310 - Check plugin tutovideos
2023-11-02 18:35:38,692 [INFO] PluginManage:359 - Loaded plugin tutovideos (category:base,tabindex:-1)
2023-11-02 18:35:38,693 [INFO] PluginManage:310 - Check plugin updater
2023-11-02 18:35:38,711 [INFO] PluginManage:359 - Loaded plugin updater (category:base,tabindex:12)
2023-11-02 18:35:38,711 [INFO] PluginManage:310 - Check plugin userauth
2023-11-02 18:35:38,717 [INFO] UserAuth:113 - Init User Auth plugin
2023-11-02 18:35:38,717 [INFO] PluginManage:359 - Loaded plugin userauth (category:base,tabindex:14)
2023-11-02 18:35:38,718 [INFO] PluginManage:283 - PluginManage : Loaded plugins [17]
2023-11-02 18:35:38,959 [INFO] PinOutPanel:1499 - setPackage(No Configuration,No Configuration)
2023-11-02 18:35:39,059 [INFO] CADModel:165 - CPN selected for project level
2023-11-02 18:35:39,059 [INFO] CADModel:114 - Register for checkConnection events
2023-11-02 18:35:39,068 [INFO] IPUIPlugin:80 - create IPUIPlugin
2023-11-02 18:35:39,068 [INFO] PluginManager:220 - loadIPPluginJar : add mdma
2023-11-02 18:35:39,073 [INFO] IPUIPlugin:80 - create IPUIPlugin
2023-11-02 18:35:39,073 [INFO] PluginManager:220 - loadIPPluginJar : add freertos
2023-11-02 18:35:39,076 [INFO] IPUIPlugin:80 - create IPUIPlugin
2023-11-02 18:35:39,076 [INFO] PluginManager:220 - loadIPPluginJar : add gic
2023-11-02 18:35:39,081 [INFO] IPUIPlugin:80 - create IPUIPlugin
2023-11-02 18:35:39,081 [INFO] PluginManager:220 - loadIPPluginJar : add adc
2023-11-02 18:35:39,083 [INFO] IPUIPlugin:80 - create IPUIPlugin
2023-11-02 18:35:39,084 [INFO] PluginManager:220 - loadIPPluginJar : add gtzc
2023-11-02 18:35:39,084 [INFO] IPUIPlugin:80 - create IPUIPlugin
2023-11-02 18:35:39,084 [INFO] PluginManager:220 - loadIPPluginJar : add quadspi
2023-11-02 18:35:39,085 [INFO] IPUIPlugin:80 - create IPUIPlugin
2023-11-02 18:35:39,086 [INFO] PluginManager:220 - loadIPPluginJar : add aes
2023-11-02 18:35:39,087 [INFO] IPUIPlugin:80 - create IPUIPlugin
2023-11-02 18:35:39,087 [INFO] PluginManager:220 - loadIPPluginJar : add pdm2pcm
2023-11-02 18:35:39,089 [INFO] IPUIPlugin:80 - create IPUIPlugin
2023-11-02 18:35:39,089 [INFO] PluginManager:220 - loadIPPluginJar : add hash
2023-11-02 18:35:39,090 [INFO] IPUIPlugin:80 - create IPUIPlugin
2023-11-02 18:35:39,091 [INFO] PluginManager:220 - loadIPPluginJar : add tim
2023-11-02 18:35:39,092 [INFO] IPUIPlugin:80 - create IPUIPlugin
2023-11-02 18:35:39,092 [INFO] PluginManager:220 - loadIPPluginJar : add tsc
2023-11-02 18:35:39,093 [INFO] IPUIPlugin:80 - create IPUIPlugin
2023-11-02 18:35:39,093 [INFO] PluginManager:220 - loadIPPluginJar : add ts
2023-11-02 18:35:39,094 [INFO] IPUIPlugin:80 - create IPUIPlugin
2023-11-02 18:35:39,094 [INFO] PluginManager:220 - loadIPPluginJar : add can
2023-11-02 18:35:39,095 [INFO] IPUIPlugin:80 - create IPUIPlugin
2023-11-02 18:35:39,096 [INFO] PluginManager:220 - loadIPPluginJar : add dma3
2023-11-02 18:35:39,097 [INFO] IPUIPlugin:80 - create IPUIPlugin
2023-11-02 18:35:39,097 [INFO] PluginManager:220 - loadIPPluginJar : add dfsdm
2023-11-02 18:35:39,098 [INFO] IPUIPlugin:80 - create IPUIPlugin
2023-11-02 18:35:39,098 [INFO] PluginManager:220 - loadIPPluginJar : add spi
2023-11-02 18:35:39,099 [INFO] IPUIPlugin:80 - create IPUIPlugin
2023-11-02 18:35:39,099 [INFO] PluginManager:220 - loadIPPluginJar : add gfxmmu
2023-11-02 18:35:39,101 [INFO] IPUIPlugin:80 - create IPUIPlugin
2023-11-02 18:35:39,101 [INFO] PluginManager:220 - loadIPPluginJar : add genericplugin
2023-11-02 18:35:39,103 [INFO] IPUIPlugin:80 - create IPUIPlugin
2023-11-02 18:35:39,103 [INFO] PluginManager:220 - loadIPPluginJar : add cryp
2023-11-02 18:35:39,106 [INFO] IPUIPlugin:80 - create IPUIPlugin
2023-11-02 18:35:39,106 [INFO] PluginManager:220 - loadIPPluginJar : add gpio
2023-11-02 18:35:39,108 [INFO] IPUIPlugin:80 - create IPUIPlugin
2023-11-02 18:35:39,108 [INFO] PluginManager:220 - loadIPPluginJar : add comp
2023-11-02 18:35:39,109 [INFO] IPUIPlugin:80 - create IPUIPlugin
2023-11-02 18:35:39,109 [INFO] PluginManager:220 - loadIPPluginJar : add tracer_emb
2023-11-02 18:35:39,111 [INFO] IPUIPlugin:80 - create IPUIPlugin
2023-11-02 18:35:39,111 [INFO] PluginManager:220 - loadIPPluginJar : add openamp
2023-11-02 18:35:39,115 [INFO] IPUIPlugin:80 - create IPUIPlugin
2023-11-02 18:35:39,115 [INFO] PluginManager:220 - loadIPPluginJar : add stm32_wpan
2023-11-02 18:35:39,118 [INFO] IPUIPlugin:80 - create IPUIPlugin
2023-11-02 18:35:39,121 [INFO] PluginManager:220 - loadIPPluginJar : add plateformsettings
2023-11-02 18:35:39,124 [INFO] IPUIPlugin:80 - create IPUIPlugin
2023-11-02 18:35:39,125 [INFO] PluginManager:220 - loadIPPluginJar : add ipddr
2023-11-02 18:35:39,127 [INFO] IPUIPlugin:80 - create IPUIPlugin
2023-11-02 18:35:39,127 [INFO] PluginManager:220 - loadIPPluginJar : add usart
2023-11-02 18:35:39,128 [INFO] IPUIPlugin:80 - create IPUIPlugin
2023-11-02 18:35:39,128 [INFO] PluginManager:220 - loadIPPluginJar : add ltdc
2023-11-02 18:35:39,130 [INFO] IPUIPlugin:80 - create IPUIPlugin
2023-11-02 18:35:39,130 [INFO] PluginManager:220 - loadIPPluginJar : add nvic
2023-11-02 18:35:39,131 [INFO] IPUIPlugin:80 - create IPUIPlugin
2023-11-02 18:35:39,132 [INFO] PluginManager:220 - loadIPPluginJar : add fatfs
2023-11-02 18:35:39,136 [INFO] IPUIPlugin:80 - create IPUIPlugin
2023-11-02 18:35:39,136 [INFO] PluginManager:220 - loadIPPluginJar : add linkedlist
2023-11-02 18:35:39,139 [INFO] IPUIPlugin:80 - create IPUIPlugin
2023-11-02 18:35:39,139 [INFO] PluginManager:220 - loadIPPluginJar : add dma
2023-11-02 18:35:39,143 [INFO] IPUIPlugin:80 - create IPUIPlugin
2023-11-02 18:35:39,143 [INFO] PluginManager:220 - loadIPPluginJar : add fmc
2023-11-02 18:35:39,145 [INFO] IPUIPlugin:80 - create IPUIPlugin
2023-11-02 18:35:39,145 [INFO] PluginManager:220 - loadIPPluginJar : add i2s
2023-11-02 18:35:39,146 [INFO] IPUIPlugin:80 - create IPUIPlugin
2023-11-02 18:35:39,146 [INFO] PluginManager:220 - loadIPPluginJar : add ucpd
2023-11-02 18:35:39,147 [INFO] IPUIPlugin:80 - create IPUIPlugin
2023-11-02 18:35:39,148 [INFO] PluginManager:220 - loadIPPluginJar : add lorawan
2023-11-02 18:35:39,149 [INFO] IPUIPlugin:80 - create IPUIPlugin
2023-11-02 18:35:39,149 [INFO] PluginManager:220 - loadIPPluginJar : add opamp
2023-11-02 18:35:39,151 [INFO] IPUIPlugin:80 - create IPUIPlugin
2023-11-02 18:35:39,151 [INFO] PluginManager:220 - loadIPPluginJar : add i3c
2023-11-02 18:35:39,153 [INFO] IPUIPlugin:80 - create IPUIPlugin
2023-11-02 18:35:39,153 [INFO] PluginManager:220 - loadIPPluginJar : add touchsensing
2023-11-02 18:35:39,155 [INFO] IPUIPlugin:80 - create IPUIPlugin
2023-11-02 18:35:39,155 [INFO] PluginManager:220 - loadIPPluginJar : add i2c
2023-11-02 18:35:39,156 [INFO] IPUIPlugin:80 - create IPUIPlugin
2023-11-02 18:35:39,156 [INFO] PluginManager:220 - loadIPPluginJar : add resmgrutility
2023-11-02 18:35:39,159 [INFO] IPUIPlugin:80 - create IPUIPlugin
2023-11-02 18:35:39,159 [INFO] PluginManager:220 - loadIPPluginJar : add sai
2023-11-02 18:35:39,161 [INFO] IPUIPlugin:80 - create IPUIPlugin
2023-11-02 18:35:39,161 [INFO] PluginManager:220 - loadIPPluginJar : add usbx
2023-11-02 18:35:39,276 [INFO] CADModel:165 - CPN selected for project level
2023-11-02 18:35:39,277 [INFO] CADModel:114 - Register for checkConnection events
2023-11-02 18:35:39,278 [FATAL] Updater:308 - Updater called before beeing initialized
2023-11-02 18:35:39,278 [ERROR] CADModel:125 - Updater not yet initialized, retry later 
2023-11-02 18:35:39,527 [INFO] CADModel:165 - CPN selected for project level
2023-11-02 18:35:39,527 [INFO] CADModel:114 - Register for checkConnection events
2023-11-02 18:35:39,527 [FATAL] Updater:308 - Updater called before beeing initialized
2023-11-02 18:35:39,527 [ERROR] CADModel:125 - Updater not yet initialized, retry later 
2023-11-02 18:35:39,531 [FATAL] Updater:308 - Updater called before beeing initialized
2023-11-02 18:35:39,678 [FATAL] Updater:308 - Updater called before beeing initialized
2023-11-02 18:35:39,686 [INFO] DbMcusAds:53 - JSON generation date=Tue Mar 07 08:50:55 GMT 2023 (1678179055114)
2023-11-02 18:35:39,686 [FATAL] Updater:308 - Updater called before beeing initialized
2023-11-02 18:35:39,740 [WARN] DetailPanel:346 - Failed to get advertising image, set to default
2023-11-02 18:35:39,810 [FATAL] Updater:308 - Updater called before beeing initialized
2023-11-02 18:35:39,812 [FATAL] Updater:308 - Updater called before beeing initialized
2023-11-02 18:35:39,812 [FATAL] Updater:308 - Updater called before beeing initialized
2023-11-02 18:35:39,812 [WARN] DetailPanel:346 - Failed to get advertising image, set to default
2023-11-02 18:35:39,813 [FATAL] Updater:308 - Updater called before beeing initialized
2023-11-02 18:35:39,907 [ERROR] Updater:1120 - MainUpdater not yet initialized. External WinMGr cannot be set.
2023-11-02 18:35:39,954 [INFO] Updater:1056 - Updater Version found : 6.9.2
2023-11-02 18:35:39,970 [INFO] ApplicationProperties:184 - Using Application install path: /Applications/STM32CubeIDE.app/Contents/Eclipse/plugins/com.st.stm32cube.common.mx_6.9.2.202309101412
2023-11-02 18:35:40,604 [INFO] MainUpdater:2868 - connection check result : 10
2023-11-02 18:35:40,605 [INFO] MainUpdater:285 - Updater Check For Update Now.
2023-11-02 18:35:40,605 [INFO] MicroXplorer:498 - Change Database Version : DB.6.0.92
2023-11-02 18:35:40,612 [INFO] McuFinderGlobals:63 - Set McuFinder mode to 2 (CubeIDE integrated)
2023-11-02 18:35:40,861 [INFO] CheckServerUpdateThread:120 - End of CheckServer Thread
2023-11-02 18:35:41,662 [WARN] PackLoader:240 - Cannot read IP mode file for STMicroelectronics.X-CUBE-SMBUS.2.1.0
2023-11-02 18:35:41,764 [WARN] PackLoader:240 - Cannot read IP mode file for STMicroelectronics.X-CUBE-AZRTOS-F7.1.1.0
2023-11-02 18:35:41,826 [WARN] PackLoader:240 - Cannot read IP mode file for STMicroelectronics.FP-SNS-MOTENV1.4.3.2
2023-11-02 18:35:41,867 [WARN] PackLoader:240 - Cannot read IP mode file for STMicroelectronics.FP-SNS-FLIGHT1.5.0.2
2023-11-02 18:35:41,917 [WARN] PackLoader:240 - Cannot read IP mode file for STMicroelectronics.X-CUBE-DISPLAY.3.0.0
2023-11-02 18:35:42,059 [WARN] PackLoader:240 - Cannot read IP mode file for STMicroelectronics.X-CUBE-BLE1.7.0.0
2023-11-02 18:35:42,105 [WARN] PackLoader:240 - Cannot read IP mode file for emotas.I-CUBE-CANOPEN.1.3.0
2023-11-02 18:35:42,132 [WARN] PackLoader:240 - Cannot read IP mode file for STMicroelectronics.X-CUBE-TOUCHGFX.4.22.0
2023-11-02 18:35:42,150 [WARN] PackLoader:240 - Cannot read IP mode file for STMicroelectronics.X-CUBE-TOUCHGFX.4.22.1
2023-11-02 18:35:42,174 [WARN] PackLoader:240 - Cannot read IP mode file for STMicroelectronics.FP-SNS-SMARTAG2.1.2.0
2023-11-02 18:35:42,223 [INFO] LogOutputStream:77 - [STDOUT_REDIRECT] 1 : Invalid condition id : UX_CORESTACK_Condition cause : null
2023-11-02 18:35:42,226 [INFO] LogOutputStream:77 - [STDOUT_REDIRECT] 1 : Invalid condition id : UX_CORESTACK_Condition cause : null
2023-11-02 18:35:42,226 [INFO] LogOutputStream:77 - [STDOUT_REDIRECT] 1 : Invalid condition id : UX_CORESTACK_Condition cause : null
2023-11-02 18:35:42,226 [INFO] LogOutputStream:77 - [STDOUT_REDIRECT] 1 : Invalid condition id : UX_CORESTACK_Condition cause : null
2023-11-02 18:35:42,226 [INFO] LogOutputStream:77 - [STDOUT_REDIRECT] 1 : Invalid condition id : UX_CORESTACK_Condition cause : null
2023-11-02 18:35:42,236 [WARN] PackLoader:240 - Cannot read IP mode file for STMicroelectronics.X-CUBE-AZRTOS-WL.2.0.0
2023-11-02 18:35:42,268 [WARN] PackLoader:240 - Cannot read IP mode file for WES.I-CUBE-Cesium.1.3.0
2023-11-02 18:35:42,278 [WARN] PackLoader:240 - Cannot read IP mode file for STMicroelectronics.X-CUBE-BLE2.3.3.0
2023-11-02 18:35:42,302 [WARN] PackLoader:240 - Cannot read IP mode file for STMicroelectronics.X-CUBE-ALGOBUILD.1.3.0
2023-11-02 18:35:42,344 [WARN] PackLoader:240 - Cannot read IP mode file for STMicroelectronics.X-CUBE-AZRTOS-G0.1.1.0
2023-11-02 18:35:42,381 [WARN] PackLoader:240 - Cannot read IP mode file for STMicroelectronics.X-CUBE-NFC4.3.0.0
2023-11-02 18:35:42,438 [WARN] PackLoader:240 - Cannot read IP mode file for STMicroelectronics.X-CUBE-BLEMGR.3.0.0
2023-11-02 18:35:42,455 [WARN] PackLoader:240 - Cannot read IP mode file for STMicroelectronics.FP-ATR-SIGFOX1.3.2.0
2023-11-02 18:35:42,536 [WARN] PackLoader:240 - Cannot read IP mode file for SEGGER.I-CUBE-embOS.1.3.1
2023-11-02 18:35:42,694 [WARN] PackLoader:240 - Cannot read IP mode file for STMicroelectronics.X-CUBE-GNSS1.6.0.0
2023-11-02 18:35:42,741 [WARN] PackLoader:240 - Cannot read IP mode file for STMicroelectronics.X-CUBE-AZRTOS-F4.1.1.0
2023-11-02 18:35:42,756 [WARN] PackLoader:240 - Cannot read IP mode file for wolfSSL.I-CUBE-wolfSSL.5.6.3
2023-11-02 18:35:42,782 [WARN] PackLoader:240 - Cannot read IP mode file for STMicroelectronics.X-CUBE-AZRTOS-L5.2.0.0
2023-11-02 18:35:42,936 [WARN] PackLoader:240 - Cannot read IP mode file for STMicroelectronics.X-CUBE-MEMS1.9.6.0
2023-11-02 18:35:43,168 [WARN] PackLoader:240 - Cannot read IP mode file for STMicroelectronics.X-CUBE-EEPRMA1.4.2.0
2023-11-02 18:35:43,205 [WARN] PackLoader:240 - Cannot read IP mode file for ITTIA_DB.I-CUBE-ITTIADB.8.8.0
2023-11-02 18:35:43,227 [WARN] PackLoader:240 - Cannot read IP mode file for STMicroelectronics.X-CUBE-BLEMGR.2.0.0
2023-11-02 18:35:43,283 [WARN] ConditionMgr:438 - getConditionDescription Invalid condition id : UX DEVICE CLASS RTOS Condition cause : null
2023-11-02 18:35:43,286 [WARN] ConditionMgr:438 - getConditionDescription Invalid condition id : UX DEVICE CLASS RTOS Condition cause : null
2023-11-02 18:35:43,301 [WARN] PackLoader:240 - Cannot read IP mode file for STMicroelectronics.X-CUBE-AZRTOS-H7.3.1.0
2023-11-02 18:35:43,306 [WARN] ConditionMgr:1039 - genDependencies : Invalid condition id : UX DEVICE CLASS RTOS Condition cause : null
2023-11-02 18:35:43,307 [WARN] ConditionMgr:1039 - genDependencies : Invalid condition id : UX DEVICE CLASS RTOS Condition cause : null
2023-11-02 18:35:43,309 [WARN] ConditionMgr:1039 - genDependencies : Invalid condition id : UX DEVICE CLASS RTOS Condition cause : null
2023-11-02 18:35:43,309 [WARN] ConditionMgr:1039 - genDependencies : Invalid condition id : UX DEVICE CLASS RTOS Condition cause : null
2023-11-02 18:35:43,309 [WARN] ConditionMgr:1039 - genDependencies : Invalid condition id : UX DEVICE CLASS RTOS Condition cause : null
2023-11-02 18:35:43,343 [WARN] PackLoader:240 - Cannot read IP mode file for STMicroelectronics.X-CUBE-NFC7.1.0.1
2023-11-02 18:35:43,388 [WARN] PackLoader:240 - Cannot read IP mode file for STMicroelectronics.X-CUBE-NFC6.3.0.0
2023-11-02 18:35:43,406 [WARN] PackLoader:240 - Cannot read IP mode file for STMicroelectronics.X-CUBE-EEPRMA1.4.1.0
2023-11-02 18:35:43,412 [WARN] PackLoader:240 - Cannot read IP mode file for STMicroelectronics.X-CUBE-AI.8.1.0
2023-11-02 18:35:43,449 [WARN] ConditionMgr:438 - getConditionDescription Invalid condition id : LAN8742 Phy interface Condition cause : null
2023-11-02 18:35:43,450 [WARN] PackLoader:240 - Cannot read IP mode file for STMicroelectronics.X-CUBE-AZRTOS-L4.2.0.0
2023-11-02 18:35:43,453 [WARN] ConditionMgr:1039 - genDependencies : Invalid condition id : LAN8742 Phy interface Condition cause : null
2023-11-02 18:35:43,453 [WARN] ConditionMgr:1039 - genDependencies : Invalid condition id : LAN8742 Phy interface Condition cause : null
2023-11-02 18:35:43,454 [WARN] ConditionMgr:1039 - genDependencies : Invalid condition id : LAN8742 Phy interface Condition cause : null
2023-11-02 18:35:43,468 [WARN] PackLoader:240 - Cannot read IP mode file for STMicroelectronics.X-CUBE-SFXS2LP1.4.0.0
2023-11-02 18:35:43,480 [WARN] PackLoader:240 - Cannot read IP mode file for STMicroelectronics.X-CUBE-ISPU.1.1.0
2023-11-02 18:35:43,493 [WARN] ConditionMgr:438 - getConditionDescription Invalid condition id : UX DEVICE CLASS RTOS Condition cause : null
2023-11-02 18:35:43,494 [WARN] ConditionMgr:438 - getConditionDescription Invalid condition id : UX DEVICE CLASS RTOS Condition cause : null
2023-11-02 18:35:43,498 [WARN] PackLoader:240 - Cannot read IP mode file for STMicroelectronics.X-CUBE-AZRTOS-WB.2.0.0
2023-11-02 18:35:43,499 [WARN] ConditionMgr:1039 - genDependencies : Invalid condition id : UX DEVICE CLASS RTOS Condition cause : null
2023-11-02 18:35:43,499 [WARN] ConditionMgr:1039 - genDependencies : Invalid condition id : UX DEVICE CLASS RTOS Condition cause : null
2023-11-02 18:35:43,500 [WARN] ConditionMgr:1039 - genDependencies : Invalid condition id : UX DEVICE CLASS RTOS Condition cause : null
2023-11-02 18:35:43,501 [WARN] ConditionMgr:1039 - genDependencies : Invalid condition id : UX DEVICE CLASS RTOS Condition cause : null
2023-11-02 18:35:43,501 [WARN] ConditionMgr:1039 - genDependencies : Invalid condition id : UX DEVICE CLASS RTOS Condition cause : null
2023-11-02 18:35:43,513 [WARN] PackLoader:240 - Cannot read IP mode file for STMicroelectronics.X-CUBE-SUBG2.5.0.0
2023-11-02 18:35:43,535 [WARN] PackLoader:240 - Cannot read IP mode file for STMicroelectronics.X-CUBE-TOF1.3.3.1
2023-11-02 18:35:43,563 [WARN] PackLoader:240 - Cannot read IP mode file for STMicroelectronics.X-CUBE-AZRTOS-G4.2.0.0
2023-11-02 18:35:43,586 [WARN] PackLoader:240 - Cannot read IP mode file for Infineon.AIROC-Wi-Fi-Bluetooth-STM32.1.5.1
2023-11-02 18:35:43,644 [WARN] PackLoader:240 - Cannot read IP mode file for STMicroelectronics.X-CUBE-MEMS1.10.0.0
2023-11-02 18:35:43,729 [WARN] PackLoader:240 - Cannot read IP mode file for STMicroelectronics.X-CUBE-FREERTOS.1.1.0
2023-11-02 18:35:43,739 [WARN] PackLoader:240 - Cannot read IP mode file for portGmbH.I-Cube-SoM-uGOAL.1.1.0
2023-11-02 18:35:43,745 [WARN] PackLoader:240 - Cannot read IP mode file for STMicroelectronics.X-CUBE-ALS.1.0.1
2023-11-02 18:35:43,752 [WARN] PackLoader:240 - Cannot read IP mode file for STMicroelectronics.FP-ATR-ASTRA1.2.0.0
2023-11-02 18:35:43,754 [INFO] ThirdParty:978 - Integrity check success = true
2023-11-02 18:35:43,754 [INFO] IntegrityCheckThread:100 - exiting critical section [integrity check]
2023-11-02 18:35:43,754 [INFO] IntegrityCheckThread:103 - End integrity checks thread
2023-11-02 18:35:54,770 [ERROR] LogOutputStream:75 - [STDERR_REDIRECT] SLF4J: Failed to load class "org.slf4j.impl.StaticLoggerBinder".
2023-11-02 18:35:54,772 [ERROR] LogOutputStream:75 - [STDERR_REDIRECT] SLF4J: Defaulting to no-operation (NOP) logger implementation
2023-11-02 18:35:54,772 [ERROR] LogOutputStream:75 - [STDERR_REDIRECT] SLF4J: See http://www.slf4j.org/codes.html#StaticLoggerBinder for further details.
